#
# A fatal error has been detected by the Java Runtime Environment:
#
#  SIGSEGV (0xb) at pc=0x00007fff9483208f, pid=4577, tid=104551
#
# JRE version: Java(TM) SE Runtime Environment (8.0_77-b03) (build 1.8.0_77-b03)
# Java VM: Java HotSpot(TM) 64-Bit Server VM (25.77-b03 mixed mode bsd-amd64 compressed oops)
# Problematic frame:
# C  [libvDSP.dylib+0xa108f]  vDSP_vflt32+0x21ef
#
# Failed to write core dump. Core dumps have been disabled. To enable core dumping, try "ulimit -c unlimited" before starting Java again
#
# If you would like to submit a bug report, please visit:
#   http://bugreport.java.com/bugreport/crash.jsp
#

---------------  T H R E A D  ---------------

Current thread is native thread

siginfo: si_signo: 11 (SIGSEGV), si_code: 1 (SEGV_MAPERR), si_addr: 0x0000000000000010

Registers:
RAX=0x0000000000000010, RBX=0x0000000000000001, RCX=0x0000000000000001, RDX=0x0000000000000000
RSP=0x00007000028b8510, RBP=0x00007000028b8520, RSI=0x0000000000000001, RDI=0x00007f8a0d305800
R8 =0x0000000000001000, R9 =0x0000000000000010, R10=0x00007fff9776b400, R11=0x00007fff94831f20
R12=0x0000000000001000, R13=0x00007f8a0bfd1950, R14=0x00007f8a0d305800, R15=0x0000000000001000
RIP=0x00007fff9483208f, EFLAGS=0x0000000000010202, ERR=0x0000000000000006
  TRAPNO=0x000000000000000e

Top of Stack: (sp=0x00007000028b8510)
0x00007000028b8510:   0000000000000001 00007f8a0d305800
0x00007000028b8520:   00007000028b8580 000000011ff0044d
0x00007000028b8530:   00007f8a0e58e3d0 0000000000001000
0x00007000028b8540:   00007f8a0bfd19a8 00007f8a0d305800
0x00007000028b8550:   00000000028b85c0 0000000000000001
0x00007000028b8560:   00007f8a0e552ee0 00007f8a0e542bb0
0x00007000028b8570:   00007000028b85b7 0000000000001000
0x00007000028b8580:   00007000028b85e0 000000011ff0aeb3
0x00007000028b8590:   00009fe000000000 00007000028b8a54
0x00007000028b85a0:   00007000028b8a54 00007f8a0e5726e0
0x00007000028b85b0:   0000000000001000 00007f8a0e552ee0
0x00007000028b85c0:   00007f8a0e542bb0 00007000028b8a54
0x00007000028b85d0:   0000000000001000 00007f8a0e5726e0
0x00007000028b85e0:   00007000028b8620 000000011ff0ab8d
0x00007000028b85f0:   00007f8a0e5726e0 00007000028b8a54
0x00007000028b8600:   00007f8a0e552ee0 00007f8a0e542bb0
0x00007000028b8610:   000000011ff0183c 0000000000001000
0x00007000028b8620:   00007000028b8680 000000011ff0aab2
0x00007000028b8630:   8000000080000000 00007000028b8a54
0x00007000028b8640:   0000000000000000 0000000000000000
0x00007000028b8650:   0000000000000000 00007000028b8a54
0x00007000028b8660:   00007f8a0e552ee0 00007f8a0be64690
0x00007000028b8670:   00007f8a0e570540 0000000000001000
0x00007000028b8680:   00007000028b86d0 000000011ff05369
0x00007000028b8690:   00007000028b86c0 00007000028b8a78
0x00007000028b86a0:   0000000037800000 0000000000009fe0
0x00007000028b86b0:   00007f8a0be64690 00000000ffffffce
0x00007000028b86c0:   0000000000001000 00007f8a0e552ee0
0x00007000028b86d0:   00007000028b8740 000000011ff039a1
0x00007000028b86e0:   00007f8a0e570540 00009fe090ced07b
0x00007000028b86f0:   00007000028b8a54 00007000028b8a78
0x00007000028b8700:   0000000047800000 00007f8a0e570540 

Instructions: (pc=0x00007fff9483208f)
0x00007fff9483206f:   83 f8 01 4d 8d 40 ff 75 d8 49 83 f8 02 72 22 4c
0x00007fff9483207f:   89 c8 48 83 e0 1f 74 19 c5 fb 10 07 c5 f8 5a c0
0x00007fff9483208f:   c4 c1 79 29 01 48 83 c7 08 49 83 c1 10 49 83 c0
0x00007fff9483209f:   fe 49 83 f8 18 0f 82 97 00 00 00 49 8d 48 e8 48 

Register to memory mapping:

RAX=0x0000000000000010 is an unknown value
RBX=0x0000000000000001 is an unknown value
RCX=0x0000000000000001 is an unknown value
RDX=0x0000000000000000 is an unknown value
RSP=0x00007000028b8510 is an unknown value
RBP=0x00007000028b8520 is an unknown value
RSI=0x0000000000000001 is an unknown value
RDI=0x00007f8a0d305800 is an unknown value
R8 =0x0000000000001000 is an unknown value
R9 =0x0000000000000010 is an unknown value
R10=0x00007fff9776b400: CocoaVersionNumber+0x5d62408 in /System/Library/Frameworks/Cocoa.framework/Versions/A/Cocoa at 0x00007fff91a08000
R11=0x00007fff94831f20: vDSP_vflt32+0x2080 in /System/Library/Frameworks/Accelerate.framework/Versions/A/Frameworks/vecLib.framework/Versions/A/libvDSP.dylib at 0x00007fff94791000
R12=0x0000000000001000 is an unknown value
R13=0x00007f8a0bfd1950 is an unknown value
R14=0x00007f8a0d305800 is an unknown value
R15=0x0000000000001000 is an unknown value


Stack: [0x0000700002839000,0x00007000028b9000],  sp=0x00007000028b8510,  free space=509k
Native frames: (J=compiled Java code, j=interpreted, Vv=VM code, C=native code)
C  [libvDSP.dylib+0xa108f]  vDSP_vflt32+0x21ef
C  [libjfxmedia_avf.dylib+0x644d]  AVFAudioEqualizer::RunFilter(float const*, float*, unsigned int, unsigned int)+0xd3
C  [libjfxmedia_avf.dylib+0x10eb3]  void AUEffectBase::ProcessBufferListsT<float>(unsigned int&, AudioBufferList const&, AudioBufferList&, unsigned int)+0x121
C  [libjfxmedia_avf.dylib+0x10b8d]  AUEffectBase::ProcessBufferLists(unsigned int&, AudioBufferList const&, AudioBufferList&, unsigned int)+0x7f
C  [libjfxmedia_avf.dylib+0x10ab2]  AUEffectBase::Render(unsigned int&, AudioTimeStamp const&, unsigned int)+0x240
C  [libjfxmedia_avf.dylib+0xb369]  AUBase::DoRenderBus(unsigned int&, AudioTimeStamp const&, unsigned int, AUOutputElement*, unsigned int, AudioBufferList&)+0xa9
C  [libjfxmedia_avf.dylib+0x99a1]  AUBase::DoRender(unsigned int&, AudioTimeStamp const&, unsigned int, unsigned int, AudioBufferList&)+0x1b9
C  [libjfxmedia_avf.dylib+0xd996]  AUMethodRender(void*, unsigned int*, AudioTimeStamp const*, unsigned int, unsigned int, AudioBufferList*)+0x2e
C  [libjfxmedia_avf.dylib+0xc777]  AUInputElement::PullInput(unsigned int&, AudioTimeStamp const&, unsigned int, unsigned int)+0x8d
C  [libjfxmedia_avf.dylib+0x108f0]  AUEffectBase::Render(unsigned int&, AudioTimeStamp const&, unsigned int)+0x7e
C  [libjfxmedia_avf.dylib+0xb369]  AUBase::DoRenderBus(unsigned int&, AudioTimeStamp const&, unsigned int, AUOutputElement*, unsigned int, AudioBufferList&)+0xa9
C  [libjfxmedia_avf.dylib+0x99a1]  AUBase::DoRender(unsigned int&, AudioTimeStamp const&, unsigned int, unsigned int, AudioBufferList&)+0x1b9
C  [libjfxmedia_avf.dylib+0xd996]  AUMethodRender(void*, unsigned int*, AudioTimeStamp const*, unsigned int, unsigned int, AudioBufferList*)+0x2e
C  [libjfxmedia_avf.dylib+0xc777]  AUInputElement::PullInput(unsigned int&, AudioTimeStamp const&, unsigned int, unsigned int)+0x8d
C  [libjfxmedia_avf.dylib+0x108f0]  AUEffectBase::Render(unsigned int&, AudioTimeStamp const&, unsigned int)+0x7e
C  [libjfxmedia_avf.dylib+0xb369]  AUBase::DoRenderBus(unsigned int&, AudioTimeStamp const&, unsigned int, AUOutputElement*, unsigned int, AudioBufferList&)+0xa9
C  [libjfxmedia_avf.dylib+0x99a1]  AUBase::DoRender(unsigned int&, AudioTimeStamp const&, unsigned int, unsigned int, AudioBufferList&)+0x1b9
C  [libjfxmedia_avf.dylib+0xd996]  AUMethodRender(void*, unsigned int*, AudioTimeStamp const*, unsigned int, unsigned int, AudioBufferList*)+0x2e
C  [libjfxmedia_avf.dylib+0x54b1]  ProcessAudioTap(void const*, long, unsigned int, AudioBufferList*, long*, unsigned int*)+0x63
C  [MediaToolbox+0x35f1e7]  MTAudioProcessingTapGetSourceAudio+0x103d
C  [AudioToolbox+0xc45e8]  AQClientCallProcessingTap(void*, unsigned int, AudioTimeStamp*, unsigned int*, unsigned int*, AudioBufferList*, int, double, unsigned int, double, unsigned int, unsigned char const*, unsigned int)+0x5d
C  [AudioToolbox+0x117a3c]  AQProcessingTap::DoCallout(unsigned int&, AudioTimeStamp&, unsigned int&, AudioBufferList&)+0xc2
C  [AudioToolbox+0x117847]  AudioQueueObject::PerformTapInternal(AudioTimeStamp&, unsigned int&, unsigned int&)+0x81
C  [AudioToolbox+0x117748]  AudioQueueObject::PerformProcessingTap(int (*)(void*, unsigned int&, AudioTimeStamp const&, unsigned int, AudioBufferList&, double&, unsigned int&), void*, AudioTimeStamp&, unsigned int&, AudioBufferList&, unsigned int&)+0xcc
C  [AudioToolbox+0x1247f3]  MEMixerChannel::TapDownstream(void*, unsigned int*, AudioTimeStamp const*, unsigned int, unsigned int, AudioBufferList*)+0x81
C  [CoreAudio+0x8d73]  AUInputElement::PullInput(unsigned int&, AudioTimeStamp const&, unsigned int, unsigned int)+0xb5
C  [CoreAudio+0x732cf]  AUDeferredRenderer::Produce()+0x211
C  [CoreAudio+0x73035]  AUDeferredRenderer::ProducerThreadProc()+0x31
C  [CoreAudio+0x735b7]  AUDeferredRenderer::ProducerThreadProc(void*)+0x1f
C  [CoreAudio+0x72360]  CAPThread::Entry(CAPThread*)+0x50
C  [libsystem_pthread.dylib+0x399d]  _pthread_body+0x83
C  [libsystem_pthread.dylib+0x391a]  _pthread_body+0x0
C  [libsystem_pthread.dylib+0x1351]  thread_start+0xd


---------------  P R O C E S S  ---------------

VM state:not at safepoint (normal execution)

VM Mutex/Monitor currently owned by a thread: None

Heap:
 PSYoungGen      total 24576K, used 12652K [0x0000000795580000, 0x0000000798900000, 0x00000007c0000000)
  eden space 24064K, 52% used [0x0000000795580000,0x00000007961cb1a8,0x0000000796d00000)
  from space 512K, 12% used [0x0000000796d80000,0x0000000796d90000,0x0000000796e00000)
  to   space 14336K, 0% used [0x0000000797b00000,0x0000000797b00000,0x0000000798900000)
 ParOldGen       total 87552K, used 30057K [0x0000000740000000, 0x0000000745580000, 0x0000000795580000)
  object space 87552K, 34% used [0x0000000740000000,0x0000000741d5a720,0x0000000745580000)
 Metaspace       used 20135K, capacity 21134K, committed 21376K, reserved 1067008K
  class space    used 2636K, capacity 2873K, committed 2944K, reserved 1048576K

Card table byte_map: [0x00000001137c0000,0x0000000113bc1000] byte_map_base: 0x000000010fdc0000

Marking Bits: (ParMarkBitMap*) 0x0000000103431ea0
 Begin Bits: [0x0000000113e6c000, 0x0000000115e6c000)
 End Bits:   [0x0000000115e6c000, 0x0000000117e6c000)

Polling page: 0x0000000103b20000

CodeCache: size=245760Kb used=9043Kb max_used=9168Kb free=236716Kb
 bounds [0x0000000104400000, 0x0000000104d10000, 0x0000000113400000]
 total_blobs=3646 nmethods=2918 adapters=640
 compilation: enabled

Compilation events (10 events):
Event: 68.293 Thread 0x00007f8a0c80f800 nmethod 3250 0x00000001049e38d0 code [0x00000001049e3c20, 0x00000001049e5730]
Event: 68.306 Thread 0x00007f8a0d035000 nmethod 3249 0x0000000104cffad0 code [0x0000000104d004c0, 0x0000000104d054c8]
Event: 68.585 Thread 0x00007f8a0c80f800 3251       4       com.sun.prism.impl.ps.BaseShaderContext::setTexture (44 bytes)
Event: 68.605 Thread 0x00007f8a0c80f800 nmethod 3251 0x0000000104b2d3d0 code [0x0000000104b2d660, 0x0000000104b2e330]
Event: 71.285 Thread 0x00007f8a0d035000 3252       4       com.sun.media.jfxmediaimpl.NativeMediaPlayer::sendNewFrameEvent (18 bytes)
Event: 71.295 Thread 0x00007f8a0d035000 nmethod 3252 0x0000000104a19090 code [0x0000000104a19280, 0x0000000104a19e08]
Event: 71.452 Thread 0x00007f8a0c80f800 3253       4       javafx.scene.Node::impl_getPeer (57 bytes)
Event: 71.454 Thread 0x00007f8a0c80f800 nmethod 3253 0x0000000104b21450 code [0x0000000104b215a0, 0x0000000104b21658]
Event: 74.680 Thread 0x00007f8a0c814800 3255   !   3       com.sun.javafx.tk.quantum.PaintCollector::waitForRenderingToComplete (12 bytes)
Event: 74.681 Thread 0x00007f8a0c814800 nmethod 3255 0x00000001045bab50 code [0x00000001045bad20, 0x00000001045bb3e8]

GC Heap History (10 events):
Event: 55.752 GC heap before
{Heap before GC invocations=19 (full 2):
 PSYoungGen      total 43520K, used 26784K [0x0000000795580000, 0x0000000799180000, 0x00000007c0000000)
  eden space 26624K, 100% used [0x0000000795580000,0x0000000796f80000,0x0000000796f80000)
  from space 16896K, 0% used [0x0000000798100000,0x0000000798128000,0x0000000799180000)
  to   space 17408K, 0% used [0x0000000796f80000,0x0000000796f80000,0x0000000798080000)
 ParOldGen       total 87552K, used 29985K [0x0000000740000000, 0x0000000745580000, 0x0000000795580000)
  object space 87552K, 34% used [0x0000000740000000,0x0000000741d48720,0x0000000745580000)
 Metaspace       used 20123K, capacity 21110K, committed 21376K, reserved 1067008K
  class space    used 2631K, capacity 2867K, committed 2944K, reserved 1048576K
Event: 55.754 GC heap after
Heap after GC invocations=19 (full 2):
 PSYoungGen      total 26624K, used 96K [0x0000000795580000, 0x0000000799000000, 0x00000007c0000000)
  eden space 26112K, 0% used [0x0000000795580000,0x0000000795580000,0x0000000796f00000)
  from space 512K, 18% used [0x0000000796f80000,0x0000000796f98000,0x0000000797000000)
  to   space 16896K, 0% used [0x0000000797f80000,0x0000000797f80000,0x0000000799000000)
 ParOldGen       total 87552K, used 30017K [0x0000000740000000, 0x0000000745580000, 0x0000000795580000)
  object space 87552K, 34% used [0x0000000740000000,0x0000000741d50720,0x0000000745580000)
 Metaspace       used 20123K, capacity 21110K, committed 21376K, reserved 1067008K
  class space    used 2631K, capacity 2867K, committed 2944K, reserved 1048576K
}
Event: 59.851 GC heap before
{Heap before GC invocations=20 (full 2):
 PSYoungGen      total 26624K, used 26208K [0x0000000795580000, 0x0000000799000000, 0x00000007c0000000)
  eden space 26112K, 100% used [0x0000000795580000,0x0000000796f00000,0x0000000796f00000)
  from space 512K, 18% used [0x0000000796f80000,0x0000000796f98000,0x0000000797000000)
  to   space 16896K, 0% used [0x0000000797f80000,0x0000000797f80000,0x0000000799000000)
 ParOldGen       total 87552K, used 30017K [0x0000000740000000, 0x0000000745580000, 0x0000000795580000)
  object space 87552K, 34% used [0x0000000740000000,0x0000000741d50720,0x0000000745580000)
 Metaspace       used 20123K, capacity 21110K, committed 21376K, reserved 1067008K
  class space    used 2631K, capacity 2867K, committed 2944K, reserved 1048576K
Event: 59.853 GC heap after
Heap after GC invocations=20 (full 2):
 PSYoungGen      total 40960K, used 96K [0x0000000795580000, 0x0000000798e80000, 0x00000007c0000000)
  eden space 25600K, 0% used [0x0000000795580000,0x0000000795580000,0x0000000796e80000)
  from space 15360K, 0% used [0x0000000797f80000,0x0000000797f98000,0x0000000798e80000)
  to   space 16384K, 0% used [0x0000000796e80000,0x0000000796e80000,0x0000000797e80000)
 ParOldGen       total 87552K, used 30017K [0x0000000740000000, 0x0000000745580000, 0x0000000795580000)
  object space 87552K, 34% used [0x0000000740000000,0x0000000741d50720,0x0000000745580000)
 Metaspace       used 20123K, capacity 21110K, committed 21376K, reserved 1067008K
  class space    used 2631K, capacity 2867K, committed 2944K, reserved 1048576K
}
Event: 64.301 GC heap before
{Heap before GC invocations=21 (full 2):
 PSYoungGen      total 40960K, used 25696K [0x0000000795580000, 0x0000000798e80000, 0x00000007c0000000)
  eden space 25600K, 100% used [0x0000000795580000,0x0000000796e80000,0x0000000796e80000)
  from space 15360K, 0% used [0x0000000797f80000,0x0000000797f98000,0x0000000798e80000)
  to   space 16384K, 0% used [0x0000000796e80000,0x0000000796e80000,0x0000000797e80000)
 ParOldGen       total 87552K, used 30017K [0x0000000740000000, 0x0000000745580000, 0x0000000795580000)
  object space 87552K, 34% used [0x0000000740000000,0x0000000741d50720,0x0000000745580000)
 Metaspace       used 20123K, capacity 21110K, committed 21376K, reserved 1067008K
  class space    used 2632K, capacity 2867K, committed 2944K, reserved 1048576K
Event: 64.313 GC heap after
Heap after GC invocations=21 (full 2):
 PSYoungGen      total 25600K, used 32K [0x0000000795580000, 0x0000000798c00000, 0x00000007c0000000)
  eden space 25088K, 0% used [0x0000000795580000,0x0000000795580000,0x0000000796e00000)
  from space 512K, 6% used [0x0000000796e80000,0x0000000796e88000,0x0000000796f00000)
  to   space 15360K, 0% used [0x0000000797d00000,0x0000000797d00000,0x0000000798c00000)
 ParOldGen       total 87552K, used 30025K [0x0000000740000000, 0x0000000745580000, 0x0000000795580000)
  object space 87552K, 34% used [0x0000000740000000,0x0000000741d52720,0x0000000745580000)
 Metaspace       used 20123K, capacity 21110K, committed 21376K, reserved 1067008K
  class space    used 2632K, capacity 2867K, committed 2944K, reserved 1048576K
}
Event: 68.746 GC heap before
{Heap before GC invocations=22 (full 2):
 PSYoungGen      total 25600K, used 25120K [0x0000000795580000, 0x0000000798c00000, 0x00000007c0000000)
  eden space 25088K, 100% used [0x0000000795580000,0x0000000796e00000,0x0000000796e00000)
  from space 512K, 6% used [0x0000000796e80000,0x0000000796e88000,0x0000000796f00000)
  to   space 15360K, 0% used [0x0000000797d00000,0x0000000797d00000,0x0000000798c00000)
 ParOldGen       total 87552K, used 30025K [0x0000000740000000, 0x0000000745580000, 0x0000000795580000)
  object space 87552K, 34% used [0x0000000740000000,0x0000000741d52720,0x0000000745580000)
 Metaspace       used 20123K, capacity 21110K, committed 21376K, reserved 1067008K
  class space    used 2632K, capacity 2867K, committed 2944K, reserved 1048576K
Event: 68.748 GC heap after
Heap after GC invocations=22 (full 2):
 PSYoungGen      total 38400K, used 128K [0x0000000795580000, 0x0000000798a80000, 0x00000007c0000000)
  eden space 24576K, 0% used [0x0000000795580000,0x0000000795580000,0x0000000796d80000)
  from space 13824K, 0% used [0x0000000797d00000,0x0000000797d20000,0x0000000798a80000)
  to   space 14848K, 0% used [0x0000000796d80000,0x0000000796d80000,0x0000000797c00000)
 ParOldGen       total 87552K, used 30041K [0x0000000740000000, 0x0000000745580000, 0x0000000795580000)
  object space 87552K, 34% used [0x0000000740000000,0x0000000741d56720,0x0000000745580000)
 Metaspace       used 20123K, capacity 21110K, committed 21376K, reserved 1067008K
  class space    used 2632K, capacity 2867K, committed 2944K, reserved 1048576K
}
Event: 72.892 GC heap before
{Heap before GC invocations=23 (full 2):
 PSYoungGen      total 38400K, used 24704K [0x0000000795580000, 0x0000000798a80000, 0x00000007c0000000)
  eden space 24576K, 100% used [0x0000000795580000,0x0000000796d80000,0x0000000796d80000)
  from space 13824K, 0% used [0x0000000797d00000,0x0000000797d20000,0x0000000798a80000)
  to   space 14848K, 0% used [0x0000000796d80000,0x0000000796d80000,0x0000000797c00000)
 ParOldGen       total 87552K, used 30041K [0x0000000740000000, 0x0000000745580000, 0x0000000795580000)
  object space 87552K, 34% used [0x0000000740000000,0x0000000741d56720,0x0000000745580000)
 Metaspace       used 20123K, capacity 21110K, committed 21376K, reserved 1067008K
  class space    used 2632K, capacity 2867K, committed 2944K, reserved 1048576K
Event: 72.901 GC heap after
Heap after GC invocations=23 (full 2):
 PSYoungGen      total 24576K, used 64K [0x0000000795580000, 0x0000000798900000, 0x00000007c0000000)
  eden space 24064K, 0% used [0x0000000795580000,0x0000000795580000,0x0000000796d00000)
  from space 512K, 12% used [0x0000000796d80000,0x0000000796d90000,0x0000000796e00000)
  to   space 14336K, 0% used [0x0000000797b00000,0x0000000797b00000,0x0000000798900000)
 ParOldGen       total 87552K, used 30057K [0x0000000740000000, 0x0000000745580000, 0x0000000795580000)
  object space 87552K, 34% used [0x0000000740000000,0x0000000741d5a720,0x0000000745580000)
 Metaspace       used 20123K, capacity 21110K, committed 21376K, reserved 1067008K
  class space    used 2632K, capacity 2867K, committed 2944K, reserved 1048576K
}

Deoptimization events (10 events):
Event: 37.148 Thread 0x00007f8a0c891000 Uncommon trap: reason=bimorphic action=maybe_recompile pc=0x0000000104ae636c method=com.sun.javafx.geom.transform.Affine3D.concatenate(Lcom/sun/javafx/geom/transform/BaseTransform;)V @ 4
Event: 37.148 Thread 0x00007f8a0c891000 Uncommon trap: reason=bimorphic action=maybe_recompile pc=0x0000000104ae636c method=com.sun.javafx.geom.transform.Affine3D.concatenate(Lcom/sun/javafx/geom/transform/BaseTransform;)V @ 4
Event: 38.107 Thread 0x00007f8a0c891000 Uncommon trap: reason=unstable_if action=reinterpret pc=0x00000001045cdb98 method=com.sun.prism.impl.ManagedResource.bumpAge(I)V @ 7
Event: 47.197 Thread 0x00007f8a0d9dc000 Uncommon trap: reason=array_check action=maybe_recompile pc=0x0000000104cdf240 method=com.sun.javafx.css.SimpleSelector.applies(Ljavafx/css/Styleable;[Ljava/util/Set;I)Z @ 37
Event: 47.197 Thread 0x00007f8a0d9dc000 Uncommon trap: reason=array_check action=maybe_recompile pc=0x0000000104cdf240 method=com.sun.javafx.css.SimpleSelector.applies(Ljavafx/css/Styleable;[Ljava/util/Set;I)Z @ 37
Event: 47.197 Thread 0x00007f8a0d9dc000 Uncommon trap: reason=array_check action=maybe_recompile pc=0x0000000104cdf240 method=com.sun.javafx.css.SimpleSelector.applies(Ljavafx/css/Styleable;[Ljava/util/Set;I)Z @ 37
Event: 47.197 Thread 0x00007f8a0d9dc000 Uncommon trap: reason=array_check action=maybe_recompile pc=0x0000000104cdf240 method=com.sun.javafx.css.SimpleSelector.applies(Ljavafx/css/Styleable;[Ljava/util/Set;I)Z @ 37
Event: 47.207 Thread 0x00007f8a0c891000 Uncommon trap: reason=unstable_if action=reinterpret pc=0x0000000104a8f8fc method=com.sun.prism.es2.GLContext.updateBoundTexture(I)V @ 5
Event: 47.287 Thread 0x00007f8a0c891000 Uncommon trap: reason=unstable_if action=reinterpret pc=0x0000000104824a70 method=com.sun.prism.impl.ManagedResource.isLocked()Z @ 4
Event: 74.676 Thread 0x00007f8a0d9dc000 Uncommon trap: reason=unstable_if action=reinterpret pc=0x00000001049c53e8 method=java.security.AccessControlContext.optimize()Ljava/security/AccessControlContext; @ 83

Internal exceptions (10 events):
Event: 2.043 Thread 0x00007f8a0d9dc000 Exception <a 'java/lang/NullPointerException'> (0x000000079622af90) thrown at [/Users/java_re/workspace/8-2-build-macosx-x86_64/jdk8u77/6540/hotspot/src/share/vm/prims/jvm.cpp, line 1390]
Event: 2.113 Thread 0x00007f8a0d9dc000 Implicit null exception at 0x0000000104610a35 to 0x0000000104610d95
Event: 3.208 Thread 0x00007f8a0d9dc000 Exception <a 'java/lang/NullPointerException'> (0x0000000796e8cee8) thrown at [/Users/java_re/workspace/8-2-build-macosx-x86_64/jdk8u77/6540/hotspot/src/share/vm/interpreter/linkResolver.cpp, line 1280]
Event: 4.835 Thread 0x00007f8a0d9dc000 Exception <a 'java/lang/NullPointerException'> (0x00000007956b5e98) thrown at [/Users/java_re/workspace/8-2-build-macosx-x86_64/jdk8u77/6540/hotspot/src/share/vm/interpreter/linkResolver.cpp, line 1280]
Event: 10.478 Thread 0x00007f8a0d9dc000 Implicit null exception at 0x00000001046a2d43 to 0x00000001046a3ddd
Event: 19.531 Thread 0x00007f8a0d9dc000 Exception <a 'java/lang/NullPointerException'> (0x0000000795885f20) thrown at [/Users/java_re/workspace/8-2-build-macosx-x86_64/jdk8u77/6540/hotspot/src/share/vm/interpreter/linkResolver.cpp, line 1280]
Event: 20.124 Thread 0x00007f8a0c891000 Implicit null exception at 0x0000000104b246a8 to 0x0000000104b24965
Event: 29.704 Thread 0x00007f8a0d85d800 Exception <a 'java/lang/NullPointerException'> (0x000000079706eeb8) thrown at [/Users/java_re/workspace/8-2-build-macosx-x86_64/jdk8u77/6540/hotspot/src/share/vm/interpreter/linkResolver.cpp, line 1280]
Event: 36.894 Thread 0x00007f8a0d9dc000 Exception <a 'java/lang/NullPointerException'> (0x000000079563dbf0) thrown at [/Users/java_re/workspace/8-2-build-macosx-x86_64/jdk8u77/6540/hotspot/src/share/vm/interpreter/linkResolver.cpp, line 1280]
Event: 47.075 Thread 0x00007f8a0d85d800 Exception <a 'java/lang/NullPointerException'> (0x0000000796384b08) thrown at [/Users/java_re/workspace/8-2-build-macosx-x86_64/jdk8u77/6540/hotspot/src/share/vm/interpreter/linkResolver.cpp, line 1280]

Events (10 events):
Event: 74.690 Thread 0x00007f8a0d348000 Thread added: 0x00007f8a0d348000
Event: 74.690 Thread 0x00007f8a0d348000 Thread exited: 0x00007f8a0d348000
Event: 74.713 Thread 0x00007f8a0cb9c800 Thread added: 0x00007f8a0cb9c800
Event: 74.713 Thread 0x00007f8a0cb9c800 Thread exited: 0x00007f8a0cb9c800
Event: 74.713 Thread 0x00007f8a0cb9c800 Thread added: 0x00007f8a0cb9c800
Event: 74.713 Thread 0x00007f8a0cb9c800 Thread exited: 0x00007f8a0cb9c800
Event: 74.718 Thread 0x00007f8a0d2c8800 Thread added: 0x00007f8a0d2c8800
Event: 74.718 Thread 0x00007f8a0d8a7000 Thread added: 0x00007f8a0d8a7000
Event: 74.718 Thread 0x00007f8a0d2c8800 Thread exited: 0x00007f8a0d2c8800
Event: 74.718 Thread 0x00007f8a0d8a7000 Thread exited: 0x00007f8a0d8a7000


Dynamic libraries:
0x0000000000246000 	/System/Library/Frameworks/Cocoa.framework/Versions/A/Cocoa
0x0000000000246000 	/System/Library/Frameworks/Security.framework/Versions/A/Security
0x0000000000246000 	/System/Library/Frameworks/ApplicationServices.framework/Versions/A/ApplicationServices
0x0000000000246000 	/usr/lib/libz.1.dylib
0x0000000000246000 	/usr/lib/libSystem.B.dylib
0x0000000000246000 	/usr/lib/libobjc.A.dylib
0x0000000000246000 	/System/Library/Frameworks/CoreFoundation.framework/Versions/A/CoreFoundation
0x0000000000246000 	/System/Library/Frameworks/Foundation.framework/Versions/C/Foundation
0x0000000000246000 	/System/Library/Frameworks/AppKit.framework/Versions/C/AppKit
0x0000000000246000 	/System/Library/Frameworks/CoreData.framework/Versions/A/CoreData
0x0000000000246000 	/System/Library/PrivateFrameworks/RemoteViewServices.framework/Versions/A/RemoteViewServices
0x0000000000246000 	/System/Library/PrivateFrameworks/UIFoundation.framework/Versions/A/UIFoundation
0x0000000000246000 	/usr/lib/libScreenReader.dylib
0x0000000000246000 	/System/Library/Frameworks/Accelerate.framework/Versions/A/Accelerate
0x0000000000246000 	/System/Library/Frameworks/IOSurface.framework/Versions/A/IOSurface
0x0000000000246000 	/System/Library/Frameworks/AudioToolbox.framework/Versions/A/AudioToolbox
0x0000000000246000 	/System/Library/Frameworks/AudioUnit.framework/Versions/A/AudioUnit
0x0000000000246000 	/System/Library/PrivateFrameworks/DataDetectorsCore.framework/Versions/A/DataDetectorsCore
0x0000000000246000 	/System/Library/PrivateFrameworks/DesktopServicesPriv.framework/Versions/A/DesktopServicesPriv
0x0000000000246000 	/System/Library/Frameworks/Carbon.framework/Versions/A/Frameworks/HIToolbox.framework/Versions/A/HIToolbox
0x0000000000246000 	/System/Library/Frameworks/QuartzCore.framework/Versions/A/QuartzCore
0x0000000000246000 	/System/Library/Frameworks/Carbon.framework/Versions/A/Frameworks/SpeechRecognition.framework/Versions/A/SpeechRecognition
0x0000000000246000 	/usr/lib/libauto.dylib
0x0000000000246000 	/usr/lib/libicucore.A.dylib
0x0000000000246000 	/usr/lib/libxml2.2.dylib
0x0000000000246000 	/System/Library/PrivateFrameworks/CoreUI.framework/Versions/A/CoreUI
0x0000000000246000 	/System/Library/Frameworks/CoreAudio.framework/Versions/A/CoreAudio
0x0000000000246000 	/System/Library/Frameworks/DiskArbitration.framework/Versions/A/DiskArbitration
0x0000000000246000 	/usr/lib/liblangid.dylib
0x0000000000246000 	/System/Library/PrivateFrameworks/MultitouchSupport.framework/Versions/A/MultitouchSupport
0x0000000000246000 	/System/Library/Frameworks/IOKit.framework/Versions/A/IOKit
0x0000000000246000 	/usr/lib/libDiagnosticMessagesClient.dylib
0x0000000000246000 	/System/Library/Frameworks/CoreServices.framework/Versions/A/CoreServices
0x0000000000246000 	/System/Library/PrivateFrameworks/PerformanceAnalysis.framework/Versions/A/PerformanceAnalysis
0x0000000000246000 	/System/Library/PrivateFrameworks/GenerationalStorage.framework/Versions/A/GenerationalStorage
0x0000000000246000 	/System/Library/Frameworks/OpenGL.framework/Versions/A/OpenGL
0x0000000000246000 	/System/Library/PrivateFrameworks/Sharing.framework/Versions/A/Sharing
0x0000000000246000 	/System/Library/Frameworks/CoreGraphics.framework/Versions/A/CoreGraphics
0x0000000000246000 	/System/Library/Frameworks/CoreImage.framework/Versions/A/CoreImage
0x0000000000246000 	/System/Library/Frameworks/CoreText.framework/Versions/A/CoreText
0x0000000000246000 	/System/Library/Frameworks/ImageIO.framework/Versions/A/ImageIO
0x0000000000246000 	/System/Library/PrivateFrameworks/Backup.framework/Versions/A/Backup
0x0000000000246000 	/usr/lib/libextension.dylib
0x0000000000246000 	/usr/lib/libarchive.2.dylib
0x0000000000246000 	/System/Library/Frameworks/CFNetwork.framework/Versions/A/CFNetwork
0x0000000000246000 	/System/Library/Frameworks/SystemConfiguration.framework/Versions/A/SystemConfiguration
0x0000000000246000 	/usr/lib/libCRFSuite.dylib
0x0000000000246000 	/usr/lib/libc++.1.dylib
0x0000000000246000 	/usr/lib/libc++abi.dylib
0x0000000000246000 	/usr/lib/system/libcache.dylib
0x0000000000246000 	/usr/lib/system/libcommonCrypto.dylib
0x0000000000246000 	/usr/lib/system/libcompiler_rt.dylib
0x0000000000246000 	/usr/lib/system/libcopyfile.dylib
0x0000000000246000 	/usr/lib/system/libcorecrypto.dylib
0x0000000000246000 	/usr/lib/system/libdispatch.dylib
0x0000000000246000 	/usr/lib/system/libdyld.dylib
0x0000000000246000 	/usr/lib/system/libkeymgr.dylib
0x0000000000246000 	/usr/lib/system/liblaunch.dylib
0x0000000000246000 	/usr/lib/system/libmacho.dylib
0x0000000000246000 	/usr/lib/system/libquarantine.dylib
0x0000000000246000 	/usr/lib/system/libremovefile.dylib
0x0000000000246000 	/usr/lib/system/libsystem_asl.dylib
0x0000000000246000 	/usr/lib/system/libsystem_blocks.dylib
0x0000000000246000 	/usr/lib/system/libsystem_c.dylib
0x0000000000246000 	/usr/lib/system/libsystem_configuration.dylib
0x0000000000246000 	/usr/lib/system/libsystem_coreservices.dylib
0x0000000000246000 	/usr/lib/system/libsystem_coretls.dylib
0x0000000000246000 	/usr/lib/system/libsystem_dnssd.dylib
0x0000000000246000 	/usr/lib/system/libsystem_info.dylib
0x0000000000246000 	/usr/lib/system/libsystem_kernel.dylib
0x0000000000246000 	/usr/lib/system/libsystem_m.dylib
0x0000000000246000 	/usr/lib/system/libsystem_malloc.dylib
0x0000000000246000 	/usr/lib/system/libsystem_network.dylib
0x0000000000246000 	/usr/lib/system/libsystem_networkextension.dylib
0x0000000000246000 	/usr/lib/system/libsystem_notify.dylib
0x0000000000246000 	/usr/lib/system/libsystem_platform.dylib
0x0000000000246000 	/usr/lib/system/libsystem_pthread.dylib
0x0000000000246000 	/usr/lib/system/libsystem_sandbox.dylib
0x0000000000246000 	/usr/lib/system/libsystem_secinit.dylib
0x0000000000246000 	/usr/lib/system/libsystem_trace.dylib
0x0000000000246000 	/usr/lib/system/libunc.dylib
0x0000000000246000 	/usr/lib/system/libunwind.dylib
0x0000000000246000 	/usr/lib/system/libxpc.dylib
0x0000000000246000 	/usr/lib/libenergytrace.dylib
0x0000000000246000 	/usr/lib/libbsm.0.dylib
0x0000000000246000 	/usr/lib/system/libkxld.dylib
0x0000000000246000 	/usr/lib/libxar.1.dylib
0x0000000000246000 	/usr/lib/libsqlite3.dylib
0x0000000000246000 	/usr/lib/libpam.2.dylib
0x0000000000246000 	/usr/lib/libOpenScriptingUtil.dylib
0x0000000000246000 	/usr/lib/libbz2.1.0.dylib
0x0000000000246000 	/usr/lib/liblzma.5.dylib
0x0000000000246000 	/System/Library/Frameworks/CoreServices.framework/Versions/A/Frameworks/FSEvents.framework/Versions/A/FSEvents
0x0000000000246000 	/System/Library/Frameworks/CoreServices.framework/Versions/A/Frameworks/CarbonCore.framework/Versions/A/CarbonCore
0x0000000000246000 	/System/Library/Frameworks/CoreServices.framework/Versions/A/Frameworks/Metadata.framework/Versions/A/Metadata
0x0000000000246000 	/System/Library/Frameworks/CoreServices.framework/Versions/A/Frameworks/OSServices.framework/Versions/A/OSServices
0x0000000000246000 	/System/Library/Frameworks/CoreServices.framework/Versions/A/Frameworks/SearchKit.framework/Versions/A/SearchKit
0x0000000000246000 	/System/Library/Frameworks/CoreServices.framework/Versions/A/Frameworks/AE.framework/Versions/A/AE
0x0000000000246000 	/System/Library/Frameworks/CoreServices.framework/Versions/A/Frameworks/LaunchServices.framework/Versions/A/LaunchServices
0x0000000000246000 	/System/Library/Frameworks/CoreServices.framework/Versions/A/Frameworks/DictionaryServices.framework/Versions/A/DictionaryServices
0x0000000000246000 	/System/Library/Frameworks/CoreServices.framework/Versions/A/Frameworks/SharedFileList.framework/Versions/A/SharedFileList
0x0000000000246000 	/System/Library/Frameworks/NetFS.framework/Versions/A/NetFS
0x0000000000246000 	/System/Library/PrivateFrameworks/NetAuth.framework/Versions/A/NetAuth
0x0000000000246000 	/System/Library/PrivateFrameworks/login.framework/Versions/A/Frameworks/loginsupport.framework/Versions/A/loginsupport
0x0000000000246000 	/System/Library/PrivateFrameworks/TCC.framework/Versions/A/TCC
0x0000000000246000 	/usr/lib/libmecabra.dylib
0x0000000000246000 	/System/Library/Frameworks/ApplicationServices.framework/Versions/A/Frameworks/ATS.framework/Versions/A/ATS
0x0000000000246000 	/System/Library/Frameworks/ApplicationServices.framework/Versions/A/Frameworks/ColorSync.framework/Versions/A/ColorSync
0x0000000000246000 	/System/Library/Frameworks/ApplicationServices.framework/Versions/A/Frameworks/HIServices.framework/Versions/A/HIServices
0x0000000000246000 	/System/Library/Frameworks/ApplicationServices.framework/Versions/A/Frameworks/LangAnalysis.framework/Versions/A/LangAnalysis
0x0000000000246000 	/System/Library/Frameworks/ApplicationServices.framework/Versions/A/Frameworks/PrintCore.framework/Versions/A/PrintCore
0x0000000000246000 	/System/Library/Frameworks/ApplicationServices.framework/Versions/A/Frameworks/QD.framework/Versions/A/QD
0x0000000000246000 	/System/Library/Frameworks/ApplicationServices.framework/Versions/A/Frameworks/SpeechSynthesis.framework/Versions/A/SpeechSynthesis
0x0000000000246000 	/System/Library/Frameworks/Metal.framework/Versions/A/Metal
0x0000000000246000 	/System/Library/Frameworks/Accelerate.framework/Versions/A/Frameworks/vImage.framework/Versions/A/vImage
0x0000000000246000 	/System/Library/Frameworks/Accelerate.framework/Versions/A/Frameworks/vecLib.framework/Versions/A/vecLib
0x0000000000246000 	/System/Library/Frameworks/Accelerate.framework/Versions/A/Frameworks/vecLib.framework/Versions/A/libvDSP.dylib
0x0000000000246000 	/System/Library/Frameworks/Accelerate.framework/Versions/A/Frameworks/vecLib.framework/Versions/A/libvMisc.dylib
0x0000000000246000 	/System/Library/Frameworks/Accelerate.framework/Versions/A/Frameworks/vecLib.framework/Versions/A/libLAPACK.dylib
0x0000000000246000 	/System/Library/Frameworks/Accelerate.framework/Versions/A/Frameworks/vecLib.framework/Versions/A/libBLAS.dylib
0x0000000000246000 	/System/Library/Frameworks/Accelerate.framework/Versions/A/Frameworks/vecLib.framework/Versions/A/libLinearAlgebra.dylib
0x0000000000246000 	/System/Library/Frameworks/Accelerate.framework/Versions/A/Frameworks/vecLib.framework/Versions/A/libSparseBLAS.dylib
0x0000000000246000 	/System/Library/PrivateFrameworks/GPUCompiler.framework/libmetal_timestamp.dylib
0x0000000000246000 	/System/Library/Frameworks/OpenGL.framework/Versions/A/Libraries/libCoreFSCache.dylib
0x0000000000246000 	/System/Library/PrivateFrameworks/IOAccelerator.framework/Versions/A/IOAccelerator
0x0000000000246000 	/System/Library/Frameworks/ApplicationServices.framework/Versions/A/Frameworks/ATS.framework/Versions/A/Resources/libFontParser.dylib
0x0000000000246000 	/System/Library/Frameworks/ApplicationServices.framework/Versions/A/Frameworks/ATS.framework/Versions/A/Resources/libFontRegistry.dylib
0x0000000000246000 	/System/Library/PrivateFrameworks/AppleVPA.framework/Versions/A/AppleVPA
0x0000000000246000 	/System/Library/PrivateFrameworks/AppleJPEG.framework/Versions/A/AppleJPEG
0x0000000000246000 	/System/Library/Frameworks/ImageIO.framework/Versions/A/Resources/libJPEG.dylib
0x0000000000246000 	/System/Library/Frameworks/ImageIO.framework/Versions/A/Resources/libTIFF.dylib
0x0000000000246000 	/System/Library/Frameworks/ImageIO.framework/Versions/A/Resources/libPng.dylib
0x0000000000246000 	/System/Library/Frameworks/ImageIO.framework/Versions/A/Resources/libGIF.dylib
0x0000000000246000 	/System/Library/Frameworks/ImageIO.framework/Versions/A/Resources/libJP2.dylib
0x0000000000246000 	/System/Library/Frameworks/ImageIO.framework/Versions/A/Resources/libRadiance.dylib
0x0000000000246000 	/System/Library/Frameworks/CoreVideo.framework/Versions/A/CoreVideo
0x0000000000246000 	/System/Library/Frameworks/OpenGL.framework/Versions/A/Libraries/libGLU.dylib
0x0000000000246000 	/System/Library/Frameworks/OpenGL.framework/Versions/A/Libraries/libGFXShared.dylib
0x0000000000246000 	/System/Library/Frameworks/OpenGL.framework/Versions/A/Libraries/libGL.dylib
0x0000000000246000 	/System/Library/Frameworks/OpenGL.framework/Versions/A/Libraries/libGLImage.dylib
0x0000000000246000 	/System/Library/Frameworks/OpenGL.framework/Versions/A/Libraries/libCVMSPluginSupport.dylib
0x0000000000246000 	/System/Library/Frameworks/OpenGL.framework/Versions/A/Libraries/libCoreVMClient.dylib
0x0000000000246000 	/usr/lib/libcups.2.dylib
0x0000000000246000 	/System/Library/Frameworks/Kerberos.framework/Versions/A/Kerberos
0x0000000000246000 	/System/Library/Frameworks/GSS.framework/Versions/A/GSS
0x0000000000246000 	/usr/lib/libresolv.9.dylib
0x0000000000246000 	/usr/lib/libiconv.2.dylib
0x0000000000246000 	/System/Library/PrivateFrameworks/Heimdal.framework/Versions/A/Heimdal
0x0000000000246000 	/usr/lib/libheimdal-asn1.dylib
0x0000000000246000 	/System/Library/Frameworks/OpenDirectory.framework/Versions/A/OpenDirectory
0x0000000000246000 	/System/Library/PrivateFrameworks/CommonAuth.framework/Versions/A/CommonAuth
0x0000000000246000 	/System/Library/Frameworks/OpenDirectory.framework/Versions/A/Frameworks/CFOpenDirectory.framework/Versions/A/CFOpenDirectory
0x0000000000246000 	/System/Library/Frameworks/SecurityFoundation.framework/Versions/A/SecurityFoundation
0x0000000000246000 	/System/Library/PrivateFrameworks/LanguageModeling.framework/Versions/A/LanguageModeling
0x0000000000246000 	/usr/lib/libmarisa.dylib
0x0000000000246000 	/usr/lib/libChineseTokenizer.dylib
0x0000000000246000 	/usr/lib/libcmph.dylib
0x0000000000246000 	/usr/lib/libcompression.dylib
0x0000000000246000 	/System/Library/Frameworks/ServiceManagement.framework/Versions/A/ServiceManagement
0x0000000000246000 	/usr/lib/libxslt.1.dylib
0x0000000000246000 	/System/Library/Frameworks/Carbon.framework/Versions/A/Frameworks/Ink.framework/Versions/A/Ink
0x0000000000246000 	/usr/lib/libFosl_dynamic.dylib
0x0000000000246000 	/System/Library/PrivateFrameworks/FaceCore.framework/Versions/A/FaceCore
0x0000000000246000 	/System/Library/Frameworks/OpenCL.framework/Versions/A/OpenCL
0x0000000000246000 	/System/Library/PrivateFrameworks/CrashReporterSupport.framework/Versions/A/CrashReporterSupport
0x0000000000246000 	/System/Library/PrivateFrameworks/IconServices.framework/Versions/A/IconServices
0x0000000000246000 	/System/Library/PrivateFrameworks/Apple80211.framework/Versions/A/Apple80211
0x0000000000246000 	/System/Library/Frameworks/CoreWLAN.framework/Versions/A/CoreWLAN
0x0000000000246000 	/System/Library/Frameworks/IOBluetooth.framework/Versions/A/IOBluetooth
0x0000000000246000 	/System/Library/PrivateFrameworks/CoreWiFi.framework/Versions/A/CoreWiFi
0x0000000000246000 	/System/Library/Frameworks/CoreBluetooth.framework/Versions/A/CoreBluetooth
0x0000000000246000 	/System/Library/PrivateFrameworks/ChunkingLibrary.framework/Versions/A/ChunkingLibrary
0x0000000000246000 	/System/Library/PrivateFrameworks/DebugSymbols.framework/Versions/A/DebugSymbols
0x0000000000246000 	/System/Library/PrivateFrameworks/CoreSymbolication.framework/Versions/A/CoreSymbolication
0x0000000000246000 	/System/Library/PrivateFrameworks/Symbolication.framework/Versions/A/Symbolication
0x0000000000246000 	/System/Library/PrivateFrameworks/SpeechRecognitionCore.framework/Versions/A/SpeechRecognitionCore
0x0000000102b4e000 	/Library/Java/JavaVirtualMachines/jdk1.8.0_77.jdk/Contents/Home/jre/lib/server/libjvm.dylib
0x0000000000246000 	/usr/lib/libstdc++.6.dylib
0x0000000103add000 	/Library/Java/JavaVirtualMachines/jdk1.8.0_77.jdk/Contents/Home/jre/lib/libverify.dylib
0x0000000103aeb000 	/Library/Java/JavaVirtualMachines/jdk1.8.0_77.jdk/Contents/Home/jre/lib/libjava.dylib
0x0000000103b2e000 	/Library/Java/JavaVirtualMachines/jdk1.8.0_77.jdk/Contents/Home/jre/lib/libzip.dylib
0x0000000103be3000 	/System/Library/Frameworks/JavaVM.framework/Frameworks/JavaRuntimeSupport.framework/JavaRuntimeSupport
0x0000000119cb7000 	/System/Library/Frameworks/JavaVM.framework/Versions/A/Frameworks/JavaNativeFoundation.framework/Versions/A/JavaNativeFoundation
0x0000000119ccc000 	/System/Library/Frameworks/JavaVM.framework/Versions/A/JavaVM
0x0000000000246000 	/System/Library/Frameworks/Carbon.framework/Versions/A/Carbon
0x0000000119cd9000 	/System/Library/PrivateFrameworks/JavaLaunching.framework/Versions/A/JavaLaunching
0x0000000000246000 	/System/Library/Frameworks/Carbon.framework/Versions/A/Frameworks/CommonPanels.framework/Versions/A/CommonPanels
0x0000000000246000 	/System/Library/Frameworks/Carbon.framework/Versions/A/Frameworks/Help.framework/Versions/A/Help
0x0000000000246000 	/System/Library/Frameworks/Carbon.framework/Versions/A/Frameworks/ImageCapture.framework/Versions/A/ImageCapture
0x0000000000246000 	/System/Library/Frameworks/Carbon.framework/Versions/A/Frameworks/OpenScripting.framework/Versions/A/OpenScripting
0x0000000000246000 	/System/Library/Frameworks/Carbon.framework/Versions/A/Frameworks/Print.framework/Versions/A/Print
0x0000000000246000 	/System/Library/Frameworks/Carbon.framework/Versions/A/Frameworks/SecurityHI.framework/Versions/A/SecurityHI
0x000000011b75c000 	/Applications/IntelliJ IDEA CE.app/Contents/bin/libbreakgen64.jnilib
0x000000011b7f5000 	/Library/Java/JavaVirtualMachines/jdk1.8.0_77.jdk/Contents/Home/jre/lib/libnet.dylib
0x000000011b854000 	/Library/Java/JavaVirtualMachines/jdk1.8.0_77.jdk/Contents/Home/jre/lib/libprism_es2.dylib
0x0000000000246000 	/System/Library/Frameworks/OpenGL.framework/Versions/A/Resources/GLEngine.bundle/GLEngine
0x0000000000246000 	/System/Library/Frameworks/OpenGL.framework/Versions/A/Libraries/libGLProgrammability.dylib
0x000000011b8d6000 	/System/Library/Extensions/AppleIntelHD4000GraphicsGLDriver.bundle/Contents/MacOS/AppleIntelHD4000GraphicsGLDriver
0x0000000000246000 	/System/Library/PrivateFrameworks/GPUSupport.framework/Versions/A/Libraries/libGPUSupportMercury.dylib
0x0000000000246000 	/System/Library/Frameworks/OpenGL.framework/Versions/A/Resources/GLRendererFloat.bundle/GLRendererFloat
0x0000000000246000 	/System/Library/Frameworks/OpenCL.framework/Versions/A/Libraries/libcldcpuengine.dylib
0x0000000000246000 	/System/Library/PrivateFrameworks/DiskImages.framework/Versions/A/DiskImages
0x0000000000246000 	/System/Library/Frameworks/DiscRecording.framework/Versions/A/DiscRecording
0x0000000000246000 	/usr/lib/libcsfde.dylib
0x0000000000246000 	/usr/lib/libcurl.4.dylib
0x0000000000246000 	/System/Library/PrivateFrameworks/MediaKit.framework/Versions/A/MediaKit
0x0000000000246000 	/System/Library/PrivateFrameworks/ProtectedCloudStorage.framework/Versions/A/ProtectedCloudStorage
0x0000000000246000 	/usr/lib/libCoreStorage.dylib
0x0000000000246000 	/System/Library/PrivateFrameworks/EFILogin.framework/Versions/A/EFILogin
0x0000000000246000 	/usr/lib/libutil.dylib
0x0000000000246000 	/System/Library/PrivateFrameworks/FindMyDevice.framework/Versions/A/FindMyDevice
0x0000000000246000 	/System/Library/Frameworks/LDAP.framework/Versions/A/LDAP
0x0000000000246000 	/usr/lib/libsasl2.2.dylib
0x0000000000246000 	/System/Library/PrivateFrameworks/CoreDaemon.framework/Versions/B/CoreDaemon
0x0000000000246000 	/usr/lib/libcrypto.0.9.8.dylib
0x0000000000246000 	/System/Library/PrivateFrameworks/AppleSRP.framework/Versions/A/AppleSRP
0x0000000000246000 	/System/Library/PrivateFrameworks/TrustEvaluationAgent.framework/Versions/A/TrustEvaluationAgent
0x000000011c3cf000 	/Library/Java/JavaVirtualMachines/jdk1.8.0_77.jdk/Contents/Home/jre/lib/libglass.dylib
0x0000000000246000 	/System/Library/PrivateFrameworks/CoreServicesInternal.framework/Versions/A/CoreServicesInternal
0x0000000000246000 	/System/Library/CoreServices/RawCamera.bundle/Contents/MacOS/RawCamera
0x0000000000246000 	/System/Library/Frameworks/CoreGraphics.framework/Versions/A/Resources/libRIP.A.dylib
0x0000000000246000 	/System/Library/Frameworks/Accelerate.framework/Versions/A/Frameworks/vImage.framework/Versions/A/Libraries/libCGInterfaces.dylib
0x0000000000246000 	/System/Library/PrivateFrameworks/FamilyControls.framework/Versions/A/FamilyControls
0x0000000000246000 	/System/Library/PrivateFrameworks/CommerceKit.framework/Versions/A/Frameworks/CommerceCore.framework/Versions/A/CommerceCore
0x0000000000246000 	/System/Library/PrivateFrameworks/SystemAdministration.framework/Versions/A/SystemAdministration
0x0000000000246000 	/System/Library/PrivateFrameworks/AppContainer.framework/Versions/A/AppContainer
0x0000000000246000 	/System/Library/PrivateFrameworks/SecCodeWrapper.framework/Versions/A/SecCodeWrapper
0x0000000000246000 	/System/Library/Frameworks/DirectoryService.framework/Versions/A/DirectoryService
0x0000000000246000 	/System/Library/PrivateFrameworks/LoginUIKit.framework/Versions/A/Frameworks/LoginUICore.framework/Versions/A/LoginUICore
0x0000000000246000 	/usr/lib/libodfde.dylib
0x000000011fbce000 	/Library/Java/JavaVirtualMachines/jdk1.8.0_77.jdk/Contents/Home/jre/lib/libjavafx_font.dylib
0x0000000000246000 	/System/Library/Frameworks/CoreGraphics.framework/Versions/A/Resources/libCGXType.A.dylib
0x000000011fc26000 	/Library/Java/JavaVirtualMachines/jdk1.8.0_77.jdk/Contents/Home/jre/lib/libglib-lite.dylib
0x000000011fd47000 	/Library/Java/JavaVirtualMachines/jdk1.8.0_77.jdk/Contents/Home/jre/lib/libgstreamer-lite.dylib
0x000000011febf000 	/Library/Java/JavaVirtualMachines/jdk1.8.0_77.jdk/Contents/Home/jre/lib/libjfxmedia.dylib
0x000000011fefa000 	/Library/Java/JavaVirtualMachines/jdk1.8.0_77.jdk/Contents/Home/jre/lib/libjfxmedia_avf.dylib
0x0000000000246000 	/System/Library/Frameworks/AVFoundation.framework/Versions/A/AVFoundation
0x0000000000246000 	/System/Library/Frameworks/CoreMedia.framework/Versions/A/CoreMedia
0x0000000000246000 	/System/Library/Frameworks/MediaToolbox.framework/Versions/A/MediaToolbox
0x0000000000246000 	/System/Library/Frameworks/AVFoundation.framework/Versions/A/Resources/libAVFAudio.dylib
0x0000000000246000 	/System/Library/Frameworks/VideoToolbox.framework/Versions/A/VideoToolbox
0x0000000000246000 	/System/Library/Frameworks/CoreMediaIO.framework/Versions/A/CoreMediaIO
0x0000000000246000 	/usr/lib/libspindump.dylib
0x0000000000246000 	/System/Library/PrivateFrameworks/CoreAVCHD.framework/Versions/A/CoreAVCHD
0x0000000000246000 	/System/Library/Frameworks/MediaAccessibility.framework/Versions/A/MediaAccessibility
0x0000000000246000 	/System/Library/PrivateFrameworks/Mangrove.framework/Versions/A/Mangrove
0x0000000000246000 	/System/Library/PrivateFrameworks/CoreAUC.framework/Versions/A/CoreAUC
0x0000000000246000 	/System/Library/PrivateFrameworks/AppleVA.framework/Versions/A/AppleVA
0x0000000000246000 	/System/Library/PrivateFrameworks/XPCService.framework/Versions/A/XPCService
0x0000000000246000 	/System/Library/PrivateFrameworks/AppSandbox.framework/Versions/A/AppSandbox
0x0000000000246000 	/usr/lib/libsandbox.1.dylib
0x0000000000246000 	/usr/lib/libMatch.1.dylib
0x000000011ff2f000 	/Library/Java/JavaVirtualMachines/jdk1.8.0_77.jdk/Contents/Home/jre/lib/libjfxmedia_qtkit.dylib
0x0000000000246000 	/System/Library/Frameworks/QTKit.framework/Versions/A/QTKit
0x0000000000246000 	/System/Library/PrivateFrameworks/CoreMediaAuthoring.framework/Versions/A/CoreMediaAuthoring
0x000000011ff5d000 	/Library/Java/JavaVirtualMachines/jdk1.8.0_77.jdk/Contents/Home/jre/lib/libfxplugins.dylib
0x000000011ff88000 	/System/Library/Frameworks/VideoDecodeAcceleration.framework/Versions/A/VideoDecodeAcceleration
0x000000011ff8f000 	/Library/Java/JavaVirtualMachines/jdk1.8.0_77.jdk/Contents/Home/jre/lib/libnio.dylib
0x000000011ff9f000 	/System/Library/Extensions/AppleHDA.kext/Contents/PlugIns/AppleHDAHALPlugIn.bundle/Contents/MacOS/AppleHDAHALPlugIn
0x000000011ffd2000 	/System/Library/Components/CoreAudio.component/Contents/MacOS/CoreAudio
0x0000000000246000 	/System/Library/PrivateFrameworks/AppleGVA.framework/Versions/A/AppleGVA
0x000000012049e000 	/System/Library/Extensions/AppleIntelHD4000GraphicsVADriver.bundle/Contents/MacOS/AppleIntelHD4000GraphicsVADriver
0x00000001206aa000 	/System/Library/Extensions/AppleIntelIVBVA.bundle/Contents/MacOS/AppleIntelIVBVA
0x00000001206b3000 	/System/Library/Components/AudioCodecs.component/Contents/MacOS/AudioCodecs
0x0000000125e74000 	/Library/Java/JavaVirtualMachines/jdk1.8.0_77.jdk/Contents/Home/jre/lib/libprism_common.dylib
0x0000000127d07000 	cl_kernels
0x0000000000246000 	/System/Library/Frameworks/OpenCL.framework/Versions/A/Libraries/ImageFormats/unorm8_bgra.dylib
0x0000000000246000 	/System/Library/Frameworks/OpenCL.framework/Versions/A/Libraries/ImageFormats/unorm8_rgba.dylib
0x0000000128585000 	/System/Library/Extensions/AppleIntelHD4000GraphicsMTLDriver.bundle/Contents/MacOS/AppleIntelHD4000GraphicsMTLDriver
0x00000001245f3000 	/Library/Java/JavaVirtualMachines/jdk1.8.0_77.jdk/Contents/Home/jre/lib/libjavafx_iio.dylib

VM Arguments:
jvm_args: -Didea.launcher.port=7538 -Didea.launcher.bin.path=/Applications/IntelliJ IDEA CE.app/Contents/bin -Dfile.encoding=UTF-8 
java_command: com.intellij.rt.execution.application.AppMain Launcher
java_class_path (initial): /Library/Java/JavaVirtualMachines/jdk1.8.0_77.jdk/Contents/Home/jre/lib/charsets.jar:/Library/Java/JavaVirtualMachines/jdk1.8.0_77.jdk/Contents/Home/jre/lib/deploy.jar:/Library/Java/JavaVirtualMachines/jdk1.8.0_77.jdk/Contents/Home/jre/lib/ext/cldrdata.jar:/Library/Java/JavaVirtualMachines/jdk1.8.0_77.jdk/Contents/Home/jre/lib/ext/dnsns.jar:/Library/Java/JavaVirtualMachines/jdk1.8.0_77.jdk/Contents/Home/jre/lib/ext/jaccess.jar:/Library/Java/JavaVirtualMachines/jdk1.8.0_77.jdk/Contents/Home/jre/lib/ext/jfxrt.jar:/Library/Java/JavaVirtualMachines/jdk1.8.0_77.jdk/Contents/Home/jre/lib/ext/localedata.jar:/Library/Java/JavaVirtualMachines/jdk1.8.0_77.jdk/Contents/Home/jre/lib/ext/nashorn.jar:/Library/Java/JavaVirtualMachines/jdk1.8.0_77.jdk/Contents/Home/jre/lib/ext/sunec.jar:/Library/Java/JavaVirtualMachines/jdk1.8.0_77.jdk/Contents/Home/jre/lib/ext/sunjce_provider.jar:/Library/Java/JavaVirtualMachines/jdk1.8.0_77.jdk/Contents/Home/jre/lib/ext/sunpkcs11.jar:/Library/Java/JavaVirtualMachines/jdk1.8.0_77.jdk/Contents/Home/jre/lib/ext/zipfs.jar:/Library/Java/JavaVirtualMachines/jdk1.8.0_77.jdk/Contents/Home/jre/lib/javaws.jar:/Library/Java/JavaVirtualMachines/jdk1.8.0_77.jdk/Contents/Home/jre/lib/jce.jar:/Library/Java/JavaVirtualMachines/jdk1.8.0_77.jdk/Contents/Home/jre/lib/jfr.jar:/Library/Java/JavaVirtualMachines/jdk1.8.0_77.jdk/Contents/Home/jre/lib/jfxswt.jar:/Library/Java/JavaVirtualMachines/jdk1.8.0_77.jdk/Contents/Home/jre/lib/jsse.jar:/Library/Java/JavaVirtualMachines/jdk1.8.0_77.jdk/Contents/Home/jre/lib/management-agent.jar:/Library/Java/JavaVirtualMachines/jdk1.8.0_77.jdk/Contents/Home/jre/lib/plugin.jar:/Library/Java/JavaVirtualMachines/jdk1.8.0_77.jdk/Contents/Home/jre/lib/resources.jar:/Library/Java/JavaVirtualMachines/jdk1.8.0_77.jdk/Contents/Home/jre/lib/rt.jar:/Library/Java/JavaVirtualMachines/jdk1.8.0_77.jdk/Contents/Home/lib/ant-javafx.jar:/Library/Java/JavaVirtualMachines/jdk1.8.0_77.jdk/Contents/Home/lib/dt.jar:/Library/Ja
Launcher Type: SUN_STANDARD

Environment Variables:
PATH=/usr/local/bin:/usr/bin:/bin:/usr/sbin:/sbin
SHELL=/bin/zsh

Signal Handlers:
SIGSEGV: [libjvm.dylib+0x5a6855], sa_mask[0]=11111111011111110111111111111111, sa_flags=SA_ONSTACK|SA_RESTART|SA_SIGINFO
SIGBUS: [libjvm.dylib+0x5a6855], sa_mask[0]=11111111011111110111111111111111, sa_flags=SA_RESTART|SA_SIGINFO
SIGFPE: [libjvm.dylib+0x4804ec], sa_mask[0]=11111111011111110111111111111111, sa_flags=SA_RESTART|SA_SIGINFO
SIGPIPE: [libjvm.dylib+0x4804ec], sa_mask[0]=11111111011111110111111111111111, sa_flags=SA_RESTART|SA_SIGINFO
SIGXFSZ: [libjvm.dylib+0x4804ec], sa_mask[0]=11111111011111110111111111111111, sa_flags=SA_RESTART|SA_SIGINFO
SIGILL: [libjvm.dylib+0x4804ec], sa_mask[0]=11111111011111110111111111111111, sa_flags=SA_RESTART|SA_SIGINFO
SIGUSR1: SIG_DFL, sa_mask[0]=00000000000000000000000000000000, sa_flags=none
SIGUSR2: [libjvm.dylib+0x48000a], sa_mask[0]=00100000000000000000000000000000, sa_flags=SA_RESTART|SA_SIGINFO
SIGHUP: [AudioToolbox+0xedc42], sa_mask[0]=00000000000000000000000000000000, sa_flags=SA_RESTART
SIGINT: [libjvm.dylib+0x47e5e1], sa_mask[0]=11111111011111110111111111111111, sa_flags=SA_RESTART|SA_SIGINFO
SIGTERM: [libjvm.dylib+0x47e5e1], sa_mask[0]=11111111011111110111111111111111, sa_flags=SA_RESTART|SA_SIGINFO
SIGQUIT: [libjvm.dylib+0x47e5e1], sa_mask[0]=11111111011111110111111111111111, sa_flags=SA_RESTART|SA_SIGINFO


---------------  S Y S T E M  ---------------

OS:Bsduname:Darwin 15.4.0 Darwin Kernel Version 15.4.0: Fri Feb 26 22:08:05 PST 2016; root:xnu-3248.40.184~3/RELEASE_X86_64 x86_64
rlimit: STACK 8192k, CORE 0k, NPROC 709, NOFILE 10240, AS infinity
load average:6.31 5.51 4.39

CPU:total 4 (2 cores per cpu, 2 threads per core) family 6 model 58 stepping 9, cmov, cx8, fxsr, mmx, sse, sse2, sse3, ssse3, sse4.1, sse4.2, popcnt, avx, aes, clmul, erms, ht, tsc, tscinvbit, tscinv

Memory: 4k page, physical 8388608k(178588k free)

/proc/meminfo:


vm_info: Java HotSpot(TM) 64-Bit Server VM (25.77-b03) for bsd-amd64 JRE (1.8.0_77-b03), built on Mar 20 2016 22:14:03 by "java_re" with gcc 4.2.1 (Based on Apple Inc. build 5658) (LLVM build 2336.11.00)

time: Wed Apr 20 18:19:06 2016
elapsed time: 75 seconds (0d 0h 1m 15s)

