#
# A fatal error has been detected by the Java Runtime Environment:
#
#  SIGBUS (0xa) at pc=0x00007fff747d4cb8, pid=4459, tid=102955
#
# JRE version: Java(TM) SE Runtime Environment (8.0_77-b03) (build 1.8.0_77-b03)
# Java VM: Java HotSpot(TM) 64-Bit Server VM (25.77-b03 mixed mode bsd-amd64 compressed oops)
# Problematic frame:
# C  [CoreFoundation+0xde0aecb8]  OBJC_METACLASS_$___NSCFConstantString+0x0
#
# Failed to write core dump. Core dumps have been disabled. To enable core dumping, try "ulimit -c unlimited" before starting Java again
#
# If you would like to submit a bug report, please visit:
#   http://bugreport.java.com/bugreport/crash.jsp
#

---------------  T H R E A D  ---------------

Current thread is native thread

siginfo: si_signo: 10 (SIGBUS), si_code: 2 (BUS_ADRERR), si_addr: 0x00007fff747d4cb8

Registers:
RAX=0x00007fff747d4cb8, RBX=0x000070000293ba54, RCX=0x00007fe7ed4b5640, RDX=0x00007fe7ed4b5670
RSP=0x000070000293b7a8, RBP=0x000070000293b800, RSI=0x000070000293ba54, RDI=0x00007fe7eae35ae0
R8 =0x0000000000001000, R9 =0x000070000293b5b7, R10=0x0000000125258290, R11=0xffffffffffffffd0
R12=0x00007fe7ed4b4f20, R13=0x00007fe7ed4b5670, R14=0x000000012523d83c, R15=0x0000000000001000
RIP=0x00007fff747d4cb8, EFLAGS=0x0000000000010202, ERR=0x0000000000000015
  TRAPNO=0x000000000000000e

Top of Stack: (sp=0x000070000293b7a8)
0x000070000293b7a8:   0000000125246ab2 0000000000000000
0x000070000293b7b8:   000070000293ba54 0000000000000000
0x000070000293b7c8:   0000000000000000 0000000000000000
0x000070000293b7d8:   000070000293ba54 00007fe7ed4b4f20
0x000070000293b7e8:   00007fe7ed4b5280 00007fe7ed4b6030
0x000070000293b7f8:   0000000000001000 000070000293b850
0x000070000293b808:   0000000125241369 000070000293b840
0x000070000293b818:   000070000293ba78 000000000293b830
0x000070000293b828:   0000000000009fe0 00007fe7ed4b5280
0x000070000293b838:   00000000ffffffce 0000000000001000
0x000070000293b848:   00007fe7ed4b4f20 000070000293b8c0
0x000070000293b858:   000000012523f9a1 00007fe7ed4b6030
0x000070000293b868:   00009fe090ced07b 000070000293ba54
0x000070000293b878:   000070000293ba78 000000000293b8e0
0x000070000293b888:   00007fe7ed4b6030 00009fe000000000
0x000070000293b898:   00000000ffffffce 000070000293ba54
0x000070000293b8a8:   0000000000000000 0000000000001000
0x000070000293b8b8:   000070000293ba78 000070000293b8e0
0x000070000293b8c8:   0000000125243996 00000000fffffffc
0x000070000293b8d8:   00007fe7ed4b5af0 000070000293b920
0x000070000293b8e8:   0000000125242777 00007fe7ed4b5af0
0x000070000293b8f8:   000070000293ba78 00007fe7ed4b57f0
0x000070000293b908:   00000000ffffd584 000070000293ba54
0x000070000293b918:   0000000000001000 000070000293b980
0x000070000293b928:   00000001252468f0 0000000000000000
0x000070000293b938:   000070000293ba54 0000000000000000
0x000070000293b948:   0000000000000000 0000000000000000
0x000070000293b958:   000070000293ba54 00007fe7ed4b57f0
0x000070000293b968:   00007fe7ed4b5bf0 00007fe7ed4b2198
0x000070000293b978:   0000000000001000 000070000293b9d0
0x000070000293b988:   0000000125241369 000070000293b9c0
0x000070000293b998:   000070000293ba78 0000000000000000 

Instructions: (pc=0x00007fff747d4cb8)
0x00007fff747d4c98:   f8 d3 08 71 ff 7f 00 00 70 1c de ea e7 7f 00 00
0x00007fff747d4ca8:   03 00 00 00 01 00 00 00 64 8b d0 ea e7 7f 00 00
0x00007fff747d4cb8:   18 71 44 74 ff 7f 00 00 90 4c 7d 74 ff 7f 00 00
0x00007fff747d4cc8:   d0 57 de ea e7 7f 00 00 03 00 00 00 01 00 00 00 

Register to memory mapping:

RAX=0x00007fff747d4cb8: OBJC_METACLASS_$___NSCFConstantString+0 in /System/Library/Frameworks/CoreFoundation.framework/Versions/A/CoreFoundation at 0x00007fff96726000
RBX=0x000070000293ba54 is an unknown value
RCX=0x00007fe7ed4b5640 is an unknown value
RDX=0x00007fe7ed4b5670 is an unknown value
RSP=0x000070000293b7a8 is an unknown value
RBP=0x000070000293b800 is an unknown value
RSI=0x000070000293ba54 is an unknown value
RDI=0x00007fe7eae35ae0 is an unknown value
R8 =0x0000000000001000 is an unknown value
R9 =0x000070000293b5b7 is an unknown value
R10=0x0000000125258290: _ZTV18AVFEqualizerKernel+0x10 in /Library/Java/JavaVirtualMachines/jdk1.8.0_77.jdk/Contents/Home/jre/lib/libjfxmedia_avf.dylib at 0x0000000125236000
R11=0xffffffffffffffd0 is an unknown value
R12=0x00007fe7ed4b4f20 is an unknown value
R13=0x00007fe7ed4b5670 is an unknown value
R14=0x000000012523d83c: _ZN18AVFKernelComponent18ProcessBufferListsERjRK15AudioBufferListRS1_j+0 in /Library/Java/JavaVirtualMachines/jdk1.8.0_77.jdk/Contents/Home/jre/lib/libjfxmedia_avf.dylib at 0x0000000125236000
R15=0x0000000000001000 is an unknown value


Stack: [0x00007000028bc000,0x000070000293c000],  sp=0x000070000293b7a8,  free space=509k
Native frames: (J=compiled Java code, j=interpreted, Vv=VM code, C=native code)
C  [CoreFoundation+0xde0aecb8]  OBJC_METACLASS_$___NSCFConstantString+0x0
C  [libjfxmedia_avf.dylib+0xb369]  _ZN6AUBase11DoRenderBusERjRK14AudioTimeStampjP15AUOutputElementjR15AudioBufferList+0xa9
C  [libjfxmedia_avf.dylib+0x99a1]  _ZN6AUBase8DoRenderERjRK14AudioTimeStampjjR15AudioBufferList+0x1b9
C  [libjfxmedia_avf.dylib+0xd996]  _ZL14AUMethodRenderPvPjPK14AudioTimeStampjjP15AudioBufferList+0x2e
C  [libjfxmedia_avf.dylib+0xc777]  _ZN14AUInputElement9PullInputERjRK14AudioTimeStampjj+0x8d
C  [libjfxmedia_avf.dylib+0x108f0]  _ZN12AUEffectBase6RenderERjRK14AudioTimeStampj+0x7e
C  [libjfxmedia_avf.dylib+0xb369]  _ZN6AUBase11DoRenderBusERjRK14AudioTimeStampjP15AUOutputElementjR15AudioBufferList+0xa9
C  [libjfxmedia_avf.dylib+0x99a1]  _ZN6AUBase8DoRenderERjRK14AudioTimeStampjjR15AudioBufferList+0x1b9
C  [libjfxmedia_avf.dylib+0xd996]  _ZL14AUMethodRenderPvPjPK14AudioTimeStampjjP15AudioBufferList+0x2e
C  [libjfxmedia_avf.dylib+0x54b1]  _ZL15ProcessAudioTapPKvljP15AudioBufferListPlPj+0x63
C  [MediaToolbox+0x35f1e7]  MTAudioProcessingTapGetSourceAudio+0x103d
C  [AudioToolbox+0xc45e8]  _Z25AQClientCallProcessingTapPvjP14AudioTimeStampPjS2_P15AudioBufferListidjdjPKhj+0x5d
C  [AudioToolbox+0x117a3c]  _ZN15AQProcessingTap9DoCalloutERjR14AudioTimeStampS0_R15AudioBufferList+0xc2
C  [AudioToolbox+0x117847]  _ZN16AudioQueueObject18PerformTapInternalER14AudioTimeStampRjS2_+0x81
C  [AudioToolbox+0x117748]  _ZN16AudioQueueObject20PerformProcessingTapEPFiPvRjRK14AudioTimeStampjR15AudioBufferListRdS1_ES0_RS2_S1_S6_S1_+0xcc
C  [AudioToolbox+0x1247f3]  _ZN14MEMixerChannel13TapDownstreamEPvPjPK14AudioTimeStampjjP15AudioBufferList+0x81
C  [CoreAudio+0x8d73]  _ZN14AUInputElement9PullInputERjRK14AudioTimeStampjj+0xb5
C  [CoreAudio+0x732cf]  _ZN18AUDeferredRenderer7ProduceEv+0x211
C  [CoreAudio+0x73035]  _ZN18AUDeferredRenderer18ProducerThreadProcEv+0x31
C  [CoreAudio+0x735b7]  _ZN18AUDeferredRenderer18ProducerThreadProcEPv+0x1f
C  [CoreAudio+0x72360]  _ZN9CAPThread5EntryEPS_+0x50
C  [libsystem_pthread.dylib+0x399d]  _pthread_body+0x83
C  [libsystem_pthread.dylib+0x391a]  _pthread_body+0x0
C  [libsystem_pthread.dylib+0x1351]  thread_start+0xd


---------------  P R O C E S S  ---------------

VM state:not at safepoint (normal execution)

VM Mutex/Monitor currently owned by a thread: None

Heap:
 PSYoungGen      total 37888K, used 10879K [0x0000000795580000, 0x0000000798b00000, 0x00000007c0000000)
  eden space 20992K, 51% used [0x0000000795580000,0x0000000795fffd80,0x0000000796a00000)
  from space 16896K, 0% used [0x0000000796a00000,0x0000000796a20000,0x0000000797a80000)
  to   space 16896K, 0% used [0x0000000797a80000,0x0000000797a80000,0x0000000798b00000)
 ParOldGen       total 87552K, used 33869K [0x0000000740000000, 0x0000000745580000, 0x0000000795580000)
  object space 87552K, 38% used [0x0000000740000000,0x00000007421134f8,0x0000000745580000)
 Metaspace       used 20063K, capacity 21064K, committed 21376K, reserved 1067008K
  class space    used 2634K, capacity 2872K, committed 2944K, reserved 1048576K

Card table byte_map: [0x0000000117d4f000,0x0000000118150000] byte_map_base: 0x000000011434f000

Marking Bits: (ParMarkBitMap*) 0x00000001082e3ea0
 Begin Bits: [0x00000001183fb000, 0x000000011a3fb000)
 End Bits:   [0x000000011a3fb000, 0x000000011c3fb000)

Polling page: 0x000000010706c000

CodeCache: size=245760Kb used=8914Kb max_used=8992Kb free=236845Kb
 bounds [0x000000010898f000, 0x000000010926f000, 0x000000011798f000]
 total_blobs=3523 nmethods=2795 adapters=640
 compilation: enabled

Compilation events (10 events):
Event: 31.076 Thread 0x00007fe7ec018000 2994       1       javafx.scene.input.KeyCode::impl_getCode (5 bytes)
Event: 31.076 Thread 0x00007fe7ec018000 nmethod 2994 0x0000000108e0b090 code [0x0000000108e0b1e0, 0x0000000108e0b2f0]
Event: 31.410 Thread 0x00007fe7eb81f800 2995       4       com.sun.prism.impl.BaseGraphics::<init> (150 bytes)
Event: 31.430 Thread 0x00007fe7eb81f800 nmethod 2995 0x0000000108aa1410 code [0x0000000108aa15c0, 0x0000000108aa19a8]
Event: 31.464 Thread 0x00007fe7ec018000 2997       3       javafx.scene.Scene::getUserAgentStylesheet (22 bytes)
Event: 31.464 Thread 0x00007fe7ec018000 nmethod 2997 0x0000000108d50dd0 code [0x0000000108d50f60, 0x0000000108d512c8]
Event: 31.500 Thread 0x00007fe7ec018000 2998       3       java.util.concurrent.CountDownLatch::<init> (31 bytes)
Event: 31.500 Thread 0x00007fe7ec018000 nmethod 2998 0x0000000108e50dd0 code [0x0000000108e50f80, 0x0000000108e51508]
Event: 31.501 Thread 0x00007fe7ec018000 2999       3       java.util.concurrent.CountDownLatch$Sync::<init> (10 bytes)
Event: 31.501 Thread 0x00007fe7ec018000 nmethod 2999 0x0000000108d69710 code [0x0000000108d69880, 0x0000000108d69bd0]

GC Heap History (10 events):
Event: 17.458 GC heap before
{Heap before GC invocations=8 (full 1):
 PSYoungGen      total 26624K, used 26607K [0x0000000795580000, 0x0000000799680000, 0x00000007c0000000)
  eden space 21504K, 100% used [0x0000000795580000,0x0000000796a80000,0x0000000796a80000)
  from space 5120K, 99% used [0x0000000797b00000,0x0000000797ffbd70,0x0000000798000000)
  to   space 16896K, 0% used [0x0000000796a80000,0x0000000796a80000,0x0000000797b00000)
 ParOldGen       total 87552K, used 28793K [0x0000000740000000, 0x0000000745580000, 0x0000000795580000)
  object space 87552K, 32% used [0x0000000740000000,0x0000000741c1e6c0,0x0000000745580000)
 Metaspace       used 19950K, capacity 20888K, committed 21120K, reserved 1067008K
  class space    used 2628K, capacity 2864K, committed 2944K, reserved 1048576K
Event: 17.460 GC heap after
Heap after GC invocations=8 (full 1):
 PSYoungGen      total 38400K, used 3023K [0x0000000795580000, 0x0000000798c80000, 0x00000007c0000000)
  eden space 21504K, 0% used [0x0000000795580000,0x0000000795580000,0x0000000796a80000)
  from space 16896K, 17% used [0x0000000796a80000,0x0000000796d73d60,0x0000000797b00000)
  to   space 17408K, 0% used [0x0000000797b80000,0x0000000797b80000,0x0000000798c80000)
 ParOldGen       total 87552K, used 28801K [0x0000000740000000, 0x0000000745580000, 0x0000000795580000)
  object space 87552K, 32% used [0x0000000740000000,0x0000000741c206c0,0x0000000745580000)
 Metaspace       used 19950K, capacity 20888K, committed 21120K, reserved 1067008K
  class space    used 2628K, capacity 2864K, committed 2944K, reserved 1048576K
}
Event: 21.961 GC heap before
{Heap before GC invocations=9 (full 1):
 PSYoungGen      total 38400K, used 24527K [0x0000000795580000, 0x0000000798c80000, 0x00000007c0000000)
  eden space 21504K, 100% used [0x0000000795580000,0x0000000796a80000,0x0000000796a80000)
  from space 16896K, 17% used [0x0000000796a80000,0x0000000796d73d60,0x0000000797b00000)
  to   space 17408K, 0% used [0x0000000797b80000,0x0000000797b80000,0x0000000798c80000)
 ParOldGen       total 87552K, used 28805K [0x0000000740000000, 0x0000000745580000, 0x0000000795580000)
  object space 87552K, 32% used [0x0000000740000000,0x0000000741c21460,0x0000000745580000)
 Metaspace       used 19995K, capacity 20892K, committed 21120K, reserved 1067008K
  class space    used 2628K, capacity 2864K, committed 2944K, reserved 1048576K
Event: 21.967 GC heap after
Heap after GC invocations=9 (full 1):
 PSYoungGen      total 37888K, used 5071K [0x0000000795580000, 0x0000000798b80000, 0x00000007c0000000)
  eden space 21504K, 0% used [0x0000000795580000,0x0000000795580000,0x0000000796a80000)
  from space 16384K, 30% used [0x0000000797b80000,0x0000000798073d70,0x0000000798b80000)
  to   space 16896K, 0% used [0x0000000796a80000,0x0000000796a80000,0x0000000797b00000)
 ParOldGen       total 87552K, used 28813K [0x0000000740000000, 0x0000000745580000, 0x0000000795580000)
  object space 87552K, 32% used [0x0000000740000000,0x0000000741c23460,0x0000000745580000)
 Metaspace       used 19995K, capacity 20892K, committed 21120K, reserved 1067008K
  class space    used 2628K, capacity 2864K, committed 2944K, reserved 1048576K
}
Event: 26.068 GC heap before
{Heap before GC invocations=10 (full 1):
 PSYoungGen      total 37888K, used 26575K [0x0000000795580000, 0x0000000798b80000, 0x00000007c0000000)
  eden space 21504K, 100% used [0x0000000795580000,0x0000000796a80000,0x0000000796a80000)
  from space 16384K, 30% used [0x0000000797b80000,0x0000000798073d70,0x0000000798b80000)
  to   space 16896K, 0% used [0x0000000796a80000,0x0000000796a80000,0x0000000797b00000)
 ParOldGen       total 87552K, used 28813K [0x0000000740000000, 0x0000000745580000, 0x0000000795580000)
  object space 87552K, 32% used [0x0000000740000000,0x0000000741c23460,0x0000000745580000)
 Metaspace       used 20041K, capacity 21034K, committed 21120K, reserved 1067008K
  class space    used 2629K, capacity 2865K, committed 2944K, reserved 1048576K
Event: 26.071 GC heap after
Heap after GC invocations=10 (full 1):
 PSYoungGen      total 27136K, used 5135K [0x0000000795580000, 0x0000000798a80000, 0x00000007c0000000)
  eden space 21504K, 0% used [0x0000000795580000,0x0000000795580000,0x0000000796a80000)
  from space 5632K, 91% used [0x0000000796a80000,0x0000000796f83d70,0x0000000797000000)
  to   space 16384K, 0% used [0x0000000797a80000,0x0000000797a80000,0x0000000798a80000)
 ParOldGen       total 87552K, used 28821K [0x0000000740000000, 0x0000000745580000, 0x0000000795580000)
  object space 87552K, 32% used [0x0000000740000000,0x0000000741c25460,0x0000000745580000)
 Metaspace       used 20041K, capacity 21034K, committed 21120K, reserved 1067008K
  class space    used 2629K, capacity 2865K, committed 2944K, reserved 1048576K
}
Event: 26.551 GC heap before
{Heap before GC invocations=11 (full 1):
 PSYoungGen      total 27136K, used 26639K [0x0000000795580000, 0x0000000798a80000, 0x00000007c0000000)
  eden space 21504K, 100% used [0x0000000795580000,0x0000000796a80000,0x0000000796a80000)
  from space 5632K, 91% used [0x0000000796a80000,0x0000000796f83d70,0x0000000797000000)
  to   space 16384K, 0% used [0x0000000797a80000,0x0000000797a80000,0x0000000798a80000)
 ParOldGen       total 87552K, used 28821K [0x0000000740000000, 0x0000000745580000, 0x0000000795580000)
  object space 87552K, 32% used [0x0000000740000000,0x0000000741c25460,0x0000000745580000)
 Metaspace       used 20044K, capacity 21034K, committed 21120K, reserved 1067008K
  class space    used 2629K, capacity 2865K, committed 2944K, reserved 1048576K
Event: 26.559 GC heap after
Heap after GC invocations=11 (full 1):
 PSYoungGen      total 37376K, used 192K [0x0000000795580000, 0x0000000798b80000, 0x00000007c0000000)
  eden space 20992K, 0% used [0x0000000795580000,0x0000000795580000,0x0000000796a00000)
  from space 16384K, 1% used [0x0000000797a80000,0x0000000797ab0000,0x0000000798a80000)
  to   space 16896K, 0% used [0x0000000796a00000,0x0000000796a00000,0x0000000797a80000)
 ParOldGen       total 87552K, used 33836K [0x0000000740000000, 0x0000000745580000, 0x0000000795580000)
  object space 87552K, 38% used [0x0000000740000000,0x000000074210b1d0,0x0000000745580000)
 Metaspace       used 20044K, capacity 21034K, committed 21120K, reserved 1067008K
  class space    used 2629K, capacity 2865K, committed 2944K, reserved 1048576K
}
Event: 29.659 GC heap before
{Heap before GC invocations=12 (full 1):
 PSYoungGen      total 37376K, used 21184K [0x0000000795580000, 0x0000000798b80000, 0x00000007c0000000)
  eden space 20992K, 100% used [0x0000000795580000,0x0000000796a00000,0x0000000796a00000)
  from space 16384K, 1% used [0x0000000797a80000,0x0000000797ab0000,0x0000000798a80000)
  to   space 16896K, 0% used [0x0000000796a00000,0x0000000796a00000,0x0000000797a80000)
 ParOldGen       total 87552K, used 33837K [0x0000000740000000, 0x0000000745580000, 0x0000000795580000)
  object space 87552K, 38% used [0x0000000740000000,0x000000074210b4f8,0x0000000745580000)
 Metaspace       used 20046K, capacity 21034K, committed 21120K, reserved 1067008K
  class space    used 2629K, capacity 2865K, committed 2944K, reserved 1048576K
Event: 29.674 GC heap after
Heap after GC invocations=12 (full 1):
 PSYoungGen      total 37888K, used 128K [0x0000000795580000, 0x0000000798b00000, 0x00000007c0000000)
  eden space 20992K, 0% used [0x0000000795580000,0x0000000795580000,0x0000000796a00000)
  from space 16896K, 0% used [0x0000000796a00000,0x0000000796a20000,0x0000000797a80000)
  to   space 16896K, 0% used [0x0000000797a80000,0x0000000797a80000,0x0000000798b00000)
 ParOldGen       total 87552K, used 33869K [0x0000000740000000, 0x0000000745580000, 0x0000000795580000)
  object space 87552K, 38% used [0x0000000740000000,0x00000007421134f8,0x0000000745580000)
 Metaspace       used 20046K, capacity 21034K, committed 21120K, reserved 1067008K
  class space    used 2629K, capacity 2865K, committed 2944K, reserved 1048576K
}

Deoptimization events (10 events):
Event: 16.422 Thread 0x00007fe7ec097000 Uncommon trap: reason=unstable_if action=reinterpret pc=0x0000000108fce464 method=com.sun.javafx.geom.transform.AffineBase.updateState2D()V @ 51
Event: 16.456 Thread 0x00007fe7ebab3000 Uncommon trap: reason=bimorphic action=maybe_recompile pc=0x0000000108d0adb0 method=java.util.HashMap.putVal(ILjava/lang/Object;Ljava/lang/Object;ZZ)Ljava/lang/Object; @ 203
Event: 20.723 Thread 0x00007fe7ecea6800 Uncommon trap: reason=bimorphic action=maybe_recompile pc=0x0000000108d09968 method=java.util.HashMap.putVal(ILjava/lang/Object;Ljava/lang/Object;ZZ)Ljava/lang/Object; @ 203
Event: 26.444 Thread 0x00007fe7ec097000 Uncommon trap: reason=unstable_if action=reinterpret pc=0x00000001091a5c34 method=com.sun.javafx.geom.transform.AffineBase.updateState2D()V @ 86
Event: 26.444 Thread 0x00007fe7ec097000 Uncommon trap: reason=unstable_if action=reinterpret pc=0x0000000108c3c270 method=com.sun.javafx.geom.transform.AffineBase.updateState2D()V @ 86
Event: 26.838 Thread 0x00007fe7ec097000 Uncommon trap: reason=unstable_if action=reinterpret pc=0x000000010907bc28 method=com.sun.javafx.geom.transform.AffineBase.updateState2D()V @ 86
Event: 26.840 Thread 0x00007fe7ec097000 Uncommon trap: reason=unstable_if action=reinterpret pc=0x00000001091d4658 method=com.sun.javafx.geom.transform.AffineBase.updateState2D()V @ 86
Event: 26.877 Thread 0x00007fe7ec097000 Uncommon trap: reason=unstable_if action=reinterpret pc=0x00000001091d837c method=com.sun.javafx.geom.transform.AffineBase.updateState2D()V @ 86
Event: 26.877 Thread 0x00007fe7ec097000 Uncommon trap: reason=unstable_if action=reinterpret pc=0x000000010921851c method=com.sun.javafx.geom.transform.AffineBase.updateState2D()V @ 86
Event: 31.497 Thread 0x00007fe7ec0ad000 Uncommon trap: reason=unstable_if action=reinterpret pc=0x000000010925eb6c method=java.security.AccessControlContext.optimize()Ljava/security/AccessControlContext; @ 83

Internal exceptions (10 events):
Event: 0.358 Thread 0x00007fe7ec9d6800 Exception <a 'java/security/PrivilegedActionException'> (0x0000000795ad1568) thrown at [/Users/java_re/workspace/8-2-build-macosx-x86_64/jdk8u77/6540/hotspot/src/share/vm/prims/jvm.cpp, line 1386]
Event: 0.359 Thread 0x00007fe7ec9d6800 Exception <a 'java/lang/NullPointerException'> (0x0000000795ad2ee0) thrown at [/Users/java_re/workspace/8-2-build-macosx-x86_64/jdk8u77/6540/hotspot/src/share/vm/interpreter/linkResolver.cpp, line 1178]
Event: 0.828 Thread 0x00007fe7ec0ad000 Exception <a 'java/lang/NullPointerException'> (0x000000079622a858) thrown at [/Users/java_re/workspace/8-2-build-macosx-x86_64/jdk8u77/6540/hotspot/src/share/vm/interpreter/linkResolver.cpp, line 1178]
Event: 0.828 Thread 0x00007fe7ec0ad000 Exception <a 'java/lang/NullPointerException'> (0x000000079622a858) thrown at [/Users/java_re/workspace/8-2-build-macosx-x86_64/jdk8u77/6540/hotspot/src/share/vm/prims/jvm.cpp, line 1390]
Event: 1.063 Thread 0x00007fe7ec0ad000 Implicit null exception at 0x0000000108b9b8f5 to 0x0000000108b9bc79
Event: 1.802 Thread 0x00007fe7ec0ad000 Exception <a 'java/lang/NullPointerException'> (0x0000000796e8cd68) thrown at [/Users/java_re/workspace/8-2-build-macosx-x86_64/jdk8u77/6540/hotspot/src/share/vm/interpreter/linkResolver.cpp, line 1280]
Event: 2.060 Thread 0x00007fe7ec0ad000 Exception <a 'java/lang/NullPointerException'> (0x00000007956948a8) thrown at [/Users/java_re/workspace/8-2-build-macosx-x86_64/jdk8u77/6540/hotspot/src/share/vm/interpreter/linkResolver.cpp, line 1280]
Event: 7.601 Thread 0x00007fe7ec0ad000 Implicit null exception at 0x0000000108c39307 to 0x0000000108c3a3a1
Event: 15.862 Thread 0x00007fe7ec0ad000 Exception <a 'java/lang/NullPointerException'> (0x0000000796e66fc8) thrown at [/Users/java_re/workspace/8-2-build-macosx-x86_64/jdk8u77/6540/hotspot/src/share/vm/interpreter/linkResolver.cpp, line 1280]
Event: 26.040 Thread 0x00007fe7eba6f800 Exception <a 'java/lang/NullPointerException'> (0x0000000796922698) thrown at [/Users/java_re/workspace/8-2-build-macosx-x86_64/jdk8u77/6540/hotspot/src/share/vm/interpreter/linkResolver.cpp, line 1280]

Events (10 events):
Event: 31.497 loading class javafx/application/Application
Event: 31.497 loading class javafx/application/Application done
Event: 31.501 Thread 0x00007fe7eb228800 Thread exited: 0x00007fe7eb228800
Event: 31.502 Executing VM operation: RevokeBias
Event: 31.502 Executing VM operation: RevokeBias done
Event: 31.502 Thread 0x00007fe7eb39f000 Thread exited: 0x00007fe7eb39f000
Event: 31.505 Thread 0x00007fe7ec860800 Thread added: 0x00007fe7ec860800
Event: 31.506 Thread 0x00007fe7ec860800 Thread exited: 0x00007fe7ec860800
Event: 31.511 Thread 0x00007fe7eb228800 Thread added: 0x00007fe7eb228800
Event: 31.512 Thread 0x00007fe7eb228800 Thread exited: 0x00007fe7eb228800


Dynamic libraries:
0x0000000000246000 	/System/Library/Frameworks/Cocoa.framework/Versions/A/Cocoa
0x0000000000246000 	/System/Library/Frameworks/Security.framework/Versions/A/Security
0x0000000000246000 	/System/Library/Frameworks/ApplicationServices.framework/Versions/A/ApplicationServices
0x0000000000246000 	/usr/lib/libz.1.dylib
0x0000000000246000 	/usr/lib/libSystem.B.dylib
0x0000000000246000 	/usr/lib/libobjc.A.dylib
0x0000000000246000 	/System/Library/Frameworks/CoreFoundation.framework/Versions/A/CoreFoundation
0x0000000000246000 	/System/Library/Frameworks/Foundation.framework/Versions/C/Foundation
0x0000000000246000 	/System/Library/Frameworks/AppKit.framework/Versions/C/AppKit
0x0000000000246000 	/System/Library/Frameworks/CoreData.framework/Versions/A/CoreData
0x0000000000246000 	/System/Library/PrivateFrameworks/RemoteViewServices.framework/Versions/A/RemoteViewServices
0x0000000000246000 	/System/Library/PrivateFrameworks/UIFoundation.framework/Versions/A/UIFoundation
0x0000000000246000 	/usr/lib/libScreenReader.dylib
0x0000000000246000 	/System/Library/Frameworks/Accelerate.framework/Versions/A/Accelerate
0x0000000000246000 	/System/Library/Frameworks/IOSurface.framework/Versions/A/IOSurface
0x0000000000246000 	/System/Library/Frameworks/AudioToolbox.framework/Versions/A/AudioToolbox
0x0000000000246000 	/System/Library/Frameworks/AudioUnit.framework/Versions/A/AudioUnit
0x0000000000246000 	/System/Library/PrivateFrameworks/DataDetectorsCore.framework/Versions/A/DataDetectorsCore
0x0000000000246000 	/System/Library/PrivateFrameworks/DesktopServicesPriv.framework/Versions/A/DesktopServicesPriv
0x0000000000246000 	/System/Library/Frameworks/Carbon.framework/Versions/A/Frameworks/HIToolbox.framework/Versions/A/HIToolbox
0x0000000000246000 	/System/Library/Frameworks/QuartzCore.framework/Versions/A/QuartzCore
0x0000000000246000 	/System/Library/Frameworks/Carbon.framework/Versions/A/Frameworks/SpeechRecognition.framework/Versions/A/SpeechRecognition
0x0000000000246000 	/usr/lib/libauto.dylib
0x0000000000246000 	/usr/lib/libicucore.A.dylib
0x0000000000246000 	/usr/lib/libxml2.2.dylib
0x0000000000246000 	/System/Library/PrivateFrameworks/CoreUI.framework/Versions/A/CoreUI
0x0000000000246000 	/System/Library/Frameworks/CoreAudio.framework/Versions/A/CoreAudio
0x0000000000246000 	/System/Library/Frameworks/DiskArbitration.framework/Versions/A/DiskArbitration
0x0000000000246000 	/usr/lib/liblangid.dylib
0x0000000000246000 	/System/Library/PrivateFrameworks/MultitouchSupport.framework/Versions/A/MultitouchSupport
0x0000000000246000 	/System/Library/Frameworks/IOKit.framework/Versions/A/IOKit
0x0000000000246000 	/usr/lib/libDiagnosticMessagesClient.dylib
0x0000000000246000 	/System/Library/Frameworks/CoreServices.framework/Versions/A/CoreServices
0x0000000000246000 	/System/Library/PrivateFrameworks/PerformanceAnalysis.framework/Versions/A/PerformanceAnalysis
0x0000000000246000 	/System/Library/PrivateFrameworks/GenerationalStorage.framework/Versions/A/GenerationalStorage
0x0000000000246000 	/System/Library/Frameworks/OpenGL.framework/Versions/A/OpenGL
0x0000000000246000 	/System/Library/PrivateFrameworks/Sharing.framework/Versions/A/Sharing
0x0000000000246000 	/System/Library/Frameworks/CoreGraphics.framework/Versions/A/CoreGraphics
0x0000000000246000 	/System/Library/Frameworks/CoreImage.framework/Versions/A/CoreImage
0x0000000000246000 	/System/Library/Frameworks/CoreText.framework/Versions/A/CoreText
0x0000000000246000 	/System/Library/Frameworks/ImageIO.framework/Versions/A/ImageIO
0x0000000000246000 	/System/Library/PrivateFrameworks/Backup.framework/Versions/A/Backup
0x0000000000246000 	/usr/lib/libextension.dylib
0x0000000000246000 	/usr/lib/libarchive.2.dylib
0x0000000000246000 	/System/Library/Frameworks/CFNetwork.framework/Versions/A/CFNetwork
0x0000000000246000 	/System/Library/Frameworks/SystemConfiguration.framework/Versions/A/SystemConfiguration
0x0000000000246000 	/usr/lib/libCRFSuite.dylib
0x0000000000246000 	/usr/lib/libc++.1.dylib
0x0000000000246000 	/usr/lib/libc++abi.dylib
0x0000000000246000 	/usr/lib/system/libcache.dylib
0x0000000000246000 	/usr/lib/system/libcommonCrypto.dylib
0x0000000000246000 	/usr/lib/system/libcompiler_rt.dylib
0x0000000000246000 	/usr/lib/system/libcopyfile.dylib
0x0000000000246000 	/usr/lib/system/libcorecrypto.dylib
0x0000000000246000 	/usr/lib/system/libdispatch.dylib
0x0000000000246000 	/usr/lib/system/libdyld.dylib
0x0000000000246000 	/usr/lib/system/libkeymgr.dylib
0x0000000000246000 	/usr/lib/system/liblaunch.dylib
0x0000000000246000 	/usr/lib/system/libmacho.dylib
0x0000000000246000 	/usr/lib/system/libquarantine.dylib
0x0000000000246000 	/usr/lib/system/libremovefile.dylib
0x0000000000246000 	/usr/lib/system/libsystem_asl.dylib
0x0000000000246000 	/usr/lib/system/libsystem_blocks.dylib
0x0000000000246000 	/usr/lib/system/libsystem_c.dylib
0x0000000000246000 	/usr/lib/system/libsystem_configuration.dylib
0x0000000000246000 	/usr/lib/system/libsystem_coreservices.dylib
0x0000000000246000 	/usr/lib/system/libsystem_coretls.dylib
0x0000000000246000 	/usr/lib/system/libsystem_dnssd.dylib
0x0000000000246000 	/usr/lib/system/libsystem_info.dylib
0x0000000000246000 	/usr/lib/system/libsystem_kernel.dylib
0x0000000000246000 	/usr/lib/system/libsystem_m.dylib
0x0000000000246000 	/usr/lib/system/libsystem_malloc.dylib
0x0000000000246000 	/usr/lib/system/libsystem_network.dylib
0x0000000000246000 	/usr/lib/system/libsystem_networkextension.dylib
0x0000000000246000 	/usr/lib/system/libsystem_notify.dylib
0x0000000000246000 	/usr/lib/system/libsystem_platform.dylib
0x0000000000246000 	/usr/lib/system/libsystem_pthread.dylib
0x0000000000246000 	/usr/lib/system/libsystem_sandbox.dylib
0x0000000000246000 	/usr/lib/system/libsystem_secinit.dylib
0x0000000000246000 	/usr/lib/system/libsystem_trace.dylib
0x0000000000246000 	/usr/lib/system/libunc.dylib
0x0000000000246000 	/usr/lib/system/libunwind.dylib
0x0000000000246000 	/usr/lib/system/libxpc.dylib
0x0000000000246000 	/usr/lib/libenergytrace.dylib
0x0000000000246000 	/usr/lib/libbsm.0.dylib
0x0000000000246000 	/usr/lib/system/libkxld.dylib
0x0000000000246000 	/usr/lib/libxar.1.dylib
0x0000000000246000 	/usr/lib/libsqlite3.dylib
0x0000000000246000 	/usr/lib/libpam.2.dylib
0x0000000000246000 	/usr/lib/libOpenScriptingUtil.dylib
0x0000000000246000 	/usr/lib/libbz2.1.0.dylib
0x0000000000246000 	/usr/lib/liblzma.5.dylib
0x0000000000246000 	/System/Library/Frameworks/CoreServices.framework/Versions/A/Frameworks/FSEvents.framework/Versions/A/FSEvents
0x0000000000246000 	/System/Library/Frameworks/CoreServices.framework/Versions/A/Frameworks/CarbonCore.framework/Versions/A/CarbonCore
0x0000000000246000 	/System/Library/Frameworks/CoreServices.framework/Versions/A/Frameworks/Metadata.framework/Versions/A/Metadata
0x0000000000246000 	/System/Library/Frameworks/CoreServices.framework/Versions/A/Frameworks/OSServices.framework/Versions/A/OSServices
0x0000000000246000 	/System/Library/Frameworks/CoreServices.framework/Versions/A/Frameworks/SearchKit.framework/Versions/A/SearchKit
0x0000000000246000 	/System/Library/Frameworks/CoreServices.framework/Versions/A/Frameworks/AE.framework/Versions/A/AE
0x0000000000246000 	/System/Library/Frameworks/CoreServices.framework/Versions/A/Frameworks/LaunchServices.framework/Versions/A/LaunchServices
0x0000000000246000 	/System/Library/Frameworks/CoreServices.framework/Versions/A/Frameworks/DictionaryServices.framework/Versions/A/DictionaryServices
0x0000000000246000 	/System/Library/Frameworks/CoreServices.framework/Versions/A/Frameworks/SharedFileList.framework/Versions/A/SharedFileList
0x0000000000246000 	/System/Library/Frameworks/NetFS.framework/Versions/A/NetFS
0x0000000000246000 	/System/Library/PrivateFrameworks/NetAuth.framework/Versions/A/NetAuth
0x0000000000246000 	/System/Library/PrivateFrameworks/login.framework/Versions/A/Frameworks/loginsupport.framework/Versions/A/loginsupport
0x0000000000246000 	/System/Library/PrivateFrameworks/TCC.framework/Versions/A/TCC
0x0000000000246000 	/usr/lib/libmecabra.dylib
0x0000000000246000 	/System/Library/Frameworks/ApplicationServices.framework/Versions/A/Frameworks/ATS.framework/Versions/A/ATS
0x0000000000246000 	/System/Library/Frameworks/ApplicationServices.framework/Versions/A/Frameworks/ColorSync.framework/Versions/A/ColorSync
0x0000000000246000 	/System/Library/Frameworks/ApplicationServices.framework/Versions/A/Frameworks/HIServices.framework/Versions/A/HIServices
0x0000000000246000 	/System/Library/Frameworks/ApplicationServices.framework/Versions/A/Frameworks/LangAnalysis.framework/Versions/A/LangAnalysis
0x0000000000246000 	/System/Library/Frameworks/ApplicationServices.framework/Versions/A/Frameworks/PrintCore.framework/Versions/A/PrintCore
0x0000000000246000 	/System/Library/Frameworks/ApplicationServices.framework/Versions/A/Frameworks/QD.framework/Versions/A/QD
0x0000000000246000 	/System/Library/Frameworks/ApplicationServices.framework/Versions/A/Frameworks/SpeechSynthesis.framework/Versions/A/SpeechSynthesis
0x0000000000246000 	/System/Library/Frameworks/Metal.framework/Versions/A/Metal
0x0000000000246000 	/System/Library/Frameworks/Accelerate.framework/Versions/A/Frameworks/vImage.framework/Versions/A/vImage
0x0000000000246000 	/System/Library/Frameworks/Accelerate.framework/Versions/A/Frameworks/vecLib.framework/Versions/A/vecLib
0x0000000000246000 	/System/Library/Frameworks/Accelerate.framework/Versions/A/Frameworks/vecLib.framework/Versions/A/libvDSP.dylib
0x0000000000246000 	/System/Library/Frameworks/Accelerate.framework/Versions/A/Frameworks/vecLib.framework/Versions/A/libvMisc.dylib
0x0000000000246000 	/System/Library/Frameworks/Accelerate.framework/Versions/A/Frameworks/vecLib.framework/Versions/A/libLAPACK.dylib
0x0000000000246000 	/System/Library/Frameworks/Accelerate.framework/Versions/A/Frameworks/vecLib.framework/Versions/A/libBLAS.dylib
0x0000000000246000 	/System/Library/Frameworks/Accelerate.framework/Versions/A/Frameworks/vecLib.framework/Versions/A/libLinearAlgebra.dylib
0x0000000000246000 	/System/Library/Frameworks/Accelerate.framework/Versions/A/Frameworks/vecLib.framework/Versions/A/libSparseBLAS.dylib
0x0000000000246000 	/System/Library/PrivateFrameworks/GPUCompiler.framework/libmetal_timestamp.dylib
0x0000000000246000 	/System/Library/Frameworks/OpenGL.framework/Versions/A/Libraries/libCoreFSCache.dylib
0x0000000000246000 	/System/Library/PrivateFrameworks/IOAccelerator.framework/Versions/A/IOAccelerator
0x0000000000246000 	/System/Library/Frameworks/ApplicationServices.framework/Versions/A/Frameworks/ATS.framework/Versions/A/Resources/libFontParser.dylib
0x0000000000246000 	/System/Library/Frameworks/ApplicationServices.framework/Versions/A/Frameworks/ATS.framework/Versions/A/Resources/libFontRegistry.dylib
0x0000000000246000 	/System/Library/PrivateFrameworks/AppleVPA.framework/Versions/A/AppleVPA
0x0000000000246000 	/System/Library/PrivateFrameworks/AppleJPEG.framework/Versions/A/AppleJPEG
0x0000000000246000 	/System/Library/Frameworks/ImageIO.framework/Versions/A/Resources/libJPEG.dylib
0x0000000000246000 	/System/Library/Frameworks/ImageIO.framework/Versions/A/Resources/libTIFF.dylib
0x0000000000246000 	/System/Library/Frameworks/ImageIO.framework/Versions/A/Resources/libPng.dylib
0x0000000000246000 	/System/Library/Frameworks/ImageIO.framework/Versions/A/Resources/libGIF.dylib
0x0000000000246000 	/System/Library/Frameworks/ImageIO.framework/Versions/A/Resources/libJP2.dylib
0x0000000000246000 	/System/Library/Frameworks/ImageIO.framework/Versions/A/Resources/libRadiance.dylib
0x0000000000246000 	/System/Library/Frameworks/CoreVideo.framework/Versions/A/CoreVideo
0x0000000000246000 	/System/Library/Frameworks/OpenGL.framework/Versions/A/Libraries/libGLU.dylib
0x0000000000246000 	/System/Library/Frameworks/OpenGL.framework/Versions/A/Libraries/libGFXShared.dylib
0x0000000000246000 	/System/Library/Frameworks/OpenGL.framework/Versions/A/Libraries/libGL.dylib
0x0000000000246000 	/System/Library/Frameworks/OpenGL.framework/Versions/A/Libraries/libGLImage.dylib
0x0000000000246000 	/System/Library/Frameworks/OpenGL.framework/Versions/A/Libraries/libCVMSPluginSupport.dylib
0x0000000000246000 	/System/Library/Frameworks/OpenGL.framework/Versions/A/Libraries/libCoreVMClient.dylib
0x0000000000246000 	/usr/lib/libcups.2.dylib
0x0000000000246000 	/System/Library/Frameworks/Kerberos.framework/Versions/A/Kerberos
0x0000000000246000 	/System/Library/Frameworks/GSS.framework/Versions/A/GSS
0x0000000000246000 	/usr/lib/libresolv.9.dylib
0x0000000000246000 	/usr/lib/libiconv.2.dylib
0x0000000000246000 	/System/Library/PrivateFrameworks/Heimdal.framework/Versions/A/Heimdal
0x0000000000246000 	/usr/lib/libheimdal-asn1.dylib
0x0000000000246000 	/System/Library/Frameworks/OpenDirectory.framework/Versions/A/OpenDirectory
0x0000000000246000 	/System/Library/PrivateFrameworks/CommonAuth.framework/Versions/A/CommonAuth
0x0000000000246000 	/System/Library/Frameworks/OpenDirectory.framework/Versions/A/Frameworks/CFOpenDirectory.framework/Versions/A/CFOpenDirectory
0x0000000000246000 	/System/Library/Frameworks/SecurityFoundation.framework/Versions/A/SecurityFoundation
0x0000000000246000 	/System/Library/PrivateFrameworks/LanguageModeling.framework/Versions/A/LanguageModeling
0x0000000000246000 	/usr/lib/libmarisa.dylib
0x0000000000246000 	/usr/lib/libChineseTokenizer.dylib
0x0000000000246000 	/usr/lib/libcmph.dylib
0x0000000000246000 	/usr/lib/libcompression.dylib
0x0000000000246000 	/System/Library/Frameworks/ServiceManagement.framework/Versions/A/ServiceManagement
0x0000000000246000 	/usr/lib/libxslt.1.dylib
0x0000000000246000 	/System/Library/Frameworks/Carbon.framework/Versions/A/Frameworks/Ink.framework/Versions/A/Ink
0x0000000000246000 	/usr/lib/libFosl_dynamic.dylib
0x0000000000246000 	/System/Library/PrivateFrameworks/FaceCore.framework/Versions/A/FaceCore
0x0000000000246000 	/System/Library/Frameworks/OpenCL.framework/Versions/A/OpenCL
0x0000000000246000 	/System/Library/PrivateFrameworks/CrashReporterSupport.framework/Versions/A/CrashReporterSupport
0x0000000000246000 	/System/Library/PrivateFrameworks/IconServices.framework/Versions/A/IconServices
0x0000000000246000 	/System/Library/PrivateFrameworks/Apple80211.framework/Versions/A/Apple80211
0x0000000000246000 	/System/Library/Frameworks/CoreWLAN.framework/Versions/A/CoreWLAN
0x0000000000246000 	/System/Library/Frameworks/IOBluetooth.framework/Versions/A/IOBluetooth
0x0000000000246000 	/System/Library/PrivateFrameworks/CoreWiFi.framework/Versions/A/CoreWiFi
0x0000000000246000 	/System/Library/Frameworks/CoreBluetooth.framework/Versions/A/CoreBluetooth
0x0000000000246000 	/System/Library/PrivateFrameworks/ChunkingLibrary.framework/Versions/A/ChunkingLibrary
0x0000000000246000 	/System/Library/PrivateFrameworks/DebugSymbols.framework/Versions/A/DebugSymbols
0x0000000000246000 	/System/Library/PrivateFrameworks/CoreSymbolication.framework/Versions/A/CoreSymbolication
0x0000000000246000 	/System/Library/PrivateFrameworks/Symbolication.framework/Versions/A/Symbolication
0x0000000000246000 	/System/Library/PrivateFrameworks/SpeechRecognitionCore.framework/Versions/A/SpeechRecognitionCore
0x0000000107a00000 	/Library/Java/JavaVirtualMachines/jdk1.8.0_77.jdk/Contents/Home/jre/lib/server/libjvm.dylib
0x0000000000246000 	/usr/lib/libstdc++.6.dylib
0x0000000107029000 	/Library/Java/JavaVirtualMachines/jdk1.8.0_77.jdk/Contents/Home/jre/lib/libverify.dylib
0x0000000107037000 	/Library/Java/JavaVirtualMachines/jdk1.8.0_77.jdk/Contents/Home/jre/lib/libjava.dylib
0x0000000107076000 	/Library/Java/JavaVirtualMachines/jdk1.8.0_77.jdk/Contents/Home/jre/lib/libzip.dylib
0x000000011e17f000 	/System/Library/Frameworks/JavaVM.framework/Frameworks/JavaRuntimeSupport.framework/JavaRuntimeSupport
0x000000011e19a000 	/System/Library/Frameworks/JavaVM.framework/Versions/A/Frameworks/JavaNativeFoundation.framework/Versions/A/JavaNativeFoundation
0x00000001071f2000 	/System/Library/Frameworks/JavaVM.framework/Versions/A/JavaVM
0x0000000000246000 	/System/Library/Frameworks/Carbon.framework/Versions/A/Carbon
0x000000011e1af000 	/System/Library/PrivateFrameworks/JavaLaunching.framework/Versions/A/JavaLaunching
0x0000000000246000 	/System/Library/Frameworks/Carbon.framework/Versions/A/Frameworks/CommonPanels.framework/Versions/A/CommonPanels
0x0000000000246000 	/System/Library/Frameworks/Carbon.framework/Versions/A/Frameworks/Help.framework/Versions/A/Help
0x0000000000246000 	/System/Library/Frameworks/Carbon.framework/Versions/A/Frameworks/ImageCapture.framework/Versions/A/ImageCapture
0x0000000000246000 	/System/Library/Frameworks/Carbon.framework/Versions/A/Frameworks/OpenScripting.framework/Versions/A/OpenScripting
0x0000000000246000 	/System/Library/Frameworks/Carbon.framework/Versions/A/Frameworks/Print.framework/Versions/A/Print
0x0000000000246000 	/System/Library/Frameworks/Carbon.framework/Versions/A/Frameworks/SecurityHI.framework/Versions/A/SecurityHI
0x000000011fc33000 	/Applications/IntelliJ IDEA CE.app/Contents/bin/libbreakgen64.jnilib
0x000000011fccc000 	/Library/Java/JavaVirtualMachines/jdk1.8.0_77.jdk/Contents/Home/jre/lib/libnet.dylib
0x000000011fd2b000 	/Library/Java/JavaVirtualMachines/jdk1.8.0_77.jdk/Contents/Home/jre/lib/libprism_es2.dylib
0x0000000000246000 	/System/Library/Frameworks/OpenGL.framework/Versions/A/Resources/GLEngine.bundle/GLEngine
0x0000000000246000 	/System/Library/Frameworks/OpenGL.framework/Versions/A/Libraries/libGLProgrammability.dylib
0x000000011fdad000 	/System/Library/Extensions/AppleIntelHD4000GraphicsGLDriver.bundle/Contents/MacOS/AppleIntelHD4000GraphicsGLDriver
0x0000000000246000 	/System/Library/PrivateFrameworks/GPUSupport.framework/Versions/A/Libraries/libGPUSupportMercury.dylib
0x0000000000246000 	/System/Library/Frameworks/OpenGL.framework/Versions/A/Resources/GLRendererFloat.bundle/GLRendererFloat
0x0000000000246000 	/System/Library/Frameworks/OpenCL.framework/Versions/A/Libraries/libcldcpuengine.dylib
0x0000000000246000 	/System/Library/PrivateFrameworks/DiskImages.framework/Versions/A/DiskImages
0x0000000000246000 	/System/Library/Frameworks/DiscRecording.framework/Versions/A/DiscRecording
0x0000000000246000 	/usr/lib/libcsfde.dylib
0x0000000000246000 	/usr/lib/libcurl.4.dylib
0x0000000000246000 	/System/Library/PrivateFrameworks/MediaKit.framework/Versions/A/MediaKit
0x0000000000246000 	/System/Library/PrivateFrameworks/ProtectedCloudStorage.framework/Versions/A/ProtectedCloudStorage
0x0000000000246000 	/usr/lib/libCoreStorage.dylib
0x0000000000246000 	/System/Library/PrivateFrameworks/EFILogin.framework/Versions/A/EFILogin
0x0000000000246000 	/usr/lib/libutil.dylib
0x0000000000246000 	/System/Library/PrivateFrameworks/FindMyDevice.framework/Versions/A/FindMyDevice
0x0000000000246000 	/System/Library/Frameworks/LDAP.framework/Versions/A/LDAP
0x0000000000246000 	/usr/lib/libsasl2.2.dylib
0x0000000000246000 	/System/Library/PrivateFrameworks/CoreDaemon.framework/Versions/B/CoreDaemon
0x0000000000246000 	/usr/lib/libcrypto.0.9.8.dylib
0x0000000000246000 	/System/Library/PrivateFrameworks/AppleSRP.framework/Versions/A/AppleSRP
0x0000000000246000 	/System/Library/PrivateFrameworks/TrustEvaluationAgent.framework/Versions/A/TrustEvaluationAgent
0x00000001208a6000 	/Library/Java/JavaVirtualMachines/jdk1.8.0_77.jdk/Contents/Home/jre/lib/libglass.dylib
0x0000000000246000 	/System/Library/PrivateFrameworks/CoreServicesInternal.framework/Versions/A/CoreServicesInternal
0x0000000000246000 	/System/Library/CoreServices/RawCamera.bundle/Contents/MacOS/RawCamera
0x0000000000246000 	/System/Library/Frameworks/CoreGraphics.framework/Versions/A/Resources/libRIP.A.dylib
0x0000000000246000 	/System/Library/Frameworks/Accelerate.framework/Versions/A/Frameworks/vImage.framework/Versions/A/Libraries/libCGInterfaces.dylib
0x0000000000246000 	/System/Library/PrivateFrameworks/FamilyControls.framework/Versions/A/FamilyControls
0x0000000000246000 	/System/Library/PrivateFrameworks/CommerceKit.framework/Versions/A/Frameworks/CommerceCore.framework/Versions/A/CommerceCore
0x0000000000246000 	/System/Library/PrivateFrameworks/SystemAdministration.framework/Versions/A/SystemAdministration
0x0000000000246000 	/System/Library/PrivateFrameworks/AppContainer.framework/Versions/A/AppContainer
0x0000000000246000 	/System/Library/PrivateFrameworks/SecCodeWrapper.framework/Versions/A/SecCodeWrapper
0x0000000000246000 	/System/Library/Frameworks/DirectoryService.framework/Versions/A/DirectoryService
0x0000000000246000 	/System/Library/PrivateFrameworks/LoginUIKit.framework/Versions/A/Frameworks/LoginUICore.framework/Versions/A/LoginUICore
0x0000000000246000 	/usr/lib/libodfde.dylib
0x0000000000246000 	/System/Library/Frameworks/CoreGraphics.framework/Versions/A/Resources/libCGXType.A.dylib
0x00000001249b2000 	cl_kernels
0x0000000000246000 	/System/Library/Frameworks/OpenCL.framework/Versions/A/Libraries/ImageFormats/unorm8_bgra.dylib
0x0000000000246000 	/System/Library/Frameworks/OpenCL.framework/Versions/A/Libraries/ImageFormats/unorm8_rgba.dylib
0x0000000124f0a000 	/Library/Java/JavaVirtualMachines/jdk1.8.0_77.jdk/Contents/Home/jre/lib/libjavafx_font.dylib
0x0000000124f62000 	/Library/Java/JavaVirtualMachines/jdk1.8.0_77.jdk/Contents/Home/jre/lib/libglib-lite.dylib
0x0000000125083000 	/Library/Java/JavaVirtualMachines/jdk1.8.0_77.jdk/Contents/Home/jre/lib/libgstreamer-lite.dylib
0x00000001251fb000 	/Library/Java/JavaVirtualMachines/jdk1.8.0_77.jdk/Contents/Home/jre/lib/libjfxmedia.dylib
0x0000000125236000 	/Library/Java/JavaVirtualMachines/jdk1.8.0_77.jdk/Contents/Home/jre/lib/libjfxmedia_avf.dylib
0x0000000000246000 	/System/Library/Frameworks/AVFoundation.framework/Versions/A/AVFoundation
0x0000000000246000 	/System/Library/Frameworks/CoreMedia.framework/Versions/A/CoreMedia
0x0000000000246000 	/System/Library/Frameworks/MediaToolbox.framework/Versions/A/MediaToolbox
0x0000000000246000 	/System/Library/Frameworks/AVFoundation.framework/Versions/A/Resources/libAVFAudio.dylib
0x0000000000246000 	/System/Library/Frameworks/VideoToolbox.framework/Versions/A/VideoToolbox
0x0000000000246000 	/System/Library/Frameworks/CoreMediaIO.framework/Versions/A/CoreMediaIO
0x0000000000246000 	/usr/lib/libspindump.dylib
0x0000000000246000 	/System/Library/PrivateFrameworks/CoreAVCHD.framework/Versions/A/CoreAVCHD
0x0000000000246000 	/System/Library/Frameworks/MediaAccessibility.framework/Versions/A/MediaAccessibility
0x0000000000246000 	/System/Library/PrivateFrameworks/Mangrove.framework/Versions/A/Mangrove
0x0000000000246000 	/System/Library/PrivateFrameworks/CoreAUC.framework/Versions/A/CoreAUC
0x0000000000246000 	/System/Library/PrivateFrameworks/AppleVA.framework/Versions/A/AppleVA
0x0000000000246000 	/System/Library/PrivateFrameworks/XPCService.framework/Versions/A/XPCService
0x0000000000246000 	/System/Library/PrivateFrameworks/AppSandbox.framework/Versions/A/AppSandbox
0x0000000000246000 	/usr/lib/libsandbox.1.dylib
0x0000000000246000 	/usr/lib/libMatch.1.dylib
0x000000012526b000 	/Library/Java/JavaVirtualMachines/jdk1.8.0_77.jdk/Contents/Home/jre/lib/libjfxmedia_qtkit.dylib
0x0000000000246000 	/System/Library/Frameworks/QTKit.framework/Versions/A/QTKit
0x0000000000246000 	/System/Library/PrivateFrameworks/CoreMediaAuthoring.framework/Versions/A/CoreMediaAuthoring
0x0000000125278000 	/Library/Java/JavaVirtualMachines/jdk1.8.0_77.jdk/Contents/Home/jre/lib/libfxplugins.dylib
0x00000001252a3000 	/System/Library/Frameworks/VideoDecodeAcceleration.framework/Versions/A/VideoDecodeAcceleration
0x00000001252aa000 	/Library/Java/JavaVirtualMachines/jdk1.8.0_77.jdk/Contents/Home/jre/lib/libnio.dylib
0x00000001252ba000 	/System/Library/Extensions/AppleHDA.kext/Contents/PlugIns/AppleHDAHALPlugIn.bundle/Contents/MacOS/AppleHDAHALPlugIn
0x00000001252ee000 	/System/Library/Components/CoreAudio.component/Contents/MacOS/CoreAudio
0x0000000000246000 	/System/Library/PrivateFrameworks/AppleGVA.framework/Versions/A/AppleGVA
0x0000000125677000 	/System/Library/Extensions/AppleIntelHD4000GraphicsVADriver.bundle/Contents/MacOS/AppleIntelHD4000GraphicsVADriver
0x0000000125883000 	/System/Library/Extensions/AppleIntelIVBVA.bundle/Contents/MacOS/AppleIntelIVBVA
0x000000012588c000 	/System/Library/Components/AudioCodecs.component/Contents/MacOS/AudioCodecs
0x000000012af74000 	/Library/Java/JavaVirtualMachines/jdk1.8.0_77.jdk/Contents/Home/jre/lib/libprism_common.dylib
0x000000012c979000 	/System/Library/Extensions/AppleIntelHD4000GraphicsMTLDriver.bundle/Contents/MacOS/AppleIntelHD4000GraphicsMTLDriver
0x0000000129626000 	/Library/Java/JavaVirtualMachines/jdk1.8.0_77.jdk/Contents/Home/jre/lib/libjavafx_iio.dylib

VM Arguments:
jvm_args: -Didea.launcher.port=7540 -Didea.launcher.bin.path=/Applications/IntelliJ IDEA CE.app/Contents/bin -Dfile.encoding=UTF-8 
java_command: com.intellij.rt.execution.application.AppMain Launcher
java_class_path (initial): /Library/Java/JavaVirtualMachines/jdk1.8.0_77.jdk/Contents/Home/jre/lib/charsets.jar:/Library/Java/JavaVirtualMachines/jdk1.8.0_77.jdk/Contents/Home/jre/lib/deploy.jar:/Library/Java/JavaVirtualMachines/jdk1.8.0_77.jdk/Contents/Home/jre/lib/ext/cldrdata.jar:/Library/Java/JavaVirtualMachines/jdk1.8.0_77.jdk/Contents/Home/jre/lib/ext/dnsns.jar:/Library/Java/JavaVirtualMachines/jdk1.8.0_77.jdk/Contents/Home/jre/lib/ext/jaccess.jar:/Library/Java/JavaVirtualMachines/jdk1.8.0_77.jdk/Contents/Home/jre/lib/ext/jfxrt.jar:/Library/Java/JavaVirtualMachines/jdk1.8.0_77.jdk/Contents/Home/jre/lib/ext/localedata.jar:/Library/Java/JavaVirtualMachines/jdk1.8.0_77.jdk/Contents/Home/jre/lib/ext/nashorn.jar:/Library/Java/JavaVirtualMachines/jdk1.8.0_77.jdk/Contents/Home/jre/lib/ext/sunec.jar:/Library/Java/JavaVirtualMachines/jdk1.8.0_77.jdk/Contents/Home/jre/lib/ext/sunjce_provider.jar:/Library/Java/JavaVirtualMachines/jdk1.8.0_77.jdk/Contents/Home/jre/lib/ext/sunpkcs11.jar:/Library/Java/JavaVirtualMachines/jdk1.8.0_77.jdk/Contents/Home/jre/lib/ext/zipfs.jar:/Library/Java/JavaVirtualMachines/jdk1.8.0_77.jdk/Contents/Home/jre/lib/javaws.jar:/Library/Java/JavaVirtualMachines/jdk1.8.0_77.jdk/Contents/Home/jre/lib/jce.jar:/Library/Java/JavaVirtualMachines/jdk1.8.0_77.jdk/Contents/Home/jre/lib/jfr.jar:/Library/Java/JavaVirtualMachines/jdk1.8.0_77.jdk/Contents/Home/jre/lib/jfxswt.jar:/Library/Java/JavaVirtualMachines/jdk1.8.0_77.jdk/Contents/Home/jre/lib/jsse.jar:/Library/Java/JavaVirtualMachines/jdk1.8.0_77.jdk/Contents/Home/jre/lib/management-agent.jar:/Library/Java/JavaVirtualMachines/jdk1.8.0_77.jdk/Contents/Home/jre/lib/plugin.jar:/Library/Java/JavaVirtualMachines/jdk1.8.0_77.jdk/Contents/Home/jre/lib/resources.jar:/Library/Java/JavaVirtualMachines/jdk1.8.0_77.jdk/Contents/Home/jre/lib/rt.jar:/Library/Java/JavaVirtualMachines/jdk1.8.0_77.jdk/Contents/Home/lib/ant-javafx.jar:/Library/Java/JavaVirtualMachines/jdk1.8.0_77.jdk/Contents/Home/lib/dt.jar:/Library/Ja
Launcher Type: SUN_STANDARD

Environment Variables:
PATH=/usr/local/bin:/usr/bin:/bin:/usr/sbin:/sbin
SHELL=/bin/zsh

Signal Handlers:
SIGSEGV: [libjvm.dylib+0x5a6855], sa_mask[0]=11111111011111110111111111111111, sa_flags=SA_ONSTACK|SA_RESTART|SA_SIGINFO
SIGBUS: [libjvm.dylib+0x5a6855], sa_mask[0]=11111111011111110111111111111111, sa_flags=SA_RESTART|SA_SIGINFO
SIGFPE: [libjvm.dylib+0x4804ec], sa_mask[0]=11111111011111110111111111111111, sa_flags=SA_RESTART|SA_SIGINFO
SIGPIPE: [libjvm.dylib+0x4804ec], sa_mask[0]=11111111011111110111111111111111, sa_flags=SA_RESTART|SA_SIGINFO
SIGXFSZ: [libjvm.dylib+0x4804ec], sa_mask[0]=11111111011111110111111111111111, sa_flags=SA_RESTART|SA_SIGINFO
SIGILL: [libjvm.dylib+0x4804ec], sa_mask[0]=11111111011111110111111111111111, sa_flags=SA_RESTART|SA_SIGINFO
SIGUSR1: SIG_DFL, sa_mask[0]=00000000000000000000000000000000, sa_flags=none
SIGUSR2: [libjvm.dylib+0x48000a], sa_mask[0]=00100000000000000000000000000000, sa_flags=SA_RESTART|SA_SIGINFO
SIGHUP: [AudioToolbox+0xedc42], sa_mask[0]=00000000000000000000000000000000, sa_flags=SA_RESTART
SIGINT: [libjvm.dylib+0x47e5e1], sa_mask[0]=11111111011111110111111111111111, sa_flags=SA_RESTART|SA_SIGINFO
SIGTERM: [libjvm.dylib+0x47e5e1], sa_mask[0]=11111111011111110111111111111111, sa_flags=SA_RESTART|SA_SIGINFO
SIGQUIT: [libjvm.dylib+0x47e5e1], sa_mask[0]=11111111011111110111111111111111, sa_flags=SA_RESTART|SA_SIGINFO


---------------  S Y S T E M  ---------------

OS:Bsduname:Darwin 15.4.0 Darwin Kernel Version 15.4.0: Fri Feb 26 22:08:05 PST 2016; root:xnu-3248.40.184~3/RELEASE_X86_64 x86_64
rlimit: STACK 8192k, CORE 0k, NPROC 709, NOFILE 10240, AS infinity
load average:6.02 2.77 2.52

CPU:total 4 (2 cores per cpu, 2 threads per core) family 6 model 58 stepping 9, cmov, cx8, fxsr, mmx, sse, sse2, sse3, ssse3, sse4.1, sse4.2, popcnt, avx, aes, clmul, erms, ht, tsc, tscinvbit, tscinv

Memory: 4k page, physical 8388608k(388868k free)

/proc/meminfo:


vm_info: Java HotSpot(TM) 64-Bit Server VM (25.77-b03) for bsd-amd64 JRE (1.8.0_77-b03), built on Mar 20 2016 22:14:03 by "java_re" with gcc 4.2.1 (Based on Apple Inc. build 5658) (LLVM build 2336.11.00)

time: Wed Apr 20 18:05:41 2016
elapsed time: 31 seconds (0d 0h 0m 31s)

