#
# A fatal error has been detected by the Java Runtime Environment:
#
#  SIGSEGV (0xb) at pc=0x00007fff9ffe108f, pid=6667, tid=103695
#
# JRE version: Java(TM) SE Runtime Environment (8.0_77-b03) (build 1.8.0_77-b03)
# Java VM: Java HotSpot(TM) 64-Bit Server VM (25.77-b03 mixed mode bsd-amd64 compressed oops)
# Problematic frame:
# C  [libvDSP.dylib+0xa108f]  vDSP_vflt32+0x21ef
#
# Failed to write core dump. Core dumps have been disabled. To enable core dumping, try "ulimit -c unlimited" before starting Java again
#
# If you would like to submit a bug report, please visit:
#   http://bugreport.java.com/bugreport/crash.jsp
#

---------------  T H R E A D  ---------------

Current thread is native thread

siginfo: si_signo: 11 (SIGSEGV), si_code: 1 (SEGV_MAPERR), si_addr: 0x0000000000000010

Registers:
RAX=0x0000000000000010, RBX=0x0000000000000001, RCX=0x0000000000000001, RDX=0x0000000000000000
RSP=0x0000700001b76510, RBP=0x0000700001b76520, RSI=0x0000000000000001, RDI=0x00007f9a922a5e00
R8 =0x0000000000001000, R9 =0x0000000000000010, R10=0x00007fffa2f1a400, R11=0x00007fff9ffe0f20
R12=0x0000000000001000, R13=0x00007f9a94319d70, R14=0x00007f9a922a5e00, R15=0x0000000000001000
RIP=0x00007fff9ffe108f, EFLAGS=0x0000000000010202, ERR=0x0000000000000006
  TRAPNO=0x000000000000000e

Top of Stack: (sp=0x0000700001b76510)
0x0000700001b76510:   0000000000000001 00007f9a922a5e00
0x0000700001b76520:   0000700001b76580 000000011f91e44d
0x0000700001b76530:   00007f9a9445fee0 0000000000001000
0x0000700001b76540:   00007f9a94319dc8 00007f9a922a5e00
0x0000700001b76550:   0000000001b765c0 0000000000000001
0x0000700001b76560:   00007f9a944609b0 00007f9a94461040
0x0000700001b76570:   0000700001b765b7 0000000000001000
0x0000700001b76580:   0000700001b765e0 000000011f928eb3
0x0000700001b76590:   00009fe000000000 0000700001b76a54
0x0000700001b765a0:   0000700001b76a54 00007f9a944608d0
0x0000700001b765b0:   0000000000001000 00007f9a944609b0
0x0000700001b765c0:   00007f9a94461040 0000700001b76a54
0x0000700001b765d0:   0000000000001000 00007f9a944608d0
0x0000700001b765e0:   0000700001b76620 000000011f928b8d
0x0000700001b765f0:   00007f9a944608d0 0000700001b76a54
0x0000700001b76600:   00007f9a944609b0 00007f9a94461040
0x0000700001b76610:   000000011f91f83c 0000000000001000
0x0000700001b76620:   0000700001b76680 000000011f928ab2
0x0000700001b76630:   8000000080000000 0000700001b76a54
0x0000700001b76640:   0000000000000000 0000000000000000
0x0000700001b76650:   0000000000000000 0000700001b76a54
0x0000700001b76660:   00007f9a944609b0 00007f9a94460c80
0x0000700001b76670:   00007f9a94461820 0000000000001000
0x0000700001b76680:   0000700001b766d0 000000011f923369
0x0000700001b76690:   0000700001b766c0 0000700001b76a78
0x0000700001b766a0:   0000000037800000 0000000000009fe0
0x0000700001b766b0:   00007f9a94460c80 00000000ffffffce
0x0000700001b766c0:   0000000000001000 00007f9a944609b0
0x0000700001b766d0:   0000700001b76740 000000011f9219a1
0x0000700001b766e0:   00007f9a94461820 00009fe09c49c07b
0x0000700001b766f0:   0000700001b76a54 0000700001b76a78
0x0000700001b76700:   0000000047800000 00007f9a94461820 

Instructions: (pc=0x00007fff9ffe108f)
0x00007fff9ffe106f:   83 f8 01 4d 8d 40 ff 75 d8 49 83 f8 02 72 22 4c
0x00007fff9ffe107f:   89 c8 48 83 e0 1f 74 19 c5 fb 10 07 c5 f8 5a c0
0x00007fff9ffe108f:   c4 c1 79 29 01 48 83 c7 08 49 83 c1 10 49 83 c0
0x00007fff9ffe109f:   fe 49 83 f8 18 0f 82 97 00 00 00 49 8d 48 e8 48 

Register to memory mapping:

RAX=0x0000000000000010 is an unknown value
RBX=0x0000000000000001 is an unknown value
RCX=0x0000000000000001 is an unknown value
RDX=0x0000000000000000 is an unknown value
RSP=0x0000700001b76510 is an unknown value
RBP=0x0000700001b76520 is an unknown value
RSI=0x0000000000000001 is an unknown value
RDI=0x00007f9a922a5e00 is an unknown value
R8 =0x0000000000001000 is an unknown value
R9 =0x0000000000000010 is an unknown value
R10=0x00007fffa2f1a400: CocoaVersionNumber+0x5d62408 in /System/Library/Frameworks/Cocoa.framework/Versions/A/Cocoa at 0x00007fff9d1b7000
R11=0x00007fff9ffe0f20: vDSP_vflt32+0x2080 in /System/Library/Frameworks/Accelerate.framework/Versions/A/Frameworks/vecLib.framework/Versions/A/libvDSP.dylib at 0x00007fff9ff40000
R12=0x0000000000001000 is an unknown value
R13=0x00007f9a94319d70 is an unknown value
R14=0x00007f9a922a5e00 is an unknown value
R15=0x0000000000001000 is an unknown value


Stack: [0x0000700001af7000,0x0000700001b77000],  sp=0x0000700001b76510,  free space=509k
Native frames: (J=compiled Java code, j=interpreted, Vv=VM code, C=native code)
C  [libvDSP.dylib+0xa108f]  vDSP_vflt32+0x21ef
C  [libjfxmedia_avf.dylib+0x644d]  AVFAudioEqualizer::RunFilter(float const*, float*, unsigned int, unsigned int)+0xd3
C  [libjfxmedia_avf.dylib+0x10eb3]  void AUEffectBase::ProcessBufferListsT<float>(unsigned int&, AudioBufferList const&, AudioBufferList&, unsigned int)+0x121
C  [libjfxmedia_avf.dylib+0x10b8d]  AUEffectBase::ProcessBufferLists(unsigned int&, AudioBufferList const&, AudioBufferList&, unsigned int)+0x7f
C  [libjfxmedia_avf.dylib+0x10ab2]  AUEffectBase::Render(unsigned int&, AudioTimeStamp const&, unsigned int)+0x240
C  [libjfxmedia_avf.dylib+0xb369]  AUBase::DoRenderBus(unsigned int&, AudioTimeStamp const&, unsigned int, AUOutputElement*, unsigned int, AudioBufferList&)+0xa9
C  [libjfxmedia_avf.dylib+0x99a1]  AUBase::DoRender(unsigned int&, AudioTimeStamp const&, unsigned int, unsigned int, AudioBufferList&)+0x1b9
C  [libjfxmedia_avf.dylib+0xd996]  AUMethodRender(void*, unsigned int*, AudioTimeStamp const*, unsigned int, unsigned int, AudioBufferList*)+0x2e
C  [libjfxmedia_avf.dylib+0xc777]  AUInputElement::PullInput(unsigned int&, AudioTimeStamp const&, unsigned int, unsigned int)+0x8d
C  [libjfxmedia_avf.dylib+0x108f0]  AUEffectBase::Render(unsigned int&, AudioTimeStamp const&, unsigned int)+0x7e
C  [libjfxmedia_avf.dylib+0xb369]  AUBase::DoRenderBus(unsigned int&, AudioTimeStamp const&, unsigned int, AUOutputElement*, unsigned int, AudioBufferList&)+0xa9
C  [libjfxmedia_avf.dylib+0x99a1]  AUBase::DoRender(unsigned int&, AudioTimeStamp const&, unsigned int, unsigned int, AudioBufferList&)+0x1b9
C  [libjfxmedia_avf.dylib+0xd996]  AUMethodRender(void*, unsigned int*, AudioTimeStamp const*, unsigned int, unsigned int, AudioBufferList*)+0x2e
C  [libjfxmedia_avf.dylib+0xc777]  AUInputElement::PullInput(unsigned int&, AudioTimeStamp const&, unsigned int, unsigned int)+0x8d
C  [libjfxmedia_avf.dylib+0x108f0]  AUEffectBase::Render(unsigned int&, AudioTimeStamp const&, unsigned int)+0x7e
C  [libjfxmedia_avf.dylib+0xb369]  AUBase::DoRenderBus(unsigned int&, AudioTimeStamp const&, unsigned int, AUOutputElement*, unsigned int, AudioBufferList&)+0xa9
C  [libjfxmedia_avf.dylib+0x99a1]  AUBase::DoRender(unsigned int&, AudioTimeStamp const&, unsigned int, unsigned int, AudioBufferList&)+0x1b9
C  [libjfxmedia_avf.dylib+0xd996]  AUMethodRender(void*, unsigned int*, AudioTimeStamp const*, unsigned int, unsigned int, AudioBufferList*)+0x2e
C  [libjfxmedia_avf.dylib+0x54b1]  ProcessAudioTap(void const*, long, unsigned int, AudioBufferList*, long*, unsigned int*)+0x63
C  [MediaToolbox+0x35f1e7]  MTAudioProcessingTapGetSourceAudio+0x103d
C  [AudioToolbox+0xc45e8]  AQClientCallProcessingTap(void*, unsigned int, AudioTimeStamp*, unsigned int*, unsigned int*, AudioBufferList*, int, double, unsigned int, double, unsigned int, unsigned char const*, unsigned int)+0x5d
C  [AudioToolbox+0x117a3c]  AQProcessingTap::DoCallout(unsigned int&, AudioTimeStamp&, unsigned int&, AudioBufferList&)+0xc2
C  [AudioToolbox+0x117847]  AudioQueueObject::PerformTapInternal(AudioTimeStamp&, unsigned int&, unsigned int&)+0x81
C  [AudioToolbox+0x117748]  AudioQueueObject::PerformProcessingTap(int (*)(void*, unsigned int&, AudioTimeStamp const&, unsigned int, AudioBufferList&, double&, unsigned int&), void*, AudioTimeStamp&, unsigned int&, AudioBufferList&, unsigned int&)+0xcc
C  [AudioToolbox+0x1247f3]  MEMixerChannel::TapDownstream(void*, unsigned int*, AudioTimeStamp const*, unsigned int, unsigned int, AudioBufferList*)+0x81
C  [CoreAudio+0x8d73]  AUInputElement::PullInput(unsigned int&, AudioTimeStamp const&, unsigned int, unsigned int)+0xb5
C  [CoreAudio+0x732cf]  AUDeferredRenderer::Produce()+0x211
C  [CoreAudio+0x73035]  AUDeferredRenderer::ProducerThreadProc()+0x31
C  [CoreAudio+0x735b7]  AUDeferredRenderer::ProducerThreadProc(void*)+0x1f
C  [CoreAudio+0x72360]  CAPThread::Entry(CAPThread*)+0x50
C  [libsystem_pthread.dylib+0x399d]  _pthread_body+0x83
C  [libsystem_pthread.dylib+0x391a]  _pthread_body+0x0
C  [libsystem_pthread.dylib+0x1351]  thread_start+0xd


---------------  P R O C E S S  ---------------

VM state:not at safepoint (normal execution)

VM Mutex/Monitor currently owned by a thread: None

Heap:
 PSYoungGen      total 379904K, used 320062K [0x0000000795580000, 0x00000007ac980000, 0x00000007c0000000)
  eden space 378880K, 84% used [0x0000000795580000,0x00000007a8dffb50,0x00000007ac780000)
  from space 1024K, 6% used [0x00000007ac880000,0x00000007ac890000,0x00000007ac980000)
  to   space 1024K, 0% used [0x00000007ac780000,0x00000007ac780000,0x00000007ac880000)
 ParOldGen       total 51712K, used 36283K [0x0000000740000000, 0x0000000743280000, 0x0000000795580000)
  object space 51712K, 70% used [0x0000000740000000,0x000000074236ed90,0x0000000743280000)
 Metaspace       used 22492K, capacity 23410K, committed 23680K, reserved 1069056K
  class space    used 2899K, capacity 3135K, committed 3200K, reserved 1048576K

Card table byte_map: [0x00000001133c0000,0x00000001137c1000] byte_map_base: 0x000000010f9c0000

Marking Bits: (ParMarkBitMap*) 0x0000000103031ea0
 Begin Bits: [0x0000000113a6c000, 0x0000000115a6c000)
 End Bits:   [0x0000000115a6c000, 0x0000000117a6c000)

Polling page: 0x0000000103724000

CodeCache: size=245760Kb used=9773Kb max_used=9912Kb free=235986Kb
 bounds [0x0000000104000000, 0x00000001049d0000, 0x0000000113000000]
 total_blobs=3783 nmethods=3036 adapters=660
 compilation: enabled

Compilation events (10 events):
Event: 309.820 Thread 0x00007f9a92063800 3585       3       java.lang.Integer::equals (29 bytes)
Event: 309.820 Thread 0x00007f9a92063800 nmethod 3585 0x0000000104488150 code [0x00000001044882c0, 0x0000000104488730]
Event: 309.852 Thread 0x00007f9a92061000 3586       4       javafx.scene.Scene$MouseHandler::updateCursor (36 bytes)
Event: 309.853 Thread 0x00007f9a92061000 nmethod 3586 0x000000010484a210 code [0x000000010484a360, 0x000000010484a3f8]
Event: 309.950 Thread 0x00007f9a92062800 3587       4       jdk.internal.org.objectweb.asm.ByteVector::put12 (64 bytes)
Event: 309.951 Thread 0x00007f9a92063800 3588       3       java.lang.invoke.MemberName::<init> (47 bytes)
Event: 309.952 Thread 0x00007f9a92063800 nmethod 3588 0x00000001042b7610 code [0x00000001042b77c0, 0x00000001042b7b98]
Event: 309.955 Thread 0x00007f9a92062800 nmethod 3587 0x00000001045fbf10 code [0x00000001045fc060, 0x00000001045fc338]
Event: 309.971 Thread 0x00007f9a92063800 3589       1       java.util.concurrent.atomic.AtomicInteger::getAndIncrement (12 bytes)
Event: 309.971 Thread 0x00007f9a92063800 nmethod 3589 0x00000001042f8810 code [0x00000001042f8960, 0x00000001042f8a70]

GC Heap History (10 events):
Event: 292.619 GC heap before
{Heap before GC invocations=63 (full 1):
 PSYoungGen      total 278016K, used 276576K [0x0000000795580000, 0x00000007a7300000, 0x00000007c0000000)
  eden space 276480K, 100% used [0x0000000795580000,0x00000007a6380000,0x00000007a6380000)
  from space 1536K, 6% used [0x00000007a7000000,0x00000007a7018000,0x00000007a7180000)
  to   space 1536K, 0% used [0x00000007a7180000,0x00000007a7180000,0x00000007a7300000)
 ParOldGen       total 51712K, used 36251K [0x0000000740000000, 0x0000000743280000, 0x0000000795580000)
  object space 51712K, 70% used [0x0000000740000000,0x0000000742366d90,0x0000000743280000)
 Metaspace       used 22478K, capacity 23386K, committed 23680K, reserved 1069056K
  class space    used 2894K, capacity 3129K, committed 3200K, reserved 1048576K
Event: 292.620 GC heap after
Heap after GC invocations=63 (full 1):
 PSYoungGen      total 264704K, used 128K [0x0000000795580000, 0x00000007a7200000, 0x00000007c0000000)
  eden space 264192K, 0% used [0x0000000795580000,0x0000000795580000,0x00000007a5780000)
  from space 512K, 25% used [0x00000007a7180000,0x00000007a71a0000,0x00000007a7200000)
  to   space 1536K, 0% used [0x00000007a6f00000,0x00000007a6f00000,0x00000007a7080000)
 ParOldGen       total 51712K, used 36251K [0x0000000740000000, 0x0000000743280000, 0x0000000795580000)
  object space 51712K, 70% used [0x0000000740000000,0x0000000742366d90,0x0000000743280000)
 Metaspace       used 22478K, capacity 23386K, committed 23680K, reserved 1069056K
  class space    used 2894K, capacity 3129K, committed 3200K, reserved 1048576K
}
Event: 292.645 GC heap before
{Heap before GC invocations=64 (full 1):
 PSYoungGen      total 264704K, used 264320K [0x0000000795580000, 0x00000007a7200000, 0x00000007c0000000)
  eden space 264192K, 100% used [0x0000000795580000,0x00000007a5780000,0x00000007a5780000)
  from space 512K, 25% used [0x00000007a7180000,0x00000007a71a0000,0x00000007a7200000)
  to   space 1536K, 0% used [0x00000007a6f00000,0x00000007a6f00000,0x00000007a7080000)
 ParOldGen       total 51712K, used 36251K [0x0000000740000000, 0x0000000743280000, 0x0000000795580000)
  object space 51712K, 70% used [0x0000000740000000,0x0000000742366d90,0x0000000743280000)
 Metaspace       used 22478K, capacity 23386K, committed 23680K, reserved 1069056K
  class space    used 2894K, capacity 3129K, committed 3200K, reserved 1048576K
Event: 292.647 GC heap after
Heap after GC invocations=64 (full 1):
 PSYoungGen      total 289792K, used 64K [0x0000000795580000, 0x00000007a8e00000, 0x00000007c0000000)
  eden space 288256K, 0% used [0x0000000795580000,0x0000000795580000,0x00000007a6f00000)
  from space 1536K, 4% used [0x00000007a6f00000,0x00000007a6f10000,0x00000007a7080000)
  to   space 1536K, 0% used [0x00000007a8c80000,0x00000007a8c80000,0x00000007a8e00000)
 ParOldGen       total 51712K, used 36275K [0x0000000740000000, 0x0000000743280000, 0x0000000795580000)
  object space 51712K, 70% used [0x0000000740000000,0x000000074236cd90,0x0000000743280000)
 Metaspace       used 22478K, capacity 23386K, committed 23680K, reserved 1069056K
  class space    used 2894K, capacity 3129K, committed 3200K, reserved 1048576K
}
Event: 298.808 GC heap before
{Heap before GC invocations=65 (full 1):
 PSYoungGen      total 289792K, used 288320K [0x0000000795580000, 0x00000007a8e00000, 0x00000007c0000000)
  eden space 288256K, 100% used [0x0000000795580000,0x00000007a6f00000,0x00000007a6f00000)
  from space 1536K, 4% used [0x00000007a6f00000,0x00000007a6f10000,0x00000007a7080000)
  to   space 1536K, 0% used [0x00000007a8c80000,0x00000007a8c80000,0x00000007a8e00000)
 ParOldGen       total 51712K, used 36275K [0x0000000740000000, 0x0000000743280000, 0x0000000795580000)
  object space 51712K, 70% used [0x0000000740000000,0x000000074236cd90,0x0000000743280000)
 Metaspace       used 22478K, capacity 23386K, committed 23680K, reserved 1069056K
  class space    used 2894K, capacity 3129K, committed 3200K, reserved 1048576K
Event: 298.809 GC heap after
Heap after GC invocations=65 (full 1):
 PSYoungGen      total 318464K, used 128K [0x0000000795580000, 0x00000007aa980000, 0x00000007c0000000)
  eden space 316928K, 0% used [0x0000000795580000,0x0000000795580000,0x00000007a8b00000)
  from space 1536K, 8% used [0x00000007a8c80000,0x00000007a8ca0000,0x00000007a8e00000)
  to   space 1536K, 0% used [0x00000007a8b00000,0x00000007a8b00000,0x00000007a8c80000)
 ParOldGen       total 51712K, used 36275K [0x0000000740000000, 0x0000000743280000, 0x0000000795580000)
  object space 51712K, 70% used [0x0000000740000000,0x000000074236cd90,0x0000000743280000)
 Metaspace       used 22478K, capacity 23386K, committed 23680K, reserved 1069056K
  class space    used 2894K, capacity 3129K, committed 3200K, reserved 1048576K
}
Event: 302.635 GC heap before
{Heap before GC invocations=66 (full 1):
 PSYoungGen      total 318464K, used 317056K [0x0000000795580000, 0x00000007aa980000, 0x00000007c0000000)
  eden space 316928K, 100% used [0x0000000795580000,0x00000007a8b00000,0x00000007a8b00000)
  from space 1536K, 8% used [0x00000007a8c80000,0x00000007a8ca0000,0x00000007a8e00000)
  to   space 1536K, 0% used [0x00000007a8b00000,0x00000007a8b00000,0x00000007a8c80000)
 ParOldGen       total 51712K, used 36275K [0x0000000740000000, 0x0000000743280000, 0x0000000795580000)
  object space 51712K, 70% used [0x0000000740000000,0x000000074236cd90,0x0000000743280000)
 Metaspace       used 22478K, capacity 23386K, committed 23680K, reserved 1069056K
  class space    used 2894K, capacity 3129K, committed 3200K, reserved 1048576K
Event: 302.637 GC heap after
Heap after GC invocations=66 (full 1):
 PSYoungGen      total 318464K, used 96K [0x0000000795580000, 0x00000007ac980000, 0x00000007c0000000)
  eden space 316928K, 0% used [0x0000000795580000,0x0000000795580000,0x00000007a8b00000)
  from space 1536K, 6% used [0x00000007a8b00000,0x00000007a8b18000,0x00000007a8c80000)
  to   space 1024K, 0% used [0x00000007ac880000,0x00000007ac880000,0x00000007ac980000)
 ParOldGen       total 51712K, used 36275K [0x0000000740000000, 0x0000000743280000, 0x0000000795580000)
  object space 51712K, 70% used [0x0000000740000000,0x000000074236cd90,0x0000000743280000)
 Metaspace       used 22478K, capacity 23386K, committed 23680K, reserved 1069056K
  class space    used 2894K, capacity 3129K, committed 3200K, reserved 1048576K
}
Event: 302.744 GC heap before
{Heap before GC invocations=67 (full 1):
 PSYoungGen      total 318464K, used 317024K [0x0000000795580000, 0x00000007ac980000, 0x00000007c0000000)
  eden space 316928K, 100% used [0x0000000795580000,0x00000007a8b00000,0x00000007a8b00000)
  from space 1536K, 6% used [0x00000007a8b00000,0x00000007a8b18000,0x00000007a8c80000)
  to   space 1024K, 0% used [0x00000007ac880000,0x00000007ac880000,0x00000007ac980000)
 ParOldGen       total 51712K, used 36275K [0x0000000740000000, 0x0000000743280000, 0x0000000795580000)
  object space 51712K, 70% used [0x0000000740000000,0x000000074236cd90,0x0000000743280000)
 Metaspace       used 22478K, capacity 23386K, committed 23680K, reserved 1069056K
  class space    used 2894K, capacity 3129K, committed 3200K, reserved 1048576K
Event: 302.746 GC heap after
Heap after GC invocations=67 (full 1):
 PSYoungGen      total 379904K, used 64K [0x0000000795580000, 0x00000007ac980000, 0x00000007c0000000)
  eden space 378880K, 0% used [0x0000000795580000,0x0000000795580000,0x00000007ac780000)
  from space 1024K, 6% used [0x00000007ac880000,0x00000007ac890000,0x00000007ac980000)
  to   space 1024K, 0% used [0x00000007ac780000,0x00000007ac780000,0x00000007ac880000)
 ParOldGen       total 51712K, used 36283K [0x0000000740000000, 0x0000000743280000, 0x0000000795580000)
  object space 51712K, 70% used [0x0000000740000000,0x000000074236ed90,0x0000000743280000)
 Metaspace       used 22478K, capacity 23386K, committed 23680K, reserved 1069056K
  class space    used 2894K, capacity 3129K, committed 3200K, reserved 1048576K
}

Deoptimization events (10 events):
Event: 173.330 Thread 0x00007f9a93180000 Uncommon trap: reason=bimorphic action=maybe_recompile pc=0x00000001045f976c method=com.sun.javafx.geom.transform.Affine3D.concatenate(Lcom/sun/javafx/geom/transform/BaseTransform;)V @ 4
Event: 173.330 Thread 0x00007f9a93180000 Uncommon trap: reason=bimorphic action=maybe_recompile pc=0x00000001045f976c method=com.sun.javafx.geom.transform.Affine3D.concatenate(Lcom/sun/javafx/geom/transform/BaseTransform;)V @ 4
Event: 173.344 Thread 0x00007f9a93180000 Uncommon trap: reason=unstable_if action=reinterpret pc=0x0000000104668900 method=com.sun.prism.impl.BaseGraphics.validateTransformAndPaint()V @ 20
Event: 306.823 Thread 0x00007f9a92886800 Uncommon trap: reason=bimorphic action=maybe_recompile pc=0x00000001049455b4 method=com.sun.javafx.event.EventHandlerManager.dispatchCapturingEvent(Ljavafx/event/Event;)Ljavafx/event/Event; @ 1
Event: 309.956 Thread 0x00007f9a92886800 Uncommon trap: reason=unstable_if action=reinterpret pc=0x00000001044ec71c method=com.sun.javafx.application.PlatformImpl.checkIdle()V @ 40
Event: 309.968 Thread 0x00007f9a92886800 Uncommon trap: reason=unstable_if action=reinterpret pc=0x000000010466b8b8 method=com.sun.javafx.application.PlatformImpl.checkIdle()V @ 40
Event: 309.969 Thread 0x00007f9a92886800 Uncommon trap: reason=unstable_if action=reinterpret pc=0x000000010429f560 method=java.security.AccessControlContext.optimize()Ljava/security/AccessControlContext; @ 83
Event: 309.970 Thread 0x00007f9a92886800 Uncommon trap: reason=unstable_if action=reinterpret pc=0x0000000104501cd8 method=java.util.concurrent.CountDownLatch$Sync.tryReleaseShared(I)Z @ 6
Event: 309.971 Thread 0x00007f9a922eb000 Uncommon trap: reason=unstable_if action=reinterpret pc=0x000000010468aaf0 method=java.util.TaskQueue.isEmpty()Z @ 4
Event: 310.010 Thread 0x00007f9a93d8b000 Uncommon trap: reason=unstable_if action=reinterpret pc=0x00000001049899bc method=com.sun.javafx.application.PlatformImpl.runLater(Ljava/lang/Runnable;Z)V @ 57

Internal exceptions (10 events):
Event: 148.186 Thread 0x00007f9a92886800 Implicit null exception at 0x0000000104678ec6 to 0x0000000104679111
Event: 148.689 Thread 0x00007f9a92886800 Implicit null exception at 0x000000010467f000 to 0x000000010467f08d
Event: 148.703 Thread 0x00007f9a92886800 Implicit null exception at 0x000000010410f1b5 to 0x000000010410f239
Event: 150.111 Thread 0x00007f9a93180000 Implicit null exception at 0x00000001041a462c to 0x00000001041a46a9
Event: 159.242 Thread 0x00007f9a93180000 Implicit null exception at 0x0000000104574fba to 0x00000001045753e8
Event: 161.972 Thread 0x00007f9a92886800 Exception <a 'java/lang/NullPointerException'> (0x000000079614aac8) thrown at [/Users/java_re/workspace/8-2-build-macosx-x86_64/jdk8u77/6540/hotspot/src/share/vm/interpreter/linkResolver.cpp, line 1280]
Event: 162.192 Thread 0x00007f9a92886800 Implicit null exception at 0x000000010440b883 to 0x000000010440c065
Event: 162.194 Thread 0x00007f9a92886800 Implicit null exception at 0x0000000104361a6b to 0x0000000104361af1
Event: 162.446 Thread 0x00007f9a93180000 Implicit null exception at 0x0000000104655ea8 to 0x0000000104656185
Event: 162.496 Thread 0x00007f9a92886800 Implicit null exception at 0x000000010469af7d to 0x000000010469c04d

Events (10 events):
Event: 309.971 Executing VM operation: RevokeBias
Event: 309.971 Executing VM operation: RevokeBias done
Event: 309.971 Thread 0x00007f9a922eb000 Thread exited: 0x00007f9a922eb000
Event: 309.988 Thread 0x00007f9a98804000 Thread added: 0x00007f9a98804000
Event: 309.988 Thread 0x00007f9a98804000 Thread exited: 0x00007f9a98804000
Event: 310.010 Thread 0x00007f9a93d8b000 Uncommon trap: trap_request=0xffffff65 fr.pc=0x00000001049899bc
Event: 310.010 Thread 0x00007f9a93d8b000 DEOPT PACKING pc=0x00000001049899bc sp=0x0000700002abe7b0
Event: 310.010 Thread 0x00007f9a93d8b000 DEOPT UNPACKING pc=0x0000000104005229 sp=0x0000700002abe648 mode 2
Event: 310.022 Thread 0x00007f9a92581800 Thread added: 0x00007f9a92581800
Event: 310.022 Thread 0x00007f9a92581800 Thread exited: 0x00007f9a92581800


Dynamic libraries:
0x000000000b9f5000 	/System/Library/Frameworks/Cocoa.framework/Versions/A/Cocoa
0x000000000b9f5000 	/System/Library/Frameworks/Security.framework/Versions/A/Security
0x000000000b9f5000 	/System/Library/Frameworks/ApplicationServices.framework/Versions/A/ApplicationServices
0x000000000b9f5000 	/usr/lib/libz.1.dylib
0x000000000b9f5000 	/usr/lib/libSystem.B.dylib
0x000000000b9f5000 	/usr/lib/libobjc.A.dylib
0x000000000b9f5000 	/System/Library/Frameworks/CoreFoundation.framework/Versions/A/CoreFoundation
0x000000000b9f5000 	/System/Library/Frameworks/Foundation.framework/Versions/C/Foundation
0x000000000b9f5000 	/System/Library/Frameworks/AppKit.framework/Versions/C/AppKit
0x000000000b9f5000 	/System/Library/Frameworks/CoreData.framework/Versions/A/CoreData
0x000000000b9f5000 	/System/Library/PrivateFrameworks/RemoteViewServices.framework/Versions/A/RemoteViewServices
0x000000000b9f5000 	/System/Library/PrivateFrameworks/UIFoundation.framework/Versions/A/UIFoundation
0x000000000b9f5000 	/usr/lib/libScreenReader.dylib
0x000000000b9f5000 	/System/Library/Frameworks/Accelerate.framework/Versions/A/Accelerate
0x000000000b9f5000 	/System/Library/Frameworks/IOSurface.framework/Versions/A/IOSurface
0x000000000b9f5000 	/System/Library/Frameworks/AudioToolbox.framework/Versions/A/AudioToolbox
0x000000000b9f5000 	/System/Library/Frameworks/AudioUnit.framework/Versions/A/AudioUnit
0x000000000b9f5000 	/System/Library/PrivateFrameworks/DataDetectorsCore.framework/Versions/A/DataDetectorsCore
0x000000000b9f5000 	/System/Library/PrivateFrameworks/DesktopServicesPriv.framework/Versions/A/DesktopServicesPriv
0x000000000b9f5000 	/System/Library/Frameworks/Carbon.framework/Versions/A/Frameworks/HIToolbox.framework/Versions/A/HIToolbox
0x000000000b9f5000 	/System/Library/Frameworks/QuartzCore.framework/Versions/A/QuartzCore
0x000000000b9f5000 	/System/Library/Frameworks/Carbon.framework/Versions/A/Frameworks/SpeechRecognition.framework/Versions/A/SpeechRecognition
0x000000000b9f5000 	/usr/lib/libauto.dylib
0x000000000b9f5000 	/usr/lib/libicucore.A.dylib
0x000000000b9f5000 	/usr/lib/libxml2.2.dylib
0x000000000b9f5000 	/System/Library/PrivateFrameworks/CoreUI.framework/Versions/A/CoreUI
0x000000000b9f5000 	/System/Library/Frameworks/CoreAudio.framework/Versions/A/CoreAudio
0x000000000b9f5000 	/System/Library/Frameworks/DiskArbitration.framework/Versions/A/DiskArbitration
0x000000000b9f5000 	/usr/lib/liblangid.dylib
0x000000000b9f5000 	/System/Library/PrivateFrameworks/MultitouchSupport.framework/Versions/A/MultitouchSupport
0x000000000b9f5000 	/System/Library/Frameworks/IOKit.framework/Versions/A/IOKit
0x000000000b9f5000 	/usr/lib/libDiagnosticMessagesClient.dylib
0x000000000b9f5000 	/System/Library/Frameworks/CoreServices.framework/Versions/A/CoreServices
0x000000000b9f5000 	/System/Library/PrivateFrameworks/PerformanceAnalysis.framework/Versions/A/PerformanceAnalysis
0x000000000b9f5000 	/System/Library/PrivateFrameworks/GenerationalStorage.framework/Versions/A/GenerationalStorage
0x000000000b9f5000 	/System/Library/Frameworks/OpenGL.framework/Versions/A/OpenGL
0x000000000b9f5000 	/System/Library/PrivateFrameworks/Sharing.framework/Versions/A/Sharing
0x000000000b9f5000 	/System/Library/Frameworks/CoreGraphics.framework/Versions/A/CoreGraphics
0x000000000b9f5000 	/System/Library/Frameworks/CoreImage.framework/Versions/A/CoreImage
0x000000000b9f5000 	/System/Library/Frameworks/CoreText.framework/Versions/A/CoreText
0x000000000b9f5000 	/System/Library/Frameworks/ImageIO.framework/Versions/A/ImageIO
0x000000000b9f5000 	/System/Library/PrivateFrameworks/Backup.framework/Versions/A/Backup
0x000000000b9f5000 	/usr/lib/libextension.dylib
0x000000000b9f5000 	/usr/lib/libarchive.2.dylib
0x000000000b9f5000 	/System/Library/Frameworks/CFNetwork.framework/Versions/A/CFNetwork
0x000000000b9f5000 	/System/Library/Frameworks/SystemConfiguration.framework/Versions/A/SystemConfiguration
0x000000000b9f5000 	/usr/lib/libCRFSuite.dylib
0x000000000b9f5000 	/usr/lib/libc++.1.dylib
0x000000000b9f5000 	/usr/lib/libc++abi.dylib
0x000000000b9f5000 	/usr/lib/system/libcache.dylib
0x000000000b9f5000 	/usr/lib/system/libcommonCrypto.dylib
0x000000000b9f5000 	/usr/lib/system/libcompiler_rt.dylib
0x000000000b9f5000 	/usr/lib/system/libcopyfile.dylib
0x000000000b9f5000 	/usr/lib/system/libcorecrypto.dylib
0x000000000b9f5000 	/usr/lib/system/libdispatch.dylib
0x000000000b9f5000 	/usr/lib/system/libdyld.dylib
0x000000000b9f5000 	/usr/lib/system/libkeymgr.dylib
0x000000000b9f5000 	/usr/lib/system/liblaunch.dylib
0x000000000b9f5000 	/usr/lib/system/libmacho.dylib
0x000000000b9f5000 	/usr/lib/system/libquarantine.dylib
0x000000000b9f5000 	/usr/lib/system/libremovefile.dylib
0x000000000b9f5000 	/usr/lib/system/libsystem_asl.dylib
0x000000000b9f5000 	/usr/lib/system/libsystem_blocks.dylib
0x000000000b9f5000 	/usr/lib/system/libsystem_c.dylib
0x000000000b9f5000 	/usr/lib/system/libsystem_configuration.dylib
0x000000000b9f5000 	/usr/lib/system/libsystem_coreservices.dylib
0x000000000b9f5000 	/usr/lib/system/libsystem_coretls.dylib
0x000000000b9f5000 	/usr/lib/system/libsystem_dnssd.dylib
0x000000000b9f5000 	/usr/lib/system/libsystem_info.dylib
0x000000000b9f5000 	/usr/lib/system/libsystem_kernel.dylib
0x000000000b9f5000 	/usr/lib/system/libsystem_m.dylib
0x000000000b9f5000 	/usr/lib/system/libsystem_malloc.dylib
0x000000000b9f5000 	/usr/lib/system/libsystem_network.dylib
0x000000000b9f5000 	/usr/lib/system/libsystem_networkextension.dylib
0x000000000b9f5000 	/usr/lib/system/libsystem_notify.dylib
0x000000000b9f5000 	/usr/lib/system/libsystem_platform.dylib
0x000000000b9f5000 	/usr/lib/system/libsystem_pthread.dylib
0x000000000b9f5000 	/usr/lib/system/libsystem_sandbox.dylib
0x000000000b9f5000 	/usr/lib/system/libsystem_secinit.dylib
0x000000000b9f5000 	/usr/lib/system/libsystem_trace.dylib
0x000000000b9f5000 	/usr/lib/system/libunc.dylib
0x000000000b9f5000 	/usr/lib/system/libunwind.dylib
0x000000000b9f5000 	/usr/lib/system/libxpc.dylib
0x000000000b9f5000 	/usr/lib/libenergytrace.dylib
0x000000000b9f5000 	/usr/lib/libbsm.0.dylib
0x000000000b9f5000 	/usr/lib/system/libkxld.dylib
0x000000000b9f5000 	/usr/lib/libxar.1.dylib
0x000000000b9f5000 	/usr/lib/libsqlite3.dylib
0x000000000b9f5000 	/usr/lib/libpam.2.dylib
0x000000000b9f5000 	/usr/lib/libOpenScriptingUtil.dylib
0x000000000b9f5000 	/usr/lib/libbz2.1.0.dylib
0x000000000b9f5000 	/usr/lib/liblzma.5.dylib
0x000000000b9f5000 	/System/Library/Frameworks/CoreServices.framework/Versions/A/Frameworks/FSEvents.framework/Versions/A/FSEvents
0x000000000b9f5000 	/System/Library/Frameworks/CoreServices.framework/Versions/A/Frameworks/CarbonCore.framework/Versions/A/CarbonCore
0x000000000b9f5000 	/System/Library/Frameworks/CoreServices.framework/Versions/A/Frameworks/Metadata.framework/Versions/A/Metadata
0x000000000b9f5000 	/System/Library/Frameworks/CoreServices.framework/Versions/A/Frameworks/OSServices.framework/Versions/A/OSServices
0x000000000b9f5000 	/System/Library/Frameworks/CoreServices.framework/Versions/A/Frameworks/SearchKit.framework/Versions/A/SearchKit
0x000000000b9f5000 	/System/Library/Frameworks/CoreServices.framework/Versions/A/Frameworks/AE.framework/Versions/A/AE
0x000000000b9f5000 	/System/Library/Frameworks/CoreServices.framework/Versions/A/Frameworks/LaunchServices.framework/Versions/A/LaunchServices
0x000000000b9f5000 	/System/Library/Frameworks/CoreServices.framework/Versions/A/Frameworks/DictionaryServices.framework/Versions/A/DictionaryServices
0x000000000b9f5000 	/System/Library/Frameworks/CoreServices.framework/Versions/A/Frameworks/SharedFileList.framework/Versions/A/SharedFileList
0x000000000b9f5000 	/System/Library/Frameworks/NetFS.framework/Versions/A/NetFS
0x000000000b9f5000 	/System/Library/PrivateFrameworks/NetAuth.framework/Versions/A/NetAuth
0x000000000b9f5000 	/System/Library/PrivateFrameworks/login.framework/Versions/A/Frameworks/loginsupport.framework/Versions/A/loginsupport
0x000000000b9f5000 	/System/Library/PrivateFrameworks/TCC.framework/Versions/A/TCC
0x000000000b9f5000 	/usr/lib/libmecabra.dylib
0x000000000b9f5000 	/System/Library/Frameworks/ApplicationServices.framework/Versions/A/Frameworks/ATS.framework/Versions/A/ATS
0x000000000b9f5000 	/System/Library/Frameworks/ApplicationServices.framework/Versions/A/Frameworks/ColorSync.framework/Versions/A/ColorSync
0x000000000b9f5000 	/System/Library/Frameworks/ApplicationServices.framework/Versions/A/Frameworks/HIServices.framework/Versions/A/HIServices
0x000000000b9f5000 	/System/Library/Frameworks/ApplicationServices.framework/Versions/A/Frameworks/LangAnalysis.framework/Versions/A/LangAnalysis
0x000000000b9f5000 	/System/Library/Frameworks/ApplicationServices.framework/Versions/A/Frameworks/PrintCore.framework/Versions/A/PrintCore
0x000000000b9f5000 	/System/Library/Frameworks/ApplicationServices.framework/Versions/A/Frameworks/QD.framework/Versions/A/QD
0x000000000b9f5000 	/System/Library/Frameworks/ApplicationServices.framework/Versions/A/Frameworks/SpeechSynthesis.framework/Versions/A/SpeechSynthesis
0x000000000b9f5000 	/System/Library/Frameworks/Metal.framework/Versions/A/Metal
0x000000000b9f5000 	/System/Library/Frameworks/Accelerate.framework/Versions/A/Frameworks/vImage.framework/Versions/A/vImage
0x000000000b9f5000 	/System/Library/Frameworks/Accelerate.framework/Versions/A/Frameworks/vecLib.framework/Versions/A/vecLib
0x000000000b9f5000 	/System/Library/Frameworks/Accelerate.framework/Versions/A/Frameworks/vecLib.framework/Versions/A/libvDSP.dylib
0x000000000b9f5000 	/System/Library/Frameworks/Accelerate.framework/Versions/A/Frameworks/vecLib.framework/Versions/A/libvMisc.dylib
0x000000000b9f5000 	/System/Library/Frameworks/Accelerate.framework/Versions/A/Frameworks/vecLib.framework/Versions/A/libLAPACK.dylib
0x000000000b9f5000 	/System/Library/Frameworks/Accelerate.framework/Versions/A/Frameworks/vecLib.framework/Versions/A/libBLAS.dylib
0x000000000b9f5000 	/System/Library/Frameworks/Accelerate.framework/Versions/A/Frameworks/vecLib.framework/Versions/A/libLinearAlgebra.dylib
0x000000000b9f5000 	/System/Library/Frameworks/Accelerate.framework/Versions/A/Frameworks/vecLib.framework/Versions/A/libSparseBLAS.dylib
0x000000000b9f5000 	/System/Library/PrivateFrameworks/GPUCompiler.framework/libmetal_timestamp.dylib
0x000000000b9f5000 	/System/Library/Frameworks/OpenGL.framework/Versions/A/Libraries/libCoreFSCache.dylib
0x000000000b9f5000 	/System/Library/PrivateFrameworks/IOAccelerator.framework/Versions/A/IOAccelerator
0x000000000b9f5000 	/System/Library/Frameworks/ApplicationServices.framework/Versions/A/Frameworks/ATS.framework/Versions/A/Resources/libFontParser.dylib
0x000000000b9f5000 	/System/Library/Frameworks/ApplicationServices.framework/Versions/A/Frameworks/ATS.framework/Versions/A/Resources/libFontRegistry.dylib
0x000000000b9f5000 	/System/Library/PrivateFrameworks/AppleVPA.framework/Versions/A/AppleVPA
0x000000000b9f5000 	/System/Library/PrivateFrameworks/AppleJPEG.framework/Versions/A/AppleJPEG
0x000000000b9f5000 	/System/Library/Frameworks/ImageIO.framework/Versions/A/Resources/libJPEG.dylib
0x000000000b9f5000 	/System/Library/Frameworks/ImageIO.framework/Versions/A/Resources/libTIFF.dylib
0x000000000b9f5000 	/System/Library/Frameworks/ImageIO.framework/Versions/A/Resources/libPng.dylib
0x000000000b9f5000 	/System/Library/Frameworks/ImageIO.framework/Versions/A/Resources/libGIF.dylib
0x000000000b9f5000 	/System/Library/Frameworks/ImageIO.framework/Versions/A/Resources/libJP2.dylib
0x000000000b9f5000 	/System/Library/Frameworks/ImageIO.framework/Versions/A/Resources/libRadiance.dylib
0x000000000b9f5000 	/System/Library/Frameworks/CoreVideo.framework/Versions/A/CoreVideo
0x000000000b9f5000 	/System/Library/Frameworks/OpenGL.framework/Versions/A/Libraries/libGLU.dylib
0x000000000b9f5000 	/System/Library/Frameworks/OpenGL.framework/Versions/A/Libraries/libGFXShared.dylib
0x000000000b9f5000 	/System/Library/Frameworks/OpenGL.framework/Versions/A/Libraries/libGL.dylib
0x000000000b9f5000 	/System/Library/Frameworks/OpenGL.framework/Versions/A/Libraries/libGLImage.dylib
0x000000000b9f5000 	/System/Library/Frameworks/OpenGL.framework/Versions/A/Libraries/libCVMSPluginSupport.dylib
0x000000000b9f5000 	/System/Library/Frameworks/OpenGL.framework/Versions/A/Libraries/libCoreVMClient.dylib
0x000000000b9f5000 	/usr/lib/libcups.2.dylib
0x000000000b9f5000 	/System/Library/Frameworks/Kerberos.framework/Versions/A/Kerberos
0x000000000b9f5000 	/System/Library/Frameworks/GSS.framework/Versions/A/GSS
0x000000000b9f5000 	/usr/lib/libresolv.9.dylib
0x000000000b9f5000 	/usr/lib/libiconv.2.dylib
0x000000000b9f5000 	/System/Library/PrivateFrameworks/Heimdal.framework/Versions/A/Heimdal
0x000000000b9f5000 	/usr/lib/libheimdal-asn1.dylib
0x000000000b9f5000 	/System/Library/Frameworks/OpenDirectory.framework/Versions/A/OpenDirectory
0x000000000b9f5000 	/System/Library/PrivateFrameworks/CommonAuth.framework/Versions/A/CommonAuth
0x000000000b9f5000 	/System/Library/Frameworks/OpenDirectory.framework/Versions/A/Frameworks/CFOpenDirectory.framework/Versions/A/CFOpenDirectory
0x000000000b9f5000 	/System/Library/Frameworks/SecurityFoundation.framework/Versions/A/SecurityFoundation
0x000000000b9f5000 	/System/Library/PrivateFrameworks/LanguageModeling.framework/Versions/A/LanguageModeling
0x000000000b9f5000 	/usr/lib/libmarisa.dylib
0x000000000b9f5000 	/usr/lib/libChineseTokenizer.dylib
0x000000000b9f5000 	/usr/lib/libcmph.dylib
0x000000000b9f5000 	/usr/lib/libcompression.dylib
0x000000000b9f5000 	/System/Library/Frameworks/ServiceManagement.framework/Versions/A/ServiceManagement
0x000000000b9f5000 	/usr/lib/libxslt.1.dylib
0x000000000b9f5000 	/System/Library/Frameworks/Carbon.framework/Versions/A/Frameworks/Ink.framework/Versions/A/Ink
0x000000000b9f5000 	/usr/lib/libFosl_dynamic.dylib
0x000000000b9f5000 	/System/Library/PrivateFrameworks/FaceCore.framework/Versions/A/FaceCore
0x000000000b9f5000 	/System/Library/Frameworks/OpenCL.framework/Versions/A/OpenCL
0x000000000b9f5000 	/System/Library/PrivateFrameworks/CrashReporterSupport.framework/Versions/A/CrashReporterSupport
0x000000000b9f5000 	/System/Library/PrivateFrameworks/IconServices.framework/Versions/A/IconServices
0x000000000b9f5000 	/System/Library/PrivateFrameworks/Apple80211.framework/Versions/A/Apple80211
0x000000000b9f5000 	/System/Library/Frameworks/CoreWLAN.framework/Versions/A/CoreWLAN
0x000000000b9f5000 	/System/Library/Frameworks/IOBluetooth.framework/Versions/A/IOBluetooth
0x000000000b9f5000 	/System/Library/PrivateFrameworks/CoreWiFi.framework/Versions/A/CoreWiFi
0x000000000b9f5000 	/System/Library/Frameworks/CoreBluetooth.framework/Versions/A/CoreBluetooth
0x000000000b9f5000 	/System/Library/PrivateFrameworks/ChunkingLibrary.framework/Versions/A/ChunkingLibrary
0x000000000b9f5000 	/System/Library/PrivateFrameworks/DebugSymbols.framework/Versions/A/DebugSymbols
0x000000000b9f5000 	/System/Library/PrivateFrameworks/CoreSymbolication.framework/Versions/A/CoreSymbolication
0x000000000b9f5000 	/System/Library/PrivateFrameworks/Symbolication.framework/Versions/A/Symbolication
0x000000000b9f5000 	/System/Library/PrivateFrameworks/SpeechRecognitionCore.framework/Versions/A/SpeechRecognitionCore
0x000000010274e000 	/Library/Java/JavaVirtualMachines/jdk1.8.0_77.jdk/Contents/Home/jre/lib/server/libjvm.dylib
0x000000000b9f5000 	/usr/lib/libstdc++.6.dylib
0x00000001036e1000 	/Library/Java/JavaVirtualMachines/jdk1.8.0_77.jdk/Contents/Home/jre/lib/libverify.dylib
0x00000001036ef000 	/Library/Java/JavaVirtualMachines/jdk1.8.0_77.jdk/Contents/Home/jre/lib/libjava.dylib
0x000000010372e000 	/Library/Java/JavaVirtualMachines/jdk1.8.0_77.jdk/Contents/Home/jre/lib/libzip.dylib
0x00000001037e3000 	/System/Library/Frameworks/JavaVM.framework/Frameworks/JavaRuntimeSupport.framework/JavaRuntimeSupport
0x00000001198b7000 	/System/Library/Frameworks/JavaVM.framework/Versions/A/Frameworks/JavaNativeFoundation.framework/Versions/A/JavaNativeFoundation
0x00000001198cc000 	/System/Library/Frameworks/JavaVM.framework/Versions/A/JavaVM
0x000000000b9f5000 	/System/Library/Frameworks/Carbon.framework/Versions/A/Carbon
0x00000001198d9000 	/System/Library/PrivateFrameworks/JavaLaunching.framework/Versions/A/JavaLaunching
0x000000000b9f5000 	/System/Library/Frameworks/Carbon.framework/Versions/A/Frameworks/CommonPanels.framework/Versions/A/CommonPanels
0x000000000b9f5000 	/System/Library/Frameworks/Carbon.framework/Versions/A/Frameworks/Help.framework/Versions/A/Help
0x000000000b9f5000 	/System/Library/Frameworks/Carbon.framework/Versions/A/Frameworks/ImageCapture.framework/Versions/A/ImageCapture
0x000000000b9f5000 	/System/Library/Frameworks/Carbon.framework/Versions/A/Frameworks/OpenScripting.framework/Versions/A/OpenScripting
0x000000000b9f5000 	/System/Library/Frameworks/Carbon.framework/Versions/A/Frameworks/Print.framework/Versions/A/Print
0x000000000b9f5000 	/System/Library/Frameworks/Carbon.framework/Versions/A/Frameworks/SecurityHI.framework/Versions/A/SecurityHI
0x000000011b35c000 	/Applications/IntelliJ IDEA CE.app/Contents/bin/libbreakgen64.jnilib
0x000000011b35f000 	/Library/Java/JavaVirtualMachines/jdk1.8.0_77.jdk/Contents/Home/jre/lib/libnet.dylib
0x000000011b454000 	/Library/Java/JavaVirtualMachines/jdk1.8.0_77.jdk/Contents/Home/jre/lib/libprism_es2.dylib
0x000000000b9f5000 	/System/Library/Frameworks/OpenGL.framework/Versions/A/Resources/GLEngine.bundle/GLEngine
0x000000000b9f5000 	/System/Library/Frameworks/OpenGL.framework/Versions/A/Libraries/libGLProgrammability.dylib
0x000000011b4d6000 	/System/Library/Extensions/AppleIntelHD4000GraphicsGLDriver.bundle/Contents/MacOS/AppleIntelHD4000GraphicsGLDriver
0x000000000b9f5000 	/System/Library/PrivateFrameworks/GPUSupport.framework/Versions/A/Libraries/libGPUSupportMercury.dylib
0x000000000b9f5000 	/System/Library/Frameworks/OpenGL.framework/Versions/A/Resources/GLRendererFloat.bundle/GLRendererFloat
0x000000000b9f5000 	/System/Library/Frameworks/OpenCL.framework/Versions/A/Libraries/libcldcpuengine.dylib
0x000000000b9f5000 	/System/Library/PrivateFrameworks/DiskImages.framework/Versions/A/DiskImages
0x000000000b9f5000 	/System/Library/Frameworks/DiscRecording.framework/Versions/A/DiscRecording
0x000000000b9f5000 	/usr/lib/libcsfde.dylib
0x000000000b9f5000 	/usr/lib/libcurl.4.dylib
0x000000000b9f5000 	/System/Library/PrivateFrameworks/MediaKit.framework/Versions/A/MediaKit
0x000000000b9f5000 	/System/Library/PrivateFrameworks/ProtectedCloudStorage.framework/Versions/A/ProtectedCloudStorage
0x000000000b9f5000 	/usr/lib/libCoreStorage.dylib
0x000000000b9f5000 	/System/Library/PrivateFrameworks/EFILogin.framework/Versions/A/EFILogin
0x000000000b9f5000 	/usr/lib/libutil.dylib
0x000000000b9f5000 	/System/Library/PrivateFrameworks/FindMyDevice.framework/Versions/A/FindMyDevice
0x000000000b9f5000 	/System/Library/Frameworks/LDAP.framework/Versions/A/LDAP
0x000000000b9f5000 	/usr/lib/libsasl2.2.dylib
0x000000000b9f5000 	/System/Library/PrivateFrameworks/CoreDaemon.framework/Versions/B/CoreDaemon
0x000000000b9f5000 	/usr/lib/libcrypto.0.9.8.dylib
0x000000000b9f5000 	/System/Library/PrivateFrameworks/AppleSRP.framework/Versions/A/AppleSRP
0x000000000b9f5000 	/System/Library/PrivateFrameworks/TrustEvaluationAgent.framework/Versions/A/TrustEvaluationAgent
0x000000011bfcf000 	/Library/Java/JavaVirtualMachines/jdk1.8.0_77.jdk/Contents/Home/jre/lib/libglass.dylib
0x000000000b9f5000 	/System/Library/PrivateFrameworks/CoreServicesInternal.framework/Versions/A/CoreServicesInternal
0x000000000b9f5000 	/System/Library/CoreServices/RawCamera.bundle/Contents/MacOS/RawCamera
0x000000000b9f5000 	/System/Library/Frameworks/CoreGraphics.framework/Versions/A/Resources/libRIP.A.dylib
0x000000000b9f5000 	/System/Library/Frameworks/Accelerate.framework/Versions/A/Frameworks/vImage.framework/Versions/A/Libraries/libCGInterfaces.dylib
0x000000000b9f5000 	/System/Library/PrivateFrameworks/FamilyControls.framework/Versions/A/FamilyControls
0x000000000b9f5000 	/System/Library/PrivateFrameworks/CommerceKit.framework/Versions/A/Frameworks/CommerceCore.framework/Versions/A/CommerceCore
0x000000000b9f5000 	/System/Library/PrivateFrameworks/SystemAdministration.framework/Versions/A/SystemAdministration
0x000000000b9f5000 	/System/Library/PrivateFrameworks/AppContainer.framework/Versions/A/AppContainer
0x000000000b9f5000 	/System/Library/PrivateFrameworks/SecCodeWrapper.framework/Versions/A/SecCodeWrapper
0x000000000b9f5000 	/System/Library/Frameworks/DirectoryService.framework/Versions/A/DirectoryService
0x000000000b9f5000 	/System/Library/PrivateFrameworks/LoginUIKit.framework/Versions/A/Frameworks/LoginUICore.framework/Versions/A/LoginUICore
0x000000000b9f5000 	/usr/lib/libodfde.dylib
0x000000011f3ec000 	/Library/Java/JavaVirtualMachines/jdk1.8.0_77.jdk/Contents/Home/jre/lib/libjavafx_font.dylib
0x000000000b9f5000 	/System/Library/Frameworks/CoreGraphics.framework/Versions/A/Resources/libCGXType.A.dylib
0x000000011f444000 	/Library/Java/JavaVirtualMachines/jdk1.8.0_77.jdk/Contents/Home/jre/lib/libglib-lite.dylib
0x000000011f565000 	/Library/Java/JavaVirtualMachines/jdk1.8.0_77.jdk/Contents/Home/jre/lib/libgstreamer-lite.dylib
0x000000011f6dd000 	/Library/Java/JavaVirtualMachines/jdk1.8.0_77.jdk/Contents/Home/jre/lib/libjfxmedia.dylib
0x000000011f918000 	/Library/Java/JavaVirtualMachines/jdk1.8.0_77.jdk/Contents/Home/jre/lib/libjfxmedia_avf.dylib
0x000000000b9f5000 	/System/Library/Frameworks/AVFoundation.framework/Versions/A/AVFoundation
0x000000000b9f5000 	/System/Library/Frameworks/CoreMedia.framework/Versions/A/CoreMedia
0x000000000b9f5000 	/System/Library/Frameworks/MediaToolbox.framework/Versions/A/MediaToolbox
0x000000000b9f5000 	/System/Library/Frameworks/AVFoundation.framework/Versions/A/Resources/libAVFAudio.dylib
0x000000000b9f5000 	/System/Library/Frameworks/VideoToolbox.framework/Versions/A/VideoToolbox
0x000000000b9f5000 	/System/Library/Frameworks/CoreMediaIO.framework/Versions/A/CoreMediaIO
0x000000000b9f5000 	/usr/lib/libspindump.dylib
0x000000000b9f5000 	/System/Library/PrivateFrameworks/CoreAVCHD.framework/Versions/A/CoreAVCHD
0x000000000b9f5000 	/System/Library/Frameworks/MediaAccessibility.framework/Versions/A/MediaAccessibility
0x000000000b9f5000 	/System/Library/PrivateFrameworks/Mangrove.framework/Versions/A/Mangrove
0x000000000b9f5000 	/System/Library/PrivateFrameworks/CoreAUC.framework/Versions/A/CoreAUC
0x000000000b9f5000 	/System/Library/PrivateFrameworks/AppleVA.framework/Versions/A/AppleVA
0x000000000b9f5000 	/System/Library/PrivateFrameworks/XPCService.framework/Versions/A/XPCService
0x000000000b9f5000 	/System/Library/PrivateFrameworks/AppSandbox.framework/Versions/A/AppSandbox
0x000000000b9f5000 	/usr/lib/libsandbox.1.dylib
0x000000000b9f5000 	/usr/lib/libMatch.1.dylib
0x000000011f94d000 	/Library/Java/JavaVirtualMachines/jdk1.8.0_77.jdk/Contents/Home/jre/lib/libjfxmedia_qtkit.dylib
0x000000000b9f5000 	/System/Library/Frameworks/QTKit.framework/Versions/A/QTKit
0x000000000b9f5000 	/System/Library/PrivateFrameworks/CoreMediaAuthoring.framework/Versions/A/CoreMediaAuthoring
0x000000011f95a000 	/Library/Java/JavaVirtualMachines/jdk1.8.0_77.jdk/Contents/Home/jre/lib/libfxplugins.dylib
0x000000011f985000 	/System/Library/Frameworks/VideoDecodeAcceleration.framework/Versions/A/VideoDecodeAcceleration
0x000000011f98c000 	/Library/Java/JavaVirtualMachines/jdk1.8.0_77.jdk/Contents/Home/jre/lib/libnio.dylib
0x000000011f99c000 	/System/Library/Extensions/AppleHDA.kext/Contents/PlugIns/AppleHDAHALPlugIn.bundle/Contents/MacOS/AppleHDAHALPlugIn
0x000000011f9cd000 	/System/Library/Components/CoreAudio.component/Contents/MacOS/CoreAudio
0x000000000b9f5000 	/System/Library/PrivateFrameworks/AppleGVA.framework/Versions/A/AppleGVA
0x000000011fe98000 	/System/Library/Extensions/AppleIntelHD4000GraphicsVADriver.bundle/Contents/MacOS/AppleIntelHD4000GraphicsVADriver
0x00000001200a4000 	/System/Library/Extensions/AppleIntelIVBVA.bundle/Contents/MacOS/AppleIntelIVBVA
0x00000001200ad000 	/System/Library/Components/AudioCodecs.component/Contents/MacOS/AudioCodecs
0x00000001255f7000 	/Library/Java/JavaVirtualMachines/jdk1.8.0_77.jdk/Contents/Home/jre/lib/libprism_common.dylib
0x0000000125f4d000 	cl_kernels
0x000000000b9f5000 	/System/Library/Frameworks/OpenCL.framework/Versions/A/Libraries/ImageFormats/unorm8_bgra.dylib
0x000000000b9f5000 	/System/Library/Frameworks/OpenCL.framework/Versions/A/Libraries/ImageFormats/unorm8_rgba.dylib
0x0000000127d80000 	/System/Library/Extensions/AppleIntelHD4000GraphicsMTLDriver.bundle/Contents/MacOS/AppleIntelHD4000GraphicsMTLDriver
0x0000000122d18000 	/Library/Java/JavaVirtualMachines/jdk1.8.0_77.jdk/Contents/Home/jre/lib/libsunec.dylib
0x0000000122e9d000 	/Library/Java/JavaVirtualMachines/jdk1.8.0_77.jdk/Contents/Home/jre/lib/libjavafx_iio.dylib

VM Arguments:
jvm_args: -Didea.launcher.port=7533 -Didea.launcher.bin.path=/Applications/IntelliJ IDEA CE.app/Contents/bin -Dfile.encoding=UTF-8 
java_command: com.intellij.rt.execution.application.AppMain Launcher
java_class_path (initial): /Library/Java/JavaVirtualMachines/jdk1.8.0_77.jdk/Contents/Home/jre/lib/charsets.jar:/Library/Java/JavaVirtualMachines/jdk1.8.0_77.jdk/Contents/Home/jre/lib/deploy.jar:/Library/Java/JavaVirtualMachines/jdk1.8.0_77.jdk/Contents/Home/jre/lib/ext/cldrdata.jar:/Library/Java/JavaVirtualMachines/jdk1.8.0_77.jdk/Contents/Home/jre/lib/ext/dnsns.jar:/Library/Java/JavaVirtualMachines/jdk1.8.0_77.jdk/Contents/Home/jre/lib/ext/jaccess.jar:/Library/Java/JavaVirtualMachines/jdk1.8.0_77.jdk/Contents/Home/jre/lib/ext/jfxrt.jar:/Library/Java/JavaVirtualMachines/jdk1.8.0_77.jdk/Contents/Home/jre/lib/ext/localedata.jar:/Library/Java/JavaVirtualMachines/jdk1.8.0_77.jdk/Contents/Home/jre/lib/ext/nashorn.jar:/Library/Java/JavaVirtualMachines/jdk1.8.0_77.jdk/Contents/Home/jre/lib/ext/sunec.jar:/Library/Java/JavaVirtualMachines/jdk1.8.0_77.jdk/Contents/Home/jre/lib/ext/sunjce_provider.jar:/Library/Java/JavaVirtualMachines/jdk1.8.0_77.jdk/Contents/Home/jre/lib/ext/sunpkcs11.jar:/Library/Java/JavaVirtualMachines/jdk1.8.0_77.jdk/Contents/Home/jre/lib/ext/zipfs.jar:/Library/Java/JavaVirtualMachines/jdk1.8.0_77.jdk/Contents/Home/jre/lib/javaws.jar:/Library/Java/JavaVirtualMachines/jdk1.8.0_77.jdk/Contents/Home/jre/lib/jce.jar:/Library/Java/JavaVirtualMachines/jdk1.8.0_77.jdk/Contents/Home/jre/lib/jfr.jar:/Library/Java/JavaVirtualMachines/jdk1.8.0_77.jdk/Contents/Home/jre/lib/jfxswt.jar:/Library/Java/JavaVirtualMachines/jdk1.8.0_77.jdk/Contents/Home/jre/lib/jsse.jar:/Library/Java/JavaVirtualMachines/jdk1.8.0_77.jdk/Contents/Home/jre/lib/management-agent.jar:/Library/Java/JavaVirtualMachines/jdk1.8.0_77.jdk/Contents/Home/jre/lib/plugin.jar:/Library/Java/JavaVirtualMachines/jdk1.8.0_77.jdk/Contents/Home/jre/lib/resources.jar:/Library/Java/JavaVirtualMachines/jdk1.8.0_77.jdk/Contents/Home/jre/lib/rt.jar:/Library/Java/JavaVirtualMachines/jdk1.8.0_77.jdk/Contents/Home/lib/ant-javafx.jar:/Library/Java/JavaVirtualMachines/jdk1.8.0_77.jdk/Contents/Home/lib/dt.jar:/Library/Ja
Launcher Type: SUN_STANDARD

Environment Variables:
PATH=/usr/local/bin:/usr/bin:/bin:/usr/sbin:/sbin
SHELL=/bin/zsh

Signal Handlers:
SIGSEGV: [libjvm.dylib+0x5a6855], sa_mask[0]=11111111011111110111111111111111, sa_flags=SA_ONSTACK|SA_RESTART|SA_SIGINFO
SIGBUS: [libjvm.dylib+0x5a6855], sa_mask[0]=11111111011111110111111111111111, sa_flags=SA_RESTART|SA_SIGINFO
SIGFPE: [libjvm.dylib+0x4804ec], sa_mask[0]=11111111011111110111111111111111, sa_flags=SA_RESTART|SA_SIGINFO
SIGPIPE: [libjvm.dylib+0x4804ec], sa_mask[0]=11111111011111110111111111111111, sa_flags=SA_RESTART|SA_SIGINFO
SIGXFSZ: [libjvm.dylib+0x4804ec], sa_mask[0]=11111111011111110111111111111111, sa_flags=SA_RESTART|SA_SIGINFO
SIGILL: [libjvm.dylib+0x4804ec], sa_mask[0]=11111111011111110111111111111111, sa_flags=SA_RESTART|SA_SIGINFO
SIGUSR1: SIG_DFL, sa_mask[0]=00000000000000000000000000000000, sa_flags=none
SIGUSR2: [libjvm.dylib+0x48000a], sa_mask[0]=00100000000000000000000000000000, sa_flags=SA_RESTART|SA_SIGINFO
SIGHUP: [AudioToolbox+0xedc42], sa_mask[0]=00000000000000000000000000000000, sa_flags=SA_RESTART
SIGINT: [libjvm.dylib+0x47e5e1], sa_mask[0]=11111111011111110111111111111111, sa_flags=SA_RESTART|SA_SIGINFO
SIGTERM: [libjvm.dylib+0x47e5e1], sa_mask[0]=11111111011111110111111111111111, sa_flags=SA_RESTART|SA_SIGINFO
SIGQUIT: [libjvm.dylib+0x47e5e1], sa_mask[0]=11111111011111110111111111111111, sa_flags=SA_RESTART|SA_SIGINFO


---------------  S Y S T E M  ---------------

OS:Bsduname:Darwin 15.4.0 Darwin Kernel Version 15.4.0: Fri Feb 26 22:08:05 PST 2016; root:xnu-3248.40.184~3/RELEASE_X86_64 x86_64
rlimit: STACK 8192k, CORE 0k, NPROC 709, NOFILE 10240, AS infinity
load average:3.31 3.00 2.16

CPU:total 4 (2 cores per cpu, 2 threads per core) family 6 model 58 stepping 9, cmov, cx8, fxsr, mmx, sse, sse2, sse3, ssse3, sse4.1, sse4.2, popcnt, avx, aes, clmul, erms, ht, tsc, tscinvbit, tscinv

Memory: 4k page, physical 8388608k(433512k free)

/proc/meminfo:


vm_info: Java HotSpot(TM) 64-Bit Server VM (25.77-b03) for bsd-amd64 JRE (1.8.0_77-b03), built on Mar 20 2016 22:14:03 by "java_re" with gcc 4.2.1 (Based on Apple Inc. build 5658) (LLVM build 2336.11.00)

time: Wed Apr  6 20:13:45 2016
elapsed time: 310 seconds (0d 0h 5m 10s)

