#
# A fatal error has been detected by the Java Runtime Environment:
#
#  SIGSEGV (0xb) at pc=0x000000012309685e, pid=4113, tid=103947
#
# JRE version: Java(TM) SE Runtime Environment (8.0_77-b03) (build 1.8.0_77-b03)
# Java VM: Java HotSpot(TM) 64-Bit Server VM (25.77-b03 mixed mode bsd-amd64 compressed oops)
# Problematic frame:
# C  [libjfxmedia_avf.dylib+0x785e]  AVFKernelComponent::ProcessBufferLists(unsigned int&, AudioBufferList const&, AudioBufferList&, unsigned int)+0x22
#
# Failed to write core dump. Core dumps have been disabled. To enable core dumping, try "ulimit -c unlimited" before starting Java again
#
# If you would like to submit a bug report, please visit:
#   http://bugreport.java.com/bugreport/crash.jsp
#

---------------  T H R E A D  ---------------

Current thread is native thread

siginfo: si_signo: 11 (SIGSEGV), si_code: 0 (unknown), si_addr: 0x0000000000000000

Registers:
RAX=0x6000000000000000, RBX=0x000070000293ba54, RCX=0x00007fcd03be0a60, RDX=0x00007fcd03be0a90
RSP=0x000070000293b7a0, RBP=0x000070000293b7a0, RSI=0x000070000293ba54, RDI=0x00007fcd016a8850
R8 =0x0000000000001000, R9 =0x000070000293b5b7, R10=0x00000001230b1290, R11=0xffffffffffffffd0
R12=0x00007fcd03be0360, R13=0x00007fcd03be0a90, R14=0x000000012309683c, R15=0x0000000000001000
RIP=0x000000012309685e, EFLAGS=0x0000000000010206, ERR=0x0000000000000000
  TRAPNO=0x000000000000000d

Top of Stack: (sp=0x000070000293b7a0)
0x000070000293b7a0:   000070000293b800 000000012309fab2
0x000070000293b7b0:   0000000000000000 000070000293ba54
0x000070000293b7c0:   0000000000000000 0000000000000000
0x000070000293b7d0:   0000000000000000 000070000293ba54
0x000070000293b7e0:   00007fcd03be0360 00007fcd03be06a0
0x000070000293b7f0:   00007fcd03be1380 0000000000001000
0x000070000293b800:   000070000293b850 000000012309a369
0x000070000293b810:   000070000293b840 000070000293ba78
0x000070000293b820:   000000000293b830 0000000000009fe0
0x000070000293b830:   00007fcd03be06a0 00000000ffffffce
0x000070000293b840:   0000000000001000 00007fcd03be0360
0x000070000293b850:   000070000293b8c0 00000001230989a1
0x000070000293b860:   00007fcd03be1380 00009fe090ced07b
0x000070000293b870:   000070000293ba54 000070000293ba78
0x000070000293b880:   000000000293b8e0 00007fcd03be1380
0x000070000293b890:   00009fe000000000 00000000ffffffce
0x000070000293b8a0:   000070000293ba54 0000000000000000
0x000070000293b8b0:   0000000000001000 000070000293ba78
0x000070000293b8c0:   000070000293b8e0 000000012309c996
0x000070000293b8d0:   00000000fffffffc 00007fcd03be0e60
0x000070000293b8e0:   000070000293b920 000000012309b777
0x000070000293b8f0:   00007fcd03be0e60 000070000293ba78
0x000070000293b900:   00007fcd03be0c10 00000000ffffd584
0x000070000293b910:   000070000293ba54 0000000000001000
0x000070000293b920:   000070000293b980 000000012309f8f0
0x000070000293b930:   0000000000000000 000070000293ba54
0x000070000293b940:   0000000000000000 0000000000000000
0x000070000293b950:   0000000000000000 000070000293ba54
0x000070000293b960:   00007fcd03be0c10 00007fcd03be0f50
0x000070000293b970:   00007fcd03bda7e8 0000000000001000
0x000070000293b980:   000070000293b9d0 000000012309a369
0x000070000293b990:   000070000293b9c0 000070000293ba78 

Instructions: (pc=0x000000012309685e)
0x000000012309683e:   89 e5 80 bf d0 01 00 00 00 74 06 5d e9 bf 92 00
0x000000012309684e:   00 48 8b bf d8 01 00 00 48 85 ff 74 0a 48 8b 07
0x000000012309685e:   48 8b 40 28 5d ff e0 31 c0 5d c3 90 55 48 89 e5
0x000000012309686e:   41 57 41 56 41 55 41 54 53 50 4d 89 c6 41 89 d5 

Register to memory mapping:

RAX=0x6000000000000000 is an unknown value
RBX=0x000070000293ba54 is an unknown value
RCX=0x00007fcd03be0a60 is an unknown value
RDX=0x00007fcd03be0a90 is an unknown value
RSP=0x000070000293b7a0 is an unknown value
RBP=0x000070000293b7a0 is an unknown value
RSI=0x000070000293ba54 is an unknown value
RDI=0x00007fcd016a8850 is an unknown value
R8 =0x0000000000001000 is an unknown value
R9 =0x000070000293b5b7 is an unknown value
R10=0x00000001230b1290: _ZTV18AVFEqualizerKernel+0x10 in /Library/Java/JavaVirtualMachines/jdk1.8.0_77.jdk/Contents/Home/jre/lib/libjfxmedia_avf.dylib at 0x000000012308f000
R11=0xffffffffffffffd0 is an unknown value
R12=0x00007fcd03be0360 is an unknown value
R13=0x00007fcd03be0a90 is an unknown value
R14=0x000000012309683c: _ZN18AVFKernelComponent18ProcessBufferListsERjRK15AudioBufferListRS1_j+0 in /Library/Java/JavaVirtualMachines/jdk1.8.0_77.jdk/Contents/Home/jre/lib/libjfxmedia_avf.dylib at 0x000000012308f000
R15=0x0000000000001000 is an unknown value


Stack: [0x00007000028bc000,0x000070000293c000],  sp=0x000070000293b7a0,  free space=509k
Native frames: (J=compiled Java code, j=interpreted, Vv=VM code, C=native code)
C  [libjfxmedia_avf.dylib+0x785e]  AVFKernelComponent::ProcessBufferLists(unsigned int&, AudioBufferList const&, AudioBufferList&, unsigned int)+0x22
C  [libjfxmedia_avf.dylib+0x10ab2]  AUEffectBase::Render(unsigned int&, AudioTimeStamp const&, unsigned int)+0x240
C  [libjfxmedia_avf.dylib+0xb369]  AUBase::DoRenderBus(unsigned int&, AudioTimeStamp const&, unsigned int, AUOutputElement*, unsigned int, AudioBufferList&)+0xa9
C  [libjfxmedia_avf.dylib+0x99a1]  AUBase::DoRender(unsigned int&, AudioTimeStamp const&, unsigned int, unsigned int, AudioBufferList&)+0x1b9
C  [libjfxmedia_avf.dylib+0xd996]  AUMethodRender(void*, unsigned int*, AudioTimeStamp const*, unsigned int, unsigned int, AudioBufferList*)+0x2e
C  [libjfxmedia_avf.dylib+0xc777]  AUInputElement::PullInput(unsigned int&, AudioTimeStamp const&, unsigned int, unsigned int)+0x8d
C  [libjfxmedia_avf.dylib+0x108f0]  AUEffectBase::Render(unsigned int&, AudioTimeStamp const&, unsigned int)+0x7e
C  [libjfxmedia_avf.dylib+0xb369]  AUBase::DoRenderBus(unsigned int&, AudioTimeStamp const&, unsigned int, AUOutputElement*, unsigned int, AudioBufferList&)+0xa9
C  [libjfxmedia_avf.dylib+0x99a1]  AUBase::DoRender(unsigned int&, AudioTimeStamp const&, unsigned int, unsigned int, AudioBufferList&)+0x1b9
C  [libjfxmedia_avf.dylib+0xd996]  AUMethodRender(void*, unsigned int*, AudioTimeStamp const*, unsigned int, unsigned int, AudioBufferList*)+0x2e
C  [libjfxmedia_avf.dylib+0x54b1]  ProcessAudioTap(void const*, long, unsigned int, AudioBufferList*, long*, unsigned int*)+0x63
C  [MediaToolbox+0x35f1e7]  MTAudioProcessingTapGetSourceAudio+0x103d
C  [AudioToolbox+0xc45e8]  AQClientCallProcessingTap(void*, unsigned int, AudioTimeStamp*, unsigned int*, unsigned int*, AudioBufferList*, int, double, unsigned int, double, unsigned int, unsigned char const*, unsigned int)+0x5d
C  [AudioToolbox+0x117a3c]  AQProcessingTap::DoCallout(unsigned int&, AudioTimeStamp&, unsigned int&, AudioBufferList&)+0xc2
C  [AudioToolbox+0x117847]  AudioQueueObject::PerformTapInternal(AudioTimeStamp&, unsigned int&, unsigned int&)+0x81
C  [AudioToolbox+0x117748]  AudioQueueObject::PerformProcessingTap(int (*)(void*, unsigned int&, AudioTimeStamp const&, unsigned int, AudioBufferList&, double&, unsigned int&), void*, AudioTimeStamp&, unsigned int&, AudioBufferList&, unsigned int&)+0xcc
C  [AudioToolbox+0x1247f3]  MEMixerChannel::TapDownstream(void*, unsigned int*, AudioTimeStamp const*, unsigned int, unsigned int, AudioBufferList*)+0x81
C  [CoreAudio+0x8d73]  AUInputElement::PullInput(unsigned int&, AudioTimeStamp const&, unsigned int, unsigned int)+0xb5
C  [CoreAudio+0x732cf]  AUDeferredRenderer::Produce()+0x211
C  [CoreAudio+0x73035]  AUDeferredRenderer::ProducerThreadProc()+0x31
C  [CoreAudio+0x735b7]  AUDeferredRenderer::ProducerThreadProc(void*)+0x1f
C  [CoreAudio+0x72360]  CAPThread::Entry(CAPThread*)+0x50
C  [libsystem_pthread.dylib+0x399d]  _pthread_body+0x83
C  [libsystem_pthread.dylib+0x391a]  _pthread_body+0x0
C  [libsystem_pthread.dylib+0x1351]  thread_start+0xd


---------------  P R O C E S S  ---------------

VM state:not at safepoint (normal execution)

VM Mutex/Monitor currently owned by a thread: None

Heap:
 PSYoungGen      total 29184K, used 25697K [0x0000000795580000, 0x0000000799780000, 0x00000007c0000000)
  eden space 28672K, 89% used [0x0000000795580000,0x0000000796e78490,0x0000000797180000)
  from space 512K, 25% used [0x0000000797200000,0x0000000797220000,0x0000000797280000)
  to   space 19456K, 0% used [0x0000000798480000,0x0000000798480000,0x0000000799780000)
 ParOldGen       total 87552K, used 33839K [0x0000000740000000, 0x0000000745580000, 0x0000000795580000)
  object space 87552K, 38% used [0x0000000740000000,0x000000074210be18,0x0000000745580000)
 Metaspace       used 20003K, capacity 20986K, committed 21120K, reserved 1067008K
  class space    used 2630K, capacity 2871K, committed 2944K, reserved 1048576K

Card table byte_map: [0x000000011694f000,0x0000000116d50000] byte_map_base: 0x0000000112f4f000

Marking Bits: (ParMarkBitMap*) 0x0000000106ee3ea0
 Begin Bits: [0x0000000116ffb000, 0x0000000118ffb000)
 End Bits:   [0x0000000118ffb000, 0x000000011affb000)

Polling page: 0x0000000105c76000

CodeCache: size=245760Kb used=8793Kb max_used=8906Kb free=236966Kb
 bounds [0x000000010758f000, 0x0000000107e5f000, 0x000000011658f000]
 total_blobs=3516 nmethods=2789 adapters=640
 compilation: enabled

Compilation events (10 events):
Event: 47.061 Thread 0x00007fcd02813800 3053       4       com.sun.javafx.sg.prism.NGGroup::markCullRegions (198 bytes)
Event: 47.126 Thread 0x00007fcd02813800 nmethod 3053 0x0000000107980050 code [0x0000000107980420, 0x0000000107981e80]
Event: 47.509 Thread 0x00007fcd02025000 3054       4       java.lang.ref.ReferenceQueue$Lock::<init> (5 bytes)
Event: 47.511 Thread 0x00007fcd02025000 nmethod 3054 0x00000001076aff50 code [0x00000001076b00a0, 0x00000001076b00f8]
Event: 48.508 Thread 0x00007fcd02025800 3055       3       jdk.internal.org.objectweb.asm.ClassVisitor::<init> (35 bytes)
Event: 48.508 Thread 0x00007fcd02025800 nmethod 3055 0x00000001077ab910 code [0x00000001077abaa0, 0x00000001077abda8]
Event: 48.508 Thread 0x00007fcd02025800 3056       3       jdk.internal.org.objectweb.asm.ClassWriter::visit (121 bytes)
Event: 48.510 Thread 0x00007fcd02025800 nmethod 3056 0x00000001077f2f90 code [0x00000001077f3180, 0x00000001077f3858]
Event: 48.519 Thread 0x00007fcd02025800 3057       3       javafx.scene.Scene::getUserAgentStylesheet (22 bytes)
Event: 48.519 Thread 0x00007fcd02025800 nmethod 3057 0x0000000107b41950 code [0x0000000107b41ae0, 0x0000000107b41e48]

GC Heap History (10 events):
Event: 28.740 GC heap before
{Heap before GC invocations=10 (full 1):
 PSYoungGen      total 47104K, used 44499K [0x0000000795580000, 0x0000000799580000, 0x00000007c0000000)
  eden space 31232K, 100% used [0x0000000795580000,0x0000000797400000,0x0000000797400000)
  from space 15872K, 83% used [0x0000000798480000,0x0000000799174d80,0x0000000799400000)
  to   space 16896K, 0% used [0x0000000797400000,0x0000000797400000,0x0000000798480000)
 ParOldGen       total 87552K, used 20587K [0x0000000740000000, 0x0000000745580000, 0x0000000795580000)
  object space 87552K, 23% used [0x0000000740000000,0x000000074141ac20,0x0000000745580000)
 Metaspace       used 19965K, capacity 20898K, committed 21120K, reserved 1067008K
  class space    used 2625K, capacity 2865K, committed 2944K, reserved 1048576K
Event: 28.748 GC heap after
Heap after GC invocations=10 (full 1):
 PSYoungGen      total 47616K, used 13267K [0x0000000795580000, 0x0000000799680000, 0x00000007c0000000)
  eden space 30720K, 0% used [0x0000000795580000,0x0000000795580000,0x0000000797380000)
  from space 16896K, 78% used [0x0000000797400000,0x00000007980f4d80,0x0000000798480000)
  to   space 17920K, 0% used [0x0000000798500000,0x0000000798500000,0x0000000799680000)
 ParOldGen       total 87552K, used 20587K [0x0000000740000000, 0x0000000745580000, 0x0000000795580000)
  object space 87552K, 23% used [0x0000000740000000,0x000000074141ac20,0x0000000745580000)
 Metaspace       used 19965K, capacity 20898K, committed 21120K, reserved 1067008K
  class space    used 2625K, capacity 2865K, committed 2944K, reserved 1048576K
}
Event: 31.473 GC heap before
{Heap before GC invocations=11 (full 1):
 PSYoungGen      total 47616K, used 43987K [0x0000000795580000, 0x0000000799680000, 0x00000007c0000000)
  eden space 30720K, 100% used [0x0000000795580000,0x0000000797380000,0x0000000797380000)
  from space 16896K, 78% used [0x0000000797400000,0x00000007980f4d80,0x0000000798480000)
  to   space 17920K, 0% used [0x0000000798500000,0x0000000798500000,0x0000000799680000)
 ParOldGen       total 87552K, used 20590K [0x0000000740000000, 0x0000000745580000, 0x0000000795580000)
  object space 87552K, 23% used [0x0000000740000000,0x000000074141b860,0x0000000745580000)
 Metaspace       used 19972K, capacity 20898K, committed 21120K, reserved 1067008K
  class space    used 2625K, capacity 2865K, committed 2944K, reserved 1048576K
Event: 31.509 GC heap after
Heap after GC invocations=11 (full 1):
 PSYoungGen      total 48128K, used 160K [0x0000000795580000, 0x0000000799700000, 0x00000007c0000000)
  eden space 30208K, 0% used [0x0000000795580000,0x0000000795580000,0x0000000797300000)
  from space 17920K, 0% used [0x0000000798500000,0x0000000798528000,0x0000000799680000)
  to   space 18432K, 0% used [0x0000000797300000,0x0000000797300000,0x0000000798500000)
 ParOldGen       total 87552K, used 33745K [0x0000000740000000, 0x0000000745580000, 0x0000000795580000)
  object space 87552K, 38% used [0x0000000740000000,0x00000007420f45e0,0x0000000745580000)
 Metaspace       used 19972K, capacity 20898K, committed 21120K, reserved 1067008K
  class space    used 2625K, capacity 2865K, committed 2944K, reserved 1048576K
}
Event: 35.025 GC heap before
{Heap before GC invocations=12 (full 1):
 PSYoungGen      total 48128K, used 30368K [0x0000000795580000, 0x0000000799700000, 0x00000007c0000000)
  eden space 30208K, 100% used [0x0000000795580000,0x0000000797300000,0x0000000797300000)
  from space 17920K, 0% used [0x0000000798500000,0x0000000798528000,0x0000000799680000)
  to   space 18432K, 0% used [0x0000000797300000,0x0000000797300000,0x0000000798500000)
 ParOldGen       total 87552K, used 33746K [0x0000000740000000, 0x0000000745580000, 0x0000000795580000)
  object space 87552K, 38% used [0x0000000740000000,0x00000007420f48f0,0x0000000745580000)
 Metaspace       used 19978K, capacity 20962K, committed 21120K, reserved 1067008K
  class space    used 2625K, capacity 2865K, committed 2944K, reserved 1048576K
Event: 35.028 GC heap after
Heap after GC invocations=12 (full 1):
 PSYoungGen      total 48128K, used 128K [0x0000000795580000, 0x0000000799780000, 0x00000007c0000000)
  eden space 29696K, 0% used [0x0000000795580000,0x0000000795580000,0x0000000797280000)
  from space 18432K, 0% used [0x0000000797300000,0x0000000797320000,0x0000000798500000)
  to   space 18944K, 0% used [0x0000000798500000,0x0000000798500000,0x0000000799780000)
 ParOldGen       total 87552K, used 33802K [0x0000000740000000, 0x0000000745580000, 0x0000000795580000)
  object space 87552K, 38% used [0x0000000740000000,0x00000007421028f0,0x0000000745580000)
 Metaspace       used 19978K, capacity 20962K, committed 21120K, reserved 1067008K
  class space    used 2625K, capacity 2865K, committed 2944K, reserved 1048576K
}
Event: 38.923 GC heap before
{Heap before GC invocations=13 (full 1):
 PSYoungGen      total 48128K, used 29824K [0x0000000795580000, 0x0000000799780000, 0x00000007c0000000)
  eden space 29696K, 100% used [0x0000000795580000,0x0000000797280000,0x0000000797280000)
  from space 18432K, 0% used [0x0000000797300000,0x0000000797320000,0x0000000798500000)
  to   space 18944K, 0% used [0x0000000798500000,0x0000000798500000,0x0000000799780000)
 ParOldGen       total 87552K, used 33805K [0x0000000740000000, 0x0000000745580000, 0x0000000795580000)
  object space 87552K, 38% used [0x0000000740000000,0x0000000742103688,0x0000000745580000)
 Metaspace       used 19978K, capacity 20962K, committed 21120K, reserved 1067008K
  class space    used 2625K, capacity 2865K, committed 2944K, reserved 1048576K
Event: 38.925 GC heap after
Heap after GC invocations=13 (full 1):
 PSYoungGen      total 48128K, used 64K [0x0000000795580000, 0x0000000799800000, 0x00000007c0000000)
  eden space 29184K, 0% used [0x0000000795580000,0x0000000795580000,0x0000000797200000)
  from space 18944K, 0% used [0x0000000798500000,0x0000000798510000,0x0000000799780000)
  to   space 19456K, 0% used [0x0000000797200000,0x0000000797200000,0x0000000798500000)
 ParOldGen       total 87552K, used 33813K [0x0000000740000000, 0x0000000745580000, 0x0000000795580000)
  object space 87552K, 38% used [0x0000000740000000,0x0000000742105688,0x0000000745580000)
 Metaspace       used 19978K, capacity 20962K, committed 21120K, reserved 1067008K
  class space    used 2625K, capacity 2865K, committed 2944K, reserved 1048576K
}
Event: 43.305 GC heap before
{Heap before GC invocations=14 (full 1):
 PSYoungGen      total 48128K, used 29248K [0x0000000795580000, 0x0000000799800000, 0x00000007c0000000)
  eden space 29184K, 100% used [0x0000000795580000,0x0000000797200000,0x0000000797200000)
  from space 18944K, 0% used [0x0000000798500000,0x0000000798510000,0x0000000799780000)
  to   space 19456K, 0% used [0x0000000797200000,0x0000000797200000,0x0000000798500000)
 ParOldGen       total 87552K, used 33815K [0x0000000740000000, 0x0000000745580000, 0x0000000795580000)
  object space 87552K, 38% used [0x0000000740000000,0x0000000742105e18,0x0000000745580000)
 Metaspace       used 19988K, capacity 20962K, committed 21120K, reserved 1067008K
  class space    used 2626K, capacity 2865K, committed 2944K, reserved 1048576K
Event: 43.309 GC heap after
Heap after GC invocations=14 (full 1):
 PSYoungGen      total 29184K, used 128K [0x0000000795580000, 0x0000000799780000, 0x00000007c0000000)
  eden space 28672K, 0% used [0x0000000795580000,0x0000000795580000,0x0000000797180000)
  from space 512K, 25% used [0x0000000797200000,0x0000000797220000,0x0000000797280000)
  to   space 19456K, 0% used [0x0000000798480000,0x0000000798480000,0x0000000799780000)
 ParOldGen       total 87552K, used 33839K [0x0000000740000000, 0x0000000745580000, 0x0000000795580000)
  object space 87552K, 38% used [0x0000000740000000,0x000000074210be18,0x0000000745580000)
 Metaspace       used 19988K, capacity 20962K, committed 21120K, reserved 1067008K
  class space    used 2626K, capacity 2865K, committed 2944K, reserved 1048576K
}

Deoptimization events (10 events):
Event: 19.424 Thread 0x00007fcd028b1800 Uncommon trap: reason=unstable_if action=reinterpret pc=0x0000000107c6b36c method=com.sun.javafx.geom.transform.AffineBase.updateState2D()V @ 51
Event: 19.425 Thread 0x00007fcd028b1800 Uncommon trap: reason=unstable_if action=reinterpret pc=0x0000000107beeaa4 method=com.sun.javafx.geom.transform.AffineBase.updateState2D()V @ 51
Event: 22.006 Thread 0x00007fcd0335c000 Uncommon trap: reason=bimorphic action=maybe_recompile pc=0x0000000107911dec method=java.util.HashMap.putVal(ILjava/lang/Object;Ljava/lang/Object;ZZ)Ljava/lang/Object; @ 203
Event: 22.807 Thread 0x00007fcd01c38800 Uncommon trap: reason=bimorphic action=maybe_recompile pc=0x0000000107911dec method=java.util.HashMap.putVal(ILjava/lang/Object;Ljava/lang/Object;ZZ)Ljava/lang/Object; @ 203
Event: 23.106 Thread 0x00007fcd019c3800 Uncommon trap: reason=bimorphic action=maybe_recompile pc=0x0000000107911dec method=java.util.HashMap.putVal(ILjava/lang/Object;Ljava/lang/Object;ZZ)Ljava/lang/Object; @ 203
Event: 29.272 Thread 0x00007fcd028b1800 Uncommon trap: reason=unstable_if action=reinterpret pc=0x0000000107c7b984 method=com.sun.prism.es2.GLContext.updateBoundTexture(I)V @ 5
Event: 30.090 Thread 0x00007fcd02a9d800 Uncommon trap: reason=bimorphic action=maybe_recompile pc=0x0000000107911dec method=java.util.HashMap.putVal(ILjava/lang/Object;Ljava/lang/Object;ZZ)Ljava/lang/Object; @ 203
Event: 30.189 Thread 0x00007fcd02a05800 Uncommon trap: reason=bimorphic action=maybe_recompile pc=0x0000000107908c68 method=java.util.HashMap.putVal(ILjava/lang/Object;Ljava/lang/Object;ZZ)Ljava/lang/Object; @ 203
Event: 37.755 Thread 0x00007fcd028b1800 Uncommon trap: reason=unstable_if action=reinterpret pc=0x000000010798d198 method=com.sun.prism.impl.ManagedResource.bumpAge(I)V @ 7
Event: 48.589 Thread 0x00007fcd021c8800 Uncommon trap: reason=unstable_if action=reinterpret pc=0x00000001079981e8 method=java.security.AccessControlContext.optimize()Ljava/security/AccessControlContext; @ 83

Internal exceptions (10 events):
Event: 0.604 Thread 0x00007fcd018b0000 Exception <a 'java/security/PrivilegedActionException'> (0x0000000795ad1568) thrown at [/Users/java_re/workspace/8-2-build-macosx-x86_64/jdk8u77/6540/hotspot/src/share/vm/prims/jvm.cpp, line 1386]
Event: 0.605 Thread 0x00007fcd018b0000 Exception <a 'java/lang/NullPointerException'> (0x0000000795ad2ee0) thrown at [/Users/java_re/workspace/8-2-build-macosx-x86_64/jdk8u77/6540/hotspot/src/share/vm/interpreter/linkResolver.cpp, line 1178]
Event: 1.482 Thread 0x00007fcd021c8800 Exception <a 'java/lang/NullPointerException'> (0x0000000796229288) thrown at [/Users/java_re/workspace/8-2-build-macosx-x86_64/jdk8u77/6540/hotspot/src/share/vm/interpreter/linkResolver.cpp, line 1178]
Event: 1.482 Thread 0x00007fcd021c8800 Exception <a 'java/lang/NullPointerException'> (0x0000000796229288) thrown at [/Users/java_re/workspace/8-2-build-macosx-x86_64/jdk8u77/6540/hotspot/src/share/vm/prims/jvm.cpp, line 1390]
Event: 1.531 Thread 0x00007fcd021c8800 Implicit null exception at 0x00000001077a2c75 to 0x00000001077a2ff9
Event: 2.768 Thread 0x00007fcd021c8800 Exception <a 'java/lang/NullPointerException'> (0x0000000796e88ad0) thrown at [/Users/java_re/workspace/8-2-build-macosx-x86_64/jdk8u77/6540/hotspot/src/share/vm/interpreter/linkResolver.cpp, line 1280]
Event: 3.946 Thread 0x00007fcd021c8800 Exception <a 'java/lang/NullPointerException'> (0x00000007966d26d8) thrown at [/Users/java_re/workspace/8-2-build-macosx-x86_64/jdk8u77/6540/hotspot/src/share/vm/interpreter/linkResolver.cpp, line 1280]
Event: 9.802 Thread 0x00007fcd021c8800 Implicit null exception at 0x000000010784787f to 0x0000000107848919
Event: 18.741 Thread 0x00007fcd021c8800 Exception <a 'java/lang/NullPointerException'> (0x0000000797335128) thrown at [/Users/java_re/workspace/8-2-build-macosx-x86_64/jdk8u77/6540/hotspot/src/share/vm/interpreter/linkResolver.cpp, line 1280]
Event: 29.008 Thread 0x00007fcd02094000 Exception <a 'java/lang/NullPointerException'> (0x00000007957459e8) thrown at [/Users/java_re/workspace/8-2-build-macosx-x86_64/jdk8u77/6540/hotspot/src/share/vm/interpreter/linkResolver.cpp, line 1280]

Events (10 events):
Event: 48.592 Executing VM operation: RevokeBias
Event: 48.592 Executing VM operation: RevokeBias done
Event: 48.592 Thread 0x00007fcd022e3800 Thread exited: 0x00007fcd022e3800
Event: 48.593 Thread 0x00007fcd02908000 Thread exited: 0x00007fcd02908000
Event: 48.598 Thread 0x00007fcd030fe800 Thread added: 0x00007fcd030fe800
Event: 48.598 Thread 0x00007fcd030fe800 Thread exited: 0x00007fcd030fe800
Event: 48.598 Thread 0x00007fcd01bf2800 Thread added: 0x00007fcd01bf2800
Event: 48.598 Thread 0x00007fcd01bf2800 Thread exited: 0x00007fcd01bf2800
Event: 48.606 Thread 0x00007fcd024aa800 Thread added: 0x00007fcd024aa800
Event: 48.606 Thread 0x00007fcd024aa800 Thread exited: 0x00007fcd024aa800


Dynamic libraries:
0x0000000000246000 	/System/Library/Frameworks/Cocoa.framework/Versions/A/Cocoa
0x0000000000246000 	/System/Library/Frameworks/Security.framework/Versions/A/Security
0x0000000000246000 	/System/Library/Frameworks/ApplicationServices.framework/Versions/A/ApplicationServices
0x0000000000246000 	/usr/lib/libz.1.dylib
0x0000000000246000 	/usr/lib/libSystem.B.dylib
0x0000000000246000 	/usr/lib/libobjc.A.dylib
0x0000000000246000 	/System/Library/Frameworks/CoreFoundation.framework/Versions/A/CoreFoundation
0x0000000000246000 	/System/Library/Frameworks/Foundation.framework/Versions/C/Foundation
0x0000000000246000 	/System/Library/Frameworks/AppKit.framework/Versions/C/AppKit
0x0000000000246000 	/System/Library/Frameworks/CoreData.framework/Versions/A/CoreData
0x0000000000246000 	/System/Library/PrivateFrameworks/RemoteViewServices.framework/Versions/A/RemoteViewServices
0x0000000000246000 	/System/Library/PrivateFrameworks/UIFoundation.framework/Versions/A/UIFoundation
0x0000000000246000 	/usr/lib/libScreenReader.dylib
0x0000000000246000 	/System/Library/Frameworks/Accelerate.framework/Versions/A/Accelerate
0x0000000000246000 	/System/Library/Frameworks/IOSurface.framework/Versions/A/IOSurface
0x0000000000246000 	/System/Library/Frameworks/AudioToolbox.framework/Versions/A/AudioToolbox
0x0000000000246000 	/System/Library/Frameworks/AudioUnit.framework/Versions/A/AudioUnit
0x0000000000246000 	/System/Library/PrivateFrameworks/DataDetectorsCore.framework/Versions/A/DataDetectorsCore
0x0000000000246000 	/System/Library/PrivateFrameworks/DesktopServicesPriv.framework/Versions/A/DesktopServicesPriv
0x0000000000246000 	/System/Library/Frameworks/Carbon.framework/Versions/A/Frameworks/HIToolbox.framework/Versions/A/HIToolbox
0x0000000000246000 	/System/Library/Frameworks/QuartzCore.framework/Versions/A/QuartzCore
0x0000000000246000 	/System/Library/Frameworks/Carbon.framework/Versions/A/Frameworks/SpeechRecognition.framework/Versions/A/SpeechRecognition
0x0000000000246000 	/usr/lib/libauto.dylib
0x0000000000246000 	/usr/lib/libicucore.A.dylib
0x0000000000246000 	/usr/lib/libxml2.2.dylib
0x0000000000246000 	/System/Library/PrivateFrameworks/CoreUI.framework/Versions/A/CoreUI
0x0000000000246000 	/System/Library/Frameworks/CoreAudio.framework/Versions/A/CoreAudio
0x0000000000246000 	/System/Library/Frameworks/DiskArbitration.framework/Versions/A/DiskArbitration
0x0000000000246000 	/usr/lib/liblangid.dylib
0x0000000000246000 	/System/Library/PrivateFrameworks/MultitouchSupport.framework/Versions/A/MultitouchSupport
0x0000000000246000 	/System/Library/Frameworks/IOKit.framework/Versions/A/IOKit
0x0000000000246000 	/usr/lib/libDiagnosticMessagesClient.dylib
0x0000000000246000 	/System/Library/Frameworks/CoreServices.framework/Versions/A/CoreServices
0x0000000000246000 	/System/Library/PrivateFrameworks/PerformanceAnalysis.framework/Versions/A/PerformanceAnalysis
0x0000000000246000 	/System/Library/PrivateFrameworks/GenerationalStorage.framework/Versions/A/GenerationalStorage
0x0000000000246000 	/System/Library/Frameworks/OpenGL.framework/Versions/A/OpenGL
0x0000000000246000 	/System/Library/PrivateFrameworks/Sharing.framework/Versions/A/Sharing
0x0000000000246000 	/System/Library/Frameworks/CoreGraphics.framework/Versions/A/CoreGraphics
0x0000000000246000 	/System/Library/Frameworks/CoreImage.framework/Versions/A/CoreImage
0x0000000000246000 	/System/Library/Frameworks/CoreText.framework/Versions/A/CoreText
0x0000000000246000 	/System/Library/Frameworks/ImageIO.framework/Versions/A/ImageIO
0x0000000000246000 	/System/Library/PrivateFrameworks/Backup.framework/Versions/A/Backup
0x0000000000246000 	/usr/lib/libextension.dylib
0x0000000000246000 	/usr/lib/libarchive.2.dylib
0x0000000000246000 	/System/Library/Frameworks/CFNetwork.framework/Versions/A/CFNetwork
0x0000000000246000 	/System/Library/Frameworks/SystemConfiguration.framework/Versions/A/SystemConfiguration
0x0000000000246000 	/usr/lib/libCRFSuite.dylib
0x0000000000246000 	/usr/lib/libc++.1.dylib
0x0000000000246000 	/usr/lib/libc++abi.dylib
0x0000000000246000 	/usr/lib/system/libcache.dylib
0x0000000000246000 	/usr/lib/system/libcommonCrypto.dylib
0x0000000000246000 	/usr/lib/system/libcompiler_rt.dylib
0x0000000000246000 	/usr/lib/system/libcopyfile.dylib
0x0000000000246000 	/usr/lib/system/libcorecrypto.dylib
0x0000000000246000 	/usr/lib/system/libdispatch.dylib
0x0000000000246000 	/usr/lib/system/libdyld.dylib
0x0000000000246000 	/usr/lib/system/libkeymgr.dylib
0x0000000000246000 	/usr/lib/system/liblaunch.dylib
0x0000000000246000 	/usr/lib/system/libmacho.dylib
0x0000000000246000 	/usr/lib/system/libquarantine.dylib
0x0000000000246000 	/usr/lib/system/libremovefile.dylib
0x0000000000246000 	/usr/lib/system/libsystem_asl.dylib
0x0000000000246000 	/usr/lib/system/libsystem_blocks.dylib
0x0000000000246000 	/usr/lib/system/libsystem_c.dylib
0x0000000000246000 	/usr/lib/system/libsystem_configuration.dylib
0x0000000000246000 	/usr/lib/system/libsystem_coreservices.dylib
0x0000000000246000 	/usr/lib/system/libsystem_coretls.dylib
0x0000000000246000 	/usr/lib/system/libsystem_dnssd.dylib
0x0000000000246000 	/usr/lib/system/libsystem_info.dylib
0x0000000000246000 	/usr/lib/system/libsystem_kernel.dylib
0x0000000000246000 	/usr/lib/system/libsystem_m.dylib
0x0000000000246000 	/usr/lib/system/libsystem_malloc.dylib
0x0000000000246000 	/usr/lib/system/libsystem_network.dylib
0x0000000000246000 	/usr/lib/system/libsystem_networkextension.dylib
0x0000000000246000 	/usr/lib/system/libsystem_notify.dylib
0x0000000000246000 	/usr/lib/system/libsystem_platform.dylib
0x0000000000246000 	/usr/lib/system/libsystem_pthread.dylib
0x0000000000246000 	/usr/lib/system/libsystem_sandbox.dylib
0x0000000000246000 	/usr/lib/system/libsystem_secinit.dylib
0x0000000000246000 	/usr/lib/system/libsystem_trace.dylib
0x0000000000246000 	/usr/lib/system/libunc.dylib
0x0000000000246000 	/usr/lib/system/libunwind.dylib
0x0000000000246000 	/usr/lib/system/libxpc.dylib
0x0000000000246000 	/usr/lib/libenergytrace.dylib
0x0000000000246000 	/usr/lib/libbsm.0.dylib
0x0000000000246000 	/usr/lib/system/libkxld.dylib
0x0000000000246000 	/usr/lib/libxar.1.dylib
0x0000000000246000 	/usr/lib/libsqlite3.dylib
0x0000000000246000 	/usr/lib/libpam.2.dylib
0x0000000000246000 	/usr/lib/libOpenScriptingUtil.dylib
0x0000000000246000 	/usr/lib/libbz2.1.0.dylib
0x0000000000246000 	/usr/lib/liblzma.5.dylib
0x0000000000246000 	/System/Library/Frameworks/CoreServices.framework/Versions/A/Frameworks/FSEvents.framework/Versions/A/FSEvents
0x0000000000246000 	/System/Library/Frameworks/CoreServices.framework/Versions/A/Frameworks/CarbonCore.framework/Versions/A/CarbonCore
0x0000000000246000 	/System/Library/Frameworks/CoreServices.framework/Versions/A/Frameworks/Metadata.framework/Versions/A/Metadata
0x0000000000246000 	/System/Library/Frameworks/CoreServices.framework/Versions/A/Frameworks/OSServices.framework/Versions/A/OSServices
0x0000000000246000 	/System/Library/Frameworks/CoreServices.framework/Versions/A/Frameworks/SearchKit.framework/Versions/A/SearchKit
0x0000000000246000 	/System/Library/Frameworks/CoreServices.framework/Versions/A/Frameworks/AE.framework/Versions/A/AE
0x0000000000246000 	/System/Library/Frameworks/CoreServices.framework/Versions/A/Frameworks/LaunchServices.framework/Versions/A/LaunchServices
0x0000000000246000 	/System/Library/Frameworks/CoreServices.framework/Versions/A/Frameworks/DictionaryServices.framework/Versions/A/DictionaryServices
0x0000000000246000 	/System/Library/Frameworks/CoreServices.framework/Versions/A/Frameworks/SharedFileList.framework/Versions/A/SharedFileList
0x0000000000246000 	/System/Library/Frameworks/NetFS.framework/Versions/A/NetFS
0x0000000000246000 	/System/Library/PrivateFrameworks/NetAuth.framework/Versions/A/NetAuth
0x0000000000246000 	/System/Library/PrivateFrameworks/login.framework/Versions/A/Frameworks/loginsupport.framework/Versions/A/loginsupport
0x0000000000246000 	/System/Library/PrivateFrameworks/TCC.framework/Versions/A/TCC
0x0000000000246000 	/usr/lib/libmecabra.dylib
0x0000000000246000 	/System/Library/Frameworks/ApplicationServices.framework/Versions/A/Frameworks/ATS.framework/Versions/A/ATS
0x0000000000246000 	/System/Library/Frameworks/ApplicationServices.framework/Versions/A/Frameworks/ColorSync.framework/Versions/A/ColorSync
0x0000000000246000 	/System/Library/Frameworks/ApplicationServices.framework/Versions/A/Frameworks/HIServices.framework/Versions/A/HIServices
0x0000000000246000 	/System/Library/Frameworks/ApplicationServices.framework/Versions/A/Frameworks/LangAnalysis.framework/Versions/A/LangAnalysis
0x0000000000246000 	/System/Library/Frameworks/ApplicationServices.framework/Versions/A/Frameworks/PrintCore.framework/Versions/A/PrintCore
0x0000000000246000 	/System/Library/Frameworks/ApplicationServices.framework/Versions/A/Frameworks/QD.framework/Versions/A/QD
0x0000000000246000 	/System/Library/Frameworks/ApplicationServices.framework/Versions/A/Frameworks/SpeechSynthesis.framework/Versions/A/SpeechSynthesis
0x0000000000246000 	/System/Library/Frameworks/Metal.framework/Versions/A/Metal
0x0000000000246000 	/System/Library/Frameworks/Accelerate.framework/Versions/A/Frameworks/vImage.framework/Versions/A/vImage
0x0000000000246000 	/System/Library/Frameworks/Accelerate.framework/Versions/A/Frameworks/vecLib.framework/Versions/A/vecLib
0x0000000000246000 	/System/Library/Frameworks/Accelerate.framework/Versions/A/Frameworks/vecLib.framework/Versions/A/libvDSP.dylib
0x0000000000246000 	/System/Library/Frameworks/Accelerate.framework/Versions/A/Frameworks/vecLib.framework/Versions/A/libvMisc.dylib
0x0000000000246000 	/System/Library/Frameworks/Accelerate.framework/Versions/A/Frameworks/vecLib.framework/Versions/A/libLAPACK.dylib
0x0000000000246000 	/System/Library/Frameworks/Accelerate.framework/Versions/A/Frameworks/vecLib.framework/Versions/A/libBLAS.dylib
0x0000000000246000 	/System/Library/Frameworks/Accelerate.framework/Versions/A/Frameworks/vecLib.framework/Versions/A/libLinearAlgebra.dylib
0x0000000000246000 	/System/Library/Frameworks/Accelerate.framework/Versions/A/Frameworks/vecLib.framework/Versions/A/libSparseBLAS.dylib
0x0000000000246000 	/System/Library/PrivateFrameworks/GPUCompiler.framework/libmetal_timestamp.dylib
0x0000000000246000 	/System/Library/Frameworks/OpenGL.framework/Versions/A/Libraries/libCoreFSCache.dylib
0x0000000000246000 	/System/Library/PrivateFrameworks/IOAccelerator.framework/Versions/A/IOAccelerator
0x0000000000246000 	/System/Library/Frameworks/ApplicationServices.framework/Versions/A/Frameworks/ATS.framework/Versions/A/Resources/libFontParser.dylib
0x0000000000246000 	/System/Library/Frameworks/ApplicationServices.framework/Versions/A/Frameworks/ATS.framework/Versions/A/Resources/libFontRegistry.dylib
0x0000000000246000 	/System/Library/PrivateFrameworks/AppleVPA.framework/Versions/A/AppleVPA
0x0000000000246000 	/System/Library/PrivateFrameworks/AppleJPEG.framework/Versions/A/AppleJPEG
0x0000000000246000 	/System/Library/Frameworks/ImageIO.framework/Versions/A/Resources/libJPEG.dylib
0x0000000000246000 	/System/Library/Frameworks/ImageIO.framework/Versions/A/Resources/libTIFF.dylib
0x0000000000246000 	/System/Library/Frameworks/ImageIO.framework/Versions/A/Resources/libPng.dylib
0x0000000000246000 	/System/Library/Frameworks/ImageIO.framework/Versions/A/Resources/libGIF.dylib
0x0000000000246000 	/System/Library/Frameworks/ImageIO.framework/Versions/A/Resources/libJP2.dylib
0x0000000000246000 	/System/Library/Frameworks/ImageIO.framework/Versions/A/Resources/libRadiance.dylib
0x0000000000246000 	/System/Library/Frameworks/CoreVideo.framework/Versions/A/CoreVideo
0x0000000000246000 	/System/Library/Frameworks/OpenGL.framework/Versions/A/Libraries/libGLU.dylib
0x0000000000246000 	/System/Library/Frameworks/OpenGL.framework/Versions/A/Libraries/libGFXShared.dylib
0x0000000000246000 	/System/Library/Frameworks/OpenGL.framework/Versions/A/Libraries/libGL.dylib
0x0000000000246000 	/System/Library/Frameworks/OpenGL.framework/Versions/A/Libraries/libGLImage.dylib
0x0000000000246000 	/System/Library/Frameworks/OpenGL.framework/Versions/A/Libraries/libCVMSPluginSupport.dylib
0x0000000000246000 	/System/Library/Frameworks/OpenGL.framework/Versions/A/Libraries/libCoreVMClient.dylib
0x0000000000246000 	/usr/lib/libcups.2.dylib
0x0000000000246000 	/System/Library/Frameworks/Kerberos.framework/Versions/A/Kerberos
0x0000000000246000 	/System/Library/Frameworks/GSS.framework/Versions/A/GSS
0x0000000000246000 	/usr/lib/libresolv.9.dylib
0x0000000000246000 	/usr/lib/libiconv.2.dylib
0x0000000000246000 	/System/Library/PrivateFrameworks/Heimdal.framework/Versions/A/Heimdal
0x0000000000246000 	/usr/lib/libheimdal-asn1.dylib
0x0000000000246000 	/System/Library/Frameworks/OpenDirectory.framework/Versions/A/OpenDirectory
0x0000000000246000 	/System/Library/PrivateFrameworks/CommonAuth.framework/Versions/A/CommonAuth
0x0000000000246000 	/System/Library/Frameworks/OpenDirectory.framework/Versions/A/Frameworks/CFOpenDirectory.framework/Versions/A/CFOpenDirectory
0x0000000000246000 	/System/Library/Frameworks/SecurityFoundation.framework/Versions/A/SecurityFoundation
0x0000000000246000 	/System/Library/PrivateFrameworks/LanguageModeling.framework/Versions/A/LanguageModeling
0x0000000000246000 	/usr/lib/libmarisa.dylib
0x0000000000246000 	/usr/lib/libChineseTokenizer.dylib
0x0000000000246000 	/usr/lib/libcmph.dylib
0x0000000000246000 	/usr/lib/libcompression.dylib
0x0000000000246000 	/System/Library/Frameworks/ServiceManagement.framework/Versions/A/ServiceManagement
0x0000000000246000 	/usr/lib/libxslt.1.dylib
0x0000000000246000 	/System/Library/Frameworks/Carbon.framework/Versions/A/Frameworks/Ink.framework/Versions/A/Ink
0x0000000000246000 	/usr/lib/libFosl_dynamic.dylib
0x0000000000246000 	/System/Library/PrivateFrameworks/FaceCore.framework/Versions/A/FaceCore
0x0000000000246000 	/System/Library/Frameworks/OpenCL.framework/Versions/A/OpenCL
0x0000000000246000 	/System/Library/PrivateFrameworks/CrashReporterSupport.framework/Versions/A/CrashReporterSupport
0x0000000000246000 	/System/Library/PrivateFrameworks/IconServices.framework/Versions/A/IconServices
0x0000000000246000 	/System/Library/PrivateFrameworks/Apple80211.framework/Versions/A/Apple80211
0x0000000000246000 	/System/Library/Frameworks/CoreWLAN.framework/Versions/A/CoreWLAN
0x0000000000246000 	/System/Library/Frameworks/IOBluetooth.framework/Versions/A/IOBluetooth
0x0000000000246000 	/System/Library/PrivateFrameworks/CoreWiFi.framework/Versions/A/CoreWiFi
0x0000000000246000 	/System/Library/Frameworks/CoreBluetooth.framework/Versions/A/CoreBluetooth
0x0000000000246000 	/System/Library/PrivateFrameworks/ChunkingLibrary.framework/Versions/A/ChunkingLibrary
0x0000000000246000 	/System/Library/PrivateFrameworks/DebugSymbols.framework/Versions/A/DebugSymbols
0x0000000000246000 	/System/Library/PrivateFrameworks/CoreSymbolication.framework/Versions/A/CoreSymbolication
0x0000000000246000 	/System/Library/PrivateFrameworks/Symbolication.framework/Versions/A/Symbolication
0x0000000000246000 	/System/Library/PrivateFrameworks/SpeechRecognitionCore.framework/Versions/A/SpeechRecognitionCore
0x0000000106600000 	/Library/Java/JavaVirtualMachines/jdk1.8.0_77.jdk/Contents/Home/jre/lib/server/libjvm.dylib
0x0000000000246000 	/usr/lib/libstdc++.6.dylib
0x0000000105c33000 	/Library/Java/JavaVirtualMachines/jdk1.8.0_77.jdk/Contents/Home/jre/lib/libverify.dylib
0x0000000105c41000 	/Library/Java/JavaVirtualMachines/jdk1.8.0_77.jdk/Contents/Home/jre/lib/libjava.dylib
0x0000000105c80000 	/Library/Java/JavaVirtualMachines/jdk1.8.0_77.jdk/Contents/Home/jre/lib/libzip.dylib
0x000000011cd7f000 	/System/Library/Frameworks/JavaVM.framework/Frameworks/JavaRuntimeSupport.framework/JavaRuntimeSupport
0x000000011cd9a000 	/System/Library/Frameworks/JavaVM.framework/Versions/A/Frameworks/JavaNativeFoundation.framework/Versions/A/JavaNativeFoundation
0x000000011cdaf000 	/System/Library/Frameworks/JavaVM.framework/Versions/A/JavaVM
0x0000000000246000 	/System/Library/Frameworks/Carbon.framework/Versions/A/Carbon
0x000000011cdbc000 	/System/Library/PrivateFrameworks/JavaLaunching.framework/Versions/A/JavaLaunching
0x0000000000246000 	/System/Library/Frameworks/Carbon.framework/Versions/A/Frameworks/CommonPanels.framework/Versions/A/CommonPanels
0x0000000000246000 	/System/Library/Frameworks/Carbon.framework/Versions/A/Frameworks/Help.framework/Versions/A/Help
0x0000000000246000 	/System/Library/Frameworks/Carbon.framework/Versions/A/Frameworks/ImageCapture.framework/Versions/A/ImageCapture
0x0000000000246000 	/System/Library/Frameworks/Carbon.framework/Versions/A/Frameworks/OpenScripting.framework/Versions/A/OpenScripting
0x0000000000246000 	/System/Library/Frameworks/Carbon.framework/Versions/A/Frameworks/Print.framework/Versions/A/Print
0x0000000000246000 	/System/Library/Frameworks/Carbon.framework/Versions/A/Frameworks/SecurityHI.framework/Versions/A/SecurityHI
0x000000011e83d000 	/Applications/IntelliJ IDEA CE.app/Contents/bin/libbreakgen64.jnilib
0x000000011e840000 	/Library/Java/JavaVirtualMachines/jdk1.8.0_77.jdk/Contents/Home/jre/lib/libnet.dylib
0x000000011e935000 	/Library/Java/JavaVirtualMachines/jdk1.8.0_77.jdk/Contents/Home/jre/lib/libprism_es2.dylib
0x0000000000246000 	/System/Library/Frameworks/OpenGL.framework/Versions/A/Resources/GLEngine.bundle/GLEngine
0x0000000000246000 	/System/Library/Frameworks/OpenGL.framework/Versions/A/Libraries/libGLProgrammability.dylib
0x000000011e9b7000 	/System/Library/Extensions/AppleIntelHD4000GraphicsGLDriver.bundle/Contents/MacOS/AppleIntelHD4000GraphicsGLDriver
0x0000000000246000 	/System/Library/PrivateFrameworks/GPUSupport.framework/Versions/A/Libraries/libGPUSupportMercury.dylib
0x0000000000246000 	/System/Library/Frameworks/OpenGL.framework/Versions/A/Resources/GLRendererFloat.bundle/GLRendererFloat
0x0000000000246000 	/System/Library/Frameworks/OpenCL.framework/Versions/A/Libraries/libcldcpuengine.dylib
0x0000000000246000 	/System/Library/PrivateFrameworks/DiskImages.framework/Versions/A/DiskImages
0x0000000000246000 	/System/Library/Frameworks/DiscRecording.framework/Versions/A/DiscRecording
0x0000000000246000 	/usr/lib/libcsfde.dylib
0x0000000000246000 	/usr/lib/libcurl.4.dylib
0x0000000000246000 	/System/Library/PrivateFrameworks/MediaKit.framework/Versions/A/MediaKit
0x0000000000246000 	/System/Library/PrivateFrameworks/ProtectedCloudStorage.framework/Versions/A/ProtectedCloudStorage
0x0000000000246000 	/usr/lib/libCoreStorage.dylib
0x0000000000246000 	/System/Library/PrivateFrameworks/EFILogin.framework/Versions/A/EFILogin
0x0000000000246000 	/usr/lib/libutil.dylib
0x0000000000246000 	/System/Library/PrivateFrameworks/FindMyDevice.framework/Versions/A/FindMyDevice
0x0000000000246000 	/System/Library/Frameworks/LDAP.framework/Versions/A/LDAP
0x0000000000246000 	/usr/lib/libsasl2.2.dylib
0x0000000000246000 	/System/Library/PrivateFrameworks/CoreDaemon.framework/Versions/B/CoreDaemon
0x0000000000246000 	/usr/lib/libcrypto.0.9.8.dylib
0x0000000000246000 	/System/Library/PrivateFrameworks/AppleSRP.framework/Versions/A/AppleSRP
0x0000000000246000 	/System/Library/PrivateFrameworks/TrustEvaluationAgent.framework/Versions/A/TrustEvaluationAgent
0x000000011f4b0000 	/Library/Java/JavaVirtualMachines/jdk1.8.0_77.jdk/Contents/Home/jre/lib/libglass.dylib
0x0000000000246000 	/System/Library/PrivateFrameworks/CoreServicesInternal.framework/Versions/A/CoreServicesInternal
0x0000000000246000 	/System/Library/CoreServices/RawCamera.bundle/Contents/MacOS/RawCamera
0x0000000000246000 	/System/Library/Frameworks/CoreGraphics.framework/Versions/A/Resources/libRIP.A.dylib
0x0000000000246000 	/System/Library/Frameworks/Accelerate.framework/Versions/A/Frameworks/vImage.framework/Versions/A/Libraries/libCGInterfaces.dylib
0x0000000000246000 	/System/Library/PrivateFrameworks/FamilyControls.framework/Versions/A/FamilyControls
0x0000000000246000 	/System/Library/PrivateFrameworks/CommerceKit.framework/Versions/A/Frameworks/CommerceCore.framework/Versions/A/CommerceCore
0x0000000000246000 	/System/Library/PrivateFrameworks/SystemAdministration.framework/Versions/A/SystemAdministration
0x0000000000246000 	/System/Library/PrivateFrameworks/AppContainer.framework/Versions/A/AppContainer
0x0000000000246000 	/System/Library/PrivateFrameworks/SecCodeWrapper.framework/Versions/A/SecCodeWrapper
0x0000000000246000 	/System/Library/Frameworks/DirectoryService.framework/Versions/A/DirectoryService
0x0000000000246000 	/System/Library/PrivateFrameworks/LoginUIKit.framework/Versions/A/Frameworks/LoginUICore.framework/Versions/A/LoginUICore
0x0000000000246000 	/usr/lib/libodfde.dylib
0x0000000122d63000 	/Library/Java/JavaVirtualMachines/jdk1.8.0_77.jdk/Contents/Home/jre/lib/libjavafx_font.dylib
0x0000000000246000 	/System/Library/Frameworks/CoreGraphics.framework/Versions/A/Resources/libCGXType.A.dylib
0x0000000122dbb000 	/Library/Java/JavaVirtualMachines/jdk1.8.0_77.jdk/Contents/Home/jre/lib/libglib-lite.dylib
0x0000000122edc000 	/Library/Java/JavaVirtualMachines/jdk1.8.0_77.jdk/Contents/Home/jre/lib/libgstreamer-lite.dylib
0x0000000123054000 	/Library/Java/JavaVirtualMachines/jdk1.8.0_77.jdk/Contents/Home/jre/lib/libjfxmedia.dylib
0x000000012308f000 	/Library/Java/JavaVirtualMachines/jdk1.8.0_77.jdk/Contents/Home/jre/lib/libjfxmedia_avf.dylib
0x0000000000246000 	/System/Library/Frameworks/AVFoundation.framework/Versions/A/AVFoundation
0x0000000000246000 	/System/Library/Frameworks/CoreMedia.framework/Versions/A/CoreMedia
0x0000000000246000 	/System/Library/Frameworks/MediaToolbox.framework/Versions/A/MediaToolbox
0x0000000000246000 	/System/Library/Frameworks/AVFoundation.framework/Versions/A/Resources/libAVFAudio.dylib
0x0000000000246000 	/System/Library/Frameworks/VideoToolbox.framework/Versions/A/VideoToolbox
0x0000000000246000 	/System/Library/Frameworks/CoreMediaIO.framework/Versions/A/CoreMediaIO
0x0000000000246000 	/usr/lib/libspindump.dylib
0x0000000000246000 	/System/Library/PrivateFrameworks/CoreAVCHD.framework/Versions/A/CoreAVCHD
0x0000000000246000 	/System/Library/Frameworks/MediaAccessibility.framework/Versions/A/MediaAccessibility
0x0000000000246000 	/System/Library/PrivateFrameworks/Mangrove.framework/Versions/A/Mangrove
0x0000000000246000 	/System/Library/PrivateFrameworks/CoreAUC.framework/Versions/A/CoreAUC
0x0000000000246000 	/System/Library/PrivateFrameworks/AppleVA.framework/Versions/A/AppleVA
0x0000000000246000 	/System/Library/PrivateFrameworks/XPCService.framework/Versions/A/XPCService
0x0000000000246000 	/System/Library/PrivateFrameworks/AppSandbox.framework/Versions/A/AppSandbox
0x0000000000246000 	/usr/lib/libsandbox.1.dylib
0x0000000000246000 	/usr/lib/libMatch.1.dylib
0x00000001230c4000 	/Library/Java/JavaVirtualMachines/jdk1.8.0_77.jdk/Contents/Home/jre/lib/libjfxmedia_qtkit.dylib
0x0000000000246000 	/System/Library/Frameworks/QTKit.framework/Versions/A/QTKit
0x0000000000246000 	/System/Library/PrivateFrameworks/CoreMediaAuthoring.framework/Versions/A/CoreMediaAuthoring
0x00000001230d1000 	/Library/Java/JavaVirtualMachines/jdk1.8.0_77.jdk/Contents/Home/jre/lib/libfxplugins.dylib
0x00000001230fc000 	/System/Library/Frameworks/VideoDecodeAcceleration.framework/Versions/A/VideoDecodeAcceleration
0x0000000123103000 	/Library/Java/JavaVirtualMachines/jdk1.8.0_77.jdk/Contents/Home/jre/lib/libnio.dylib
0x0000000123113000 	/System/Library/Extensions/AppleHDA.kext/Contents/PlugIns/AppleHDAHALPlugIn.bundle/Contents/MacOS/AppleHDAHALPlugIn
0x0000000123146000 	/System/Library/Components/CoreAudio.component/Contents/MacOS/CoreAudio
0x0000000000246000 	/System/Library/PrivateFrameworks/AppleGVA.framework/Versions/A/AppleGVA
0x0000000123610000 	/System/Library/Extensions/AppleIntelHD4000GraphicsVADriver.bundle/Contents/MacOS/AppleIntelHD4000GraphicsVADriver
0x000000012381c000 	/System/Library/Extensions/AppleIntelIVBVA.bundle/Contents/MacOS/AppleIntelIVBVA
0x0000000123825000 	/System/Library/Components/AudioCodecs.component/Contents/MacOS/AudioCodecs
0x0000000128f98000 	/Library/Java/JavaVirtualMachines/jdk1.8.0_77.jdk/Contents/Home/jre/lib/libprism_common.dylib
0x000000012ae77000 	cl_kernels
0x0000000000246000 	/System/Library/Frameworks/OpenCL.framework/Versions/A/Libraries/ImageFormats/unorm8_bgra.dylib
0x0000000000246000 	/System/Library/Frameworks/OpenCL.framework/Versions/A/Libraries/ImageFormats/unorm8_rgba.dylib
0x000000012b6f5000 	/System/Library/Extensions/AppleIntelHD4000GraphicsMTLDriver.bundle/Contents/MacOS/AppleIntelHD4000GraphicsMTLDriver
0x000000012669e000 	/Library/Java/JavaVirtualMachines/jdk1.8.0_77.jdk/Contents/Home/jre/lib/libjavafx_iio.dylib

VM Arguments:
jvm_args: -Didea.launcher.port=7532 -Didea.launcher.bin.path=/Applications/IntelliJ IDEA CE.app/Contents/bin -Dfile.encoding=UTF-8 
java_command: com.intellij.rt.execution.application.AppMain Launcher
java_class_path (initial): /Library/Java/JavaVirtualMachines/jdk1.8.0_77.jdk/Contents/Home/jre/lib/charsets.jar:/Library/Java/JavaVirtualMachines/jdk1.8.0_77.jdk/Contents/Home/jre/lib/deploy.jar:/Library/Java/JavaVirtualMachines/jdk1.8.0_77.jdk/Contents/Home/jre/lib/ext/cldrdata.jar:/Library/Java/JavaVirtualMachines/jdk1.8.0_77.jdk/Contents/Home/jre/lib/ext/dnsns.jar:/Library/Java/JavaVirtualMachines/jdk1.8.0_77.jdk/Contents/Home/jre/lib/ext/jaccess.jar:/Library/Java/JavaVirtualMachines/jdk1.8.0_77.jdk/Contents/Home/jre/lib/ext/jfxrt.jar:/Library/Java/JavaVirtualMachines/jdk1.8.0_77.jdk/Contents/Home/jre/lib/ext/localedata.jar:/Library/Java/JavaVirtualMachines/jdk1.8.0_77.jdk/Contents/Home/jre/lib/ext/nashorn.jar:/Library/Java/JavaVirtualMachines/jdk1.8.0_77.jdk/Contents/Home/jre/lib/ext/sunec.jar:/Library/Java/JavaVirtualMachines/jdk1.8.0_77.jdk/Contents/Home/jre/lib/ext/sunjce_provider.jar:/Library/Java/JavaVirtualMachines/jdk1.8.0_77.jdk/Contents/Home/jre/lib/ext/sunpkcs11.jar:/Library/Java/JavaVirtualMachines/jdk1.8.0_77.jdk/Contents/Home/jre/lib/ext/zipfs.jar:/Library/Java/JavaVirtualMachines/jdk1.8.0_77.jdk/Contents/Home/jre/lib/javaws.jar:/Library/Java/JavaVirtualMachines/jdk1.8.0_77.jdk/Contents/Home/jre/lib/jce.jar:/Library/Java/JavaVirtualMachines/jdk1.8.0_77.jdk/Contents/Home/jre/lib/jfr.jar:/Library/Java/JavaVirtualMachines/jdk1.8.0_77.jdk/Contents/Home/jre/lib/jfxswt.jar:/Library/Java/JavaVirtualMachines/jdk1.8.0_77.jdk/Contents/Home/jre/lib/jsse.jar:/Library/Java/JavaVirtualMachines/jdk1.8.0_77.jdk/Contents/Home/jre/lib/management-agent.jar:/Library/Java/JavaVirtualMachines/jdk1.8.0_77.jdk/Contents/Home/jre/lib/plugin.jar:/Library/Java/JavaVirtualMachines/jdk1.8.0_77.jdk/Contents/Home/jre/lib/resources.jar:/Library/Java/JavaVirtualMachines/jdk1.8.0_77.jdk/Contents/Home/jre/lib/rt.jar:/Library/Java/JavaVirtualMachines/jdk1.8.0_77.jdk/Contents/Home/lib/ant-javafx.jar:/Library/Java/JavaVirtualMachines/jdk1.8.0_77.jdk/Contents/Home/lib/dt.jar:/Library/Ja
Launcher Type: SUN_STANDARD

Environment Variables:
PATH=/usr/local/bin:/usr/bin:/bin:/usr/sbin:/sbin
SHELL=/bin/zsh

Signal Handlers:
SIGSEGV: [libjvm.dylib+0x5a6855], sa_mask[0]=11111111011111110111111111111111, sa_flags=SA_ONSTACK|SA_RESTART|SA_SIGINFO
SIGBUS: [libjvm.dylib+0x5a6855], sa_mask[0]=11111111011111110111111111111111, sa_flags=SA_RESTART|SA_SIGINFO
SIGFPE: [libjvm.dylib+0x4804ec], sa_mask[0]=11111111011111110111111111111111, sa_flags=SA_RESTART|SA_SIGINFO
SIGPIPE: [libjvm.dylib+0x4804ec], sa_mask[0]=11111111011111110111111111111111, sa_flags=SA_RESTART|SA_SIGINFO
SIGXFSZ: [libjvm.dylib+0x4804ec], sa_mask[0]=11111111011111110111111111111111, sa_flags=SA_RESTART|SA_SIGINFO
SIGILL: [libjvm.dylib+0x4804ec], sa_mask[0]=11111111011111110111111111111111, sa_flags=SA_RESTART|SA_SIGINFO
SIGUSR1: SIG_DFL, sa_mask[0]=00000000000000000000000000000000, sa_flags=none
SIGUSR2: [libjvm.dylib+0x48000a], sa_mask[0]=00100000000000000000000000000000, sa_flags=SA_RESTART|SA_SIGINFO
SIGHUP: [AudioToolbox+0xedc42], sa_mask[0]=00000000000000000000000000000000, sa_flags=SA_RESTART
SIGINT: [libjvm.dylib+0x47e5e1], sa_mask[0]=11111111011111110111111111111111, sa_flags=SA_RESTART|SA_SIGINFO
SIGTERM: [libjvm.dylib+0x47e5e1], sa_mask[0]=11111111011111110111111111111111, sa_flags=SA_RESTART|SA_SIGINFO
SIGQUIT: [libjvm.dylib+0x47e5e1], sa_mask[0]=11111111011111110111111111111111, sa_flags=SA_RESTART|SA_SIGINFO


---------------  S Y S T E M  ---------------

OS:Bsduname:Darwin 15.4.0 Darwin Kernel Version 15.4.0: Fri Feb 26 22:08:05 PST 2016; root:xnu-3248.40.184~3/RELEASE_X86_64 x86_64
rlimit: STACK 8192k, CORE 0k, NPROC 709, NOFILE 10240, AS infinity
load average:6.04 3.14 2.69

CPU:total 4 (2 cores per cpu, 2 threads per core) family 6 model 58 stepping 9, cmov, cx8, fxsr, mmx, sse, sse2, sse3, ssse3, sse4.1, sse4.2, popcnt, avx, aes, clmul, erms, ht, tsc, tscinvbit, tscinv

Memory: 4k page, physical 8388608k(82160k free)

/proc/meminfo:


vm_info: Java HotSpot(TM) 64-Bit Server VM (25.77-b03) for bsd-amd64 JRE (1.8.0_77-b03), built on Mar 20 2016 22:14:03 by "java_re" with gcc 4.2.1 (Based on Apple Inc. build 5658) (LLVM build 2336.11.00)

time: Wed Apr 20 17:17:55 2016
elapsed time: 48 seconds (0d 0h 0m 48s)

