#
# A fatal error has been detected by the Java Runtime Environment:
#
#  SIGSEGV (0xb) at pc=0x000000012d21885e, pid=4566, tid=104707
#
# JRE version: Java(TM) SE Runtime Environment (8.0_77-b03) (build 1.8.0_77-b03)
# Java VM: Java HotSpot(TM) 64-Bit Server VM (25.77-b03 mixed mode bsd-amd64 compressed oops)
# Problematic frame:
# C  [libjfxmedia_avf.dylib+0x785e]  AVFKernelComponent::ProcessBufferLists(unsigned int&, AudioBufferList const&, AudioBufferList&, unsigned int)+0x22
#
# Failed to write core dump. Core dumps have been disabled. To enable core dumping, try "ulimit -c unlimited" before starting Java again
#
# If you would like to submit a bug report, please visit:
#   http://bugreport.java.com/bugreport/crash.jsp
#

---------------  T H R E A D  ---------------

Current thread is native thread

siginfo: si_signo: 11 (SIGSEGV), si_code: 0 (unknown), si_addr: 0x0000000000000000

Registers:
RAX=0x3000000000000000, RBX=0x00007000028b8a54, RCX=0x00007ffc73d35710, RDX=0x00007ffc73d35740
RSP=0x00007000028b87a0, RBP=0x00007000028b87a0, RSI=0x00007000028b8a54, RDI=0x00007ffc717eefb0
R8 =0x0000000000001000, R9 =0x00007000028b85b7, R10=0x000000012d233290, R11=0xffffffffffffffd0
R12=0x00007ffc73d37a60, R13=0x00007ffc73d35740, R14=0x000000012d21883c, R15=0x0000000000001000
RIP=0x000000012d21885e, EFLAGS=0x0000000000010202, ERR=0x0000000000000000
  TRAPNO=0x000000000000000d

Top of Stack: (sp=0x00007000028b87a0)
0x00007000028b87a0:   00007000028b8800 000000012d221ab2
0x00007000028b87b0:   0000000000000000 00007000028b8a54
0x00007000028b87c0:   0000000000000000 0000000000000000
0x00007000028b87d0:   0000000000000000 00007000028b8a54
0x00007000028b87e0:   00007ffc73d37a60 00007ffc73d35350
0x00007000028b87f0:   00007ffc73d365f0 0000000000001000
0x00007000028b8800:   00007000028b8850 000000012d21c369
0x00007000028b8810:   00007000028b8840 00007000028b8a78
0x00007000028b8820:   00000000028b8830 0000000000009fe0
0x00007000028b8830:   00007ffc73d35350 00000000ffffffce
0x00007000028b8840:   0000000000001000 00007ffc73d37a60
0x00007000028b8850:   00007000028b88c0 000000012d21a9a1
0x00007000028b8860:   00007ffc73d365f0 00009fe090ced07b
0x00007000028b8870:   00007000028b8a54 00007000028b8a78
0x00007000028b8880:   00000000028b88e0 00007ffc73d365f0
0x00007000028b8890:   00009fe000000000 00000000ffffffce
0x00007000028b88a0:   00007000028b8a54 0000000000000000
0x00007000028b88b0:   0000000000001000 00007000028b8a78
0x00007000028b88c0:   00007000028b88e0 000000012d21e996
0x00007000028b88d0:   00000000fffffffc 00007ffc73d360f0
0x00007000028b88e0:   00007000028b8920 000000012d21d777
0x00007000028b88f0:   00007ffc73d360f0 00007000028b8a78
0x00007000028b8900:   00007ffc73d358c0 00000000ffffd584
0x00007000028b8910:   00007000028b8a54 0000000000001000
0x00007000028b8920:   00007000028b8980 000000012d2218f0
0x00007000028b8930:   0000000000000000 00007000028b8a54
0x00007000028b8940:   0000000000000000 0000000000000000
0x00007000028b8950:   0000000000000000 00007000028b8a54
0x00007000028b8960:   00007ffc73d358c0 00007ffc73d361e0
0x00007000028b8970:   00007ffc73c82338 0000000000001000
0x00007000028b8980:   00007000028b89d0 000000012d21c369
0x00007000028b8990:   00007000028b89c0 00007000028b8a78 

Instructions: (pc=0x000000012d21885e)
0x000000012d21883e:   89 e5 80 bf d0 01 00 00 00 74 06 5d e9 bf 92 00
0x000000012d21884e:   00 48 8b bf d8 01 00 00 48 85 ff 74 0a 48 8b 07
0x000000012d21885e:   48 8b 40 28 5d ff e0 31 c0 5d c3 90 55 48 89 e5
0x000000012d21886e:   41 57 41 56 41 55 41 54 53 50 4d 89 c6 41 89 d5 

Register to memory mapping:

RAX=0x3000000000000000 is an unknown value
RBX=0x00007000028b8a54 is an unknown value
RCX=0x00007ffc73d35710 is an unknown value
RDX=0x00007ffc73d35740 is an unknown value
RSP=0x00007000028b87a0 is an unknown value
RBP=0x00007000028b87a0 is an unknown value
RSI=0x00007000028b8a54 is an unknown value
RDI=0x00007ffc717eefb0 is an unknown value
R8 =0x0000000000001000 is an unknown value
R9 =0x00007000028b85b7 is an unknown value
R10=0x000000012d233290: _ZTV18AVFEqualizerKernel+0x10 in /Library/Java/JavaVirtualMachines/jdk1.8.0_77.jdk/Contents/Home/jre/lib/libjfxmedia_avf.dylib at 0x000000012d211000
R11=0xffffffffffffffd0 is an unknown value
R12=0x00007ffc73d37a60 is an unknown value
R13=0x00007ffc73d35740 is an unknown value
R14=0x000000012d21883c: _ZN18AVFKernelComponent18ProcessBufferListsERjRK15AudioBufferListRS1_j+0 in /Library/Java/JavaVirtualMachines/jdk1.8.0_77.jdk/Contents/Home/jre/lib/libjfxmedia_avf.dylib at 0x000000012d211000
R15=0x0000000000001000 is an unknown value


Stack: [0x0000700002839000,0x00007000028b9000],  sp=0x00007000028b87a0,  free space=509k
Native frames: (J=compiled Java code, j=interpreted, Vv=VM code, C=native code)
C  [libjfxmedia_avf.dylib+0x785e]  AVFKernelComponent::ProcessBufferLists(unsigned int&, AudioBufferList const&, AudioBufferList&, unsigned int)+0x22
C  [libjfxmedia_avf.dylib+0x10ab2]  AUEffectBase::Render(unsigned int&, AudioTimeStamp const&, unsigned int)+0x240
C  [libjfxmedia_avf.dylib+0xb369]  AUBase::DoRenderBus(unsigned int&, AudioTimeStamp const&, unsigned int, AUOutputElement*, unsigned int, AudioBufferList&)+0xa9
C  [libjfxmedia_avf.dylib+0x99a1]  AUBase::DoRender(unsigned int&, AudioTimeStamp const&, unsigned int, unsigned int, AudioBufferList&)+0x1b9
C  [libjfxmedia_avf.dylib+0xd996]  AUMethodRender(void*, unsigned int*, AudioTimeStamp const*, unsigned int, unsigned int, AudioBufferList*)+0x2e
C  [libjfxmedia_avf.dylib+0xc777]  AUInputElement::PullInput(unsigned int&, AudioTimeStamp const&, unsigned int, unsigned int)+0x8d
C  [libjfxmedia_avf.dylib+0x108f0]  AUEffectBase::Render(unsigned int&, AudioTimeStamp const&, unsigned int)+0x7e
C  [libjfxmedia_avf.dylib+0xb369]  AUBase::DoRenderBus(unsigned int&, AudioTimeStamp const&, unsigned int, AUOutputElement*, unsigned int, AudioBufferList&)+0xa9
C  [libjfxmedia_avf.dylib+0x99a1]  AUBase::DoRender(unsigned int&, AudioTimeStamp const&, unsigned int, unsigned int, AudioBufferList&)+0x1b9
C  [libjfxmedia_avf.dylib+0xd996]  AUMethodRender(void*, unsigned int*, AudioTimeStamp const*, unsigned int, unsigned int, AudioBufferList*)+0x2e
C  [libjfxmedia_avf.dylib+0x54b1]  ProcessAudioTap(void const*, long, unsigned int, AudioBufferList*, long*, unsigned int*)+0x63
C  [MediaToolbox+0x35f1e7]  MTAudioProcessingTapGetSourceAudio+0x103d
C  [AudioToolbox+0xc45e8]  AQClientCallProcessingTap(void*, unsigned int, AudioTimeStamp*, unsigned int*, unsigned int*, AudioBufferList*, int, double, unsigned int, double, unsigned int, unsigned char const*, unsigned int)+0x5d
C  [AudioToolbox+0x117a3c]  AQProcessingTap::DoCallout(unsigned int&, AudioTimeStamp&, unsigned int&, AudioBufferList&)+0xc2
C  [AudioToolbox+0x117847]  AudioQueueObject::PerformTapInternal(AudioTimeStamp&, unsigned int&, unsigned int&)+0x81
C  [AudioToolbox+0x117748]  AudioQueueObject::PerformProcessingTap(int (*)(void*, unsigned int&, AudioTimeStamp const&, unsigned int, AudioBufferList&, double&, unsigned int&), void*, AudioTimeStamp&, unsigned int&, AudioBufferList&, unsigned int&)+0xcc
C  [AudioToolbox+0x1247f3]  MEMixerChannel::TapDownstream(void*, unsigned int*, AudioTimeStamp const*, unsigned int, unsigned int, AudioBufferList*)+0x81
C  [CoreAudio+0x8d73]  AUInputElement::PullInput(unsigned int&, AudioTimeStamp const&, unsigned int, unsigned int)+0xb5
C  [CoreAudio+0x732cf]  AUDeferredRenderer::Produce()+0x211
C  [CoreAudio+0x73035]  AUDeferredRenderer::ProducerThreadProc()+0x31
C  [CoreAudio+0x735b7]  AUDeferredRenderer::ProducerThreadProc(void*)+0x1f
C  [CoreAudio+0x72360]  CAPThread::Entry(CAPThread*)+0x50
C  [libsystem_pthread.dylib+0x399d]  _pthread_body+0x83
C  [libsystem_pthread.dylib+0x391a]  _pthread_body+0x0
C  [libsystem_pthread.dylib+0x1351]  thread_start+0xd


---------------  P R O C E S S  ---------------

VM state:not at safepoint (normal execution)

VM Mutex/Monitor currently owned by a thread: None

Heap:
 PSYoungGen      total 26112K, used 18940K [0x0000000795580000, 0x0000000798d80000, 0x00000007c0000000)
  eden space 25600K, 73% used [0x0000000795580000,0x00000007967ef2a8,0x0000000796e80000)
  from space 512K, 12% used [0x0000000796f00000,0x0000000796f10000,0x0000000796f80000)
  to   space 15872K, 0% used [0x0000000797e00000,0x0000000797e00000,0x0000000798d80000)
 ParOldGen       total 87552K, used 35917K [0x0000000740000000, 0x0000000745580000, 0x0000000795580000)
  object space 87552K, 41% used [0x0000000740000000,0x0000000742313628,0x0000000745580000)
 Metaspace       used 19997K, capacity 20982K, committed 21120K, reserved 1067008K
  class space    used 2626K, capacity 2871K, committed 2944K, reserved 1048576K

Card table byte_map: [0x00000001209c0000,0x0000000120dc1000] byte_map_base: 0x000000011cfc0000

Marking Bits: (ParMarkBitMap*) 0x0000000110694ea0
 Begin Bits: [0x000000012106c000, 0x000000012306c000)
 End Bits:   [0x000000012306c000, 0x000000012506c000)

Polling page: 0x0000000110d83000

CodeCache: size=245760Kb used=8966Kb max_used=8966Kb free=236793Kb
 bounds [0x0000000111600000, 0x0000000111f00000, 0x0000000120600000]
 total_blobs=3535 nmethods=2808 adapters=640
 compilation: enabled

Compilation events (10 events):
Event: 75.978 Thread 0x00007ffc72801000 3063       3       com.sun.javafx.tk.quantum.GlassViewEventHandler::access$700 (5 bytes)
Event: 75.978 Thread 0x00007ffc72801000 nmethod 3063 0x000000011183ab50 code [0x000000011183acc0, 0x000000011183ae28]
Event: 75.978 Thread 0x00007ffc72801000 3064       3       com.sun.javafx.tk.quantum.GlassViewEventHandler::mouseEventButton (44 bytes)
Event: 75.979 Thread 0x00007ffc72801000 nmethod 3064 0x00000001119d07d0 code [0x00000001119d0940, 0x00000001119d0af0]
Event: 75.979 Thread 0x00007ffc72801000 3065       3       javafx.scene.Scene$ScenePeerListener::mouseEvent (50 bytes)
Event: 75.979 Thread 0x00007ffc72801000 nmethod 3065 0x0000000111ec94d0 code [0x0000000111ec9660, 0x0000000111ec9a98]
Event: 75.979 Thread 0x00007ffc72801000 3066       3       javafx.scene.Scene::impl_processMouseEvent (10 bytes)
Event: 75.979 Thread 0x00007ffc72801000 nmethod 3066 0x0000000111982a90 code [0x0000000111982c00, 0x0000000111982e08]
Event: 76.729 Thread 0x00007ffc72801000 3067       3       javafx.scene.Scene::getUserAgentStylesheet (22 bytes)
Event: 76.729 Thread 0x00007ffc72801000 nmethod 3067 0x00000001119cfa50 code [0x00000001119cfbe0, 0x00000001119cff48]

GC Heap History (10 events):
Event: 53.258 GC heap before
{Heap before GC invocations=16 (full 1):
 PSYoungGen      total 46080K, used 28288K [0x0000000795580000, 0x0000000799500000, 0x00000007c0000000)
  eden space 28160K, 100% used [0x0000000795580000,0x0000000797100000,0x0000000797100000)
  from space 17920K, 0% used [0x0000000798380000,0x00000007983a0000,0x0000000799500000)
  to   space 18432K, 0% used [0x0000000797100000,0x0000000797100000,0x0000000798300000)
 ParOldGen       total 87552K, used 35853K [0x0000000740000000, 0x0000000745580000, 0x0000000795580000)
  object space 87552K, 40% used [0x0000000740000000,0x0000000742303628,0x0000000745580000)
 Metaspace       used 19976K, capacity 20958K, committed 21120K, reserved 1067008K
  class space    used 2621K, capacity 2865K, committed 2944K, reserved 1048576K
Event: 53.259 GC heap after
Heap after GC invocations=16 (full 1):
 PSYoungGen      total 28160K, used 128K [0x0000000795580000, 0x0000000799380000, 0x00000007c0000000)
  eden space 27648K, 0% used [0x0000000795580000,0x0000000795580000,0x0000000797080000)
  from space 512K, 25% used [0x0000000797100000,0x0000000797120000,0x0000000797180000)
  to   space 17920K, 0% used [0x0000000798200000,0x0000000798200000,0x0000000799380000)
 ParOldGen       total 87552K, used 35885K [0x0000000740000000, 0x0000000745580000, 0x0000000795580000)
  object space 87552K, 40% used [0x0000000740000000,0x000000074230b628,0x0000000745580000)
 Metaspace       used 19976K, capacity 20958K, committed 21120K, reserved 1067008K
  class space    used 2621K, capacity 2865K, committed 2944K, reserved 1048576K
}
Event: 58.491 GC heap before
{Heap before GC invocations=17 (full 1):
 PSYoungGen      total 28160K, used 27776K [0x0000000795580000, 0x0000000799380000, 0x00000007c0000000)
  eden space 27648K, 100% used [0x0000000795580000,0x0000000797080000,0x0000000797080000)
  from space 512K, 25% used [0x0000000797100000,0x0000000797120000,0x0000000797180000)
  to   space 17920K, 0% used [0x0000000798200000,0x0000000798200000,0x0000000799380000)
 ParOldGen       total 87552K, used 35885K [0x0000000740000000, 0x0000000745580000, 0x0000000795580000)
  object space 87552K, 40% used [0x0000000740000000,0x000000074230b628,0x0000000745580000)
 Metaspace       used 19976K, capacity 20958K, committed 21120K, reserved 1067008K
  class space    used 2621K, capacity 2865K, committed 2944K, reserved 1048576K
Event: 58.493 GC heap after
Heap after GC invocations=17 (full 1):
 PSYoungGen      total 43520K, used 64K [0x0000000795580000, 0x0000000799200000, 0x00000007c0000000)
  eden space 27136K, 0% used [0x0000000795580000,0x0000000795580000,0x0000000797000000)
  from space 16384K, 0% used [0x0000000798200000,0x0000000798210000,0x0000000799200000)
  to   space 17408K, 0% used [0x0000000797000000,0x0000000797000000,0x0000000798100000)
 ParOldGen       total 87552K, used 35893K [0x0000000740000000, 0x0000000745580000, 0x0000000795580000)
  object space 87552K, 40% used [0x0000000740000000,0x000000074230d628,0x0000000745580000)
 Metaspace       used 19976K, capacity 20958K, committed 21120K, reserved 1067008K
  class space    used 2621K, capacity 2865K, committed 2944K, reserved 1048576K
}
Event: 63.758 GC heap before
{Heap before GC invocations=18 (full 1):
 PSYoungGen      total 43520K, used 27200K [0x0000000795580000, 0x0000000799200000, 0x00000007c0000000)
  eden space 27136K, 100% used [0x0000000795580000,0x0000000797000000,0x0000000797000000)
  from space 16384K, 0% used [0x0000000798200000,0x0000000798210000,0x0000000799200000)
  to   space 17408K, 0% used [0x0000000797000000,0x0000000797000000,0x0000000798100000)
 ParOldGen       total 87552K, used 35893K [0x0000000740000000, 0x0000000745580000, 0x0000000795580000)
  object space 87552K, 40% used [0x0000000740000000,0x000000074230d628,0x0000000745580000)
 Metaspace       used 19976K, capacity 20958K, committed 21120K, reserved 1067008K
  class space    used 2621K, capacity 2865K, committed 2944K, reserved 1048576K
Event: 63.759 GC heap after
Heap after GC invocations=18 (full 1):
 PSYoungGen      total 27136K, used 96K [0x0000000795580000, 0x0000000799080000, 0x00000007c0000000)
  eden space 26624K, 0% used [0x0000000795580000,0x0000000795580000,0x0000000796f80000)
  from space 512K, 18% used [0x0000000797000000,0x0000000797018000,0x0000000797080000)
  to   space 16896K, 0% used [0x0000000798000000,0x0000000798000000,0x0000000799080000)
 ParOldGen       total 87552K, used 35893K [0x0000000740000000, 0x0000000745580000, 0x0000000795580000)
  object space 87552K, 40% used [0x0000000740000000,0x000000074230d628,0x0000000745580000)
 Metaspace       used 19976K, capacity 20958K, committed 21120K, reserved 1067008K
  class space    used 2621K, capacity 2865K, committed 2944K, reserved 1048576K
}
Event: 68.551 GC heap before
{Heap before GC invocations=19 (full 1):
 PSYoungGen      total 27136K, used 26720K [0x0000000795580000, 0x0000000799080000, 0x00000007c0000000)
  eden space 26624K, 100% used [0x0000000795580000,0x0000000796f80000,0x0000000796f80000)
  from space 512K, 18% used [0x0000000797000000,0x0000000797018000,0x0000000797080000)
  to   space 16896K, 0% used [0x0000000798000000,0x0000000798000000,0x0000000799080000)
 ParOldGen       total 87552K, used 35893K [0x0000000740000000, 0x0000000745580000, 0x0000000795580000)
  object space 87552K, 40% used [0x0000000740000000,0x000000074230d628,0x0000000745580000)
 Metaspace       used 19976K, capacity 20958K, committed 21120K, reserved 1067008K
  class space    used 2621K, capacity 2865K, committed 2944K, reserved 1048576K
Event: 68.558 GC heap after
Heap after GC invocations=19 (full 1):
 PSYoungGen      total 41472K, used 128K [0x0000000795580000, 0x0000000798f00000, 0x00000007c0000000)
  eden space 26112K, 0% used [0x0000000795580000,0x0000000795580000,0x0000000796f00000)
  from space 15360K, 0% used [0x0000000798000000,0x0000000798020000,0x0000000798f00000)
  to   space 16384K, 0% used [0x0000000796f00000,0x0000000796f00000,0x0000000797f00000)
 ParOldGen       total 87552K, used 35917K [0x0000000740000000, 0x0000000745580000, 0x0000000795580000)
  object space 87552K, 41% used [0x0000000740000000,0x0000000742313628,0x0000000745580000)
 Metaspace       used 19976K, capacity 20958K, committed 21120K, reserved 1067008K
  class space    used 2621K, capacity 2865K, committed 2944K, reserved 1048576K
}
Event: 73.322 GC heap before
{Heap before GC invocations=20 (full 1):
 PSYoungGen      total 41472K, used 26240K [0x0000000795580000, 0x0000000798f00000, 0x00000007c0000000)
  eden space 26112K, 100% used [0x0000000795580000,0x0000000796f00000,0x0000000796f00000)
  from space 15360K, 0% used [0x0000000798000000,0x0000000798020000,0x0000000798f00000)
  to   space 16384K, 0% used [0x0000000796f00000,0x0000000796f00000,0x0000000797f00000)
 ParOldGen       total 87552K, used 35917K [0x0000000740000000, 0x0000000745580000, 0x0000000795580000)
  object space 87552K, 41% used [0x0000000740000000,0x0000000742313628,0x0000000745580000)
 Metaspace       used 19976K, capacity 20958K, committed 21120K, reserved 1067008K
  class space    used 2621K, capacity 2865K, committed 2944K, reserved 1048576K
Event: 73.323 GC heap after
Heap after GC invocations=20 (full 1):
 PSYoungGen      total 26112K, used 64K [0x0000000795580000, 0x0000000798d80000, 0x00000007c0000000)
  eden space 25600K, 0% used [0x0000000795580000,0x0000000795580000,0x0000000796e80000)
  from space 512K, 12% used [0x0000000796f00000,0x0000000796f10000,0x0000000796f80000)
  to   space 15872K, 0% used [0x0000000797e00000,0x0000000797e00000,0x0000000798d80000)
 ParOldGen       total 87552K, used 35917K [0x0000000740000000, 0x0000000745580000, 0x0000000795580000)
  object space 87552K, 41% used [0x0000000740000000,0x0000000742313628,0x0000000745580000)
 Metaspace       used 19976K, capacity 20958K, committed 21120K, reserved 1067008K
  class space    used 2621K, capacity 2865K, committed 2944K, reserved 1048576K
}

Deoptimization events (10 events):
Event: 15.840 Thread 0x00007ffc730be000 Uncommon trap: reason=unstable_if action=reinterpret pc=0x00000001119a3e5c method=java.lang.ClassLoader.checkName(Ljava/lang/String;)Z @ 20
Event: 15.949 Thread 0x00007ffc730be000 Uncommon trap: reason=unstable_if action=reinterpret pc=0x0000000111d88900 method=javafx.scene.Node$MiscProperties.getClip()Ljavafx/scene/Node; @ 4
Event: 16.020 Thread 0x00007ffc72121800 Uncommon trap: reason=unstable_if action=reinterpret pc=0x0000000111d445d0 method=com.sun.prism.es2.GLContext.updateViewportAndDepthTest(IIIIZ)V @ 21
Event: 16.020 Thread 0x00007ffc72121800 Uncommon trap: reason=bimorphic action=maybe_recompile pc=0x0000000111d200ec method=com.sun.javafx.geom.transform.Affine3D.concatenate(Lcom/sun/javafx/geom/transform/BaseTransform;)V @ 4
Event: 16.021 Thread 0x00007ffc72121800 Uncommon trap: reason=bimorphic action=maybe_recompile pc=0x0000000111d200ec method=com.sun.javafx.geom.transform.Affine3D.concatenate(Lcom/sun/javafx/geom/transform/BaseTransform;)V @ 4
Event: 16.023 Thread 0x00007ffc72121800 Uncommon trap: reason=unstable_if action=reinterpret pc=0x0000000111d40320 method=com.sun.prism.es2.GLContext.updateViewportAndDepthTest(IIIIZ)V @ 21
Event: 16.027 Thread 0x00007ffc72121800 Uncommon trap: reason=unstable_if action=reinterpret pc=0x0000000111ca1414 method=com.sun.prism.impl.BaseGraphics.validateTransformAndPaint()V @ 20
Event: 16.070 Thread 0x00007ffc72121800 Uncommon trap: reason=unstable_if action=reinterpret pc=0x0000000111c5fce0 method=com.sun.javafx.geom.transform.AffineBase.updateState2D()V @ 51
Event: 17.792 Thread 0x00007ffc72b61000 Uncommon trap: reason=bimorphic action=maybe_recompile pc=0x000000011197696c method=java.util.HashMap.putVal(ILjava/lang/Object;Ljava/lang/Object;ZZ)Ljava/lang/Object; @ 203
Event: 34.094 Thread 0x00007ffc72121800 Uncommon trap: reason=unstable_if action=reinterpret pc=0x0000000111ebbc58 method=com.sun.prism.impl.ManagedResource.bumpAge(I)V @ 7

Internal exceptions (10 events):
Event: 0.362 Thread 0x00007ffc718e9000 Exception <a 'java/lang/NullPointerException'> (0x0000000795ad2ec8) thrown at [/Users/java_re/workspace/8-2-build-macosx-x86_64/jdk8u77/6540/hotspot/src/share/vm/interpreter/linkResolver.cpp, line 1178]
Event: 0.784 Thread 0x00007ffc730be000 Exception <a 'java/lang/NullPointerException'> (0x0000000796223828) thrown at [/Users/java_re/workspace/8-2-build-macosx-x86_64/jdk8u77/6540/hotspot/src/share/vm/interpreter/linkResolver.cpp, line 1178]
Event: 0.784 Thread 0x00007ffc730be000 Exception <a 'java/lang/NullPointerException'> (0x0000000796223828) thrown at [/Users/java_re/workspace/8-2-build-macosx-x86_64/jdk8u77/6540/hotspot/src/share/vm/prims/jvm.cpp, line 1390]
Event: 0.863 Thread 0x00007ffc730be000 Implicit null exception at 0x000000011181b9f5 to 0x000000011181bd55
Event: 1.553 Thread 0x00007ffc730be000 Exception <a 'java/lang/NullPointerException'> (0x0000000796e88df8) thrown at [/Users/java_re/workspace/8-2-build-macosx-x86_64/jdk8u77/6540/hotspot/src/share/vm/interpreter/linkResolver.cpp, line 1280]
Event: 1.793 Thread 0x00007ffc730be000 Exception <a 'java/lang/NullPointerException'> (0x00000007966cc8b8) thrown at [/Users/java_re/workspace/8-2-build-macosx-x86_64/jdk8u77/6540/hotspot/src/share/vm/interpreter/linkResolver.cpp, line 1280]
Event: 7.335 Thread 0x00007ffc730be000 Implicit null exception at 0x00000001118ba1c3 to 0x00000001118bb25d
Event: 15.583 Thread 0x00007ffc730be000 Exception <a 'java/lang/NullPointerException'> (0x0000000797426b18) thrown at [/Users/java_re/workspace/8-2-build-macosx-x86_64/jdk8u77/6540/hotspot/src/share/vm/interpreter/linkResolver.cpp, line 1280]
Event: 15.949 Thread 0x00007ffc730be000 Implicit null exception at 0x0000000111d8886b to 0x0000000111d888f1
Event: 25.716 Thread 0x00007ffc71a99000 Exception <a 'java/lang/NullPointerException'> (0x0000000796fc26f0) thrown at [/Users/java_re/workspace/8-2-build-macosx-x86_64/jdk8u77/6540/hotspot/src/share/vm/interpreter/linkResolver.cpp, line 1280]

Events (10 events):
Event: 76.758 loading class javafx/application/Application
Event: 76.758 loading class javafx/application/Application done
Event: 76.759 loading class javafx/application/Application
Event: 76.759 loading class javafx/application/Application done
Event: 76.760 Executing VM operation: RevokeBias
Event: 76.760 Executing VM operation: RevokeBias done
Event: 76.760 Thread 0x00007ffc72ade000 Thread exited: 0x00007ffc72ade000
Event: 76.760 Thread 0x00007ffc731f5000 Thread exited: 0x00007ffc731f5000
Event: 76.776 Thread 0x00007ffc722b2800 Thread added: 0x00007ffc722b2800
Event: 76.776 Thread 0x00007ffc722b2800 Thread exited: 0x00007ffc722b2800


Dynamic libraries:
0x0000000000246000 	/System/Library/Frameworks/Cocoa.framework/Versions/A/Cocoa
0x0000000000246000 	/System/Library/Frameworks/Security.framework/Versions/A/Security
0x0000000000246000 	/System/Library/Frameworks/ApplicationServices.framework/Versions/A/ApplicationServices
0x0000000000246000 	/usr/lib/libz.1.dylib
0x0000000000246000 	/usr/lib/libSystem.B.dylib
0x0000000000246000 	/usr/lib/libobjc.A.dylib
0x0000000000246000 	/System/Library/Frameworks/CoreFoundation.framework/Versions/A/CoreFoundation
0x0000000000246000 	/System/Library/Frameworks/Foundation.framework/Versions/C/Foundation
0x0000000000246000 	/System/Library/Frameworks/AppKit.framework/Versions/C/AppKit
0x0000000000246000 	/System/Library/Frameworks/CoreData.framework/Versions/A/CoreData
0x0000000000246000 	/System/Library/PrivateFrameworks/RemoteViewServices.framework/Versions/A/RemoteViewServices
0x0000000000246000 	/System/Library/PrivateFrameworks/UIFoundation.framework/Versions/A/UIFoundation
0x0000000000246000 	/usr/lib/libScreenReader.dylib
0x0000000000246000 	/System/Library/Frameworks/Accelerate.framework/Versions/A/Accelerate
0x0000000000246000 	/System/Library/Frameworks/IOSurface.framework/Versions/A/IOSurface
0x0000000000246000 	/System/Library/Frameworks/AudioToolbox.framework/Versions/A/AudioToolbox
0x0000000000246000 	/System/Library/Frameworks/AudioUnit.framework/Versions/A/AudioUnit
0x0000000000246000 	/System/Library/PrivateFrameworks/DataDetectorsCore.framework/Versions/A/DataDetectorsCore
0x0000000000246000 	/System/Library/PrivateFrameworks/DesktopServicesPriv.framework/Versions/A/DesktopServicesPriv
0x0000000000246000 	/System/Library/Frameworks/Carbon.framework/Versions/A/Frameworks/HIToolbox.framework/Versions/A/HIToolbox
0x0000000000246000 	/System/Library/Frameworks/QuartzCore.framework/Versions/A/QuartzCore
0x0000000000246000 	/System/Library/Frameworks/Carbon.framework/Versions/A/Frameworks/SpeechRecognition.framework/Versions/A/SpeechRecognition
0x0000000000246000 	/usr/lib/libauto.dylib
0x0000000000246000 	/usr/lib/libicucore.A.dylib
0x0000000000246000 	/usr/lib/libxml2.2.dylib
0x0000000000246000 	/System/Library/PrivateFrameworks/CoreUI.framework/Versions/A/CoreUI
0x0000000000246000 	/System/Library/Frameworks/CoreAudio.framework/Versions/A/CoreAudio
0x0000000000246000 	/System/Library/Frameworks/DiskArbitration.framework/Versions/A/DiskArbitration
0x0000000000246000 	/usr/lib/liblangid.dylib
0x0000000000246000 	/System/Library/PrivateFrameworks/MultitouchSupport.framework/Versions/A/MultitouchSupport
0x0000000000246000 	/System/Library/Frameworks/IOKit.framework/Versions/A/IOKit
0x0000000000246000 	/usr/lib/libDiagnosticMessagesClient.dylib
0x0000000000246000 	/System/Library/Frameworks/CoreServices.framework/Versions/A/CoreServices
0x0000000000246000 	/System/Library/PrivateFrameworks/PerformanceAnalysis.framework/Versions/A/PerformanceAnalysis
0x0000000000246000 	/System/Library/PrivateFrameworks/GenerationalStorage.framework/Versions/A/GenerationalStorage
0x0000000000246000 	/System/Library/Frameworks/OpenGL.framework/Versions/A/OpenGL
0x0000000000246000 	/System/Library/PrivateFrameworks/Sharing.framework/Versions/A/Sharing
0x0000000000246000 	/System/Library/Frameworks/CoreGraphics.framework/Versions/A/CoreGraphics
0x0000000000246000 	/System/Library/Frameworks/CoreImage.framework/Versions/A/CoreImage
0x0000000000246000 	/System/Library/Frameworks/CoreText.framework/Versions/A/CoreText
0x0000000000246000 	/System/Library/Frameworks/ImageIO.framework/Versions/A/ImageIO
0x0000000000246000 	/System/Library/PrivateFrameworks/Backup.framework/Versions/A/Backup
0x0000000000246000 	/usr/lib/libextension.dylib
0x0000000000246000 	/usr/lib/libarchive.2.dylib
0x0000000000246000 	/System/Library/Frameworks/CFNetwork.framework/Versions/A/CFNetwork
0x0000000000246000 	/System/Library/Frameworks/SystemConfiguration.framework/Versions/A/SystemConfiguration
0x0000000000246000 	/usr/lib/libCRFSuite.dylib
0x0000000000246000 	/usr/lib/libc++.1.dylib
0x0000000000246000 	/usr/lib/libc++abi.dylib
0x0000000000246000 	/usr/lib/system/libcache.dylib
0x0000000000246000 	/usr/lib/system/libcommonCrypto.dylib
0x0000000000246000 	/usr/lib/system/libcompiler_rt.dylib
0x0000000000246000 	/usr/lib/system/libcopyfile.dylib
0x0000000000246000 	/usr/lib/system/libcorecrypto.dylib
0x0000000000246000 	/usr/lib/system/libdispatch.dylib
0x0000000000246000 	/usr/lib/system/libdyld.dylib
0x0000000000246000 	/usr/lib/system/libkeymgr.dylib
0x0000000000246000 	/usr/lib/system/liblaunch.dylib
0x0000000000246000 	/usr/lib/system/libmacho.dylib
0x0000000000246000 	/usr/lib/system/libquarantine.dylib
0x0000000000246000 	/usr/lib/system/libremovefile.dylib
0x0000000000246000 	/usr/lib/system/libsystem_asl.dylib
0x0000000000246000 	/usr/lib/system/libsystem_blocks.dylib
0x0000000000246000 	/usr/lib/system/libsystem_c.dylib
0x0000000000246000 	/usr/lib/system/libsystem_configuration.dylib
0x0000000000246000 	/usr/lib/system/libsystem_coreservices.dylib
0x0000000000246000 	/usr/lib/system/libsystem_coretls.dylib
0x0000000000246000 	/usr/lib/system/libsystem_dnssd.dylib
0x0000000000246000 	/usr/lib/system/libsystem_info.dylib
0x0000000000246000 	/usr/lib/system/libsystem_kernel.dylib
0x0000000000246000 	/usr/lib/system/libsystem_m.dylib
0x0000000000246000 	/usr/lib/system/libsystem_malloc.dylib
0x0000000000246000 	/usr/lib/system/libsystem_network.dylib
0x0000000000246000 	/usr/lib/system/libsystem_networkextension.dylib
0x0000000000246000 	/usr/lib/system/libsystem_notify.dylib
0x0000000000246000 	/usr/lib/system/libsystem_platform.dylib
0x0000000000246000 	/usr/lib/system/libsystem_pthread.dylib
0x0000000000246000 	/usr/lib/system/libsystem_sandbox.dylib
0x0000000000246000 	/usr/lib/system/libsystem_secinit.dylib
0x0000000000246000 	/usr/lib/system/libsystem_trace.dylib
0x0000000000246000 	/usr/lib/system/libunc.dylib
0x0000000000246000 	/usr/lib/system/libunwind.dylib
0x0000000000246000 	/usr/lib/system/libxpc.dylib
0x0000000000246000 	/usr/lib/libenergytrace.dylib
0x0000000000246000 	/usr/lib/libbsm.0.dylib
0x0000000000246000 	/usr/lib/system/libkxld.dylib
0x0000000000246000 	/usr/lib/libxar.1.dylib
0x0000000000246000 	/usr/lib/libsqlite3.dylib
0x0000000000246000 	/usr/lib/libpam.2.dylib
0x0000000000246000 	/usr/lib/libOpenScriptingUtil.dylib
0x0000000000246000 	/usr/lib/libbz2.1.0.dylib
0x0000000000246000 	/usr/lib/liblzma.5.dylib
0x0000000000246000 	/System/Library/Frameworks/CoreServices.framework/Versions/A/Frameworks/FSEvents.framework/Versions/A/FSEvents
0x0000000000246000 	/System/Library/Frameworks/CoreServices.framework/Versions/A/Frameworks/CarbonCore.framework/Versions/A/CarbonCore
0x0000000000246000 	/System/Library/Frameworks/CoreServices.framework/Versions/A/Frameworks/Metadata.framework/Versions/A/Metadata
0x0000000000246000 	/System/Library/Frameworks/CoreServices.framework/Versions/A/Frameworks/OSServices.framework/Versions/A/OSServices
0x0000000000246000 	/System/Library/Frameworks/CoreServices.framework/Versions/A/Frameworks/SearchKit.framework/Versions/A/SearchKit
0x0000000000246000 	/System/Library/Frameworks/CoreServices.framework/Versions/A/Frameworks/AE.framework/Versions/A/AE
0x0000000000246000 	/System/Library/Frameworks/CoreServices.framework/Versions/A/Frameworks/LaunchServices.framework/Versions/A/LaunchServices
0x0000000000246000 	/System/Library/Frameworks/CoreServices.framework/Versions/A/Frameworks/DictionaryServices.framework/Versions/A/DictionaryServices
0x0000000000246000 	/System/Library/Frameworks/CoreServices.framework/Versions/A/Frameworks/SharedFileList.framework/Versions/A/SharedFileList
0x0000000000246000 	/System/Library/Frameworks/NetFS.framework/Versions/A/NetFS
0x0000000000246000 	/System/Library/PrivateFrameworks/NetAuth.framework/Versions/A/NetAuth
0x0000000000246000 	/System/Library/PrivateFrameworks/login.framework/Versions/A/Frameworks/loginsupport.framework/Versions/A/loginsupport
0x0000000000246000 	/System/Library/PrivateFrameworks/TCC.framework/Versions/A/TCC
0x0000000000246000 	/usr/lib/libmecabra.dylib
0x0000000000246000 	/System/Library/Frameworks/ApplicationServices.framework/Versions/A/Frameworks/ATS.framework/Versions/A/ATS
0x0000000000246000 	/System/Library/Frameworks/ApplicationServices.framework/Versions/A/Frameworks/ColorSync.framework/Versions/A/ColorSync
0x0000000000246000 	/System/Library/Frameworks/ApplicationServices.framework/Versions/A/Frameworks/HIServices.framework/Versions/A/HIServices
0x0000000000246000 	/System/Library/Frameworks/ApplicationServices.framework/Versions/A/Frameworks/LangAnalysis.framework/Versions/A/LangAnalysis
0x0000000000246000 	/System/Library/Frameworks/ApplicationServices.framework/Versions/A/Frameworks/PrintCore.framework/Versions/A/PrintCore
0x0000000000246000 	/System/Library/Frameworks/ApplicationServices.framework/Versions/A/Frameworks/QD.framework/Versions/A/QD
0x0000000000246000 	/System/Library/Frameworks/ApplicationServices.framework/Versions/A/Frameworks/SpeechSynthesis.framework/Versions/A/SpeechSynthesis
0x0000000000246000 	/System/Library/Frameworks/Metal.framework/Versions/A/Metal
0x0000000000246000 	/System/Library/Frameworks/Accelerate.framework/Versions/A/Frameworks/vImage.framework/Versions/A/vImage
0x0000000000246000 	/System/Library/Frameworks/Accelerate.framework/Versions/A/Frameworks/vecLib.framework/Versions/A/vecLib
0x0000000000246000 	/System/Library/Frameworks/Accelerate.framework/Versions/A/Frameworks/vecLib.framework/Versions/A/libvDSP.dylib
0x0000000000246000 	/System/Library/Frameworks/Accelerate.framework/Versions/A/Frameworks/vecLib.framework/Versions/A/libvMisc.dylib
0x0000000000246000 	/System/Library/Frameworks/Accelerate.framework/Versions/A/Frameworks/vecLib.framework/Versions/A/libLAPACK.dylib
0x0000000000246000 	/System/Library/Frameworks/Accelerate.framework/Versions/A/Frameworks/vecLib.framework/Versions/A/libBLAS.dylib
0x0000000000246000 	/System/Library/Frameworks/Accelerate.framework/Versions/A/Frameworks/vecLib.framework/Versions/A/libLinearAlgebra.dylib
0x0000000000246000 	/System/Library/Frameworks/Accelerate.framework/Versions/A/Frameworks/vecLib.framework/Versions/A/libSparseBLAS.dylib
0x0000000000246000 	/System/Library/PrivateFrameworks/GPUCompiler.framework/libmetal_timestamp.dylib
0x0000000000246000 	/System/Library/Frameworks/OpenGL.framework/Versions/A/Libraries/libCoreFSCache.dylib
0x0000000000246000 	/System/Library/PrivateFrameworks/IOAccelerator.framework/Versions/A/IOAccelerator
0x0000000000246000 	/System/Library/Frameworks/ApplicationServices.framework/Versions/A/Frameworks/ATS.framework/Versions/A/Resources/libFontParser.dylib
0x0000000000246000 	/System/Library/Frameworks/ApplicationServices.framework/Versions/A/Frameworks/ATS.framework/Versions/A/Resources/libFontRegistry.dylib
0x0000000000246000 	/System/Library/PrivateFrameworks/AppleVPA.framework/Versions/A/AppleVPA
0x0000000000246000 	/System/Library/PrivateFrameworks/AppleJPEG.framework/Versions/A/AppleJPEG
0x0000000000246000 	/System/Library/Frameworks/ImageIO.framework/Versions/A/Resources/libJPEG.dylib
0x0000000000246000 	/System/Library/Frameworks/ImageIO.framework/Versions/A/Resources/libTIFF.dylib
0x0000000000246000 	/System/Library/Frameworks/ImageIO.framework/Versions/A/Resources/libPng.dylib
0x0000000000246000 	/System/Library/Frameworks/ImageIO.framework/Versions/A/Resources/libGIF.dylib
0x0000000000246000 	/System/Library/Frameworks/ImageIO.framework/Versions/A/Resources/libJP2.dylib
0x0000000000246000 	/System/Library/Frameworks/ImageIO.framework/Versions/A/Resources/libRadiance.dylib
0x0000000000246000 	/System/Library/Frameworks/CoreVideo.framework/Versions/A/CoreVideo
0x0000000000246000 	/System/Library/Frameworks/OpenGL.framework/Versions/A/Libraries/libGLU.dylib
0x0000000000246000 	/System/Library/Frameworks/OpenGL.framework/Versions/A/Libraries/libGFXShared.dylib
0x0000000000246000 	/System/Library/Frameworks/OpenGL.framework/Versions/A/Libraries/libGL.dylib
0x0000000000246000 	/System/Library/Frameworks/OpenGL.framework/Versions/A/Libraries/libGLImage.dylib
0x0000000000246000 	/System/Library/Frameworks/OpenGL.framework/Versions/A/Libraries/libCVMSPluginSupport.dylib
0x0000000000246000 	/System/Library/Frameworks/OpenGL.framework/Versions/A/Libraries/libCoreVMClient.dylib
0x0000000000246000 	/usr/lib/libcups.2.dylib
0x0000000000246000 	/System/Library/Frameworks/Kerberos.framework/Versions/A/Kerberos
0x0000000000246000 	/System/Library/Frameworks/GSS.framework/Versions/A/GSS
0x0000000000246000 	/usr/lib/libresolv.9.dylib
0x0000000000246000 	/usr/lib/libiconv.2.dylib
0x0000000000246000 	/System/Library/PrivateFrameworks/Heimdal.framework/Versions/A/Heimdal
0x0000000000246000 	/usr/lib/libheimdal-asn1.dylib
0x0000000000246000 	/System/Library/Frameworks/OpenDirectory.framework/Versions/A/OpenDirectory
0x0000000000246000 	/System/Library/PrivateFrameworks/CommonAuth.framework/Versions/A/CommonAuth
0x0000000000246000 	/System/Library/Frameworks/OpenDirectory.framework/Versions/A/Frameworks/CFOpenDirectory.framework/Versions/A/CFOpenDirectory
0x0000000000246000 	/System/Library/Frameworks/SecurityFoundation.framework/Versions/A/SecurityFoundation
0x0000000000246000 	/System/Library/PrivateFrameworks/LanguageModeling.framework/Versions/A/LanguageModeling
0x0000000000246000 	/usr/lib/libmarisa.dylib
0x0000000000246000 	/usr/lib/libChineseTokenizer.dylib
0x0000000000246000 	/usr/lib/libcmph.dylib
0x0000000000246000 	/usr/lib/libcompression.dylib
0x0000000000246000 	/System/Library/Frameworks/ServiceManagement.framework/Versions/A/ServiceManagement
0x0000000000246000 	/usr/lib/libxslt.1.dylib
0x0000000000246000 	/System/Library/Frameworks/Carbon.framework/Versions/A/Frameworks/Ink.framework/Versions/A/Ink
0x0000000000246000 	/usr/lib/libFosl_dynamic.dylib
0x0000000000246000 	/System/Library/PrivateFrameworks/FaceCore.framework/Versions/A/FaceCore
0x0000000000246000 	/System/Library/Frameworks/OpenCL.framework/Versions/A/OpenCL
0x0000000000246000 	/System/Library/PrivateFrameworks/CrashReporterSupport.framework/Versions/A/CrashReporterSupport
0x0000000000246000 	/System/Library/PrivateFrameworks/IconServices.framework/Versions/A/IconServices
0x0000000000246000 	/System/Library/PrivateFrameworks/Apple80211.framework/Versions/A/Apple80211
0x0000000000246000 	/System/Library/Frameworks/CoreWLAN.framework/Versions/A/CoreWLAN
0x0000000000246000 	/System/Library/Frameworks/IOBluetooth.framework/Versions/A/IOBluetooth
0x0000000000246000 	/System/Library/PrivateFrameworks/CoreWiFi.framework/Versions/A/CoreWiFi
0x0000000000246000 	/System/Library/Frameworks/CoreBluetooth.framework/Versions/A/CoreBluetooth
0x0000000000246000 	/System/Library/PrivateFrameworks/ChunkingLibrary.framework/Versions/A/ChunkingLibrary
0x0000000000246000 	/System/Library/PrivateFrameworks/DebugSymbols.framework/Versions/A/DebugSymbols
0x0000000000246000 	/System/Library/PrivateFrameworks/CoreSymbolication.framework/Versions/A/CoreSymbolication
0x0000000000246000 	/System/Library/PrivateFrameworks/Symbolication.framework/Versions/A/Symbolication
0x0000000000246000 	/System/Library/PrivateFrameworks/SpeechRecognitionCore.framework/Versions/A/SpeechRecognitionCore
0x000000010fdb1000 	/Library/Java/JavaVirtualMachines/jdk1.8.0_77.jdk/Contents/Home/jre/lib/server/libjvm.dylib
0x0000000000246000 	/usr/lib/libstdc++.6.dylib
0x0000000110d40000 	/Library/Java/JavaVirtualMachines/jdk1.8.0_77.jdk/Contents/Home/jre/lib/libverify.dylib
0x0000000110d4e000 	/Library/Java/JavaVirtualMachines/jdk1.8.0_77.jdk/Contents/Home/jre/lib/libjava.dylib
0x0000000110d91000 	/Library/Java/JavaVirtualMachines/jdk1.8.0_77.jdk/Contents/Home/jre/lib/libzip.dylib
0x0000000126f12000 	/System/Library/Frameworks/JavaVM.framework/Frameworks/JavaRuntimeSupport.framework/JavaRuntimeSupport
0x0000000110deb000 	/System/Library/Frameworks/JavaVM.framework/Versions/A/Frameworks/JavaNativeFoundation.framework/Versions/A/JavaNativeFoundation
0x0000000126f2d000 	/System/Library/Frameworks/JavaVM.framework/Versions/A/JavaVM
0x0000000000246000 	/System/Library/Frameworks/Carbon.framework/Versions/A/Carbon
0x0000000126f3a000 	/System/Library/PrivateFrameworks/JavaLaunching.framework/Versions/A/JavaLaunching
0x0000000000246000 	/System/Library/Frameworks/Carbon.framework/Versions/A/Frameworks/CommonPanels.framework/Versions/A/CommonPanels
0x0000000000246000 	/System/Library/Frameworks/Carbon.framework/Versions/A/Frameworks/Help.framework/Versions/A/Help
0x0000000000246000 	/System/Library/Frameworks/Carbon.framework/Versions/A/Frameworks/ImageCapture.framework/Versions/A/ImageCapture
0x0000000000246000 	/System/Library/Frameworks/Carbon.framework/Versions/A/Frameworks/OpenScripting.framework/Versions/A/OpenScripting
0x0000000000246000 	/System/Library/Frameworks/Carbon.framework/Versions/A/Frameworks/Print.framework/Versions/A/Print
0x0000000000246000 	/System/Library/Frameworks/Carbon.framework/Versions/A/Frameworks/SecurityHI.framework/Versions/A/SecurityHI
0x00000001289bf000 	/Applications/IntelliJ IDEA CE.app/Contents/bin/libbreakgen64.jnilib
0x0000000128a58000 	/Library/Java/JavaVirtualMachines/jdk1.8.0_77.jdk/Contents/Home/jre/lib/libnet.dylib
0x0000000128ab7000 	/Library/Java/JavaVirtualMachines/jdk1.8.0_77.jdk/Contents/Home/jre/lib/libprism_es2.dylib
0x0000000000246000 	/System/Library/Frameworks/OpenGL.framework/Versions/A/Resources/GLEngine.bundle/GLEngine
0x0000000000246000 	/System/Library/Frameworks/OpenGL.framework/Versions/A/Libraries/libGLProgrammability.dylib
0x0000000128b39000 	/System/Library/Extensions/AppleIntelHD4000GraphicsGLDriver.bundle/Contents/MacOS/AppleIntelHD4000GraphicsGLDriver
0x0000000000246000 	/System/Library/PrivateFrameworks/GPUSupport.framework/Versions/A/Libraries/libGPUSupportMercury.dylib
0x0000000000246000 	/System/Library/Frameworks/OpenGL.framework/Versions/A/Resources/GLRendererFloat.bundle/GLRendererFloat
0x0000000000246000 	/System/Library/Frameworks/OpenCL.framework/Versions/A/Libraries/libcldcpuengine.dylib
0x0000000000246000 	/System/Library/PrivateFrameworks/DiskImages.framework/Versions/A/DiskImages
0x0000000000246000 	/System/Library/Frameworks/DiscRecording.framework/Versions/A/DiscRecording
0x0000000000246000 	/usr/lib/libcsfde.dylib
0x0000000000246000 	/usr/lib/libcurl.4.dylib
0x0000000000246000 	/System/Library/PrivateFrameworks/MediaKit.framework/Versions/A/MediaKit
0x0000000000246000 	/System/Library/PrivateFrameworks/ProtectedCloudStorage.framework/Versions/A/ProtectedCloudStorage
0x0000000000246000 	/usr/lib/libCoreStorage.dylib
0x0000000000246000 	/System/Library/PrivateFrameworks/EFILogin.framework/Versions/A/EFILogin
0x0000000000246000 	/usr/lib/libutil.dylib
0x0000000000246000 	/System/Library/PrivateFrameworks/FindMyDevice.framework/Versions/A/FindMyDevice
0x0000000000246000 	/System/Library/Frameworks/LDAP.framework/Versions/A/LDAP
0x0000000000246000 	/usr/lib/libsasl2.2.dylib
0x0000000000246000 	/System/Library/PrivateFrameworks/CoreDaemon.framework/Versions/B/CoreDaemon
0x0000000000246000 	/usr/lib/libcrypto.0.9.8.dylib
0x0000000000246000 	/System/Library/PrivateFrameworks/AppleSRP.framework/Versions/A/AppleSRP
0x0000000000246000 	/System/Library/PrivateFrameworks/TrustEvaluationAgent.framework/Versions/A/TrustEvaluationAgent
0x0000000129632000 	/Library/Java/JavaVirtualMachines/jdk1.8.0_77.jdk/Contents/Home/jre/lib/libglass.dylib
0x0000000000246000 	/System/Library/PrivateFrameworks/CoreServicesInternal.framework/Versions/A/CoreServicesInternal
0x0000000000246000 	/System/Library/CoreServices/RawCamera.bundle/Contents/MacOS/RawCamera
0x0000000000246000 	/System/Library/Frameworks/CoreGraphics.framework/Versions/A/Resources/libRIP.A.dylib
0x0000000000246000 	/System/Library/Frameworks/Accelerate.framework/Versions/A/Frameworks/vImage.framework/Versions/A/Libraries/libCGInterfaces.dylib
0x0000000000246000 	/System/Library/PrivateFrameworks/FamilyControls.framework/Versions/A/FamilyControls
0x0000000000246000 	/System/Library/PrivateFrameworks/CommerceKit.framework/Versions/A/Frameworks/CommerceCore.framework/Versions/A/CommerceCore
0x0000000000246000 	/System/Library/PrivateFrameworks/SystemAdministration.framework/Versions/A/SystemAdministration
0x0000000000246000 	/System/Library/PrivateFrameworks/AppContainer.framework/Versions/A/AppContainer
0x0000000000246000 	/System/Library/PrivateFrameworks/SecCodeWrapper.framework/Versions/A/SecCodeWrapper
0x0000000000246000 	/System/Library/Frameworks/DirectoryService.framework/Versions/A/DirectoryService
0x0000000000246000 	/System/Library/PrivateFrameworks/LoginUIKit.framework/Versions/A/Frameworks/LoginUICore.framework/Versions/A/LoginUICore
0x0000000000246000 	/usr/lib/libodfde.dylib
0x000000012cee5000 	/Library/Java/JavaVirtualMachines/jdk1.8.0_77.jdk/Contents/Home/jre/lib/libjavafx_font.dylib
0x0000000000246000 	/System/Library/Frameworks/CoreGraphics.framework/Versions/A/Resources/libCGXType.A.dylib
0x000000012cf3d000 	/Library/Java/JavaVirtualMachines/jdk1.8.0_77.jdk/Contents/Home/jre/lib/libglib-lite.dylib
0x000000012d05e000 	/Library/Java/JavaVirtualMachines/jdk1.8.0_77.jdk/Contents/Home/jre/lib/libgstreamer-lite.dylib
0x000000012d1d6000 	/Library/Java/JavaVirtualMachines/jdk1.8.0_77.jdk/Contents/Home/jre/lib/libjfxmedia.dylib
0x000000012d211000 	/Library/Java/JavaVirtualMachines/jdk1.8.0_77.jdk/Contents/Home/jre/lib/libjfxmedia_avf.dylib
0x0000000000246000 	/System/Library/Frameworks/AVFoundation.framework/Versions/A/AVFoundation
0x0000000000246000 	/System/Library/Frameworks/CoreMedia.framework/Versions/A/CoreMedia
0x0000000000246000 	/System/Library/Frameworks/MediaToolbox.framework/Versions/A/MediaToolbox
0x0000000000246000 	/System/Library/Frameworks/AVFoundation.framework/Versions/A/Resources/libAVFAudio.dylib
0x0000000000246000 	/System/Library/Frameworks/VideoToolbox.framework/Versions/A/VideoToolbox
0x0000000000246000 	/System/Library/Frameworks/CoreMediaIO.framework/Versions/A/CoreMediaIO
0x0000000000246000 	/usr/lib/libspindump.dylib
0x0000000000246000 	/System/Library/PrivateFrameworks/CoreAVCHD.framework/Versions/A/CoreAVCHD
0x0000000000246000 	/System/Library/Frameworks/MediaAccessibility.framework/Versions/A/MediaAccessibility
0x0000000000246000 	/System/Library/PrivateFrameworks/Mangrove.framework/Versions/A/Mangrove
0x0000000000246000 	/System/Library/PrivateFrameworks/CoreAUC.framework/Versions/A/CoreAUC
0x0000000000246000 	/System/Library/PrivateFrameworks/AppleVA.framework/Versions/A/AppleVA
0x0000000000246000 	/System/Library/PrivateFrameworks/XPCService.framework/Versions/A/XPCService
0x0000000000246000 	/System/Library/PrivateFrameworks/AppSandbox.framework/Versions/A/AppSandbox
0x0000000000246000 	/usr/lib/libsandbox.1.dylib
0x0000000000246000 	/usr/lib/libMatch.1.dylib
0x000000012d246000 	/Library/Java/JavaVirtualMachines/jdk1.8.0_77.jdk/Contents/Home/jre/lib/libjfxmedia_qtkit.dylib
0x0000000000246000 	/System/Library/Frameworks/QTKit.framework/Versions/A/QTKit
0x0000000000246000 	/System/Library/PrivateFrameworks/CoreMediaAuthoring.framework/Versions/A/CoreMediaAuthoring
0x000000012d253000 	/Library/Java/JavaVirtualMachines/jdk1.8.0_77.jdk/Contents/Home/jre/lib/libfxplugins.dylib
0x000000012d27e000 	/System/Library/Frameworks/VideoDecodeAcceleration.framework/Versions/A/VideoDecodeAcceleration
0x000000012d285000 	/Library/Java/JavaVirtualMachines/jdk1.8.0_77.jdk/Contents/Home/jre/lib/libnio.dylib
0x000000012d295000 	/System/Library/Extensions/AppleHDA.kext/Contents/PlugIns/AppleHDAHALPlugIn.bundle/Contents/MacOS/AppleHDAHALPlugIn
0x000000012d2c6000 	/System/Library/Components/CoreAudio.component/Contents/MacOS/CoreAudio
0x0000000000246000 	/System/Library/PrivateFrameworks/AppleGVA.framework/Versions/A/AppleGVA
0x000000012d5cd000 	/System/Library/Components/AudioCodecs.component/Contents/MacOS/AudioCodecs
0x000000012db3f000 	/System/Library/Extensions/AppleIntelHD4000GraphicsVADriver.bundle/Contents/MacOS/AppleIntelHD4000GraphicsVADriver
0x000000012dd4b000 	/System/Library/Extensions/AppleIntelIVBVA.bundle/Contents/MacOS/AppleIntelIVBVA
0x00000001325ba000 	cl_kernels
0x0000000000246000 	/System/Library/Frameworks/OpenCL.framework/Versions/A/Libraries/ImageFormats/unorm8_bgra.dylib
0x0000000000246000 	/System/Library/Frameworks/OpenCL.framework/Versions/A/Libraries/ImageFormats/unorm8_rgba.dylib
0x00000001345b4000 	/System/Library/Extensions/AppleIntelHD4000GraphicsMTLDriver.bundle/Contents/MacOS/AppleIntelHD4000GraphicsMTLDriver
0x0000000134698000 	/Library/Java/JavaVirtualMachines/jdk1.8.0_77.jdk/Contents/Home/jre/lib/libprism_common.dylib
0x00000001323f3000 	/Library/Java/JavaVirtualMachines/jdk1.8.0_77.jdk/Contents/Home/jre/lib/libjavafx_iio.dylib

VM Arguments:
jvm_args: -Didea.launcher.port=7537 -Didea.launcher.bin.path=/Applications/IntelliJ IDEA CE.app/Contents/bin -Dfile.encoding=UTF-8 
java_command: com.intellij.rt.execution.application.AppMain Launcher
java_class_path (initial): /Library/Java/JavaVirtualMachines/jdk1.8.0_77.jdk/Contents/Home/jre/lib/charsets.jar:/Library/Java/JavaVirtualMachines/jdk1.8.0_77.jdk/Contents/Home/jre/lib/deploy.jar:/Library/Java/JavaVirtualMachines/jdk1.8.0_77.jdk/Contents/Home/jre/lib/ext/cldrdata.jar:/Library/Java/JavaVirtualMachines/jdk1.8.0_77.jdk/Contents/Home/jre/lib/ext/dnsns.jar:/Library/Java/JavaVirtualMachines/jdk1.8.0_77.jdk/Contents/Home/jre/lib/ext/jaccess.jar:/Library/Java/JavaVirtualMachines/jdk1.8.0_77.jdk/Contents/Home/jre/lib/ext/jfxrt.jar:/Library/Java/JavaVirtualMachines/jdk1.8.0_77.jdk/Contents/Home/jre/lib/ext/localedata.jar:/Library/Java/JavaVirtualMachines/jdk1.8.0_77.jdk/Contents/Home/jre/lib/ext/nashorn.jar:/Library/Java/JavaVirtualMachines/jdk1.8.0_77.jdk/Contents/Home/jre/lib/ext/sunec.jar:/Library/Java/JavaVirtualMachines/jdk1.8.0_77.jdk/Contents/Home/jre/lib/ext/sunjce_provider.jar:/Library/Java/JavaVirtualMachines/jdk1.8.0_77.jdk/Contents/Home/jre/lib/ext/sunpkcs11.jar:/Library/Java/JavaVirtualMachines/jdk1.8.0_77.jdk/Contents/Home/jre/lib/ext/zipfs.jar:/Library/Java/JavaVirtualMachines/jdk1.8.0_77.jdk/Contents/Home/jre/lib/javaws.jar:/Library/Java/JavaVirtualMachines/jdk1.8.0_77.jdk/Contents/Home/jre/lib/jce.jar:/Library/Java/JavaVirtualMachines/jdk1.8.0_77.jdk/Contents/Home/jre/lib/jfr.jar:/Library/Java/JavaVirtualMachines/jdk1.8.0_77.jdk/Contents/Home/jre/lib/jfxswt.jar:/Library/Java/JavaVirtualMachines/jdk1.8.0_77.jdk/Contents/Home/jre/lib/jsse.jar:/Library/Java/JavaVirtualMachines/jdk1.8.0_77.jdk/Contents/Home/jre/lib/management-agent.jar:/Library/Java/JavaVirtualMachines/jdk1.8.0_77.jdk/Contents/Home/jre/lib/plugin.jar:/Library/Java/JavaVirtualMachines/jdk1.8.0_77.jdk/Contents/Home/jre/lib/resources.jar:/Library/Java/JavaVirtualMachines/jdk1.8.0_77.jdk/Contents/Home/jre/lib/rt.jar:/Library/Java/JavaVirtualMachines/jdk1.8.0_77.jdk/Contents/Home/lib/ant-javafx.jar:/Library/Java/JavaVirtualMachines/jdk1.8.0_77.jdk/Contents/Home/lib/dt.jar:/Library/Ja
Launcher Type: SUN_STANDARD

Environment Variables:
PATH=/usr/local/bin:/usr/bin:/bin:/usr/sbin:/sbin
SHELL=/bin/zsh

Signal Handlers:
SIGSEGV: [libjvm.dylib+0x5a6855], sa_mask[0]=11111111011111110111111111111111, sa_flags=SA_ONSTACK|SA_RESTART|SA_SIGINFO
SIGBUS: [libjvm.dylib+0x5a6855], sa_mask[0]=11111111011111110111111111111111, sa_flags=SA_RESTART|SA_SIGINFO
SIGFPE: [libjvm.dylib+0x4804ec], sa_mask[0]=11111111011111110111111111111111, sa_flags=SA_RESTART|SA_SIGINFO
SIGPIPE: [libjvm.dylib+0x4804ec], sa_mask[0]=11111111011111110111111111111111, sa_flags=SA_RESTART|SA_SIGINFO
SIGXFSZ: [libjvm.dylib+0x4804ec], sa_mask[0]=11111111011111110111111111111111, sa_flags=SA_RESTART|SA_SIGINFO
SIGILL: [libjvm.dylib+0x4804ec], sa_mask[0]=11111111011111110111111111111111, sa_flags=SA_RESTART|SA_SIGINFO
SIGUSR1: SIG_DFL, sa_mask[0]=00000000000000000000000000000000, sa_flags=none
SIGUSR2: [libjvm.dylib+0x48000a], sa_mask[0]=00100000000000000000000000000000, sa_flags=SA_RESTART|SA_SIGINFO
SIGHUP: [AudioToolbox+0xedc42], sa_mask[0]=00000000000000000000000000000000, sa_flags=SA_RESTART
SIGINT: [libjvm.dylib+0x47e5e1], sa_mask[0]=11111111011111110111111111111111, sa_flags=SA_RESTART|SA_SIGINFO
SIGTERM: [libjvm.dylib+0x47e5e1], sa_mask[0]=11111111011111110111111111111111, sa_flags=SA_RESTART|SA_SIGINFO
SIGQUIT: [libjvm.dylib+0x47e5e1], sa_mask[0]=11111111011111110111111111111111, sa_flags=SA_RESTART|SA_SIGINFO


---------------  S Y S T E M  ---------------

OS:Bsduname:Darwin 15.4.0 Darwin Kernel Version 15.4.0: Fri Feb 26 22:08:05 PST 2016; root:xnu-3248.40.184~3/RELEASE_X86_64 x86_64
rlimit: STACK 8192k, CORE 0k, NPROC 709, NOFILE 10240, AS infinity
load average:5.99 5.09 4.15

CPU:total 4 (2 cores per cpu, 2 threads per core) family 6 model 58 stepping 9, cmov, cx8, fxsr, mmx, sse, sse2, sse3, ssse3, sse4.1, sse4.2, popcnt, avx, aes, clmul, erms, ht, tsc, tscinvbit, tscinv

Memory: 4k page, physical 8388608k(124724k free)

/proc/meminfo:


vm_info: Java HotSpot(TM) 64-Bit Server VM (25.77-b03) for bsd-amd64 JRE (1.8.0_77-b03), built on Mar 20 2016 22:14:03 by "java_re" with gcc 4.2.1 (Based on Apple Inc. build 5658) (LLVM build 2336.11.00)

time: Wed Apr 20 18:17:59 2016
elapsed time: 76 seconds (0d 0h 1m 16s)

