#
# A fatal error has been detected by the Java Runtime Environment:
#
#  SIGSEGV (0xb) at pc=0x000000011e13f85e, pid=4298, tid=39551
#
# JRE version: Java(TM) SE Runtime Environment (8.0_77-b03) (build 1.8.0_77-b03)
# Java VM: Java HotSpot(TM) 64-Bit Server VM (25.77-b03 mixed mode bsd-amd64 compressed oops)
# Problematic frame:
# C  [libjfxmedia_avf.dylib+0x785e]  AVFKernelComponent::ProcessBufferLists(unsigned int&, AudioBufferList const&, AudioBufferList&, unsigned int)+0x22
#
# Failed to write core dump. Core dumps have been disabled. To enable core dumping, try "ulimit -c unlimited" before starting Java again
#
# If you would like to submit a bug report, please visit:
#   http://bugreport.java.com/bugreport/crash.jsp
#

---------------  T H R E A D  ---------------

Current thread is native thread

siginfo: si_signo: 11 (SIGSEGV), si_code: 0 (unknown), si_addr: 0x0000000000000000

Registers:
RAX=0xe00007fea086bf57, RBX=0x0000700001c7ca54, RCX=0x00007fea0ad687f0, RDX=0x00007fea0ad634f0
RSP=0x0000700001c7c7a0, RBP=0x0000700001c7c7a0, RSI=0x0000700001c7ca54, RDI=0x00007fea086082b0
R8 =0x0000000000001000, R9 =0x0000700001c7c5b7, R10=0x000000011e15a290, R11=0x0000000000005300
R12=0x00007fea0ad68cb0, R13=0x00007fea0ad634f0, R14=0x000000011e13f83c, R15=0x0000000000001000
RIP=0x000000011e13f85e, EFLAGS=0x0000000000010202, ERR=0x0000000000000000
  TRAPNO=0x000000000000000d

Top of Stack: (sp=0x0000700001c7c7a0)
0x0000700001c7c7a0:   0000700001c7c800 000000011e148ab2
0x0000700001c7c7b0:   0000000000000000 0000700001c7ca54
0x0000700001c7c7c0:   0000000000000000 0000000000000000
0x0000700001c7c7d0:   0000000000000000 0000700001c7ca54
0x0000700001c7c7e0:   00007fea0ad68cb0 00007fea0ad68f80
0x0000700001c7c7f0:   00007fea0ad69870 0000000000001000
0x0000700001c7c800:   0000700001c7c850 000000011e143369
0x0000700001c7c810:   0000700001c7c840 0000700001c7ca78
0x0000700001c7c820:   0000000001c7c830 0000000000009fe0
0x0000700001c7c830:   00007fea0ad68f80 00000000ffffffce
0x0000700001c7c840:   0000000000001000 00007fea0ad68cb0
0x0000700001c7c850:   0000700001c7c8c0 000000011e1419a1
0x0000700001c7c860:   00007fea0ad69870 00009fe097bdc07b
0x0000700001c7c870:   0000700001c7ca54 0000700001c7ca78
0x0000700001c7c880:   0000000001c7c8e0 00007fea0ad69870
0x0000700001c7c890:   00009fe000000000 00000000ffffffce
0x0000700001c7c8a0:   0000700001c7ca54 0000000000000000
0x0000700001c7c8b0:   0000000000001000 0000700001c7ca78
0x0000700001c7c8c0:   0000700001c7c8e0 000000011e145996
0x0000700001c7c8d0:   00000000fffffffc 00007fea0ad69670
0x0000700001c7c8e0:   0000700001c7c920 000000011e144777
0x0000700001c7c8f0:   00007fea0ad69670 0000700001c7ca78
0x0000700001c7c900:   00007fea0ad69490 00000000ffffd584
0x0000700001c7c910:   0000700001c7ca54 0000000000001000
0x0000700001c7c920:   0000700001c7c980 000000011e1488f0
0x0000700001c7c930:   0000000000000000 0000700001c7ca54
0x0000700001c7c940:   0000000000000000 0000000000000000
0x0000700001c7c950:   0000000000000000 0000700001c7ca54
0x0000700001c7c960:   00007fea0ad69490 00007fea0ad69760
0x0000700001c7c970:   00007fea0ae078d8 0000000000001000
0x0000700001c7c980:   0000700001c7c9d0 000000011e143369
0x0000700001c7c990:   0000700001c7c9c0 0000700001c7ca78 

Instructions: (pc=0x000000011e13f85e)
0x000000011e13f83e:   89 e5 80 bf d0 01 00 00 00 74 06 5d e9 bf 92 00
0x000000011e13f84e:   00 48 8b bf d8 01 00 00 48 85 ff 74 0a 48 8b 07
0x000000011e13f85e:   48 8b 40 28 5d ff e0 31 c0 5d c3 90 55 48 89 e5
0x000000011e13f86e:   41 57 41 56 41 55 41 54 53 50 4d 89 c6 41 89 d5 

Register to memory mapping:

RAX=0xe00007fea086bf57 is an unknown value
RBX=0x0000700001c7ca54 is an unknown value
RCX=0x00007fea0ad687f0 is an unknown value
RDX=0x00007fea0ad634f0 is an unknown value
RSP=0x0000700001c7c7a0 is an unknown value
RBP=0x0000700001c7c7a0 is an unknown value
RSI=0x0000700001c7ca54 is an unknown value
RDI=0x00007fea086082b0 is an unknown value
R8 =0x0000000000001000 is an unknown value
R9 =0x0000700001c7c5b7 is an unknown value
R10=0x000000011e15a290: _ZTV18AVFEqualizerKernel+0x10 in /Library/Java/JavaVirtualMachines/jdk1.8.0_77.jdk/Contents/Home/jre/lib/libjfxmedia_avf.dylib at 0x000000011e138000
R11=0x0000000000005300 is an unknown value
R12=0x00007fea0ad68cb0 is an unknown value
R13=0x00007fea0ad634f0 is an unknown value
R14=0x000000011e13f83c: _ZN18AVFKernelComponent18ProcessBufferListsERjRK15AudioBufferListRS1_j+0 in /Library/Java/JavaVirtualMachines/jdk1.8.0_77.jdk/Contents/Home/jre/lib/libjfxmedia_avf.dylib at 0x000000011e138000
R15=0x0000000000001000 is an unknown value


Stack: [0x0000700001bfd000,0x0000700001c7d000],  sp=0x0000700001c7c7a0,  free space=509k
Native frames: (J=compiled Java code, j=interpreted, Vv=VM code, C=native code)
C  [libjfxmedia_avf.dylib+0x785e]  AVFKernelComponent::ProcessBufferLists(unsigned int&, AudioBufferList const&, AudioBufferList&, unsigned int)+0x22
C  [libjfxmedia_avf.dylib+0x10ab2]  AUEffectBase::Render(unsigned int&, AudioTimeStamp const&, unsigned int)+0x240
C  [libjfxmedia_avf.dylib+0xb369]  AUBase::DoRenderBus(unsigned int&, AudioTimeStamp const&, unsigned int, AUOutputElement*, unsigned int, AudioBufferList&)+0xa9
C  [libjfxmedia_avf.dylib+0x99a1]  AUBase::DoRender(unsigned int&, AudioTimeStamp const&, unsigned int, unsigned int, AudioBufferList&)+0x1b9
C  [libjfxmedia_avf.dylib+0xd996]  AUMethodRender(void*, unsigned int*, AudioTimeStamp const*, unsigned int, unsigned int, AudioBufferList*)+0x2e
C  [libjfxmedia_avf.dylib+0xc777]  AUInputElement::PullInput(unsigned int&, AudioTimeStamp const&, unsigned int, unsigned int)+0x8d
C  [libjfxmedia_avf.dylib+0x108f0]  AUEffectBase::Render(unsigned int&, AudioTimeStamp const&, unsigned int)+0x7e
C  [libjfxmedia_avf.dylib+0xb369]  AUBase::DoRenderBus(unsigned int&, AudioTimeStamp const&, unsigned int, AUOutputElement*, unsigned int, AudioBufferList&)+0xa9
C  [libjfxmedia_avf.dylib+0x99a1]  AUBase::DoRender(unsigned int&, AudioTimeStamp const&, unsigned int, unsigned int, AudioBufferList&)+0x1b9
C  [libjfxmedia_avf.dylib+0xd996]  AUMethodRender(void*, unsigned int*, AudioTimeStamp const*, unsigned int, unsigned int, AudioBufferList*)+0x2e
C  [libjfxmedia_avf.dylib+0x54b1]  ProcessAudioTap(void const*, long, unsigned int, AudioBufferList*, long*, unsigned int*)+0x63
C  [MediaToolbox+0x35f1e7]  MTAudioProcessingTapGetSourceAudio+0x103d
C  [AudioToolbox+0xc45e8]  AQClientCallProcessingTap(void*, unsigned int, AudioTimeStamp*, unsigned int*, unsigned int*, AudioBufferList*, int, double, unsigned int, double, unsigned int, unsigned char const*, unsigned int)+0x5d
C  [AudioToolbox+0x117a3c]  AQProcessingTap::DoCallout(unsigned int&, AudioTimeStamp&, unsigned int&, AudioBufferList&)+0xc2
C  [AudioToolbox+0x117847]  AudioQueueObject::PerformTapInternal(AudioTimeStamp&, unsigned int&, unsigned int&)+0x81
C  [AudioToolbox+0x117748]  AudioQueueObject::PerformProcessingTap(int (*)(void*, unsigned int&, AudioTimeStamp const&, unsigned int, AudioBufferList&, double&, unsigned int&), void*, AudioTimeStamp&, unsigned int&, AudioBufferList&, unsigned int&)+0xcc
C  [AudioToolbox+0x1247f3]  MEMixerChannel::TapDownstream(void*, unsigned int*, AudioTimeStamp const*, unsigned int, unsigned int, AudioBufferList*)+0x81
C  [CoreAudio+0x8d73]  AUInputElement::PullInput(unsigned int&, AudioTimeStamp const&, unsigned int, unsigned int)+0xb5
C  [CoreAudio+0x732cf]  AUDeferredRenderer::Produce()+0x211
C  [CoreAudio+0x73035]  AUDeferredRenderer::ProducerThreadProc()+0x31
C  [CoreAudio+0x735b7]  AUDeferredRenderer::ProducerThreadProc(void*)+0x1f
C  [CoreAudio+0x72360]  CAPThread::Entry(CAPThread*)+0x50
C  [libsystem_pthread.dylib+0x399d]  _pthread_body+0x83
C  [libsystem_pthread.dylib+0x391a]  _pthread_body+0x0
C  [libsystem_pthread.dylib+0x1351]  thread_start+0xd


---------------  P R O C E S S  ---------------

VM state:not at safepoint (normal execution)

VM Mutex/Monitor currently owned by a thread: None

Heap:
 PSYoungGen      total 34304K, used 15097K [0x0000000795580000, 0x0000000798200000, 0x00000007c0000000)
  eden space 24064K, 62% used [0x0000000795580000,0x000000079641e428,0x0000000796d00000)
  from space 10240K, 1% used [0x0000000797800000,0x0000000797820000,0x0000000798200000)
  to   space 10752K, 0% used [0x0000000796d00000,0x0000000796d00000,0x0000000797780000)
 ParOldGen       total 52736K, used 22033K [0x0000000740000000, 0x0000000743380000, 0x0000000795580000)
  object space 52736K, 41% used [0x0000000740000000,0x0000000741584758,0x0000000743380000)
 Metaspace       used 20837K, capacity 21544K, committed 21760K, reserved 1069056K
  class space    used 2613K, capacity 2812K, committed 2816K, reserved 1048576K

Card table byte_map: [0x0000000111bc0000,0x0000000111fc1000] byte_map_base: 0x000000010e1c0000

Marking Bits: (ParMarkBitMap*) 0x0000000101851ea0
 Begin Bits: [0x000000011226c000, 0x000000011426c000)
 End Bits:   [0x000000011426c000, 0x000000011626c000)

Polling page: 0x0000000101f44000

CodeCache: size=245760Kb used=8814Kb max_used=9161Kb free=236945Kb
 bounds [0x0000000102800000, 0x0000000103120000, 0x0000000111800000]
 total_blobs=3545 nmethods=2817 adapters=640
 compilation: enabled

Compilation events (10 events):
Event: 100.425 Thread 0x00007fea08810000 3095       4       java.lang.Thread::exit (51 bytes)
Event: 100.432 Thread 0x00007fea08810000 nmethod 3095 0x0000000102940a90 code [0x0000000102940c00, 0x0000000102941278]
Event: 102.866 Thread 0x00007fea0903a000 3096   !   4       com.sun.javafx.tk.Toolkit::firePulse (279 bytes)
Event: 103.014 Thread 0x00007fea0903a000 nmethod 3096 0x0000000102b7f090 code [0x0000000102b7f3e0, 0x0000000102b81650]
Event: 103.932 Thread 0x00007fea08810000 3097       4       com.sun.glass.ui.mac.MacApplication::submitForLaterInvocation (6 bytes)
Event: 103.933 Thread 0x00007fea08810000 nmethod 3097 0x0000000102920f90 code [0x00000001029210e0, 0x0000000102921168]
Event: 115.450 Thread 0x00007fea0903a000 3099   !   4       java.lang.ref.ReferenceQueue::poll (28 bytes)
Event: 115.454 Thread 0x00007fea0903a000 nmethod 3099 0x000000010292cbd0 code [0x000000010292cd20, 0x000000010292d058]
Event: 115.474 Thread 0x00007fea08810000 3100       4       java.lang.Class::getName (21 bytes)
Event: 115.475 Thread 0x00007fea08810000 nmethod 3100 0x0000000102d9a950 code [0x0000000102d9aaa0, 0x0000000102d9ab48]

GC Heap History (10 events):
Event: 88.641 GC heap before
{Heap before GC invocations=17 (full 1):
 PSYoungGen      total 26112K, used 25696K [0x0000000795580000, 0x0000000798780000, 0x00000007c0000000)
  eden space 25600K, 100% used [0x0000000795580000,0x0000000796e80000,0x0000000796e80000)
  from space 512K, 18% used [0x0000000796f00000,0x0000000796f18000,0x0000000796f80000)
  to   space 12800K, 0% used [0x0000000797b00000,0x0000000797b00000,0x0000000798780000)
 ParOldGen       total 52736K, used 22033K [0x0000000740000000, 0x0000000743380000, 0x0000000795580000)
  object space 52736K, 41% used [0x0000000740000000,0x0000000741584758,0x0000000743380000)
 Metaspace       used 20825K, capacity 21520K, committed 21760K, reserved 1069056K
  class space    used 2608K, capacity 2806K, committed 2816K, reserved 1048576K
Event: 88.642 GC heap after
Heap after GC invocations=17 (full 1):
 PSYoungGen      total 36352K, used 64K [0x0000000795580000, 0x0000000798600000, 0x00000007c0000000)
  eden space 25088K, 0% used [0x0000000795580000,0x0000000795580000,0x0000000796e00000)
  from space 11264K, 0% used [0x0000000797b00000,0x0000000797b10000,0x0000000798600000)
  to   space 12288K, 0% used [0x0000000796e00000,0x0000000796e00000,0x0000000797a00000)
 ParOldGen       total 52736K, used 22033K [0x0000000740000000, 0x0000000743380000, 0x0000000795580000)
  object space 52736K, 41% used [0x0000000740000000,0x0000000741584758,0x0000000743380000)
 Metaspace       used 20825K, capacity 21520K, committed 21760K, reserved 1069056K
  class space    used 2608K, capacity 2806K, committed 2816K, reserved 1048576K
}
Event: 94.446 GC heap before
{Heap before GC invocations=18 (full 1):
 PSYoungGen      total 36352K, used 25152K [0x0000000795580000, 0x0000000798600000, 0x00000007c0000000)
  eden space 25088K, 100% used [0x0000000795580000,0x0000000796e00000,0x0000000796e00000)
  from space 11264K, 0% used [0x0000000797b00000,0x0000000797b10000,0x0000000798600000)
  to   space 12288K, 0% used [0x0000000796e00000,0x0000000796e00000,0x0000000797a00000)
 ParOldGen       total 52736K, used 22033K [0x0000000740000000, 0x0000000743380000, 0x0000000795580000)
  object space 52736K, 41% used [0x0000000740000000,0x0000000741584758,0x0000000743380000)
 Metaspace       used 20825K, capacity 21520K, committed 21760K, reserved 1069056K
  class space    used 2608K, capacity 2806K, committed 2816K, reserved 1048576K
Event: 94.447 GC heap after
Heap after GC invocations=18 (full 1):
 PSYoungGen      total 25088K, used 96K [0x0000000795580000, 0x0000000798480000, 0x00000007c0000000)
  eden space 24576K, 0% used [0x0000000795580000,0x0000000795580000,0x0000000796d80000)
  from space 512K, 18% used [0x0000000796e00000,0x0000000796e18000,0x0000000796e80000)
  to   space 11776K, 0% used [0x0000000797900000,0x0000000797900000,0x0000000798480000)
 ParOldGen       total 52736K, used 22033K [0x0000000740000000, 0x0000000743380000, 0x0000000795580000)
  object space 52736K, 41% used [0x0000000740000000,0x0000000741584758,0x0000000743380000)
 Metaspace       used 20825K, capacity 21520K, committed 21760K, reserved 1069056K
  class space    used 2608K, capacity 2806K, committed 2816K, reserved 1048576K
}
Event: 100.283 GC heap before
{Heap before GC invocations=19 (full 1):
 PSYoungGen      total 25088K, used 24672K [0x0000000795580000, 0x0000000798480000, 0x00000007c0000000)
  eden space 24576K, 100% used [0x0000000795580000,0x0000000796d80000,0x0000000796d80000)
  from space 512K, 18% used [0x0000000796e00000,0x0000000796e18000,0x0000000796e80000)
  to   space 11776K, 0% used [0x0000000797900000,0x0000000797900000,0x0000000798480000)
 ParOldGen       total 52736K, used 22033K [0x0000000740000000, 0x0000000743380000, 0x0000000795580000)
  object space 52736K, 41% used [0x0000000740000000,0x0000000741584758,0x0000000743380000)
 Metaspace       used 20825K, capacity 21520K, committed 21760K, reserved 1069056K
  class space    used 2608K, capacity 2806K, committed 2816K, reserved 1048576K
Event: 100.284 GC heap after
Heap after GC invocations=19 (full 1):
 PSYoungGen      total 35328K, used 128K [0x0000000795580000, 0x0000000798400000, 0x00000007c0000000)
  eden space 24064K, 0% used [0x0000000795580000,0x0000000795580000,0x0000000796d00000)
  from space 11264K, 1% used [0x0000000797900000,0x0000000797920000,0x0000000798400000)
  to   space 11776K, 0% used [0x0000000796d00000,0x0000000796d00000,0x0000000797880000)
 ParOldGen       total 52736K, used 22033K [0x0000000740000000, 0x0000000743380000, 0x0000000795580000)
  object space 52736K, 41% used [0x0000000740000000,0x0000000741584758,0x0000000743380000)
 Metaspace       used 20825K, capacity 21520K, committed 21760K, reserved 1069056K
  class space    used 2608K, capacity 2806K, committed 2816K, reserved 1048576K
}
Event: 106.082 GC heap before
{Heap before GC invocations=20 (full 1):
 PSYoungGen      total 35328K, used 24192K [0x0000000795580000, 0x0000000798400000, 0x00000007c0000000)
  eden space 24064K, 100% used [0x0000000795580000,0x0000000796d00000,0x0000000796d00000)
  from space 11264K, 1% used [0x0000000797900000,0x0000000797920000,0x0000000798400000)
  to   space 11776K, 0% used [0x0000000796d00000,0x0000000796d00000,0x0000000797880000)
 ParOldGen       total 52736K, used 22033K [0x0000000740000000, 0x0000000743380000, 0x0000000795580000)
  object space 52736K, 41% used [0x0000000740000000,0x0000000741584758,0x0000000743380000)
 Metaspace       used 20825K, capacity 21520K, committed 21760K, reserved 1069056K
  class space    used 2608K, capacity 2806K, committed 2816K, reserved 1048576K
Event: 106.083 GC heap after
Heap after GC invocations=20 (full 1):
 PSYoungGen      total 24576K, used 128K [0x0000000795580000, 0x0000000798300000, 0x00000007c0000000)
  eden space 24064K, 0% used [0x0000000795580000,0x0000000795580000,0x0000000796d00000)
  from space 512K, 25% used [0x0000000796d00000,0x0000000796d20000,0x0000000796d80000)
  to   space 11264K, 0% used [0x0000000797800000,0x0000000797800000,0x0000000798300000)
 ParOldGen       total 52736K, used 22033K [0x0000000740000000, 0x0000000743380000, 0x0000000795580000)
  object space 52736K, 41% used [0x0000000740000000,0x0000000741584758,0x0000000743380000)
 Metaspace       used 20825K, capacity 21520K, committed 21760K, reserved 1069056K
  class space    used 2608K, capacity 2806K, committed 2816K, reserved 1048576K
}
Event: 111.932 GC heap before
{Heap before GC invocations=21 (full 1):
 PSYoungGen      total 24576K, used 24192K [0x0000000795580000, 0x0000000798300000, 0x00000007c0000000)
  eden space 24064K, 100% used [0x0000000795580000,0x0000000796d00000,0x0000000796d00000)
  from space 512K, 25% used [0x0000000796d00000,0x0000000796d20000,0x0000000796d80000)
  to   space 11264K, 0% used [0x0000000797800000,0x0000000797800000,0x0000000798300000)
 ParOldGen       total 52736K, used 22033K [0x0000000740000000, 0x0000000743380000, 0x0000000795580000)
  object space 52736K, 41% used [0x0000000740000000,0x0000000741584758,0x0000000743380000)
 Metaspace       used 20825K, capacity 21520K, committed 21760K, reserved 1069056K
  class space    used 2608K, capacity 2806K, committed 2816K, reserved 1048576K
Event: 111.933 GC heap after
Heap after GC invocations=21 (full 1):
 PSYoungGen      total 34304K, used 128K [0x0000000795580000, 0x0000000798200000, 0x00000007c0000000)
  eden space 24064K, 0% used [0x0000000795580000,0x0000000795580000,0x0000000796d00000)
  from space 10240K, 1% used [0x0000000797800000,0x0000000797820000,0x0000000798200000)
  to   space 10752K, 0% used [0x0000000796d00000,0x0000000796d00000,0x0000000797780000)
 ParOldGen       total 52736K, used 22033K [0x0000000740000000, 0x0000000743380000, 0x0000000795580000)
  object space 52736K, 41% used [0x0000000740000000,0x0000000741584758,0x0000000743380000)
 Metaspace       used 20825K, capacity 21520K, committed 21760K, reserved 1069056K
  class space    used 2608K, capacity 2806K, committed 2816K, reserved 1048576K
}

Deoptimization events (10 events):
Event: 33.088 Thread 0x00007fea098d8800 Uncommon trap: reason=unstable_if action=reinterpret pc=0x0000000102931070 method=java.util.HashMap.isEmpty()Z @ 4
Event: 33.177 Thread 0x00007fea098d8800 Uncommon trap: reason=unstable_if action=reinterpret pc=0x0000000102ea5c74 method=java.lang.CharacterDataLatin1.digit(II)I @ 82
Event: 33.691 Thread 0x00007fea098d8800 Uncommon trap: reason=unstable_if action=reinterpret pc=0x0000000103009258 method=java.lang.StrictMath.floorOrCeil(DDDD)D @ 38
Event: 33.746 Thread 0x00007fea08851000 Uncommon trap: reason=unstable_if action=reinterpret pc=0x0000000102ff660c method=com.sun.prism.es2.GLContext.updateBoundTexture(I)V @ 5
Event: 33.801 Thread 0x00007fea08851000 Uncommon trap: reason=unstable_if action=reinterpret pc=0x0000000102d38c50 method=com.sun.javafx.font.CompositeStrike.getStrikeSlot(I)Lcom/sun/javafx/font/FontStrike; @ 8
Event: 33.801 Thread 0x00007fea08851000 Uncommon trap: reason=null_check action=make_not_entrant pc=0x0000000102d449b8 method=com.sun.prism.impl.GlyphCache.getCachedGlyph(II)Lcom/sun/prism/impl/GlyphCache$GlyphData; @ 28
Event: 33.802 Thread 0x00007fea08851000 Uncommon trap: reason=unstable_if action=reinterpret pc=0x0000000102a50df4 method=java.lang.StrictMath.floorOrCeil(DDDD)D @ 115
Event: 46.949 Thread 0x00007fea09837000 Uncommon trap: reason=unstable_if action=reinterpret pc=0x00000001030ea558 method=com.sun.media.jfxmediaimpl.NativeVideoBuffer.releaseFrame()V @ 6
Event: 115.474 Thread 0x00007fea098d8800 Uncommon trap: reason=unstable_if action=reinterpret pc=0x00000001030f0620 method=java.security.AccessControlContext.optimize()Ljava/security/AccessControlContext; @ 83
Event: 115.478 Thread 0x00007fea09ac2000 Uncommon trap: reason=unstable_if action=reinterpret pc=0x00000001030dab30 method=java.util.TaskQueue.isEmpty()Z @ 4

Internal exceptions (10 events):
Event: 0.601 Thread 0x00007fea0988d000 Exception <a 'java/security/PrivilegedActionException'> (0x0000000795ad1358) thrown at [/Users/java_re/workspace/8-2-build-macosx-x86_64/jdk8u77/6540/hotspot/src/share/vm/prims/jvm.cpp, line 1386]
Event: 0.601 Thread 0x00007fea0988d000 Exception <a 'java/security/PrivilegedActionException'> (0x0000000795ad1568) thrown at [/Users/java_re/workspace/8-2-build-macosx-x86_64/jdk8u77/6540/hotspot/src/share/vm/prims/jvm.cpp, line 1386]
Event: 0.601 Thread 0x00007fea0988d000 Exception <a 'java/lang/NullPointerException'> (0x0000000795ad2ee0) thrown at [/Users/java_re/workspace/8-2-build-macosx-x86_64/jdk8u77/6540/hotspot/src/share/vm/interpreter/linkResolver.cpp, line 1178]
Event: 2.281 Thread 0x00007fea098d8800 Exception <a 'java/lang/NullPointerException'> (0x000000079622a490) thrown at [/Users/java_re/workspace/8-2-build-macosx-x86_64/jdk8u77/6540/hotspot/src/share/vm/interpreter/linkResolver.cpp, line 1178]
Event: 2.281 Thread 0x00007fea098d8800 Exception <a 'java/lang/NullPointerException'> (0x000000079622a490) thrown at [/Users/java_re/workspace/8-2-build-macosx-x86_64/jdk8u77/6540/hotspot/src/share/vm/prims/jvm.cpp, line 1390]
Event: 3.133 Thread 0x00007fea098d8800 Implicit null exception at 0x0000000102a1d4b3 to 0x0000000102a1d835
Event: 3.237 Thread 0x00007fea098d8800 Exception <a 'java/lang/NullPointerException'> (0x000000079674fc30) thrown at [/Users/java_re/workspace/8-2-build-macosx-x86_64/jdk8u77/6540/hotspot/src/share/vm/interpreter/linkResolver.cpp, line 1280]
Event: 5.296 Thread 0x00007fea098d8800 Exception <a 'java/lang/NullPointerException'> (0x00000007965c7640) thrown at [/Users/java_re/workspace/8-2-build-macosx-x86_64/jdk8u77/6540/hotspot/src/share/vm/interpreter/linkResolver.cpp, line 1280]
Event: 12.394 Thread 0x00007fea098d8800 Implicit null exception at 0x0000000102b11793 to 0x0000000102b127b5
Event: 33.801 Thread 0x00007fea08851000 Implicit null exception at 0x0000000102d445e5 to 0x0000000102d4499e

Events (10 events):
Event: 115.475 Thread 0x00007fea08810000 flushing nmethod 0x0000000102f7be50
Event: 115.478 Thread 0x00007fea09ac2000 Uncommon trap: trap_request=0xffffff65 fr.pc=0x00000001030dab30
Event: 115.478 Thread 0x00007fea09ac2000 DEOPT PACKING pc=0x00000001030dab30 sp=0x00007000026af7f0
Event: 115.478 Thread 0x00007fea09ac2000 DEOPT UNPACKING pc=0x0000000102805229 sp=0x00007000026af7a8 mode 2
Event: 115.478 Executing VM operation: RevokeBias
Event: 115.478 Executing VM operation: RevokeBias done
Event: 115.478 Executing VM operation: RevokeBias
Event: 115.478 Executing VM operation: RevokeBias done
Event: 115.478 Thread 0x00007fea09ac2000 Thread exited: 0x00007fea09ac2000
Event: 115.478 Thread 0x00007fea099b8800 Thread exited: 0x00007fea099b8800


Dynamic libraries:
0x0000000007135000 	/System/Library/Frameworks/Cocoa.framework/Versions/A/Cocoa
0x0000000007135000 	/System/Library/Frameworks/Security.framework/Versions/A/Security
0x0000000007135000 	/System/Library/Frameworks/ApplicationServices.framework/Versions/A/ApplicationServices
0x0000000007135000 	/usr/lib/libz.1.dylib
0x0000000007135000 	/usr/lib/libSystem.B.dylib
0x0000000007135000 	/usr/lib/libobjc.A.dylib
0x0000000007135000 	/System/Library/Frameworks/CoreFoundation.framework/Versions/A/CoreFoundation
0x0000000007135000 	/System/Library/Frameworks/Foundation.framework/Versions/C/Foundation
0x0000000007135000 	/System/Library/Frameworks/AppKit.framework/Versions/C/AppKit
0x0000000007135000 	/System/Library/Frameworks/CoreData.framework/Versions/A/CoreData
0x0000000007135000 	/System/Library/PrivateFrameworks/RemoteViewServices.framework/Versions/A/RemoteViewServices
0x0000000007135000 	/System/Library/PrivateFrameworks/UIFoundation.framework/Versions/A/UIFoundation
0x0000000007135000 	/usr/lib/libScreenReader.dylib
0x0000000007135000 	/System/Library/Frameworks/Accelerate.framework/Versions/A/Accelerate
0x0000000007135000 	/System/Library/Frameworks/IOSurface.framework/Versions/A/IOSurface
0x0000000007135000 	/System/Library/Frameworks/AudioToolbox.framework/Versions/A/AudioToolbox
0x0000000007135000 	/System/Library/Frameworks/AudioUnit.framework/Versions/A/AudioUnit
0x0000000007135000 	/System/Library/PrivateFrameworks/DataDetectorsCore.framework/Versions/A/DataDetectorsCore
0x0000000007135000 	/System/Library/PrivateFrameworks/DesktopServicesPriv.framework/Versions/A/DesktopServicesPriv
0x0000000007135000 	/System/Library/Frameworks/Carbon.framework/Versions/A/Frameworks/HIToolbox.framework/Versions/A/HIToolbox
0x0000000007135000 	/System/Library/Frameworks/QuartzCore.framework/Versions/A/QuartzCore
0x0000000007135000 	/System/Library/Frameworks/Carbon.framework/Versions/A/Frameworks/SpeechRecognition.framework/Versions/A/SpeechRecognition
0x0000000007135000 	/usr/lib/libauto.dylib
0x0000000007135000 	/usr/lib/libicucore.A.dylib
0x0000000007135000 	/usr/lib/libxml2.2.dylib
0x0000000007135000 	/System/Library/PrivateFrameworks/CoreUI.framework/Versions/A/CoreUI
0x0000000007135000 	/System/Library/Frameworks/CoreAudio.framework/Versions/A/CoreAudio
0x0000000007135000 	/System/Library/Frameworks/DiskArbitration.framework/Versions/A/DiskArbitration
0x0000000007135000 	/usr/lib/liblangid.dylib
0x0000000007135000 	/System/Library/PrivateFrameworks/MultitouchSupport.framework/Versions/A/MultitouchSupport
0x0000000007135000 	/System/Library/Frameworks/IOKit.framework/Versions/A/IOKit
0x0000000007135000 	/usr/lib/libDiagnosticMessagesClient.dylib
0x0000000007135000 	/System/Library/Frameworks/CoreServices.framework/Versions/A/CoreServices
0x0000000007135000 	/System/Library/PrivateFrameworks/PerformanceAnalysis.framework/Versions/A/PerformanceAnalysis
0x0000000007135000 	/System/Library/PrivateFrameworks/GenerationalStorage.framework/Versions/A/GenerationalStorage
0x0000000007135000 	/System/Library/Frameworks/OpenGL.framework/Versions/A/OpenGL
0x0000000007135000 	/System/Library/PrivateFrameworks/Sharing.framework/Versions/A/Sharing
0x0000000007135000 	/System/Library/Frameworks/CoreGraphics.framework/Versions/A/CoreGraphics
0x0000000007135000 	/System/Library/Frameworks/CoreImage.framework/Versions/A/CoreImage
0x0000000007135000 	/System/Library/Frameworks/CoreText.framework/Versions/A/CoreText
0x0000000007135000 	/System/Library/Frameworks/ImageIO.framework/Versions/A/ImageIO
0x0000000007135000 	/System/Library/PrivateFrameworks/Backup.framework/Versions/A/Backup
0x0000000007135000 	/usr/lib/libextension.dylib
0x0000000007135000 	/usr/lib/libarchive.2.dylib
0x0000000007135000 	/System/Library/Frameworks/CFNetwork.framework/Versions/A/CFNetwork
0x0000000007135000 	/System/Library/Frameworks/SystemConfiguration.framework/Versions/A/SystemConfiguration
0x0000000007135000 	/usr/lib/libCRFSuite.dylib
0x0000000007135000 	/usr/lib/libc++.1.dylib
0x0000000007135000 	/usr/lib/libc++abi.dylib
0x0000000007135000 	/usr/lib/system/libcache.dylib
0x0000000007135000 	/usr/lib/system/libcommonCrypto.dylib
0x0000000007135000 	/usr/lib/system/libcompiler_rt.dylib
0x0000000007135000 	/usr/lib/system/libcopyfile.dylib
0x0000000007135000 	/usr/lib/system/libcorecrypto.dylib
0x0000000007135000 	/usr/lib/system/libdispatch.dylib
0x0000000007135000 	/usr/lib/system/libdyld.dylib
0x0000000007135000 	/usr/lib/system/libkeymgr.dylib
0x0000000007135000 	/usr/lib/system/liblaunch.dylib
0x0000000007135000 	/usr/lib/system/libmacho.dylib
0x0000000007135000 	/usr/lib/system/libquarantine.dylib
0x0000000007135000 	/usr/lib/system/libremovefile.dylib
0x0000000007135000 	/usr/lib/system/libsystem_asl.dylib
0x0000000007135000 	/usr/lib/system/libsystem_blocks.dylib
0x0000000007135000 	/usr/lib/system/libsystem_c.dylib
0x0000000007135000 	/usr/lib/system/libsystem_configuration.dylib
0x0000000007135000 	/usr/lib/system/libsystem_coreservices.dylib
0x0000000007135000 	/usr/lib/system/libsystem_coretls.dylib
0x0000000007135000 	/usr/lib/system/libsystem_dnssd.dylib
0x0000000007135000 	/usr/lib/system/libsystem_info.dylib
0x0000000007135000 	/usr/lib/system/libsystem_kernel.dylib
0x0000000007135000 	/usr/lib/system/libsystem_m.dylib
0x0000000007135000 	/usr/lib/system/libsystem_malloc.dylib
0x0000000007135000 	/usr/lib/system/libsystem_network.dylib
0x0000000007135000 	/usr/lib/system/libsystem_networkextension.dylib
0x0000000007135000 	/usr/lib/system/libsystem_notify.dylib
0x0000000007135000 	/usr/lib/system/libsystem_platform.dylib
0x0000000007135000 	/usr/lib/system/libsystem_pthread.dylib
0x0000000007135000 	/usr/lib/system/libsystem_sandbox.dylib
0x0000000007135000 	/usr/lib/system/libsystem_secinit.dylib
0x0000000007135000 	/usr/lib/system/libsystem_trace.dylib
0x0000000007135000 	/usr/lib/system/libunc.dylib
0x0000000007135000 	/usr/lib/system/libunwind.dylib
0x0000000007135000 	/usr/lib/system/libxpc.dylib
0x0000000007135000 	/usr/lib/libenergytrace.dylib
0x0000000007135000 	/usr/lib/libbsm.0.dylib
0x0000000007135000 	/usr/lib/system/libkxld.dylib
0x0000000007135000 	/usr/lib/libxar.1.dylib
0x0000000007135000 	/usr/lib/libsqlite3.dylib
0x0000000007135000 	/usr/lib/libpam.2.dylib
0x0000000007135000 	/usr/lib/libOpenScriptingUtil.dylib
0x0000000007135000 	/usr/lib/libbz2.1.0.dylib
0x0000000007135000 	/usr/lib/liblzma.5.dylib
0x0000000007135000 	/System/Library/Frameworks/CoreServices.framework/Versions/A/Frameworks/FSEvents.framework/Versions/A/FSEvents
0x0000000007135000 	/System/Library/Frameworks/CoreServices.framework/Versions/A/Frameworks/CarbonCore.framework/Versions/A/CarbonCore
0x0000000007135000 	/System/Library/Frameworks/CoreServices.framework/Versions/A/Frameworks/Metadata.framework/Versions/A/Metadata
0x0000000007135000 	/System/Library/Frameworks/CoreServices.framework/Versions/A/Frameworks/OSServices.framework/Versions/A/OSServices
0x0000000007135000 	/System/Library/Frameworks/CoreServices.framework/Versions/A/Frameworks/SearchKit.framework/Versions/A/SearchKit
0x0000000007135000 	/System/Library/Frameworks/CoreServices.framework/Versions/A/Frameworks/AE.framework/Versions/A/AE
0x0000000007135000 	/System/Library/Frameworks/CoreServices.framework/Versions/A/Frameworks/LaunchServices.framework/Versions/A/LaunchServices
0x0000000007135000 	/System/Library/Frameworks/CoreServices.framework/Versions/A/Frameworks/DictionaryServices.framework/Versions/A/DictionaryServices
0x0000000007135000 	/System/Library/Frameworks/CoreServices.framework/Versions/A/Frameworks/SharedFileList.framework/Versions/A/SharedFileList
0x0000000007135000 	/System/Library/Frameworks/NetFS.framework/Versions/A/NetFS
0x0000000007135000 	/System/Library/PrivateFrameworks/NetAuth.framework/Versions/A/NetAuth
0x0000000007135000 	/System/Library/PrivateFrameworks/login.framework/Versions/A/Frameworks/loginsupport.framework/Versions/A/loginsupport
0x0000000007135000 	/System/Library/PrivateFrameworks/TCC.framework/Versions/A/TCC
0x0000000007135000 	/usr/lib/libmecabra.dylib
0x0000000007135000 	/System/Library/Frameworks/ApplicationServices.framework/Versions/A/Frameworks/ATS.framework/Versions/A/ATS
0x0000000007135000 	/System/Library/Frameworks/ApplicationServices.framework/Versions/A/Frameworks/ColorSync.framework/Versions/A/ColorSync
0x0000000007135000 	/System/Library/Frameworks/ApplicationServices.framework/Versions/A/Frameworks/HIServices.framework/Versions/A/HIServices
0x0000000007135000 	/System/Library/Frameworks/ApplicationServices.framework/Versions/A/Frameworks/LangAnalysis.framework/Versions/A/LangAnalysis
0x0000000007135000 	/System/Library/Frameworks/ApplicationServices.framework/Versions/A/Frameworks/PrintCore.framework/Versions/A/PrintCore
0x0000000007135000 	/System/Library/Frameworks/ApplicationServices.framework/Versions/A/Frameworks/QD.framework/Versions/A/QD
0x0000000007135000 	/System/Library/Frameworks/ApplicationServices.framework/Versions/A/Frameworks/SpeechSynthesis.framework/Versions/A/SpeechSynthesis
0x0000000007135000 	/System/Library/Frameworks/Metal.framework/Versions/A/Metal
0x0000000007135000 	/System/Library/Frameworks/Accelerate.framework/Versions/A/Frameworks/vImage.framework/Versions/A/vImage
0x0000000007135000 	/System/Library/Frameworks/Accelerate.framework/Versions/A/Frameworks/vecLib.framework/Versions/A/vecLib
0x0000000007135000 	/System/Library/Frameworks/Accelerate.framework/Versions/A/Frameworks/vecLib.framework/Versions/A/libvDSP.dylib
0x0000000007135000 	/System/Library/Frameworks/Accelerate.framework/Versions/A/Frameworks/vecLib.framework/Versions/A/libvMisc.dylib
0x0000000007135000 	/System/Library/Frameworks/Accelerate.framework/Versions/A/Frameworks/vecLib.framework/Versions/A/libLAPACK.dylib
0x0000000007135000 	/System/Library/Frameworks/Accelerate.framework/Versions/A/Frameworks/vecLib.framework/Versions/A/libBLAS.dylib
0x0000000007135000 	/System/Library/Frameworks/Accelerate.framework/Versions/A/Frameworks/vecLib.framework/Versions/A/libLinearAlgebra.dylib
0x0000000007135000 	/System/Library/Frameworks/Accelerate.framework/Versions/A/Frameworks/vecLib.framework/Versions/A/libSparseBLAS.dylib
0x0000000007135000 	/System/Library/PrivateFrameworks/GPUCompiler.framework/libmetal_timestamp.dylib
0x0000000007135000 	/System/Library/Frameworks/OpenGL.framework/Versions/A/Libraries/libCoreFSCache.dylib
0x0000000007135000 	/System/Library/PrivateFrameworks/IOAccelerator.framework/Versions/A/IOAccelerator
0x0000000007135000 	/System/Library/Frameworks/ApplicationServices.framework/Versions/A/Frameworks/ATS.framework/Versions/A/Resources/libFontParser.dylib
0x0000000007135000 	/System/Library/Frameworks/ApplicationServices.framework/Versions/A/Frameworks/ATS.framework/Versions/A/Resources/libFontRegistry.dylib
0x0000000007135000 	/System/Library/PrivateFrameworks/AppleVPA.framework/Versions/A/AppleVPA
0x0000000007135000 	/System/Library/PrivateFrameworks/AppleJPEG.framework/Versions/A/AppleJPEG
0x0000000007135000 	/System/Library/Frameworks/ImageIO.framework/Versions/A/Resources/libJPEG.dylib
0x0000000007135000 	/System/Library/Frameworks/ImageIO.framework/Versions/A/Resources/libTIFF.dylib
0x0000000007135000 	/System/Library/Frameworks/ImageIO.framework/Versions/A/Resources/libPng.dylib
0x0000000007135000 	/System/Library/Frameworks/ImageIO.framework/Versions/A/Resources/libGIF.dylib
0x0000000007135000 	/System/Library/Frameworks/ImageIO.framework/Versions/A/Resources/libJP2.dylib
0x0000000007135000 	/System/Library/Frameworks/ImageIO.framework/Versions/A/Resources/libRadiance.dylib
0x0000000007135000 	/System/Library/Frameworks/CoreVideo.framework/Versions/A/CoreVideo
0x0000000007135000 	/System/Library/Frameworks/OpenGL.framework/Versions/A/Libraries/libGLU.dylib
0x0000000007135000 	/System/Library/Frameworks/OpenGL.framework/Versions/A/Libraries/libGFXShared.dylib
0x0000000007135000 	/System/Library/Frameworks/OpenGL.framework/Versions/A/Libraries/libGL.dylib
0x0000000007135000 	/System/Library/Frameworks/OpenGL.framework/Versions/A/Libraries/libGLImage.dylib
0x0000000007135000 	/System/Library/Frameworks/OpenGL.framework/Versions/A/Libraries/libCVMSPluginSupport.dylib
0x0000000007135000 	/System/Library/Frameworks/OpenGL.framework/Versions/A/Libraries/libCoreVMClient.dylib
0x0000000007135000 	/usr/lib/libcups.2.dylib
0x0000000007135000 	/System/Library/Frameworks/Kerberos.framework/Versions/A/Kerberos
0x0000000007135000 	/System/Library/Frameworks/GSS.framework/Versions/A/GSS
0x0000000007135000 	/usr/lib/libresolv.9.dylib
0x0000000007135000 	/usr/lib/libiconv.2.dylib
0x0000000007135000 	/System/Library/PrivateFrameworks/Heimdal.framework/Versions/A/Heimdal
0x0000000007135000 	/usr/lib/libheimdal-asn1.dylib
0x0000000007135000 	/System/Library/Frameworks/OpenDirectory.framework/Versions/A/OpenDirectory
0x0000000007135000 	/System/Library/PrivateFrameworks/CommonAuth.framework/Versions/A/CommonAuth
0x0000000007135000 	/System/Library/Frameworks/OpenDirectory.framework/Versions/A/Frameworks/CFOpenDirectory.framework/Versions/A/CFOpenDirectory
0x0000000007135000 	/System/Library/Frameworks/SecurityFoundation.framework/Versions/A/SecurityFoundation
0x0000000007135000 	/System/Library/PrivateFrameworks/LanguageModeling.framework/Versions/A/LanguageModeling
0x0000000007135000 	/usr/lib/libmarisa.dylib
0x0000000007135000 	/usr/lib/libChineseTokenizer.dylib
0x0000000007135000 	/usr/lib/libcmph.dylib
0x0000000007135000 	/usr/lib/libcompression.dylib
0x0000000007135000 	/System/Library/Frameworks/ServiceManagement.framework/Versions/A/ServiceManagement
0x0000000007135000 	/usr/lib/libxslt.1.dylib
0x0000000007135000 	/System/Library/Frameworks/Carbon.framework/Versions/A/Frameworks/Ink.framework/Versions/A/Ink
0x0000000007135000 	/usr/lib/libFosl_dynamic.dylib
0x0000000007135000 	/System/Library/PrivateFrameworks/FaceCore.framework/Versions/A/FaceCore
0x0000000007135000 	/System/Library/Frameworks/OpenCL.framework/Versions/A/OpenCL
0x0000000007135000 	/System/Library/PrivateFrameworks/CrashReporterSupport.framework/Versions/A/CrashReporterSupport
0x0000000007135000 	/System/Library/PrivateFrameworks/IconServices.framework/Versions/A/IconServices
0x0000000007135000 	/System/Library/PrivateFrameworks/Apple80211.framework/Versions/A/Apple80211
0x0000000007135000 	/System/Library/Frameworks/CoreWLAN.framework/Versions/A/CoreWLAN
0x0000000007135000 	/System/Library/Frameworks/IOBluetooth.framework/Versions/A/IOBluetooth
0x0000000007135000 	/System/Library/PrivateFrameworks/CoreWiFi.framework/Versions/A/CoreWiFi
0x0000000007135000 	/System/Library/Frameworks/CoreBluetooth.framework/Versions/A/CoreBluetooth
0x0000000007135000 	/System/Library/PrivateFrameworks/ChunkingLibrary.framework/Versions/A/ChunkingLibrary
0x0000000007135000 	/System/Library/PrivateFrameworks/DebugSymbols.framework/Versions/A/DebugSymbols
0x0000000007135000 	/System/Library/PrivateFrameworks/CoreSymbolication.framework/Versions/A/CoreSymbolication
0x0000000007135000 	/System/Library/PrivateFrameworks/Symbolication.framework/Versions/A/Symbolication
0x0000000007135000 	/System/Library/PrivateFrameworks/SpeechRecognitionCore.framework/Versions/A/SpeechRecognitionCore
0x0000000100f6e000 	/Library/Java/JavaVirtualMachines/jdk1.8.0_77.jdk/Contents/Home/jre/lib/server/libjvm.dylib
0x0000000007135000 	/usr/lib/libstdc++.6.dylib
0x0000000101f01000 	/Library/Java/JavaVirtualMachines/jdk1.8.0_77.jdk/Contents/Home/jre/lib/libverify.dylib
0x0000000101f0f000 	/Library/Java/JavaVirtualMachines/jdk1.8.0_77.jdk/Contents/Home/jre/lib/libjava.dylib
0x0000000101f4e000 	/Library/Java/JavaVirtualMachines/jdk1.8.0_77.jdk/Contents/Home/jre/lib/libzip.dylib
0x00000001180c1000 	/System/Library/Frameworks/JavaVM.framework/Frameworks/JavaRuntimeSupport.framework/JavaRuntimeSupport
0x00000001180dc000 	/System/Library/Frameworks/JavaVM.framework/Versions/A/Frameworks/JavaNativeFoundation.framework/Versions/A/JavaNativeFoundation
0x00000001180f1000 	/System/Library/Frameworks/JavaVM.framework/Versions/A/JavaVM
0x0000000007135000 	/System/Library/Frameworks/Carbon.framework/Versions/A/Carbon
0x00000001180fe000 	/System/Library/PrivateFrameworks/JavaLaunching.framework/Versions/A/JavaLaunching
0x0000000007135000 	/System/Library/Frameworks/Carbon.framework/Versions/A/Frameworks/CommonPanels.framework/Versions/A/CommonPanels
0x0000000007135000 	/System/Library/Frameworks/Carbon.framework/Versions/A/Frameworks/Help.framework/Versions/A/Help
0x0000000007135000 	/System/Library/Frameworks/Carbon.framework/Versions/A/Frameworks/ImageCapture.framework/Versions/A/ImageCapture
0x0000000007135000 	/System/Library/Frameworks/Carbon.framework/Versions/A/Frameworks/OpenScripting.framework/Versions/A/OpenScripting
0x0000000007135000 	/System/Library/Frameworks/Carbon.framework/Versions/A/Frameworks/Print.framework/Versions/A/Print
0x0000000007135000 	/System/Library/Frameworks/Carbon.framework/Versions/A/Frameworks/SecurityHI.framework/Versions/A/SecurityHI
0x0000000119b7c000 	/Applications/IntelliJ IDEA CE.app/Contents/bin/libbreakgen64.jnilib
0x0000000119b7f000 	/Library/Java/JavaVirtualMachines/jdk1.8.0_77.jdk/Contents/Home/jre/lib/libnet.dylib
0x0000000119c74000 	/Library/Java/JavaVirtualMachines/jdk1.8.0_77.jdk/Contents/Home/jre/lib/libprism_es2.dylib
0x0000000007135000 	/System/Library/Frameworks/OpenGL.framework/Versions/A/Resources/GLEngine.bundle/GLEngine
0x0000000007135000 	/System/Library/Frameworks/OpenGL.framework/Versions/A/Libraries/libGLProgrammability.dylib
0x0000000119cf6000 	/System/Library/Extensions/AppleIntelHD4000GraphicsGLDriver.bundle/Contents/MacOS/AppleIntelHD4000GraphicsGLDriver
0x0000000007135000 	/System/Library/PrivateFrameworks/GPUSupport.framework/Versions/A/Libraries/libGPUSupportMercury.dylib
0x0000000007135000 	/System/Library/Frameworks/OpenGL.framework/Versions/A/Resources/GLRendererFloat.bundle/GLRendererFloat
0x0000000007135000 	/System/Library/Frameworks/OpenCL.framework/Versions/A/Libraries/libcldcpuengine.dylib
0x0000000007135000 	/System/Library/PrivateFrameworks/DiskImages.framework/Versions/A/DiskImages
0x0000000007135000 	/System/Library/Frameworks/DiscRecording.framework/Versions/A/DiscRecording
0x0000000007135000 	/usr/lib/libcsfde.dylib
0x0000000007135000 	/usr/lib/libcurl.4.dylib
0x0000000007135000 	/System/Library/PrivateFrameworks/MediaKit.framework/Versions/A/MediaKit
0x0000000007135000 	/System/Library/PrivateFrameworks/ProtectedCloudStorage.framework/Versions/A/ProtectedCloudStorage
0x0000000007135000 	/usr/lib/libCoreStorage.dylib
0x0000000007135000 	/System/Library/PrivateFrameworks/EFILogin.framework/Versions/A/EFILogin
0x0000000007135000 	/usr/lib/libutil.dylib
0x0000000007135000 	/System/Library/PrivateFrameworks/FindMyDevice.framework/Versions/A/FindMyDevice
0x0000000007135000 	/System/Library/Frameworks/LDAP.framework/Versions/A/LDAP
0x0000000007135000 	/usr/lib/libsasl2.2.dylib
0x0000000007135000 	/System/Library/PrivateFrameworks/CoreDaemon.framework/Versions/B/CoreDaemon
0x0000000007135000 	/usr/lib/libcrypto.0.9.8.dylib
0x0000000007135000 	/System/Library/PrivateFrameworks/AppleSRP.framework/Versions/A/AppleSRP
0x0000000007135000 	/System/Library/PrivateFrameworks/TrustEvaluationAgent.framework/Versions/A/TrustEvaluationAgent
0x000000011a7ef000 	/Library/Java/JavaVirtualMachines/jdk1.8.0_77.jdk/Contents/Home/jre/lib/libglass.dylib
0x0000000007135000 	/System/Library/PrivateFrameworks/CoreServicesInternal.framework/Versions/A/CoreServicesInternal
0x0000000007135000 	/System/Library/CoreServices/RawCamera.bundle/Contents/MacOS/RawCamera
0x0000000007135000 	/System/Library/Frameworks/CoreGraphics.framework/Versions/A/Resources/libRIP.A.dylib
0x0000000007135000 	/System/Library/Frameworks/Accelerate.framework/Versions/A/Frameworks/vImage.framework/Versions/A/Libraries/libCGInterfaces.dylib
0x0000000007135000 	/System/Library/PrivateFrameworks/FamilyControls.framework/Versions/A/FamilyControls
0x0000000007135000 	/System/Library/PrivateFrameworks/CommerceKit.framework/Versions/A/Frameworks/CommerceCore.framework/Versions/A/CommerceCore
0x0000000007135000 	/System/Library/PrivateFrameworks/SystemAdministration.framework/Versions/A/SystemAdministration
0x0000000007135000 	/System/Library/PrivateFrameworks/AppContainer.framework/Versions/A/AppContainer
0x0000000007135000 	/System/Library/PrivateFrameworks/SecCodeWrapper.framework/Versions/A/SecCodeWrapper
0x0000000007135000 	/System/Library/Frameworks/DirectoryService.framework/Versions/A/DirectoryService
0x0000000007135000 	/System/Library/PrivateFrameworks/LoginUIKit.framework/Versions/A/Frameworks/LoginUICore.framework/Versions/A/LoginUICore
0x0000000007135000 	/usr/lib/libodfde.dylib
0x000000011dc0c000 	/Library/Java/JavaVirtualMachines/jdk1.8.0_77.jdk/Contents/Home/jre/lib/libjavafx_font.dylib
0x0000000007135000 	/System/Library/Frameworks/CoreGraphics.framework/Versions/A/Resources/libCGXType.A.dylib
0x000000011dc64000 	/Library/Java/JavaVirtualMachines/jdk1.8.0_77.jdk/Contents/Home/jre/lib/libglib-lite.dylib
0x000000011dd85000 	/Library/Java/JavaVirtualMachines/jdk1.8.0_77.jdk/Contents/Home/jre/lib/libgstreamer-lite.dylib
0x000000011defd000 	/Library/Java/JavaVirtualMachines/jdk1.8.0_77.jdk/Contents/Home/jre/lib/libjfxmedia.dylib
0x000000011e138000 	/Library/Java/JavaVirtualMachines/jdk1.8.0_77.jdk/Contents/Home/jre/lib/libjfxmedia_avf.dylib
0x0000000007135000 	/System/Library/Frameworks/AVFoundation.framework/Versions/A/AVFoundation
0x0000000007135000 	/System/Library/Frameworks/CoreMedia.framework/Versions/A/CoreMedia
0x0000000007135000 	/System/Library/Frameworks/MediaToolbox.framework/Versions/A/MediaToolbox
0x0000000007135000 	/System/Library/Frameworks/AVFoundation.framework/Versions/A/Resources/libAVFAudio.dylib
0x0000000007135000 	/System/Library/Frameworks/VideoToolbox.framework/Versions/A/VideoToolbox
0x0000000007135000 	/System/Library/Frameworks/CoreMediaIO.framework/Versions/A/CoreMediaIO
0x0000000007135000 	/usr/lib/libspindump.dylib
0x0000000007135000 	/System/Library/PrivateFrameworks/CoreAVCHD.framework/Versions/A/CoreAVCHD
0x0000000007135000 	/System/Library/Frameworks/MediaAccessibility.framework/Versions/A/MediaAccessibility
0x0000000007135000 	/System/Library/PrivateFrameworks/Mangrove.framework/Versions/A/Mangrove
0x0000000007135000 	/System/Library/PrivateFrameworks/CoreAUC.framework/Versions/A/CoreAUC
0x0000000007135000 	/System/Library/PrivateFrameworks/AppleVA.framework/Versions/A/AppleVA
0x0000000007135000 	/System/Library/PrivateFrameworks/XPCService.framework/Versions/A/XPCService
0x0000000007135000 	/System/Library/PrivateFrameworks/AppSandbox.framework/Versions/A/AppSandbox
0x0000000007135000 	/usr/lib/libsandbox.1.dylib
0x0000000007135000 	/usr/lib/libMatch.1.dylib
0x000000011e16d000 	/Library/Java/JavaVirtualMachines/jdk1.8.0_77.jdk/Contents/Home/jre/lib/libjfxmedia_qtkit.dylib
0x0000000007135000 	/System/Library/Frameworks/QTKit.framework/Versions/A/QTKit
0x0000000007135000 	/System/Library/PrivateFrameworks/CoreMediaAuthoring.framework/Versions/A/CoreMediaAuthoring
0x000000011e17a000 	/Library/Java/JavaVirtualMachines/jdk1.8.0_77.jdk/Contents/Home/jre/lib/libfxplugins.dylib
0x000000011e1a5000 	/System/Library/Frameworks/VideoDecodeAcceleration.framework/Versions/A/VideoDecodeAcceleration
0x000000011e1ac000 	/Library/Java/JavaVirtualMachines/jdk1.8.0_77.jdk/Contents/Home/jre/lib/libnio.dylib
0x000000011e1bc000 	/System/Library/Extensions/AppleHDA.kext/Contents/PlugIns/AppleHDAHALPlugIn.bundle/Contents/MacOS/AppleHDAHALPlugIn
0x000000011e1ed000 	/System/Library/Components/CoreAudio.component/Contents/MacOS/CoreAudio
0x0000000007135000 	/System/Library/PrivateFrameworks/AppleGVA.framework/Versions/A/AppleGVA
0x000000011e6b8000 	/System/Library/Extensions/AppleIntelHD4000GraphicsVADriver.bundle/Contents/MacOS/AppleIntelHD4000GraphicsVADriver
0x000000011e8c4000 	/System/Library/Extensions/AppleIntelIVBVA.bundle/Contents/MacOS/AppleIntelIVBVA
0x000000011e8cd000 	/System/Library/Components/AudioCodecs.component/Contents/MacOS/AudioCodecs
0x0000000124c2d000 	/Library/Java/JavaVirtualMachines/jdk1.8.0_77.jdk/Contents/Home/jre/lib/libprism_common.dylib
0x0000000123460000 	cl_kernels
0x0000000007135000 	/System/Library/Frameworks/OpenCL.framework/Versions/A/Libraries/ImageFormats/unorm8_bgra.dylib
0x0000000007135000 	/System/Library/Frameworks/OpenCL.framework/Versions/A/Libraries/ImageFormats/unorm8_rgba.dylib
0x000000012545f000 	/System/Library/Extensions/AppleIntelHD4000GraphicsMTLDriver.bundle/Contents/MacOS/AppleIntelHD4000GraphicsMTLDriver
0x0000000128182000 	/Library/Java/JavaVirtualMachines/jdk1.8.0_77.jdk/Contents/Home/jre/lib/libsunec.dylib
0x0000000128d93000 	/Library/Java/JavaVirtualMachines/jdk1.8.0_77.jdk/Contents/Home/jre/lib/libjavafx_iio.dylib

VM Arguments:
jvm_args: -Didea.launcher.port=7532 -Didea.launcher.bin.path=/Applications/IntelliJ IDEA CE.app/Contents/bin -Dfile.encoding=UTF-8 
java_command: com.intellij.rt.execution.application.AppMain Launcher
java_class_path (initial): /Library/Java/JavaVirtualMachines/jdk1.8.0_77.jdk/Contents/Home/jre/lib/charsets.jar:/Library/Java/JavaVirtualMachines/jdk1.8.0_77.jdk/Contents/Home/jre/lib/deploy.jar:/Library/Java/JavaVirtualMachines/jdk1.8.0_77.jdk/Contents/Home/jre/lib/ext/cldrdata.jar:/Library/Java/JavaVirtualMachines/jdk1.8.0_77.jdk/Contents/Home/jre/lib/ext/dnsns.jar:/Library/Java/JavaVirtualMachines/jdk1.8.0_77.jdk/Contents/Home/jre/lib/ext/jaccess.jar:/Library/Java/JavaVirtualMachines/jdk1.8.0_77.jdk/Contents/Home/jre/lib/ext/jfxrt.jar:/Library/Java/JavaVirtualMachines/jdk1.8.0_77.jdk/Contents/Home/jre/lib/ext/localedata.jar:/Library/Java/JavaVirtualMachines/jdk1.8.0_77.jdk/Contents/Home/jre/lib/ext/nashorn.jar:/Library/Java/JavaVirtualMachines/jdk1.8.0_77.jdk/Contents/Home/jre/lib/ext/sunec.jar:/Library/Java/JavaVirtualMachines/jdk1.8.0_77.jdk/Contents/Home/jre/lib/ext/sunjce_provider.jar:/Library/Java/JavaVirtualMachines/jdk1.8.0_77.jdk/Contents/Home/jre/lib/ext/sunpkcs11.jar:/Library/Java/JavaVirtualMachines/jdk1.8.0_77.jdk/Contents/Home/jre/lib/ext/zipfs.jar:/Library/Java/JavaVirtualMachines/jdk1.8.0_77.jdk/Contents/Home/jre/lib/javaws.jar:/Library/Java/JavaVirtualMachines/jdk1.8.0_77.jdk/Contents/Home/jre/lib/jce.jar:/Library/Java/JavaVirtualMachines/jdk1.8.0_77.jdk/Contents/Home/jre/lib/jfr.jar:/Library/Java/JavaVirtualMachines/jdk1.8.0_77.jdk/Contents/Home/jre/lib/jfxswt.jar:/Library/Java/JavaVirtualMachines/jdk1.8.0_77.jdk/Contents/Home/jre/lib/jsse.jar:/Library/Java/JavaVirtualMachines/jdk1.8.0_77.jdk/Contents/Home/jre/lib/management-agent.jar:/Library/Java/JavaVirtualMachines/jdk1.8.0_77.jdk/Contents/Home/jre/lib/plugin.jar:/Library/Java/JavaVirtualMachines/jdk1.8.0_77.jdk/Contents/Home/jre/lib/resources.jar:/Library/Java/JavaVirtualMachines/jdk1.8.0_77.jdk/Contents/Home/jre/lib/rt.jar:/Library/Java/JavaVirtualMachines/jdk1.8.0_77.jdk/Contents/Home/lib/ant-javafx.jar:/Library/Java/JavaVirtualMachines/jdk1.8.0_77.jdk/Contents/Home/lib/dt.jar:/Library/Ja
Launcher Type: SUN_STANDARD

Environment Variables:
PATH=/usr/local/bin:/usr/bin:/bin:/usr/sbin:/sbin
SHELL=/bin/zsh

Signal Handlers:
SIGSEGV: [libjvm.dylib+0x5a6855], sa_mask[0]=11111111011111110111111111111111, sa_flags=SA_ONSTACK|SA_RESTART|SA_SIGINFO
SIGBUS: [libjvm.dylib+0x5a6855], sa_mask[0]=11111111011111110111111111111111, sa_flags=SA_RESTART|SA_SIGINFO
SIGFPE: [libjvm.dylib+0x4804ec], sa_mask[0]=11111111011111110111111111111111, sa_flags=SA_RESTART|SA_SIGINFO
SIGPIPE: [libjvm.dylib+0x4804ec], sa_mask[0]=11111111011111110111111111111111, sa_flags=SA_RESTART|SA_SIGINFO
SIGXFSZ: [libjvm.dylib+0x4804ec], sa_mask[0]=11111111011111110111111111111111, sa_flags=SA_RESTART|SA_SIGINFO
SIGILL: [libjvm.dylib+0x4804ec], sa_mask[0]=11111111011111110111111111111111, sa_flags=SA_RESTART|SA_SIGINFO
SIGUSR1: SIG_DFL, sa_mask[0]=00000000000000000000000000000000, sa_flags=none
SIGUSR2: [libjvm.dylib+0x48000a], sa_mask[0]=00100000000000000000000000000000, sa_flags=SA_RESTART|SA_SIGINFO
SIGHUP: [AudioToolbox+0xedc42], sa_mask[0]=00000000000000000000000000000000, sa_flags=SA_RESTART
SIGINT: [libjvm.dylib+0x47e5e1], sa_mask[0]=11111111011111110111111111111111, sa_flags=SA_RESTART|SA_SIGINFO
SIGTERM: [libjvm.dylib+0x47e5e1], sa_mask[0]=11111111011111110111111111111111, sa_flags=SA_RESTART|SA_SIGINFO
SIGQUIT: [libjvm.dylib+0x47e5e1], sa_mask[0]=11111111011111110111111111111111, sa_flags=SA_RESTART|SA_SIGINFO


---------------  S Y S T E M  ---------------

OS:Bsduname:Darwin 15.4.0 Darwin Kernel Version 15.4.0: Fri Feb 26 22:08:05 PST 2016; root:xnu-3248.40.184~3/RELEASE_X86_64 x86_64
rlimit: STACK 8192k, CORE 0k, NPROC 709, NOFILE 10240, AS infinity
load average:4.89 2.82 2.01

CPU:total 4 (2 cores per cpu, 2 threads per core) family 6 model 58 stepping 9, cmov, cx8, fxsr, mmx, sse, sse2, sse3, ssse3, sse4.1, sse4.2, popcnt, avx, aes, clmul, erms, ht, tsc, tscinvbit, tscinv

Memory: 4k page, physical 8388608k(168264k free)

/proc/meminfo:


vm_info: Java HotSpot(TM) 64-Bit Server VM (25.77-b03) for bsd-amd64 JRE (1.8.0_77-b03), built on Mar 20 2016 22:14:03 by "java_re" with gcc 4.2.1 (Based on Apple Inc. build 5658) (LLVM build 2336.11.00)

time: Thu Apr  7 12:21:20 2016
elapsed time: 115 seconds (0d 0h 1m 55s)

