#
# A fatal error has been detected by the Java Runtime Environment:
#
#  SIGSEGV (0xb) at pc=0x000000011f67e85e, pid=4879, tid=109067
#
# JRE version: Java(TM) SE Runtime Environment (8.0_77-b03) (build 1.8.0_77-b03)
# Java VM: Java HotSpot(TM) 64-Bit Server VM (25.77-b03 mixed mode bsd-amd64 compressed oops)
# Problematic frame:
# C  [libjfxmedia_avf.dylib+0x785e]  _ZN18AVFKernelComponent18ProcessBufferListsERjRK15AudioBufferListRS1_j+0x22
#
# Failed to write core dump. Core dumps have been disabled. To enable core dumping, try "ulimit -c unlimited" before starting Java again
#
# If you would like to submit a bug report, please visit:
#   http://bugreport.java.com/bugreport/crash.jsp
#

---------------  T H R E A D  ---------------

Current thread is native thread

siginfo: si_signo: 11 (SIGSEGV), si_code: 0 (unknown), si_addr: 0x0000000000000000

Registers:
RAX=0x100007ff3b9c8de5, RBX=0x000000012abf8a44, RCX=0x00007ff3bc592900, RDX=0x00007ff3bc599120
RSP=0x000000012abf8790, RBP=0x000000012abf8790, RSI=0x000000012abf8a44, RDI=0x00007ff3b9c98300
R8 =0x0000000000001000, R9 =0x000000012abf85a7, R10=0x000000011f699290, R11=0xffffffffffff97e0
R12=0x00007ff3bc5926b0, R13=0x00007ff3bc599120, R14=0x000000011f67e83c, R15=0x0000000000001000
RIP=0x000000011f67e85e, EFLAGS=0x0000000000010206, ERR=0x0000000000000000
  TRAPNO=0x000000000000000d

Top of Stack: (sp=0x000000012abf8790)
0x000000012abf8790:   000000012abf87f0 000000011f687ab2
0x000000012abf87a0:   0000000000000000 000000012abf8a44
0x000000012abf87b0:   0000000000000000 0000000000000000
0x000000012abf87c0:   0000000000000000 000000012abf8a44
0x000000012abf87d0:   00007ff3bc5926b0 00007ff3bc599060
0x000000012abf87e0:   00007ff3bc5868b0 0000000000001000
0x000000012abf87f0:   000000012abf8840 000000011f682369
0x000000012abf8800:   000000012abf8830 000000012abf8a68
0x000000012abf8810:   000000002abf8820 0000000000009fe0
0x000000012abf8820:   00007ff3bc599060 00000000ffffffce
0x000000012abf8830:   0000000000001000 00007ff3bc5926b0
0x000000012abf8840:   000000012abf88b0 000000011f6809a1
0x000000012abf8850:   00007ff3bc5868b0 00009fe089b1c400
0x000000012abf8860:   000000012abf8a44 000000012abf8a68
0x000000012abf8870:   000000002abf88d0 00007ff3bc5868b0
0x000000012abf8880:   00009fe000000000 00000000ffffffce
0x000000012abf8890:   000000012abf8a44 0000000000000000
0x000000012abf88a0:   0000000000001000 000000012abf8a68
0x000000012abf88b0:   000000012abf88d0 000000011f684996
0x000000012abf88c0:   00000000fffffffc 00007ff3bc58b7e0
0x000000012abf88d0:   000000012abf8910 000000011f683777
0x000000012abf88e0:   00007ff3bc58b7e0 000000012abf8a68
0x000000012abf88f0:   00007ff3bc589e00 00000000ffffd584
0x000000012abf8900:   000000012abf8a44 0000000000001000
0x000000012abf8910:   000000012abf8970 000000011f6878f0
0x000000012abf8920:   0000000000000000 000000012abf8a44
0x000000012abf8930:   0000000000000000 0000000000000000
0x000000012abf8940:   0000000000000000 000000012abf8a44
0x000000012abf8950:   00007ff3bc589e00 00007ff3bc58b8d0
0x000000012abf8960:   00007ff3b9c3cd88 0000000000001000
0x000000012abf8970:   000000012abf89c0 000000011f682369
0x000000012abf8980:   000000012abf89b0 000000012abf8a68 

Instructions: (pc=0x000000011f67e85e)
0x000000011f67e83e:   89 e5 80 bf d0 01 00 00 00 74 06 5d e9 bf 92 00
0x000000011f67e84e:   00 48 8b bf d8 01 00 00 48 85 ff 74 0a 48 8b 07
0x000000011f67e85e:   48 8b 40 28 5d ff e0 31 c0 5d c3 90 55 48 89 e5
0x000000011f67e86e:   41 57 41 56 41 55 41 54 53 50 4d 89 c6 41 89 d5 

Register to memory mapping:

RAX=0x100007ff3b9c8de5 is an unknown value
RBX=0x000000012abf8a44 is an unknown value
RCX=0x00007ff3bc592900 is an unknown value
RDX=0x00007ff3bc599120 is an unknown value
RSP=0x000000012abf8790 is an unknown value
RBP=0x000000012abf8790 is an unknown value
RSI=0x000000012abf8a44 is an unknown value
RDI=0x00007ff3b9c98300 is an unknown value
R8 =0x0000000000001000 is an unknown value
R9 =0x000000012abf85a7 is an unknown value
R10=0x000000011f699290: _ZTV18AVFEqualizerKernel+0x10 in /Library/Java/JavaVirtualMachines/jdk1.8.0_77.jdk/Contents/Home/jre/lib/libjfxmedia_avf.dylib at 0x000000011f677000
R11=0xffffffffffff97e0 is an unknown value
R12=0x00007ff3bc5926b0 is an unknown value
R13=0x00007ff3bc599120 is an unknown value
R14=0x000000011f67e83c: _ZN18AVFKernelComponent18ProcessBufferListsERjRK15AudioBufferListRS1_j+0 in /Library/Java/JavaVirtualMachines/jdk1.8.0_77.jdk/Contents/Home/jre/lib/libjfxmedia_avf.dylib at 0x000000011f677000
R15=0x0000000000001000 is an unknown value


Stack: [0x000000012ab79000,0x000000012abf9000],  sp=0x000000012abf8790,  free space=509k
Native frames: (J=compiled Java code, j=interpreted, Vv=VM code, C=native code)
C  [libjfxmedia_avf.dylib+0x785e]  _ZN18AVFKernelComponent18ProcessBufferListsERjRK15AudioBufferListRS1_j+0x22
C  [libjfxmedia_avf.dylib+0x10ab2]  _ZN12AUEffectBase6RenderERjRK14AudioTimeStampj+0x240
C  [libjfxmedia_avf.dylib+0xb369]  _ZN6AUBase11DoRenderBusERjRK14AudioTimeStampjP15AUOutputElementjR15AudioBufferList+0xa9
C  [libjfxmedia_avf.dylib+0x99a1]  _ZN6AUBase8DoRenderERjRK14AudioTimeStampjjR15AudioBufferList+0x1b9
C  [libjfxmedia_avf.dylib+0xd996]  _ZL14AUMethodRenderPvPjPK14AudioTimeStampjjP15AudioBufferList+0x2e
C  [libjfxmedia_avf.dylib+0xc777]  _ZN14AUInputElement9PullInputERjRK14AudioTimeStampjj+0x8d
C  [libjfxmedia_avf.dylib+0x108f0]  _ZN12AUEffectBase6RenderERjRK14AudioTimeStampj+0x7e
C  [libjfxmedia_avf.dylib+0xb369]  _ZN6AUBase11DoRenderBusERjRK14AudioTimeStampjP15AUOutputElementjR15AudioBufferList+0xa9
C  [libjfxmedia_avf.dylib+0x99a1]  _ZN6AUBase8DoRenderERjRK14AudioTimeStampjjR15AudioBufferList+0x1b9
C  [libjfxmedia_avf.dylib+0xd996]  _ZL14AUMethodRenderPvPjPK14AudioTimeStampjjP15AudioBufferList+0x2e
C  [libjfxmedia_avf.dylib+0x54b1]  _ZL15ProcessAudioTapPKvljP15AudioBufferListPlPj+0x63
C  [MediaToolbox+0x30e2df]  MTAudioProcessingTapGetSourceAudio+0xaf6
C  [AudioToolbox+0xcf716]  _Z25AQClientCallProcessingTapPvjP14AudioTimeStampPjS2_P15AudioBufferListidjdjPKhj+0x5d
C  [AudioToolbox+0x11f0ba]  _ZN15AQProcessingTap9DoCalloutERjR14AudioTimeStampS0_R15AudioBufferList+0xc2
C  [AudioToolbox+0x11ef7b]  _ZN16AudioQueueObject18PerformTapInternalER14AudioTimeStampRjS2_+0x155
C  [AudioToolbox+0x11eda7]  _ZN16AudioQueueObject20PerformProcessingTapEPFiPvRjRK14AudioTimeStampjR15AudioBufferListRdS1_ES0_RS2_S1_S6_S1_+0xd7
C  [AudioToolbox+0x12b9b3]  _ZN14MEMixerChannel13TapDownstreamEPvPjPK14AudioTimeStampjjP15AudioBufferList+0x81
C  [CoreAudio+0xa73b]  _ZN14AUInputElement9PullInputERjRK14AudioTimeStampjj+0xb5
C  [CoreAudio+0x85680]  _ZN18AUDeferredRenderer7ProduceEv+0x20a
C  [CoreAudio+0x853ed]  _ZN18AUDeferredRenderer18ProducerThreadProcEv+0x31
C  [CoreAudio+0x8594b]  _ZN18AUDeferredRenderer18ProducerThreadProcEPv+0x1f
C  [CoreAudio+0x84725]  _ZN9CAPThread5EntryEPS_+0x6d
C  [libsystem_pthread.dylib+0x405a]  _pthread_body+0x83
C  [libsystem_pthread.dylib+0x3fd7]  _pthread_body+0x0
C  [libsystem_pthread.dylib+0x13ed]  thread_start+0xd


---------------  P R O C E S S  ---------------

VM state:not at safepoint (normal execution)

VM Mutex/Monitor currently owned by a thread: None

Heap:
 PSYoungGen      total 254976K, used 14907K [0x0000000795580000, 0x00000007b0100000, 0x00000007c0000000)
  eden space 243712K, 6% used [0x0000000795580000,0x00000007963fefb0,0x00000007a4380000)
  from space 11264K, 0% used [0x00000007aeb00000,0x00000007aeb10000,0x00000007af600000)
  to   space 11264K, 0% used [0x00000007af600000,0x00000007af600000,0x00000007b0100000)
 ParOldGen       total 87552K, used 16087K [0x0000000740000000, 0x0000000745580000, 0x0000000795580000)
  object space 87552K, 18% used [0x0000000740000000,0x0000000740fb5c68,0x0000000745580000)
 Metaspace       used 18196K, capacity 18810K, committed 18944K, reserved 1064960K
  class space    used 2328K, capacity 2509K, committed 2560K, reserved 1048576K

Card table byte_map: [0x0000000112dc0000,0x00000001131c1000] byte_map_base: 0x000000010f3c0000

Marking Bits: (ParMarkBitMap*) 0x0000000102856ea0
 Begin Bits: [0x0000000113775000, 0x0000000115775000)
 End Bits:   [0x0000000115775000, 0x0000000117775000)

Polling page: 0x0000000103048000

CodeCache: size=245760Kb used=7685Kb max_used=7694Kb free=238074Kb
 bounds [0x0000000103a00000, 0x0000000104190000, 0x0000000112a00000]
 total_blobs=3118 nmethods=2417 adapters=614
 compilation: enabled

Compilation events (10 events):
Event: 32.851 Thread 0x00007ff3bb028000 2440       1       com.sun.javafx.event.CompositeEventHandler$NormalEventHandlerRecord::isDisconnected (2 bytes)
Event: 32.851 Thread 0x00007ff3bb028000 nmethod 2440 0x000000010417f610 code [0x000000010417f760, 0x000000010417f870]
Event: 33.194 Thread 0x00007ff3bb027800 2441       4       java.util.concurrent.LinkedBlockingDeque::unlinkFirst (74 bytes)
Event: 33.213 Thread 0x00007ff3bb027800 nmethod 2441 0x0000000104187750 code [0x00000001041878e0, 0x0000000104187d68]
Event: 33.265 Thread 0x00007ff3ba05e800 2442       4       javafx.scene.input.InputEvent::getEventType (5 bytes)
Event: 33.266 Thread 0x00007ff3ba05e800 nmethod 2442 0x0000000104177050 code [0x00000001041771a0, 0x0000000104177218]
Event: 33.422 Thread 0x00007ff3bb028000 2443       1       java.lang.invoke.SimpleMethodHandle::fieldCount (2 bytes)
Event: 33.422 Thread 0x00007ff3bb028000 nmethod 2443 0x0000000104185110 code [0x0000000104185260, 0x0000000104185370]
Event: 33.423 Thread 0x00007ff3bb028000 2445       3       java.lang.reflect.Constructor::setConstructorAccessor (21 bytes)
Event: 33.423 Thread 0x00007ff3bb028000 nmethod 2445 0x0000000104186d90 code [0x0000000104186f00, 0x00000001041872c8]

GC Heap History (10 events):
Event: 13.632 GC heap before
{Heap before GC invocations=7 (full 0):
 PSYoungGen      total 143872K, used 138267K [0x0000000795580000, 0x000000079ee80000, 0x00000007c0000000)
  eden space 133120K, 100% used [0x0000000795580000,0x000000079d780000,0x000000079d780000)
  from space 10752K, 47% used [0x000000079e400000,0x000000079e906f80,0x000000079ee80000)
  to   space 11776K, 0% used [0x000000079d780000,0x000000079d780000,0x000000079e300000)
 ParOldGen       total 87552K, used 10888K [0x0000000740000000, 0x0000000745580000, 0x0000000795580000)
  object space 87552K, 12% used [0x0000000740000000,0x0000000740aa2020,0x0000000745580000)
 Metaspace       used 18138K, capacity 18762K, committed 18944K, reserved 1064960K
  class space    used 2321K, capacity 2499K, committed 2560K, reserved 1048576K
Event: 13.640 GC heap after
Heap after GC invocations=7 (full 0):
 PSYoungGen      total 144896K, used 4667K [0x0000000795580000, 0x00000007a6f80000, 0x00000007c0000000)
  eden space 133120K, 0% used [0x0000000795580000,0x0000000795580000,0x000000079d780000)
  from space 11776K, 39% used [0x000000079d780000,0x000000079dc0ef80,0x000000079e300000)
  to   space 11264K, 0% used [0x00000007a6480000,0x00000007a6480000,0x00000007a6f80000)
 ParOldGen       total 87552K, used 11365K [0x0000000740000000, 0x0000000745580000, 0x0000000795580000)
  object space 87552K, 12% used [0x0000000740000000,0x0000000740b194b8,0x0000000745580000)
 Metaspace       used 18138K, capacity 18762K, committed 18944K, reserved 1064960K
  class space    used 2321K, capacity 2499K, committed 2560K, reserved 1048576K
}
Event: 18.463 GC heap before
{Heap before GC invocations=8 (full 0):
 PSYoungGen      total 144896K, used 137787K [0x0000000795580000, 0x00000007a6f80000, 0x00000007c0000000)
  eden space 133120K, 100% used [0x0000000795580000,0x000000079d780000,0x000000079d780000)
  from space 11776K, 39% used [0x000000079d780000,0x000000079dc0ef80,0x000000079e300000)
  to   space 11264K, 0% used [0x00000007a6480000,0x00000007a6480000,0x00000007a6f80000)
 ParOldGen       total 87552K, used 11365K [0x0000000740000000, 0x0000000745580000, 0x0000000795580000)
  object space 87552K, 12% used [0x0000000740000000,0x0000000740b194b8,0x0000000745580000)
 Metaspace       used 18165K, capacity 18762K, committed 18944K, reserved 1064960K
  class space    used 2321K, capacity 2499K, committed 2560K, reserved 1048576K
Event: 18.477 GC heap after
Heap after GC invocations=8 (full 0):
 PSYoungGen      total 276480K, used 4187K [0x0000000795580000, 0x00000007a6e80000, 0x00000007c0000000)
  eden space 266240K, 0% used [0x0000000795580000,0x0000000795580000,0x00000007a5980000)
  from space 10240K, 40% used [0x00000007a6480000,0x00000007a6896f80,0x00000007a6e80000)
  to   space 10752K, 0% used [0x00000007a5980000,0x00000007a5980000,0x00000007a6400000)
 ParOldGen       total 87552K, used 11911K [0x0000000740000000, 0x0000000745580000, 0x0000000795580000)
  object space 87552K, 13% used [0x0000000740000000,0x0000000740ba1cd8,0x0000000745580000)
 Metaspace       used 18165K, capacity 18762K, committed 18944K, reserved 1064960K
  class space    used 2321K, capacity 2499K, committed 2560K, reserved 1048576K
}
Event: 23.396 GC heap before
{Heap before GC invocations=9 (full 0):
 PSYoungGen      total 276480K, used 270427K [0x0000000795580000, 0x00000007a6e80000, 0x00000007c0000000)
  eden space 266240K, 100% used [0x0000000795580000,0x00000007a5980000,0x00000007a5980000)
  from space 10240K, 40% used [0x00000007a6480000,0x00000007a6896f80,0x00000007a6e80000)
  to   space 10752K, 0% used [0x00000007a5980000,0x00000007a5980000,0x00000007a6400000)
 ParOldGen       total 87552K, used 11911K [0x0000000740000000, 0x0000000745580000, 0x0000000795580000)
  object space 87552K, 13% used [0x0000000740000000,0x0000000740ba1cd8,0x0000000745580000)
 Metaspace       used 18171K, capacity 18768K, committed 18944K, reserved 1064960K
  class space    used 2322K, capacity 2500K, committed 2560K, reserved 1048576K
Event: 23.399 GC heap after
Heap after GC invocations=9 (full 0):
 PSYoungGen      total 276992K, used 96K [0x0000000795580000, 0x00000007b0b80000, 0x00000007c0000000)
  eden space 266240K, 0% used [0x0000000795580000,0x0000000795580000,0x00000007a5980000)
  from space 10752K, 0% used [0x00000007a5980000,0x00000007a5998000,0x00000007a6400000)
  to   space 11264K, 0% used [0x00000007b0080000,0x00000007b0080000,0x00000007b0b80000)
 ParOldGen       total 87552K, used 16039K [0x0000000740000000, 0x0000000745580000, 0x0000000795580000)
  object space 87552K, 18% used [0x0000000740000000,0x0000000740fa9c68,0x0000000745580000)
 Metaspace       used 18171K, capacity 18768K, committed 18944K, reserved 1064960K
  class space    used 2322K, capacity 2500K, committed 2560K, reserved 1048576K
}
Event: 28.294 GC heap before
{Heap before GC invocations=10 (full 0):
 PSYoungGen      total 276992K, used 266336K [0x0000000795580000, 0x00000007b0b80000, 0x00000007c0000000)
  eden space 266240K, 100% used [0x0000000795580000,0x00000007a5980000,0x00000007a5980000)
  from space 10752K, 0% used [0x00000007a5980000,0x00000007a5998000,0x00000007a6400000)
  to   space 11264K, 0% used [0x00000007b0080000,0x00000007b0080000,0x00000007b0b80000)
 ParOldGen       total 87552K, used 16039K [0x0000000740000000, 0x0000000745580000, 0x0000000795580000)
  object space 87552K, 18% used [0x0000000740000000,0x0000000740fa9c68,0x0000000745580000)
 Metaspace       used 18175K, capacity 18768K, committed 18944K, reserved 1064960K
  class space    used 2322K, capacity 2500K, committed 2560K, reserved 1048576K
Event: 28.296 GC heap after
Heap after GC invocations=10 (full 0):
 PSYoungGen      total 254976K, used 64K [0x0000000795580000, 0x00000007b0100000, 0x00000007c0000000)
  eden space 254464K, 0% used [0x0000000795580000,0x0000000795580000,0x00000007a4e00000)
  from space 512K, 12% used [0x00000007b0080000,0x00000007b0090000,0x00000007b0100000)
  to   space 11264K, 0% used [0x00000007aeb00000,0x00000007aeb00000,0x00000007af600000)
 ParOldGen       total 87552K, used 16055K [0x0000000740000000, 0x0000000745580000, 0x0000000795580000)
  object space 87552K, 18% used [0x0000000740000000,0x0000000740fadc68,0x0000000745580000)
 Metaspace       used 18175K, capacity 18768K, committed 18944K, reserved 1064960K
  class space    used 2322K, capacity 2500K, committed 2560K, reserved 1048576K
}
Event: 33.212 GC heap before
{Heap before GC invocations=11 (full 0):
 PSYoungGen      total 254976K, used 254528K [0x0000000795580000, 0x00000007b0100000, 0x00000007c0000000)
  eden space 254464K, 100% used [0x0000000795580000,0x00000007a4e00000,0x00000007a4e00000)
  from space 512K, 12% used [0x00000007b0080000,0x00000007b0090000,0x00000007b0100000)
  to   space 11264K, 0% used [0x00000007aeb00000,0x00000007aeb00000,0x00000007af600000)
 ParOldGen       total 87552K, used 16055K [0x0000000740000000, 0x0000000745580000, 0x0000000795580000)
  object space 87552K, 18% used [0x0000000740000000,0x0000000740fadc68,0x0000000745580000)
 Metaspace       used 18178K, capacity 18768K, committed 18944K, reserved 1064960K
  class space    used 2322K, capacity 2500K, committed 2560K, reserved 1048576K
Event: 33.213 GC heap after
Heap after GC invocations=11 (full 0):
 PSYoungGen      total 254976K, used 64K [0x0000000795580000, 0x00000007b0100000, 0x00000007c0000000)
  eden space 243712K, 0% used [0x0000000795580000,0x0000000795580000,0x00000007a4380000)
  from space 11264K, 0% used [0x00000007aeb00000,0x00000007aeb10000,0x00000007af600000)
  to   space 11264K, 0% used [0x00000007af600000,0x00000007af600000,0x00000007b0100000)
 ParOldGen       total 87552K, used 16087K [0x0000000740000000, 0x0000000745580000, 0x0000000795580000)
  object space 87552K, 18% used [0x0000000740000000,0x0000000740fb5c68,0x0000000745580000)
 Metaspace       used 18178K, capacity 18768K, committed 18944K, reserved 1064960K
  class space    used 2322K, capacity 2500K, committed 2560K, reserved 1048576K
}

Deoptimization events (10 events):
Event: 4.146 Thread 0x00007ff3bb033000 Uncommon trap: reason=unstable_if action=reinterpret pc=0x0000000103d387bc method=jdk.internal.org.objectweb.asm.Type.getArgumentsAndReturnSizes(Ljava/lang/String;)I @ 47
Event: 4.370 Thread 0x00007ff3bb033000 Uncommon trap: reason=unstable_if action=reinterpret pc=0x0000000103e12e30 method=java.util.Properties.loadConvert([CII[C)Ljava/lang/String; @ 4
Event: 4.381 Thread 0x00007ff3bb033000 Uncommon trap: reason=predicate action=maybe_recompile pc=0x0000000103c5c4d0 method=sun.net.www.ParseUtil.encodePath(Ljava/lang/String;Z)Ljava/lang/String; @ 36
Event: 4.394 Thread 0x00007ff3bb033000 Uncommon trap: reason=unstable_if action=reinterpret pc=0x0000000103bd3e28 method=java.lang.String.indexOf([CII[CIII)I @ 3
Event: 4.680 Thread 0x00007ff3bb033000 Uncommon trap: reason=unstable_if action=reinterpret pc=0x0000000103e8e98c method=com.sun.javafx.image.impl.BaseByteToByteConverter$FourByteReorderer.doConvert([BII[BIIII)V @ 31
Event: 14.987 Thread 0x00007ff3ba0af800 Uncommon trap: reason=unstable_if action=reinterpret pc=0x0000000103ff16a4 method=java.lang.StrictMath.floorOrCeil(DDDD)D @ 115
Event: 14.987 Thread 0x00007ff3ba0af800 Uncommon trap: reason=unstable_if action=reinterpret pc=0x00000001040eeea8 method=com.sun.javafx.sg.prism.NGNode.computeNodeRenderRoot(Lcom/sun/javafx/sg/prism/NodePath;Lcom/sun/javafx/geom/RectBounds;ILcom/sun/javafx/geom/transform/BaseTransform;Lcom/sun
Event: 14.988 Thread 0x00007ff3ba0af800 Uncommon trap: reason=unstable_if action=reinterpret pc=0x00000001040f5f50 method=com.sun.javafx.sg.prism.NGNode.doRender(Lcom/sun/prism/Graphics;)V @ 44
Event: 16.897 Thread 0x00007ff3ba48f000 Uncommon trap: reason=bimorphic action=maybe_recompile pc=0x0000000103e0f364 method=java.util.HashMap.putVal(ILjava/lang/Object;Ljava/lang/Object;ZZ)Ljava/lang/Object; @ 203
Event: 33.376 Thread 0x00007ff3bb033000 Uncommon trap: reason=unstable_if action=reinterpret pc=0x0000000104146164 method=javafx.scene.Node.impl_intersectsBounds(Lcom/sun/javafx/geom/PickRay;)D @ 95

Internal exceptions (10 events):
Event: 0.372 Thread 0x00007ff3ba0ad800 Exception <a 'java/security/PrivilegedActionException'> (0x0000000795ace010) thrown at [/Users/java_re/workspace/8-2-build-macosx-x86_64/jdk8u77/6540/hotspot/src/share/vm/prims/jvm.cpp, line 1386]
Event: 0.372 Thread 0x00007ff3ba0ad800 Exception <a 'java/security/PrivilegedActionException'> (0x0000000795ad12b0) thrown at [/Users/java_re/workspace/8-2-build-macosx-x86_64/jdk8u77/6540/hotspot/src/share/vm/prims/jvm.cpp, line 1386]
Event: 0.372 Thread 0x00007ff3ba0ad800 Exception <a 'java/security/PrivilegedActionException'> (0x0000000795ad14c0) thrown at [/Users/java_re/workspace/8-2-build-macosx-x86_64/jdk8u77/6540/hotspot/src/share/vm/prims/jvm.cpp, line 1386]
Event: 0.373 Thread 0x00007ff3ba0ad800 Exception <a 'java/lang/NullPointerException'> (0x0000000795ad2e38) thrown at [/Users/java_re/workspace/8-2-build-macosx-x86_64/jdk8u77/6540/hotspot/src/share/vm/interpreter/linkResolver.cpp, line 1178]
Event: 0.857 Thread 0x00007ff3bb033000 Exception <a 'java/lang/NullPointerException'> (0x00000007962244c8) thrown at [/Users/java_re/workspace/8-2-build-macosx-x86_64/jdk8u77/6540/hotspot/src/share/vm/interpreter/linkResolver.cpp, line 1178]
Event: 0.857 Thread 0x00007ff3bb033000 Exception <a 'java/lang/NullPointerException'> (0x00000007962244c8) thrown at [/Users/java_re/workspace/8-2-build-macosx-x86_64/jdk8u77/6540/hotspot/src/share/vm/prims/jvm.cpp, line 1390]
Event: 1.041 Thread 0x00007ff3bb033000 Implicit null exception at 0x0000000103c148f5 to 0x0000000103c14c65
Event: 1.070 Thread 0x00007ff3bb033000 Exception <a 'java/lang/NullPointerException'> (0x000000079674bb68) thrown at [/Users/java_re/workspace/8-2-build-macosx-x86_64/jdk8u77/6540/hotspot/src/share/vm/interpreter/linkResolver.cpp, line 1280]
Event: 1.496 Thread 0x00007ff3bb033000 Exception <a 'java/lang/NullPointerException'> (0x000000079661a888) thrown at [/Users/java_re/workspace/8-2-build-macosx-x86_64/jdk8u77/6540/hotspot/src/share/vm/interpreter/linkResolver.cpp, line 1280]
Event: 2.211 Thread 0x00007ff3bb033000 Implicit null exception at 0x0000000103d0f913 to 0x0000000103d10911

Events (10 events):
Event: 33.422 loading class javafx/application/Application
Event: 33.422 loading class javafx/application/Application done
Event: 33.422 loading class javafx/application/Application
Event: 33.422 loading class javafx/application/Application done
Event: 33.424 Thread 0x00007ff3ba1e6800 Thread exited: 0x00007ff3ba1e6800
Event: 33.424 Thread 0x00007ff3bb108800 Thread exited: 0x00007ff3bb108800
Event: 33.427 Thread 0x00007ff3bb108800 Thread added: 0x00007ff3bb108800
Event: 33.427 Thread 0x00007ff3bb108800 Thread exited: 0x00007ff3bb108800
Event: 33.460 Thread 0x00007ff3baab3800 Thread added: 0x00007ff3baab3800
Event: 33.460 Thread 0x00007ff3baab3800 Thread exited: 0x00007ff3baab3800


Dynamic libraries:
0x0000000001968000 	/System/Library/Frameworks/Cocoa.framework/Versions/A/Cocoa
0x0000000001968000 	/System/Library/Frameworks/Security.framework/Versions/A/Security
0x0000000001968000 	/System/Library/Frameworks/ApplicationServices.framework/Versions/A/ApplicationServices
0x0000000001968000 	/usr/lib/libz.1.dylib
0x0000000001968000 	/usr/lib/libSystem.B.dylib
0x0000000001968000 	/usr/lib/libobjc.A.dylib
0x0000000001968000 	/System/Library/Frameworks/CoreFoundation.framework/Versions/A/CoreFoundation
0x0000000001968000 	/System/Library/Frameworks/Foundation.framework/Versions/C/Foundation
0x0000000001968000 	/System/Library/Frameworks/AppKit.framework/Versions/C/AppKit
0x0000000001968000 	/System/Library/Frameworks/CoreData.framework/Versions/A/CoreData
0x0000000001968000 	/System/Library/PrivateFrameworks/RemoteViewServices.framework/Versions/A/RemoteViewServices
0x0000000001968000 	/System/Library/PrivateFrameworks/UIFoundation.framework/Versions/A/UIFoundation
0x0000000001968000 	/System/Library/Frameworks/IOSurface.framework/Versions/A/IOSurface
0x0000000001968000 	/System/Library/Frameworks/AudioToolbox.framework/Versions/A/AudioToolbox
0x0000000001968000 	/System/Library/Frameworks/AudioUnit.framework/Versions/A/AudioUnit
0x0000000001968000 	/System/Library/PrivateFrameworks/DataDetectorsCore.framework/Versions/A/DataDetectorsCore
0x0000000001968000 	/System/Library/PrivateFrameworks/DesktopServicesPriv.framework/Versions/A/DesktopServicesPriv
0x0000000001968000 	/System/Library/Frameworks/Carbon.framework/Versions/A/Frameworks/HIToolbox.framework/Versions/A/HIToolbox
0x0000000001968000 	/System/Library/Frameworks/QuartzCore.framework/Versions/A/QuartzCore
0x0000000001968000 	/System/Library/Frameworks/Carbon.framework/Versions/A/Frameworks/SpeechRecognition.framework/Versions/A/SpeechRecognition
0x0000000001968000 	/usr/lib/libauto.dylib
0x0000000001968000 	/usr/lib/libicucore.A.dylib
0x0000000001968000 	/usr/lib/libxml2.2.dylib
0x0000000001968000 	/System/Library/PrivateFrameworks/CoreUI.framework/Versions/A/CoreUI
0x0000000001968000 	/System/Library/Frameworks/CoreAudio.framework/Versions/A/CoreAudio
0x0000000001968000 	/System/Library/Frameworks/DiskArbitration.framework/Versions/A/DiskArbitration
0x0000000001968000 	/usr/lib/liblangid.dylib
0x0000000001968000 	/System/Library/PrivateFrameworks/MultitouchSupport.framework/Versions/A/MultitouchSupport
0x0000000001968000 	/System/Library/Frameworks/IOKit.framework/Versions/A/IOKit
0x0000000001968000 	/usr/lib/libDiagnosticMessagesClient.dylib
0x0000000001968000 	/System/Library/Frameworks/CoreServices.framework/Versions/A/CoreServices
0x0000000001968000 	/System/Library/PrivateFrameworks/PerformanceAnalysis.framework/Versions/A/PerformanceAnalysis
0x0000000001968000 	/System/Library/PrivateFrameworks/GenerationalStorage.framework/Versions/A/GenerationalStorage
0x0000000001968000 	/System/Library/Frameworks/OpenGL.framework/Versions/A/OpenGL
0x0000000001968000 	/System/Library/PrivateFrameworks/Sharing.framework/Versions/A/Sharing
0x0000000001968000 	/System/Library/Frameworks/CoreGraphics.framework/Versions/A/CoreGraphics
0x0000000001968000 	/System/Library/Frameworks/CoreText.framework/Versions/A/CoreText
0x0000000001968000 	/System/Library/Frameworks/ImageIO.framework/Versions/A/ImageIO
0x0000000001968000 	/usr/lib/libextension.dylib
0x0000000001968000 	/System/Library/PrivateFrameworks/Backup.framework/Versions/A/Backup
0x0000000001968000 	/usr/lib/libarchive.2.dylib
0x0000000001968000 	/System/Library/Frameworks/CFNetwork.framework/Versions/A/CFNetwork
0x0000000001968000 	/System/Library/Frameworks/SystemConfiguration.framework/Versions/A/SystemConfiguration
0x0000000001968000 	/usr/lib/libCRFSuite.dylib
0x0000000001968000 	/usr/lib/libc++.1.dylib
0x0000000001968000 	/usr/lib/libc++abi.dylib
0x0000000001968000 	/usr/lib/system/libcache.dylib
0x0000000001968000 	/usr/lib/system/libcommonCrypto.dylib
0x0000000001968000 	/usr/lib/system/libcompiler_rt.dylib
0x0000000001968000 	/usr/lib/system/libcopyfile.dylib
0x0000000001968000 	/usr/lib/system/libcorecrypto.dylib
0x0000000001968000 	/usr/lib/system/libdispatch.dylib
0x0000000001968000 	/usr/lib/system/libdyld.dylib
0x0000000001968000 	/usr/lib/system/libkeymgr.dylib
0x0000000001968000 	/usr/lib/system/liblaunch.dylib
0x0000000001968000 	/usr/lib/system/libmacho.dylib
0x0000000001968000 	/usr/lib/system/libquarantine.dylib
0x0000000001968000 	/usr/lib/system/libremovefile.dylib
0x0000000001968000 	/usr/lib/system/libsystem_asl.dylib
0x0000000001968000 	/usr/lib/system/libsystem_blocks.dylib
0x0000000001968000 	/usr/lib/system/libsystem_c.dylib
0x0000000001968000 	/usr/lib/system/libsystem_configuration.dylib
0x0000000001968000 	/usr/lib/system/libsystem_coreservices.dylib
0x0000000001968000 	/usr/lib/system/libsystem_coretls.dylib
0x0000000001968000 	/usr/lib/system/libsystem_dnssd.dylib
0x0000000001968000 	/usr/lib/system/libsystem_info.dylib
0x0000000001968000 	/usr/lib/system/libsystem_kernel.dylib
0x0000000001968000 	/usr/lib/system/libsystem_m.dylib
0x0000000001968000 	/usr/lib/system/libsystem_malloc.dylib
0x0000000001968000 	/usr/lib/system/libsystem_network.dylib
0x0000000001968000 	/usr/lib/system/libsystem_networkextension.dylib
0x0000000001968000 	/usr/lib/system/libsystem_notify.dylib
0x0000000001968000 	/usr/lib/system/libsystem_platform.dylib
0x0000000001968000 	/usr/lib/system/libsystem_pthread.dylib
0x0000000001968000 	/usr/lib/system/libsystem_sandbox.dylib
0x0000000001968000 	/usr/lib/system/libsystem_secinit.dylib
0x0000000001968000 	/usr/lib/system/libsystem_stats.dylib
0x0000000001968000 	/usr/lib/system/libsystem_trace.dylib
0x0000000001968000 	/usr/lib/system/libunc.dylib
0x0000000001968000 	/usr/lib/system/libunwind.dylib
0x0000000001968000 	/usr/lib/system/libxpc.dylib
0x0000000001968000 	/usr/lib/libbz2.1.0.dylib
0x0000000001968000 	/usr/lib/liblzma.5.dylib
0x0000000001968000 	/usr/lib/libbsm.0.dylib
0x0000000001968000 	/usr/lib/libsqlite3.dylib
0x0000000001968000 	/usr/lib/system/libkxld.dylib
0x0000000001968000 	/usr/lib/libxar.1.dylib
0x0000000001968000 	/usr/lib/libpam.2.dylib
0x0000000001968000 	/usr/lib/libOpenScriptingUtil.dylib
0x0000000001968000 	/System/Library/Frameworks/CoreServices.framework/Versions/A/Frameworks/FSEvents.framework/Versions/A/FSEvents
0x0000000001968000 	/System/Library/Frameworks/CoreServices.framework/Versions/A/Frameworks/CarbonCore.framework/Versions/A/CarbonCore
0x0000000001968000 	/System/Library/Frameworks/CoreServices.framework/Versions/A/Frameworks/Metadata.framework/Versions/A/Metadata
0x0000000001968000 	/System/Library/Frameworks/CoreServices.framework/Versions/A/Frameworks/OSServices.framework/Versions/A/OSServices
0x0000000001968000 	/System/Library/Frameworks/CoreServices.framework/Versions/A/Frameworks/SearchKit.framework/Versions/A/SearchKit
0x0000000001968000 	/System/Library/Frameworks/CoreServices.framework/Versions/A/Frameworks/AE.framework/Versions/A/AE
0x0000000001968000 	/System/Library/Frameworks/CoreServices.framework/Versions/A/Frameworks/LaunchServices.framework/Versions/A/LaunchServices
0x0000000001968000 	/System/Library/Frameworks/CoreServices.framework/Versions/A/Frameworks/DictionaryServices.framework/Versions/A/DictionaryServices
0x0000000001968000 	/System/Library/Frameworks/NetFS.framework/Versions/A/NetFS
0x0000000001968000 	/System/Library/PrivateFrameworks/NetAuth.framework/Versions/A/NetAuth
0x0000000001968000 	/System/Library/PrivateFrameworks/login.framework/Versions/A/Frameworks/loginsupport.framework/Versions/A/loginsupport
0x0000000001968000 	/System/Library/PrivateFrameworks/TCC.framework/Versions/A/TCC
0x0000000001968000 	/usr/lib/libmecabra.dylib
0x0000000001968000 	/System/Library/Frameworks/ApplicationServices.framework/Versions/A/Frameworks/ATS.framework/Versions/A/ATS
0x0000000001968000 	/System/Library/Frameworks/ApplicationServices.framework/Versions/A/Frameworks/ColorSync.framework/Versions/A/ColorSync
0x0000000001968000 	/System/Library/Frameworks/ApplicationServices.framework/Versions/A/Frameworks/HIServices.framework/Versions/A/HIServices
0x0000000001968000 	/System/Library/Frameworks/ApplicationServices.framework/Versions/A/Frameworks/LangAnalysis.framework/Versions/A/LangAnalysis
0x0000000001968000 	/System/Library/Frameworks/ApplicationServices.framework/Versions/A/Frameworks/PrintCore.framework/Versions/A/PrintCore
0x0000000001968000 	/System/Library/Frameworks/ApplicationServices.framework/Versions/A/Frameworks/QD.framework/Versions/A/QD
0x0000000001968000 	/System/Library/Frameworks/ApplicationServices.framework/Versions/A/Frameworks/SpeechSynthesis.framework/Versions/A/SpeechSynthesis
0x0000000001968000 	/System/Library/Frameworks/Accelerate.framework/Versions/A/Accelerate
0x0000000001968000 	/System/Library/Frameworks/Accelerate.framework/Versions/A/Frameworks/vImage.framework/Versions/A/vImage
0x0000000001968000 	/System/Library/Frameworks/Accelerate.framework/Versions/A/Frameworks/vecLib.framework/Versions/A/vecLib
0x0000000001968000 	/System/Library/Frameworks/Accelerate.framework/Versions/A/Frameworks/vecLib.framework/Versions/A/libvDSP.dylib
0x0000000001968000 	/System/Library/Frameworks/Accelerate.framework/Versions/A/Frameworks/vecLib.framework/Versions/A/libvMisc.dylib
0x0000000001968000 	/System/Library/Frameworks/Accelerate.framework/Versions/A/Frameworks/vecLib.framework/Versions/A/libLAPACK.dylib
0x0000000001968000 	/System/Library/Frameworks/Accelerate.framework/Versions/A/Frameworks/vecLib.framework/Versions/A/libBLAS.dylib
0x0000000001968000 	/System/Library/Frameworks/Accelerate.framework/Versions/A/Frameworks/vecLib.framework/Versions/A/libLinearAlgebra.dylib
0x0000000001968000 	/System/Library/Frameworks/ApplicationServices.framework/Versions/A/Frameworks/ATS.framework/Versions/A/Resources/libFontParser.dylib
0x0000000001968000 	/System/Library/Frameworks/ApplicationServices.framework/Versions/A/Frameworks/ATS.framework/Versions/A/Resources/libFontRegistry.dylib
0x0000000001968000 	/System/Library/PrivateFrameworks/AppleVPA.framework/Versions/A/AppleVPA
0x0000000001968000 	/System/Library/PrivateFrameworks/AppleJPEG.framework/Versions/A/AppleJPEG
0x0000000001968000 	/System/Library/Frameworks/ImageIO.framework/Versions/A/Resources/libJPEG.dylib
0x0000000001968000 	/System/Library/Frameworks/ImageIO.framework/Versions/A/Resources/libTIFF.dylib
0x0000000001968000 	/System/Library/Frameworks/ImageIO.framework/Versions/A/Resources/libPng.dylib
0x0000000001968000 	/System/Library/Frameworks/ImageIO.framework/Versions/A/Resources/libGIF.dylib
0x0000000001968000 	/System/Library/Frameworks/ImageIO.framework/Versions/A/Resources/libJP2.dylib
0x0000000001968000 	/System/Library/Frameworks/ImageIO.framework/Versions/A/Resources/libRadiance.dylib
0x0000000001968000 	/System/Library/Frameworks/CoreVideo.framework/Versions/A/CoreVideo
0x0000000001968000 	/System/Library/Frameworks/OpenGL.framework/Versions/A/Libraries/libGLU.dylib
0x0000000001968000 	/System/Library/Frameworks/OpenGL.framework/Versions/A/Libraries/libGFXShared.dylib
0x0000000001968000 	/System/Library/Frameworks/OpenGL.framework/Versions/A/Libraries/libGL.dylib
0x0000000001968000 	/System/Library/Frameworks/OpenGL.framework/Versions/A/Libraries/libGLImage.dylib
0x0000000001968000 	/System/Library/Frameworks/OpenGL.framework/Versions/A/Libraries/libCVMSPluginSupport.dylib
0x0000000001968000 	/System/Library/Frameworks/OpenGL.framework/Versions/A/Libraries/libCoreVMClient.dylib
0x0000000001968000 	/usr/lib/libcups.2.dylib
0x0000000001968000 	/System/Library/Frameworks/Kerberos.framework/Versions/A/Kerberos
0x0000000001968000 	/System/Library/Frameworks/GSS.framework/Versions/A/GSS
0x0000000001968000 	/usr/lib/libresolv.9.dylib
0x0000000001968000 	/usr/lib/libiconv.2.dylib
0x0000000001968000 	/System/Library/PrivateFrameworks/Heimdal.framework/Versions/A/Heimdal
0x0000000001968000 	/usr/lib/libheimdal-asn1.dylib
0x0000000001968000 	/System/Library/Frameworks/OpenDirectory.framework/Versions/A/OpenDirectory
0x0000000001968000 	/System/Library/PrivateFrameworks/CommonAuth.framework/Versions/A/CommonAuth
0x0000000001968000 	/System/Library/Frameworks/OpenDirectory.framework/Versions/A/Frameworks/CFOpenDirectory.framework/Versions/A/CFOpenDirectory
0x0000000001968000 	/System/Library/Frameworks/SecurityFoundation.framework/Versions/A/SecurityFoundation
0x0000000001968000 	/System/Library/PrivateFrameworks/LanguageModeling.framework/Versions/A/LanguageModeling
0x0000000001968000 	/usr/lib/libcmph.dylib
0x0000000001968000 	/System/Library/Frameworks/ServiceManagement.framework/Versions/A/ServiceManagement
0x0000000001968000 	/usr/lib/libxslt.1.dylib
0x0000000001968000 	/System/Library/Frameworks/Carbon.framework/Versions/A/Frameworks/Ink.framework/Versions/A/Ink
0x0000000001968000 	/System/Library/Frameworks/QuartzCore.framework/Versions/A/Frameworks/CoreImage.framework/Versions/A/CoreImage
0x0000000001968000 	/System/Library/PrivateFrameworks/CrashReporterSupport.framework/Versions/A/CrashReporterSupport
0x0000000001968000 	/System/Library/Frameworks/OpenCL.framework/Versions/A/OpenCL
0x0000000001968000 	/System/Library/PrivateFrameworks/FaceCore.framework/Versions/A/FaceCore
0x0000000001968000 	/System/Library/PrivateFrameworks/Ubiquity.framework/Versions/A/Ubiquity
0x0000000001968000 	/System/Library/PrivateFrameworks/IconServices.framework/Versions/A/IconServices
0x0000000001968000 	/System/Library/PrivateFrameworks/ChunkingLibrary.framework/Versions/A/ChunkingLibrary
0x0000000001968000 	/System/Library/PrivateFrameworks/Apple80211.framework/Versions/A/Apple80211
0x0000000001968000 	/System/Library/Frameworks/CoreWLAN.framework/Versions/A/CoreWLAN
0x0000000001968000 	/System/Library/Frameworks/IOBluetooth.framework/Versions/A/IOBluetooth
0x0000000001968000 	/System/Library/PrivateFrameworks/CoreWiFi.framework/Versions/A/CoreWiFi
0x0000000001968000 	/System/Library/Frameworks/CoreBluetooth.framework/Versions/A/CoreBluetooth
0x0000000001968000 	/System/Library/PrivateFrameworks/DebugSymbols.framework/Versions/A/DebugSymbols
0x0000000001968000 	/System/Library/PrivateFrameworks/CoreSymbolication.framework/Versions/A/CoreSymbolication
0x0000000001968000 	/System/Library/PrivateFrameworks/Symbolication.framework/Versions/A/Symbolication
0x0000000001968000 	/System/Library/PrivateFrameworks/SpeechRecognitionCore.framework/Versions/A/SpeechRecognitionCore
0x0000000101f73000 	/Library/Java/JavaVirtualMachines/jdk1.8.0_77.jdk/Contents/Home/jre/lib/server/libjvm.dylib
0x0000000001968000 	/usr/lib/libstdc++.6.dylib
0x0000000103005000 	/Library/Java/JavaVirtualMachines/jdk1.8.0_77.jdk/Contents/Home/jre/lib/libverify.dylib
0x0000000103013000 	/Library/Java/JavaVirtualMachines/jdk1.8.0_77.jdk/Contents/Home/jre/lib/libjava.dylib
0x0000000103069000 	/Library/Java/JavaVirtualMachines/jdk1.8.0_77.jdk/Contents/Home/jre/lib/libzip.dylib
0x00000001031e6000 	/System/Library/Frameworks/JavaVM.framework/Frameworks/JavaRuntimeSupport.framework/JavaRuntimeSupport
0x0000000119904000 	/System/Library/Frameworks/JavaVM.framework/Versions/A/Frameworks/JavaNativeFoundation.framework/Versions/A/JavaNativeFoundation
0x0000000119919000 	/System/Library/Frameworks/JavaVM.framework/Versions/A/JavaVM
0x0000000001968000 	/System/Library/Frameworks/Carbon.framework/Versions/A/Carbon
0x0000000119926000 	/System/Library/PrivateFrameworks/JavaLaunching.framework/Versions/A/JavaLaunching
0x0000000001968000 	/System/Library/Frameworks/Carbon.framework/Versions/A/Frameworks/CommonPanels.framework/Versions/A/CommonPanels
0x0000000001968000 	/System/Library/Frameworks/Carbon.framework/Versions/A/Frameworks/Help.framework/Versions/A/Help
0x0000000001968000 	/System/Library/Frameworks/Carbon.framework/Versions/A/Frameworks/ImageCapture.framework/Versions/A/ImageCapture
0x0000000001968000 	/System/Library/Frameworks/Carbon.framework/Versions/A/Frameworks/OpenScripting.framework/Versions/A/OpenScripting
0x0000000001968000 	/System/Library/Frameworks/Carbon.framework/Versions/A/Frameworks/Print.framework/Versions/A/Print
0x0000000001968000 	/System/Library/Frameworks/Carbon.framework/Versions/A/Frameworks/SecurityHI.framework/Versions/A/SecurityHI
0x000000011b981000 	/Applications/IntelliJ IDEA CE.app/Contents/bin/libbreakgen64.jnilib
0x000000011ba87000 	/Library/Java/JavaVirtualMachines/jdk1.8.0_77.jdk/Contents/Home/jre/lib/libnet.dylib
0x000000011bd82000 	/Library/Java/JavaVirtualMachines/jdk1.8.0_77.jdk/Contents/Home/jre/lib/libprism_es2.dylib
0x0000000001968000 	/System/Library/Frameworks/OpenGL.framework/Versions/A/Resources/GLEngine.bundle/GLEngine
0x0000000001968000 	/System/Library/Frameworks/OpenGL.framework/Versions/A/Libraries/libGLProgrammability.dylib
0x000000011be04000 	/System/Library/Extensions/AMDRadeonX3000GLDriver.bundle/Contents/MacOS/AMDRadeonX3000GLDriver
0x0000000001968000 	/System/Library/PrivateFrameworks/IOAccelerator.framework/Versions/A/IOAccelerator
0x0000000001968000 	/System/Library/PrivateFrameworks/GPUSupport.framework/Versions/A/Libraries/libGPUSupportMercury.dylib
0x0000000001968000 	/System/Library/Frameworks/OpenGL.framework/Versions/A/Resources/GLRendererFloat.bundle/GLRendererFloat
0x0000000001968000 	/System/Library/Frameworks/OpenCL.framework/Versions/A/Libraries/libcldcpuengine.dylib
0x0000000001968000 	/System/Library/PrivateFrameworks/DiskImages.framework/Versions/A/DiskImages
0x0000000001968000 	/System/Library/Frameworks/DiscRecording.framework/Versions/A/DiscRecording
0x0000000001968000 	/usr/lib/libcsfde.dylib
0x0000000001968000 	/usr/lib/libcurl.4.dylib
0x0000000001968000 	/System/Library/PrivateFrameworks/MediaKit.framework/Versions/A/MediaKit
0x0000000001968000 	/System/Library/PrivateFrameworks/ProtectedCloudStorage.framework/Versions/A/ProtectedCloudStorage
0x0000000001968000 	/usr/lib/libCoreStorage.dylib
0x0000000001968000 	/System/Library/PrivateFrameworks/EFILogin.framework/Versions/A/EFILogin
0x0000000001968000 	/usr/lib/libutil.dylib
0x0000000001968000 	/System/Library/PrivateFrameworks/FindMyDevice.framework/Versions/A/FindMyDevice
0x0000000001968000 	/System/Library/Frameworks/LDAP.framework/Versions/A/LDAP
0x0000000001968000 	/usr/lib/libsasl2.2.dylib
0x0000000001968000 	/System/Library/PrivateFrameworks/CoreDaemon.framework/Versions/B/CoreDaemon
0x0000000001968000 	/usr/lib/libcrypto.0.9.8.dylib
0x0000000001968000 	/System/Library/PrivateFrameworks/AppleSRP.framework/Versions/A/AppleSRP
0x0000000001968000 	/System/Library/PrivateFrameworks/TrustEvaluationAgent.framework/Versions/A/TrustEvaluationAgent
0x000000011c14c000 	/Library/Java/JavaVirtualMachines/jdk1.8.0_77.jdk/Contents/Home/jre/lib/libglass.dylib
0x0000000001968000 	/System/Library/PrivateFrameworks/CoreServicesInternal.framework/Versions/A/CoreServicesInternal
0x0000000001968000 	/System/Library/PrivateFrameworks/CloudDocs.framework/Versions/A/CloudDocs
0x0000000001968000 	/System/Library/PrivateFrameworks/CoreDuet.framework/Versions/A/CoreDuet
0x0000000001968000 	/System/Library/Frameworks/CloudKit.framework/Versions/A/CloudKit
0x0000000001968000 	/System/Library/PrivateFrameworks/ProtocolBuffer.framework/Versions/A/ProtocolBuffer
0x0000000001968000 	/System/Library/PrivateFrameworks/CoreDuetDaemonProtocol.framework/Versions/A/CoreDuetDaemonProtocol
0x0000000001968000 	/System/Library/PrivateFrameworks/CoreDuetDebugLogging.framework/Versions/A/CoreDuetDebugLogging
0x0000000001968000 	/System/Library/PrivateFrameworks/MMCS.framework/Versions/A/MMCS
0x0000000001968000 	/System/Library/Frameworks/CoreLocation.framework/Versions/A/CoreLocation
0x0000000001968000 	/System/Library/PrivateFrameworks/GeoServices.framework/Versions/A/GeoServices
0x0000000001968000 	/System/Library/Frameworks/CoreGraphics.framework/Versions/A/Resources/libCGCMS.A.dylib
0x0000000001968000 	/System/Library/CoreServices/RawCamera.bundle/Contents/MacOS/RawCamera
0x0000000001968000 	/System/Library/Frameworks/CoreGraphics.framework/Versions/A/Resources/libRIP.A.dylib
0x0000000001968000 	/System/Library/PrivateFrameworks/FamilyControls.framework/Versions/A/FamilyControls
0x0000000001968000 	/System/Library/PrivateFrameworks/CommerceKit.framework/Versions/A/Frameworks/CommerceCore.framework/Versions/A/CommerceCore
0x0000000001968000 	/System/Library/PrivateFrameworks/SystemAdministration.framework/Versions/A/SystemAdministration
0x0000000001968000 	/System/Library/PrivateFrameworks/AppContainer.framework/Versions/A/AppContainer
0x0000000001968000 	/System/Library/PrivateFrameworks/SecCodeWrapper.framework/Versions/A/SecCodeWrapper
0x0000000001968000 	/System/Library/Frameworks/DirectoryService.framework/Versions/A/DirectoryService
0x0000000001968000 	/System/Library/PrivateFrameworks/LoginUIKit.framework/Versions/A/Frameworks/LoginUICore.framework/Versions/A/LoginUICore
0x0000000001968000 	/usr/lib/libodfde.dylib
0x000000011ddf0000 	/Library/Java/JavaVirtualMachines/jdk1.8.0_77.jdk/Contents/Home/jre/lib/libjavafx_font.dylib
0x000000011f1de000 	/Library/Java/JavaVirtualMachines/jdk1.8.0_77.jdk/Contents/Home/jre/lib/libglib-lite.dylib
0x000000011f2ff000 	/Library/Java/JavaVirtualMachines/jdk1.8.0_77.jdk/Contents/Home/jre/lib/libgstreamer-lite.dylib
0x000000011ddfa000 	/Library/Java/JavaVirtualMachines/jdk1.8.0_77.jdk/Contents/Home/jre/lib/libjfxmedia.dylib
0x000000011f677000 	/Library/Java/JavaVirtualMachines/jdk1.8.0_77.jdk/Contents/Home/jre/lib/libjfxmedia_avf.dylib
0x0000000001968000 	/System/Library/Frameworks/AVFoundation.framework/Versions/A/AVFoundation
0x0000000001968000 	/System/Library/Frameworks/CoreMedia.framework/Versions/A/CoreMedia
0x0000000001968000 	/System/Library/Frameworks/MediaToolbox.framework/Versions/A/MediaToolbox
0x0000000001968000 	/System/Library/Frameworks/AVFoundation.framework/Versions/A/Resources/libAVFAudio.dylib
0x0000000001968000 	/System/Library/Frameworks/VideoToolbox.framework/Versions/A/VideoToolbox
0x0000000001968000 	/System/Library/Frameworks/CoreMediaIO.framework/Versions/A/CoreMediaIO
0x0000000001968000 	/System/Library/PrivateFrameworks/MediaControlSender.framework/Versions/A/MediaControlSender
0x0000000001968000 	/System/Library/PrivateFrameworks/CoreAVCHD.framework/Versions/A/CoreAVCHD
0x0000000001968000 	/System/Library/Frameworks/MediaAccessibility.framework/Versions/A/MediaAccessibility
0x0000000001968000 	/System/Library/PrivateFrameworks/Mangrove.framework/Versions/A/Mangrove
0x0000000001968000 	/System/Library/PrivateFrameworks/CoreAUC.framework/Versions/A/CoreAUC
0x0000000001968000 	/System/Library/PrivateFrameworks/NetworkStatistics.framework/Versions/A/NetworkStatistics
0x0000000001968000 	/System/Library/PrivateFrameworks/AirPlaySupport.framework/Versions/A/AirPlaySupport
0x0000000001968000 	/System/Library/PrivateFrameworks/CoreUtils.framework/Versions/A/CoreUtils
0x0000000001968000 	/System/Library/PrivateFrameworks/AppleVA.framework/Versions/A/AppleVA
0x0000000001968000 	/System/Library/PrivateFrameworks/XPCService.framework/Versions/A/XPCService
0x0000000001968000 	/System/Library/PrivateFrameworks/AppSandbox.framework/Versions/A/AppSandbox
0x0000000001968000 	/usr/lib/libsandbox.1.dylib
0x0000000001968000 	/usr/lib/libMatch.1.dylib
0x000000011de35000 	/Library/Java/JavaVirtualMachines/jdk1.8.0_77.jdk/Contents/Home/jre/lib/libjfxmedia_qtkit.dylib
0x0000000001968000 	/System/Library/Frameworks/QTKit.framework/Versions/A/QTKit
0x0000000001968000 	/System/Library/PrivateFrameworks/CoreMediaAuthoring.framework/Versions/A/CoreMediaAuthoring
0x000000011f760000 	/Library/Java/JavaVirtualMachines/jdk1.8.0_77.jdk/Contents/Home/jre/lib/libfxplugins.dylib
0x000000011de42000 	/System/Library/Frameworks/VideoDecodeAcceleration.framework/Versions/A/VideoDecodeAcceleration
0x000000011f80e000 	/Library/Java/JavaVirtualMachines/jdk1.8.0_77.jdk/Contents/Home/jre/lib/libnio.dylib
0x000000011fa27000 	/System/Library/Extensions/AppleHDA.kext/Contents/PlugIns/AppleHDAHALPlugIn.bundle/Contents/MacOS/AppleHDAHALPlugIn
0x000000011fa58000 	/System/Library/Components/CoreAudio.component/Contents/MacOS/CoreAudio
0x000000011fdb4000 	/System/Library/PrivateFrameworks/AppleGVA.framework/AppleGVA
0x00000001201c9000 	/System/Library/Extensions/AppleIntelHD3000GraphicsVADriver.bundle/Contents/MacOS/AppleIntelHD3000GraphicsVADriver
0x000000012030a000 	/System/Library/Extensions/AMDRadeonVADriver.bundle/Contents/MacOS/AMDRadeonVADriver
0x00000001203cf000 	/System/Library/Extensions/AppleIntelSNBVA.bundle/Contents/MacOS/AppleIntelSNBVA
0x00000001203df000 	/System/Library/Components/AudioCodecs.component/Contents/MacOS/AudioCodecs
0x0000000001968000 	/System/Library/Frameworks/CoreGraphics.framework/Versions/A/Resources/libCGXType.A.dylib
0x0000000123a76000 	/Library/Java/JavaVirtualMachines/jdk1.8.0_77.jdk/Contents/Home/jre/lib/libprism_common.dylib
0x000000011fdb0000 	cl_kernels
0x00000001259c0000 	/System/Library/Frameworks/OpenCL.framework/Versions/A/Libraries/ImageFormats/unorm8_bgra.dylib
0x0000000120e9e000 	cl_kernels

VM Arguments:
jvm_args: -Didea.launcher.port=7544 -Didea.launcher.bin.path=/Applications/IntelliJ IDEA CE.app/Contents/bin -Dfile.encoding=UTF-8 
java_command: com.intellij.rt.execution.application.AppMain Launcher
java_class_path (initial): /Library/Java/JavaVirtualMachines/jdk1.8.0_77.jdk/Contents/Home/jre/lib/charsets.jar:/Library/Java/JavaVirtualMachines/jdk1.8.0_77.jdk/Contents/Home/jre/lib/deploy.jar:/Library/Java/JavaVirtualMachines/jdk1.8.0_77.jdk/Contents/Home/jre/lib/ext/cldrdata.jar:/Library/Java/JavaVirtualMachines/jdk1.8.0_77.jdk/Contents/Home/jre/lib/ext/dnsns.jar:/Library/Java/JavaVirtualMachines/jdk1.8.0_77.jdk/Contents/Home/jre/lib/ext/jaccess.jar:/Library/Java/JavaVirtualMachines/jdk1.8.0_77.jdk/Contents/Home/jre/lib/ext/jfxrt.jar:/Library/Java/JavaVirtualMachines/jdk1.8.0_77.jdk/Contents/Home/jre/lib/ext/localedata.jar:/Library/Java/JavaVirtualMachines/jdk1.8.0_77.jdk/Contents/Home/jre/lib/ext/nashorn.jar:/Library/Java/JavaVirtualMachines/jdk1.8.0_77.jdk/Contents/Home/jre/lib/ext/sunec.jar:/Library/Java/JavaVirtualMachines/jdk1.8.0_77.jdk/Contents/Home/jre/lib/ext/sunjce_provider.jar:/Library/Java/JavaVirtualMachines/jdk1.8.0_77.jdk/Contents/Home/jre/lib/ext/sunpkcs11.jar:/Library/Java/JavaVirtualMachines/jdk1.8.0_77.jdk/Contents/Home/jre/lib/ext/zipfs.jar:/Library/Java/JavaVirtualMachines/jdk1.8.0_77.jdk/Contents/Home/jre/lib/javaws.jar:/Library/Java/JavaVirtualMachines/jdk1.8.0_77.jdk/Contents/Home/jre/lib/jce.jar:/Library/Java/JavaVirtualMachines/jdk1.8.0_77.jdk/Contents/Home/jre/lib/jfr.jar:/Library/Java/JavaVirtualMachines/jdk1.8.0_77.jdk/Contents/Home/jre/lib/jfxswt.jar:/Library/Java/JavaVirtualMachines/jdk1.8.0_77.jdk/Contents/Home/jre/lib/jsse.jar:/Library/Java/JavaVirtualMachines/jdk1.8.0_77.jdk/Contents/Home/jre/lib/management-agent.jar:/Library/Java/JavaVirtualMachines/jdk1.8.0_77.jdk/Contents/Home/jre/lib/plugin.jar:/Library/Java/JavaVirtualMachines/jdk1.8.0_77.jdk/Contents/Home/jre/lib/resources.jar:/Library/Java/JavaVirtualMachines/jdk1.8.0_77.jdk/Contents/Home/jre/lib/rt.jar:/Library/Java/JavaVirtualMachines/jdk1.8.0_77.jdk/Contents/Home/lib/ant-javafx.jar:/Library/Java/JavaVirtualMachines/jdk1.8.0_77.jdk/Contents/Home/lib/dt.jar:/Library/Ja
Launcher Type: SUN_STANDARD

Environment Variables:
PATH=/usr/local/sbin:/usr/local/bin:/usr/bin:/bin:/usr/sbin:/sbin:/Library/Frameworks/Firebird.framework/Resources/bin:/usr/local/Cellar/android-sdk/24.0.2/tools:/usr/local/Cellar/android-sdk/24.0.2/platform-tools:/usr/local/bin:/usr/bin:/bin:/usr/sbin:/sbin:/opt/X11/bin:/usr/local/git/bin
SHELL=/bin/zsh
DISPLAY=/private/tmp/com.apple.launchd.3xph1kk0uq/org.macosforge.xquartz:0

Signal Handlers:
SIGSEGV: [libjvm.dylib+0x5a6855], sa_mask[0]=11111111011111110111111111111111, sa_flags=SA_ONSTACK|SA_RESTART|SA_SIGINFO
SIGBUS: [libjvm.dylib+0x5a6855], sa_mask[0]=11111111011111110111111111111111, sa_flags=SA_RESTART|SA_SIGINFO
SIGFPE: [libjvm.dylib+0x4804ec], sa_mask[0]=11111111011111110111111111111111, sa_flags=SA_RESTART|SA_SIGINFO
SIGPIPE: [libjvm.dylib+0x4804ec], sa_mask[0]=11111111011111110111111111111111, sa_flags=SA_RESTART|SA_SIGINFO
SIGXFSZ: [libjvm.dylib+0x4804ec], sa_mask[0]=11111111011111110111111111111111, sa_flags=SA_RESTART|SA_SIGINFO
SIGILL: [libjvm.dylib+0x4804ec], sa_mask[0]=11111111011111110111111111111111, sa_flags=SA_RESTART|SA_SIGINFO
SIGUSR1: SIG_DFL, sa_mask[0]=00000000000000000000000000000000, sa_flags=none
SIGUSR2: [libjvm.dylib+0x48000a], sa_mask[0]=00100000000000000000000000000000, sa_flags=SA_RESTART|SA_SIGINFO
SIGHUP: [AudioToolbox+0xf933a], sa_mask[0]=00000000000000000000000000000000, sa_flags=SA_RESTART
SIGINT: [libjvm.dylib+0x47e5e1], sa_mask[0]=11111111011111110111111111111111, sa_flags=SA_RESTART|SA_SIGINFO
SIGTERM: [libjvm.dylib+0x47e5e1], sa_mask[0]=11111111011111110111111111111111, sa_flags=SA_RESTART|SA_SIGINFO
SIGQUIT: [libjvm.dylib+0x47e5e1], sa_mask[0]=11111111011111110111111111111111, sa_flags=SA_RESTART|SA_SIGINFO


---------------  S Y S T E M  ---------------

OS:Bsduname:Darwin 14.5.0 Darwin Kernel Version 14.5.0: Tue Sep  1 21:23:09 PDT 2015; root:xnu-2782.50.1~1/RELEASE_X86_64 x86_64
rlimit: STACK 8192k, CORE 0k, NPROC 709, NOFILE 10240, AS infinity
load average:2.14 1.91 1.81

CPU:total 4 (4 cores per cpu, 1 threads per core) family 6 model 42 stepping 7, cmov, cx8, fxsr, mmx, sse, sse2, sse3, ssse3, sse4.1, sse4.2, popcnt, avx, aes, clmul, tsc, tscinvbit

Memory: 4k page, physical 8388608k(108668k free)

/proc/meminfo:


vm_info: Java HotSpot(TM) 64-Bit Server VM (25.77-b03) for bsd-amd64 JRE (1.8.0_77-b03), built on Mar 20 2016 22:14:03 by "java_re" with gcc 4.2.1 (Based on Apple Inc. build 5658) (LLVM build 2336.11.00)

time: Mon Apr  4 04:32:45 2016
elapsed time: 33 seconds (0d 0h 0m 33s)

